[0.010s] Invoking command in '/home/robotserver/ros2_ws/build/polygon_base': CMAKE_PREFIX_PATH=${CMAKE_PREFIX_PATH}:/home/robotserver/ros2_ws/install/py_srvcli:/home/robotserver/ros2_ws/install/py_pubsub:/home/robotserver/ros2_ws/install/my_py_pkg:/home/robotserver/Desktop/git/create3_main/install/create3_teleop:/home/robotserver/Desktop/git/create3_main/install/create3_msg_transfer:/home/robotserver/Desktop/git/create3_main/install/create3_control:/opt/ros/humble /usr/bin/cmake --build /home/robotserver/ros2_ws/build/polygon_base -- -j8 -l8
[0.051s] [35m[1mConsolidate compiler generated dependencies of target area_node[0m
[0.063s] [100%] Built target area_node
[0.073s] Invoked command in '/home/robotserver/ros2_ws/build/polygon_base' returned '0': CMAKE_PREFIX_PATH=${CMAKE_PREFIX_PATH}:/home/robotserver/ros2_ws/install/py_srvcli:/home/robotserver/ros2_ws/install/py_pubsub:/home/robotserver/ros2_ws/install/my_py_pkg:/home/robotserver/Desktop/git/create3_main/install/create3_teleop:/home/robotserver/Desktop/git/create3_main/install/create3_msg_transfer:/home/robotserver/Desktop/git/create3_main/install/create3_control:/opt/ros/humble /usr/bin/cmake --build /home/robotserver/ros2_ws/build/polygon_base -- -j8 -l8
[0.108s] Invoking command in '/home/robotserver/ros2_ws/build/polygon_base': CMAKE_PREFIX_PATH=${CMAKE_PREFIX_PATH}:/home/robotserver/ros2_ws/install/py_srvcli:/home/robotserver/ros2_ws/install/py_pubsub:/home/robotserver/ros2_ws/install/my_py_pkg:/home/robotserver/Desktop/git/create3_main/install/create3_teleop:/home/robotserver/Desktop/git/create3_main/install/create3_msg_transfer:/home/robotserver/Desktop/git/create3_main/install/create3_control:/opt/ros/humble /usr/bin/cmake --install /home/robotserver/ros2_ws/build/polygon_base
[0.116s] -- Install configuration: ""
[0.116s] -- Up-to-date: /home/robotserver/ros2_ws/install/polygon_base/lib/polygon_base/area_node
[0.116s] -- Up-to-date: /home/robotserver/ros2_ws/install/polygon_base/include
[0.117s] -- Up-to-date: /home/robotserver/ros2_ws/install/polygon_base/include/polygon_base
[0.117s] -- Up-to-date: /home/robotserver/ros2_ws/install/polygon_base/include/polygon_base/regular_polygon.hpp
[0.117s] -- Up-to-date: /home/robotserver/ros2_ws/install/polygon_base/share/ament_index/resource_index/package_run_dependencies/polygon_base
[0.117s] -- Up-to-date: /home/robotserver/ros2_ws/install/polygon_base/share/ament_index/resource_index/parent_prefix_path/polygon_base
[0.117s] -- Up-to-date: /home/robotserver/ros2_ws/install/polygon_base/share/polygon_base/environment/ament_prefix_path.sh
[0.117s] -- Up-to-date: /home/robotserver/ros2_ws/install/polygon_base/share/polygon_base/environment/ament_prefix_path.dsv
[0.117s] -- Up-to-date: /home/robotserver/ros2_ws/install/polygon_base/share/polygon_base/environment/path.sh
[0.117s] -- Up-to-date: /home/robotserver/ros2_ws/install/polygon_base/share/polygon_base/environment/path.dsv
[0.117s] -- Up-to-date: /home/robotserver/ros2_ws/install/polygon_base/share/polygon_base/local_setup.bash
[0.117s] -- Up-to-date: /home/robotserver/ros2_ws/install/polygon_base/share/polygon_base/local_setup.sh
[0.117s] -- Up-to-date: /home/robotserver/ros2_ws/install/polygon_base/share/polygon_base/local_setup.zsh
[0.117s] -- Up-to-date: /home/robotserver/ros2_ws/install/polygon_base/share/polygon_base/local_setup.dsv
[0.117s] -- Installing: /home/robotserver/ros2_ws/install/polygon_base/share/polygon_base/package.dsv
[0.117s] -- Up-to-date: /home/robotserver/ros2_ws/install/polygon_base/share/ament_index/resource_index/packages/polygon_base
[0.118s] -- Up-to-date: /home/robotserver/ros2_ws/install/polygon_base/share/polygon_base/cmake/ament_cmake_export_include_directories-extras.cmake
[0.118s] -- Up-to-date: /home/robotserver/ros2_ws/install/polygon_base/share/polygon_base/cmake/polygon_baseConfig.cmake
[0.118s] -- Up-to-date: /home/robotserver/ros2_ws/install/polygon_base/share/polygon_base/cmake/polygon_baseConfig-version.cmake
[0.118s] -- Up-to-date: /home/robotserver/ros2_ws/install/polygon_base/share/polygon_base/package.xml
[0.119s] Invoked command in '/home/robotserver/ros2_ws/build/polygon_base' returned '0': CMAKE_PREFIX_PATH=${CMAKE_PREFIX_PATH}:/home/robotserver/ros2_ws/install/py_srvcli:/home/robotserver/ros2_ws/install/py_pubsub:/home/robotserver/ros2_ws/install/my_py_pkg:/home/robotserver/Desktop/git/create3_main/install/create3_teleop:/home/robotserver/Desktop/git/create3_main/install/create3_msg_transfer:/home/robotserver/Desktop/git/create3_main/install/create3_control:/opt/ros/humble /usr/bin/cmake --install /home/robotserver/ros2_ws/build/polygon_base
