[0.678s] Invoking command in '/home/robotserver/ros2_ws/src/my_py_pkg': CMAKE_PREFIX_PATH=/home/robotserver/ros2_ws/install/my_robot_interfaces:/home/robotserver/ros2_ws/install/my_robot_bringup:/home/robotserver/ros2_ws/install/tutorial_interfaces:/home/robotserver/ros2_ws/install/my_cpp_pkg:/home/robotserver/ros2_ws/src/tutorial_interfaces/install/tutorial_interfaces LD_LIBRARY_PATH=/home/robotserver/ros2_ws/install/my_robot_interfaces/lib:/home/robotserver/ros2_ws/install/tutorial_interfaces/lib:/home/robotserver/ros2_ws/src/tutorial_interfaces/install/tutorial_interfaces/lib:/opt/ros/humble/opt/rviz_ogre_vendor/lib:/opt/ros/humble/lib/x86_64-linux-gnu:/opt/ros/humble/lib PYTHONPATH=/home/robotserver/ros2_ws/build/my_py_pkg/prefix_override:/usr/lib/python3/dist-packages/colcon_core/task/python/colcon_distutils_commands:/home/robotserver/ros2_ws/install/my_py_pkg/lib/python3.10/site-packages:${PYTHONPATH} /usr/bin/python3 -W ignore:setup.py install is deprecated setup.py egg_info --egg-base ../../build/my_py_pkg build --build-base /home/robotserver/ros2_ws/build/my_py_pkg/build install --record /home/robotserver/ros2_ws/build/my_py_pkg/install.log --install-scripts $base/lib/my_py_pkg --single-version-externally-managed install_data
[0.899s] /usr/lib/python3/dist-packages/setuptools/dist.py:723: UserWarning: Usage of dash-separated 'script-dir' will not be supported in future versions. Please use the underscore name 'script_dir' instead
[0.899s]   warnings.warn(
[0.907s] running egg_info
[0.908s] writing ../../build/my_py_pkg/my_py_pkg.egg-info/PKG-INFO
[0.908s] writing dependency_links to ../../build/my_py_pkg/my_py_pkg.egg-info/dependency_links.txt
[0.908s] writing entry points to ../../build/my_py_pkg/my_py_pkg.egg-info/entry_points.txt
[0.909s] writing requirements to ../../build/my_py_pkg/my_py_pkg.egg-info/requires.txt
[0.909s] writing top-level names to ../../build/my_py_pkg/my_py_pkg.egg-info/top_level.txt
[0.910s] reading manifest file '../../build/my_py_pkg/my_py_pkg.egg-info/SOURCES.txt'
[0.911s] writing manifest file '../../build/my_py_pkg/my_py_pkg.egg-info/SOURCES.txt'
[0.911s] running build
[0.911s] running build_py
[0.912s] running install
[0.912s] running install_lib
[0.914s] running install_data
[0.914s] running install_egg_info
[0.915s] removing '/home/robotserver/ros2_ws/install/my_py_pkg/lib/python3.10/site-packages/my_py_pkg-0.0.0-py3.10.egg-info' (and everything under it)
[0.916s] Copying ../../build/my_py_pkg/my_py_pkg.egg-info to /home/robotserver/ros2_ws/install/my_py_pkg/lib/python3.10/site-packages/my_py_pkg-0.0.0-py3.10.egg-info
[0.916s] running install_scripts
[0.936s] Installing add_two_ints_client script to /home/robotserver/ros2_ws/install/my_py_pkg/lib/my_py_pkg
[0.937s] Installing add_two_ints_client_no_oop script to /home/robotserver/ros2_ws/install/my_py_pkg/lib/my_py_pkg
[0.937s] Installing add_two_ints_server script to /home/robotserver/ros2_ws/install/my_py_pkg/lib/my_py_pkg
[0.937s] Installing battery script to /home/robotserver/ros2_ws/install/my_py_pkg/lib/my_py_pkg
[0.937s] Installing hw_status_publisher script to /home/robotserver/ros2_ws/install/my_py_pkg/lib/my_py_pkg
[0.937s] Installing led_panel script to /home/robotserver/ros2_ws/install/my_py_pkg/lib/my_py_pkg
[0.937s] Installing number_counter script to /home/robotserver/ros2_ws/install/my_py_pkg/lib/my_py_pkg
[0.937s] Installing number_publisher script to /home/robotserver/ros2_ws/install/my_py_pkg/lib/my_py_pkg
[0.938s] Installing py_node script to /home/robotserver/ros2_ws/install/my_py_pkg/lib/my_py_pkg
[0.938s] Installing robot_news_station script to /home/robotserver/ros2_ws/install/my_py_pkg/lib/my_py_pkg
[0.938s] Installing smartphone script to /home/robotserver/ros2_ws/install/my_py_pkg/lib/my_py_pkg
[0.938s] writing list of installed files to '/home/robotserver/ros2_ws/build/my_py_pkg/install.log'
[0.964s] Invoked command in '/home/robotserver/ros2_ws/src/my_py_pkg' returned '0': CMAKE_PREFIX_PATH=/home/robotserver/ros2_ws/install/my_robot_interfaces:/home/robotserver/ros2_ws/install/my_robot_bringup:/home/robotserver/ros2_ws/install/tutorial_interfaces:/home/robotserver/ros2_ws/install/my_cpp_pkg:/home/robotserver/ros2_ws/src/tutorial_interfaces/install/tutorial_interfaces LD_LIBRARY_PATH=/home/robotserver/ros2_ws/install/my_robot_interfaces/lib:/home/robotserver/ros2_ws/install/tutorial_interfaces/lib:/home/robotserver/ros2_ws/src/tutorial_interfaces/install/tutorial_interfaces/lib:/opt/ros/humble/opt/rviz_ogre_vendor/lib:/opt/ros/humble/lib/x86_64-linux-gnu:/opt/ros/humble/lib PYTHONPATH=/home/robotserver/ros2_ws/build/my_py_pkg/prefix_override:/usr/lib/python3/dist-packages/colcon_core/task/python/colcon_distutils_commands:/home/robotserver/ros2_ws/install/my_py_pkg/lib/python3.10/site-packages:${PYTHONPATH} /usr/bin/python3 -W ignore:setup.py install is deprecated setup.py egg_info --egg-base ../../build/my_py_pkg build --build-base /home/robotserver/ros2_ws/build/my_py_pkg/build install --record /home/robotserver/ros2_ws/build/my_py_pkg/install.log --install-scripts $base/lib/my_py_pkg --single-version-externally-managed install_data
