[0.092s] DEBUG:colcon:Command line arguments: ['/usr/bin/colcon', 'build', '--packages-select', 'tutorial_interfaces']
[0.092s] DEBUG:colcon:Parsed command line arguments: Namespace(log_base=None, log_level=None, verb_name='build', build_base='build', install_base='install', merge_install=False, symlink_install=False, test_result_base=None, continue_on_error=False, executor='parallel', parallel_workers=8, event_handlers=None, ignore_user_meta=False, metas=['./colcon.meta'], base_paths=['.'], packages_ignore=None, packages_ignore_regex=None, paths=None, packages_up_to=None, packages_up_to_regex=None, packages_above=None, packages_above_and_dependencies=None, packages_above_depth=None, packages_select_by_dep=None, packages_skip_by_dep=None, packages_skip_up_to=None, packages_select_build_failed=False, packages_skip_build_finished=False, packages_select_test_failures=False, packages_skip_test_passed=False, packages_select=['tutorial_interfaces'], packages_skip=None, packages_select_regex=None, packages_skip_regex=None, packages_start=None, packages_end=None, allow_overriding=[], cmake_args=None, cmake_target=None, cmake_target_skip_unavailable=False, cmake_clean_cache=False, cmake_clean_first=False, cmake_force_configure=False, ament_cmake_args=None, catkin_cmake_args=None, catkin_skip_building_tests=False, verb_parser=<colcon_defaults.argument_parser.defaults.DefaultArgumentsDecorator object at 0x74241e1e7fa0>, verb_extension=<colcon_core.verb.build.BuildVerb object at 0x74241e195870>, main=<bound method BuildVerb.main of <colcon_core.verb.build.BuildVerb object at 0x74241e195870>>)
[0.234s] Level 1:colcon.colcon_core.package_discovery:discover_packages(colcon_meta) check parameters
[0.234s] Level 1:colcon.colcon_core.package_discovery:discover_packages(recursive) check parameters
[0.234s] Level 1:colcon.colcon_core.package_discovery:discover_packages(ignore) check parameters
[0.234s] Level 1:colcon.colcon_core.package_discovery:discover_packages(path) check parameters
[0.234s] Level 1:colcon.colcon_core.package_discovery:discover_packages(colcon_meta) discover
[0.234s] Level 1:colcon.colcon_core.package_discovery:discover_packages(recursive) discover
[0.234s] INFO:colcon.colcon_core.package_discovery:Crawling recursively for packages in '/home/robotserver/ros2_ws/src/tutorial_interfaces'
[0.234s] Level 1:colcon.colcon_core.package_identification:_identify(.) by extensions ['ignore', 'ignore_ament_install']
[0.234s] Level 1:colcon.colcon_core.package_identification:_identify(.) by extension 'ignore'
[0.234s] Level 1:colcon.colcon_core.package_identification:_identify(.) by extension 'ignore_ament_install'
[0.234s] Level 1:colcon.colcon_core.package_identification:_identify(.) by extensions ['colcon_pkg']
[0.234s] Level 1:colcon.colcon_core.package_identification:_identify(.) by extension 'colcon_pkg'
[0.234s] Level 1:colcon.colcon_core.package_identification:_identify(.) by extensions ['colcon_meta']
[0.234s] Level 1:colcon.colcon_core.package_identification:_identify(.) by extension 'colcon_meta'
[0.234s] Level 1:colcon.colcon_core.package_identification:_identify(.) by extensions ['ros']
[0.234s] Level 1:colcon.colcon_core.package_identification:_identify(.) by extension 'ros'
[0.246s] DEBUG:colcon.colcon_core.package_identification:Package '.' with type 'ros.ament_cmake' and name 'tutorial_interfaces'
[0.246s] Level 1:colcon.colcon_core.package_discovery:discover_packages(recursive) using defaults
[0.246s] Level 1:colcon.colcon_core.package_discovery:discover_packages(ignore) discover
[0.246s] Level 1:colcon.colcon_core.package_discovery:discover_packages(ignore) using defaults
[0.247s] Level 1:colcon.colcon_core.package_discovery:discover_packages(path) discover
[0.247s] Level 1:colcon.colcon_core.package_discovery:discover_packages(path) using defaults
[0.263s] Level 1:colcon.colcon_core.package_discovery:discover_packages(prefix_path) check parameters
[0.263s] Level 1:colcon.colcon_core.package_discovery:discover_packages(prefix_path) discover
[0.265s] DEBUG:colcon.colcon_installed_package_information.package_discovery:Found 3 installed packages in /home/robotserver/Desktop/git/create3_main/install
[0.266s] DEBUG:colcon.colcon_installed_package_information.package_discovery:Found 305 installed packages in /opt/ros/humble
[0.267s] Level 1:colcon.colcon_core.package_discovery:discover_packages(prefix_path) using defaults
[0.317s] Level 5:colcon.colcon_core.verb:set package 'tutorial_interfaces' build argument 'cmake_args' from command line to 'None'
[0.317s] Level 5:colcon.colcon_core.verb:set package 'tutorial_interfaces' build argument 'cmake_target' from command line to 'None'
[0.317s] Level 5:colcon.colcon_core.verb:set package 'tutorial_interfaces' build argument 'cmake_target_skip_unavailable' from command line to 'False'
[0.317s] Level 5:colcon.colcon_core.verb:set package 'tutorial_interfaces' build argument 'cmake_clean_cache' from command line to 'False'
[0.317s] Level 5:colcon.colcon_core.verb:set package 'tutorial_interfaces' build argument 'cmake_clean_first' from command line to 'False'
[0.317s] Level 5:colcon.colcon_core.verb:set package 'tutorial_interfaces' build argument 'cmake_force_configure' from command line to 'False'
[0.317s] Level 5:colcon.colcon_core.verb:set package 'tutorial_interfaces' build argument 'ament_cmake_args' from command line to 'None'
[0.317s] Level 5:colcon.colcon_core.verb:set package 'tutorial_interfaces' build argument 'catkin_cmake_args' from command line to 'None'
[0.317s] Level 5:colcon.colcon_core.verb:set package 'tutorial_interfaces' build argument 'catkin_skip_building_tests' from command line to 'False'
[0.317s] DEBUG:colcon.colcon_core.verb:Building package 'tutorial_interfaces' with the following arguments: {'ament_cmake_args': None, 'build_base': '/home/robotserver/ros2_ws/src/tutorial_interfaces/build/tutorial_interfaces', 'catkin_cmake_args': None, 'catkin_skip_building_tests': False, 'cmake_args': None, 'cmake_clean_cache': False, 'cmake_clean_first': False, 'cmake_force_configure': False, 'cmake_target': None, 'cmake_target_skip_unavailable': False, 'install_base': '/home/robotserver/ros2_ws/src/tutorial_interfaces/install/tutorial_interfaces', 'merge_install': False, 'path': '/home/robotserver/ros2_ws/src/tutorial_interfaces', 'symlink_install': False, 'test_result_base': None}
[0.317s] INFO:colcon.colcon_core.executor:Executing jobs using 'parallel' executor
[0.318s] DEBUG:colcon.colcon_parallel_executor.executor.parallel:run_until_complete
[0.318s] INFO:colcon.colcon_ros.task.ament_cmake.build:Building ROS package in '/home/robotserver/ros2_ws/src/tutorial_interfaces' with build type 'ament_cmake'
[0.318s] INFO:colcon.colcon_cmake.task.cmake.build:Building CMake package in '/home/robotserver/ros2_ws/src/tutorial_interfaces'
[0.320s] INFO:colcon.colcon_core.plugin_system:Skipping extension 'colcon_core.shell.bat': Not used on non-Windows systems
[0.320s] INFO:colcon.colcon_core.shell:Skip shell extension 'powershell' for command environment: Not usable outside of PowerShell
[0.320s] DEBUG:colcon.colcon_core.shell:Skip shell extension 'dsv' for command environment
[0.327s] DEBUG:colcon.colcon_core.event_handler.log_command:Invoking command in '/home/robotserver/ros2_ws/src/tutorial_interfaces/build/tutorial_interfaces': CMAKE_PREFIX_PATH=/home/robotserver/Desktop/git/create3_main/install/create3_teleop:/home/robotserver/Desktop/git/create3_main/install/create3_msg_transfer:/home/robotserver/Desktop/git/create3_main/install/create3_control:/opt/ros/humble CONDA_PROMPT_MODIFIER=(ros2_env) /usr/bin/cmake /home/robotserver/ros2_ws/src/tutorial_interfaces -DCMAKE_INSTALL_PREFIX=/home/robotserver/ros2_ws/src/tutorial_interfaces/install/tutorial_interfaces
[2.444s] DEBUG:colcon.colcon_core.event_handler.log_command:Invoked command in '/home/robotserver/ros2_ws/src/tutorial_interfaces/build/tutorial_interfaces' returned '0': CMAKE_PREFIX_PATH=/home/robotserver/Desktop/git/create3_main/install/create3_teleop:/home/robotserver/Desktop/git/create3_main/install/create3_msg_transfer:/home/robotserver/Desktop/git/create3_main/install/create3_control:/opt/ros/humble CONDA_PROMPT_MODIFIER=(ros2_env) /usr/bin/cmake /home/robotserver/ros2_ws/src/tutorial_interfaces -DCMAKE_INSTALL_PREFIX=/home/robotserver/ros2_ws/src/tutorial_interfaces/install/tutorial_interfaces
[2.446s] DEBUG:colcon.colcon_core.event_handler.log_command:Invoking command in '/home/robotserver/ros2_ws/src/tutorial_interfaces/build/tutorial_interfaces': CMAKE_PREFIX_PATH=/home/robotserver/Desktop/git/create3_main/install/create3_teleop:/home/robotserver/Desktop/git/create3_main/install/create3_msg_transfer:/home/robotserver/Desktop/git/create3_main/install/create3_control:/opt/ros/humble CONDA_PROMPT_MODIFIER=(ros2_env) /usr/bin/cmake --build /home/robotserver/ros2_ws/src/tutorial_interfaces/build/tutorial_interfaces -- -j8 -l8
[5.323s] DEBUG:colcon.colcon_core.event_handler.log_command:Invoked command in '/home/robotserver/ros2_ws/src/tutorial_interfaces/build/tutorial_interfaces' returned '0': CMAKE_PREFIX_PATH=/home/robotserver/Desktop/git/create3_main/install/create3_teleop:/home/robotserver/Desktop/git/create3_main/install/create3_msg_transfer:/home/robotserver/Desktop/git/create3_main/install/create3_control:/opt/ros/humble CONDA_PROMPT_MODIFIER=(ros2_env) /usr/bin/cmake --build /home/robotserver/ros2_ws/src/tutorial_interfaces/build/tutorial_interfaces -- -j8 -l8
[5.412s] DEBUG:colcon.colcon_core.event_handler.log_command:Invoking command in '/home/robotserver/ros2_ws/src/tutorial_interfaces/build/tutorial_interfaces': CMAKE_PREFIX_PATH=/home/robotserver/Desktop/git/create3_main/install/create3_teleop:/home/robotserver/Desktop/git/create3_main/install/create3_msg_transfer:/home/robotserver/Desktop/git/create3_main/install/create3_control:/opt/ros/humble CONDA_PROMPT_MODIFIER=(ros2_env) /usr/bin/cmake --install /home/robotserver/ros2_ws/src/tutorial_interfaces/build/tutorial_interfaces
[5.485s] Level 1:colcon.colcon_core.environment:create_environment_scripts_only(tutorial_interfaces)
[5.486s] DEBUG:colcon.colcon_core.event_handler.log_command:Invoked command in '/home/robotserver/ros2_ws/src/tutorial_interfaces/build/tutorial_interfaces' returned '0': CMAKE_PREFIX_PATH=/home/robotserver/Desktop/git/create3_main/install/create3_teleop:/home/robotserver/Desktop/git/create3_main/install/create3_msg_transfer:/home/robotserver/Desktop/git/create3_main/install/create3_control:/opt/ros/humble CONDA_PROMPT_MODIFIER=(ros2_env) /usr/bin/cmake --install /home/robotserver/ros2_ws/src/tutorial_interfaces/build/tutorial_interfaces
[5.488s] Level 1:colcon.colcon_core.environment:checking '/home/robotserver/ros2_ws/src/tutorial_interfaces/install/tutorial_interfaces' for CMake module files
[5.489s] Level 1:colcon.colcon_core.environment:checking '/home/robotserver/ros2_ws/src/tutorial_interfaces/install/tutorial_interfaces' for CMake config files
[5.489s] Level 1:colcon.colcon_core.shell:create_environment_hook('tutorial_interfaces', 'cmake_prefix_path')
[5.489s] INFO:colcon.colcon_core.shell:Creating environment hook '/home/robotserver/ros2_ws/src/tutorial_interfaces/install/tutorial_interfaces/share/tutorial_interfaces/hook/cmake_prefix_path.ps1'
[5.489s] INFO:colcon.colcon_core.shell:Creating environment descriptor '/home/robotserver/ros2_ws/src/tutorial_interfaces/install/tutorial_interfaces/share/tutorial_interfaces/hook/cmake_prefix_path.dsv'
[5.490s] INFO:colcon.colcon_core.shell:Creating environment hook '/home/robotserver/ros2_ws/src/tutorial_interfaces/install/tutorial_interfaces/share/tutorial_interfaces/hook/cmake_prefix_path.sh'
[5.490s] Level 1:colcon.colcon_core.environment:checking '/home/robotserver/ros2_ws/src/tutorial_interfaces/install/tutorial_interfaces/lib'
[5.491s] Level 1:colcon.colcon_core.shell:create_environment_hook('tutorial_interfaces', 'ld_library_path_lib')
[5.491s] INFO:colcon.colcon_core.shell:Creating environment hook '/home/robotserver/ros2_ws/src/tutorial_interfaces/install/tutorial_interfaces/share/tutorial_interfaces/hook/ld_library_path_lib.ps1'
[5.491s] INFO:colcon.colcon_core.shell:Creating environment descriptor '/home/robotserver/ros2_ws/src/tutorial_interfaces/install/tutorial_interfaces/share/tutorial_interfaces/hook/ld_library_path_lib.dsv'
[5.491s] INFO:colcon.colcon_core.shell:Creating environment hook '/home/robotserver/ros2_ws/src/tutorial_interfaces/install/tutorial_interfaces/share/tutorial_interfaces/hook/ld_library_path_lib.sh'
[5.492s] Level 1:colcon.colcon_core.environment:checking '/home/robotserver/ros2_ws/src/tutorial_interfaces/install/tutorial_interfaces/bin'
[5.492s] Level 1:colcon.colcon_core.environment:checking '/home/robotserver/ros2_ws/src/tutorial_interfaces/install/tutorial_interfaces/lib/pkgconfig/tutorial_interfaces.pc'
[5.492s] Level 1:colcon.colcon_core.environment:checking '/home/robotserver/ros2_ws/src/tutorial_interfaces/install/tutorial_interfaces/lib/python3.10/site-packages'
[5.492s] Level 1:colcon.colcon_core.environment:checking '/home/robotserver/ros2_ws/src/tutorial_interfaces/install/tutorial_interfaces/bin'
[5.492s] INFO:colcon.colcon_core.shell:Creating package script '/home/robotserver/ros2_ws/src/tutorial_interfaces/install/tutorial_interfaces/share/tutorial_interfaces/package.ps1'
[5.493s] INFO:colcon.colcon_core.shell:Creating package descriptor '/home/robotserver/ros2_ws/src/tutorial_interfaces/install/tutorial_interfaces/share/tutorial_interfaces/package.dsv'
[5.493s] INFO:colcon.colcon_core.shell:Creating package script '/home/robotserver/ros2_ws/src/tutorial_interfaces/install/tutorial_interfaces/share/tutorial_interfaces/package.sh'
[5.494s] INFO:colcon.colcon_core.shell:Creating package script '/home/robotserver/ros2_ws/src/tutorial_interfaces/install/tutorial_interfaces/share/tutorial_interfaces/package.bash'
[5.494s] INFO:colcon.colcon_core.shell:Creating package script '/home/robotserver/ros2_ws/src/tutorial_interfaces/install/tutorial_interfaces/share/tutorial_interfaces/package.zsh'
[5.495s] Level 1:colcon.colcon_core.environment:create_file_with_runtime_dependencies(/home/robotserver/ros2_ws/src/tutorial_interfaces/install/tutorial_interfaces/share/colcon-core/packages/tutorial_interfaces)
[5.574s] Level 1:colcon.colcon_core.environment:create_environment_scripts_only(tutorial_interfaces)
[5.574s] Level 1:colcon.colcon_core.environment:checking '/home/robotserver/ros2_ws/src/tutorial_interfaces/install/tutorial_interfaces' for CMake module files
[5.575s] Level 1:colcon.colcon_core.environment:checking '/home/robotserver/ros2_ws/src/tutorial_interfaces/install/tutorial_interfaces' for CMake config files
[5.575s] Level 1:colcon.colcon_core.shell:create_environment_hook('tutorial_interfaces', 'cmake_prefix_path')
[5.575s] INFO:colcon.colcon_core.shell:Creating environment hook '/home/robotserver/ros2_ws/src/tutorial_interfaces/install/tutorial_interfaces/share/tutorial_interfaces/hook/cmake_prefix_path.ps1'
[5.576s] INFO:colcon.colcon_core.shell:Creating environment descriptor '/home/robotserver/ros2_ws/src/tutorial_interfaces/install/tutorial_interfaces/share/tutorial_interfaces/hook/cmake_prefix_path.dsv'
[5.576s] INFO:colcon.colcon_core.shell:Creating environment hook '/home/robotserver/ros2_ws/src/tutorial_interfaces/install/tutorial_interfaces/share/tutorial_interfaces/hook/cmake_prefix_path.sh'
[5.577s] Level 1:colcon.colcon_core.environment:checking '/home/robotserver/ros2_ws/src/tutorial_interfaces/install/tutorial_interfaces/lib'
[5.577s] Level 1:colcon.colcon_core.shell:create_environment_hook('tutorial_interfaces', 'ld_library_path_lib')
[5.577s] INFO:colcon.colcon_core.shell:Creating environment hook '/home/robotserver/ros2_ws/src/tutorial_interfaces/install/tutorial_interfaces/share/tutorial_interfaces/hook/ld_library_path_lib.ps1'
[5.577s] INFO:colcon.colcon_core.shell:Creating environment descriptor '/home/robotserver/ros2_ws/src/tutorial_interfaces/install/tutorial_interfaces/share/tutorial_interfaces/hook/ld_library_path_lib.dsv'
[5.578s] INFO:colcon.colcon_core.shell:Creating environment hook '/home/robotserver/ros2_ws/src/tutorial_interfaces/install/tutorial_interfaces/share/tutorial_interfaces/hook/ld_library_path_lib.sh'
[5.578s] Level 1:colcon.colcon_core.environment:checking '/home/robotserver/ros2_ws/src/tutorial_interfaces/install/tutorial_interfaces/bin'
[5.578s] Level 1:colcon.colcon_core.environment:checking '/home/robotserver/ros2_ws/src/tutorial_interfaces/install/tutorial_interfaces/lib/pkgconfig/tutorial_interfaces.pc'
[5.578s] Level 1:colcon.colcon_core.environment:checking '/home/robotserver/ros2_ws/src/tutorial_interfaces/install/tutorial_interfaces/lib/python3.10/site-packages'
[5.579s] Level 1:colcon.colcon_core.environment:checking '/home/robotserver/ros2_ws/src/tutorial_interfaces/install/tutorial_interfaces/bin'
[5.579s] INFO:colcon.colcon_core.shell:Creating package script '/home/robotserver/ros2_ws/src/tutorial_interfaces/install/tutorial_interfaces/share/tutorial_interfaces/package.ps1'
[5.579s] INFO:colcon.colcon_core.shell:Creating package descriptor '/home/robotserver/ros2_ws/src/tutorial_interfaces/install/tutorial_interfaces/share/tutorial_interfaces/package.dsv'
[5.580s] INFO:colcon.colcon_core.shell:Creating package script '/home/robotserver/ros2_ws/src/tutorial_interfaces/install/tutorial_interfaces/share/tutorial_interfaces/package.sh'
[5.580s] INFO:colcon.colcon_core.shell:Creating package script '/home/robotserver/ros2_ws/src/tutorial_interfaces/install/tutorial_interfaces/share/tutorial_interfaces/package.bash'
[5.580s] INFO:colcon.colcon_core.shell:Creating package script '/home/robotserver/ros2_ws/src/tutorial_interfaces/install/tutorial_interfaces/share/tutorial_interfaces/package.zsh'
[5.581s] Level 1:colcon.colcon_core.environment:create_file_with_runtime_dependencies(/home/robotserver/ros2_ws/src/tutorial_interfaces/install/tutorial_interfaces/share/colcon-core/packages/tutorial_interfaces)
[5.581s] DEBUG:colcon.colcon_parallel_executor.executor.parallel:closing loop
[5.581s] DEBUG:colcon.colcon_parallel_executor.executor.parallel:loop closed
[5.581s] DEBUG:colcon.colcon_parallel_executor.executor.parallel:run_until_complete finished with '0'
[5.581s] DEBUG:colcon.colcon_core.event_reactor:joining thread
[5.586s] INFO:colcon.colcon_core.plugin_system:Skipping extension 'colcon_notification.desktop_notification.terminal_notifier': Not used on non-Darwin systems
[5.587s] INFO:colcon.colcon_core.plugin_system:Skipping extension 'colcon_notification.desktop_notification.win32': Not used on non-Windows systems
[5.587s] INFO:colcon.colcon_notification.desktop_notification:Sending desktop notification using 'notify2'
[5.599s] DEBUG:colcon.colcon_core.event_reactor:joined thread
[5.599s] INFO:colcon.colcon_core.shell:Creating prefix script '/home/robotserver/ros2_ws/src/tutorial_interfaces/install/local_setup.ps1'
[5.600s] INFO:colcon.colcon_core.shell:Creating prefix util module '/home/robotserver/ros2_ws/src/tutorial_interfaces/install/_local_setup_util_ps1.py'
[5.601s] INFO:colcon.colcon_core.shell:Creating prefix chain script '/home/robotserver/ros2_ws/src/tutorial_interfaces/install/setup.ps1'
[5.602s] INFO:colcon.colcon_core.shell:Creating prefix script '/home/robotserver/ros2_ws/src/tutorial_interfaces/install/local_setup.sh'
[5.602s] INFO:colcon.colcon_core.shell:Creating prefix util module '/home/robotserver/ros2_ws/src/tutorial_interfaces/install/_local_setup_util_sh.py'
[5.603s] INFO:colcon.colcon_core.shell:Creating prefix chain script '/home/robotserver/ros2_ws/src/tutorial_interfaces/install/setup.sh'
[5.604s] INFO:colcon.colcon_core.shell:Creating prefix script '/home/robotserver/ros2_ws/src/tutorial_interfaces/install/local_setup.bash'
[5.604s] INFO:colcon.colcon_core.shell:Creating prefix chain script '/home/robotserver/ros2_ws/src/tutorial_interfaces/install/setup.bash'
[5.605s] INFO:colcon.colcon_core.shell:Creating prefix script '/home/robotserver/ros2_ws/src/tutorial_interfaces/install/local_setup.zsh'
[5.605s] INFO:colcon.colcon_core.shell:Creating prefix chain script '/home/robotserver/ros2_ws/src/tutorial_interfaces/install/setup.zsh'
