[0.025s] Invoking command in '/home/robotserver/ros2_ws/build/tutorial_interfaces': CMAKE_PREFIX_PATH=${CMAKE_PREFIX_PATH}:/home/robotserver/ros2_ws/install/py_srvcli:/home/robotserver/ros2_ws/install/py_pubsub:/home/robotserver/ros2_ws/install/my_py_pkg:/home/robotserver/Desktop/git/create3_main/install/create3_teleop:/home/robotserver/Desktop/git/create3_main/install/create3_msg_transfer:/home/robotserver/Desktop/git/create3_main/install/create3_control:/opt/ros/humble /usr/bin/cmake /home/robotserver/ros2_ws/src/tutorial_interfaces -DCMAKE_INSTALL_PREFIX=/home/robotserver/ros2_ws/install/tutorial_interfaces
[0.037s] [0mPython executable: [0m
[0.099s] -- The C compiler identification is GNU 11.4.0
[0.183s] -- The CXX compiler identification is GNU 11.4.0
[0.194s] -- Detecting C compiler ABI info
[0.291s] -- Detecting C compiler ABI info - done
[0.299s] -- Check for working C compiler: /usr/bin/cc - skipped
[0.299s] -- Detecting C compile features
[0.300s] -- Detecting C compile features - done
[0.303s] -- Detecting CXX compiler ABI info
[0.433s] -- Detecting CXX compiler ABI info - done
[0.445s] -- Check for working CXX compiler: /usr/bin/c++ - skipped
[0.446s] -- Detecting CXX compile features
[0.446s] -- Detecting CXX compile features - done
[0.455s] -- Found ament_cmake: 1.3.9 (/opt/ros/humble/share/ament_cmake/cmake)
[0.713s] -- Found Python3: /usr/bin/python3 (found version "3.10.12") found components: Interpreter 
[0.817s] -- Found geometry_msgs: 4.2.4 (/opt/ros/humble/share/geometry_msgs/cmake)
[0.876s] -- Found rosidl_generator_c: 3.1.5 (/opt/ros/humble/share/rosidl_generator_c/cmake)
[0.881s] -- Found rosidl_adapter: 3.1.5 (/opt/ros/humble/share/rosidl_adapter/cmake)
[0.893s] -- Found rosidl_generator_cpp: 3.1.5 (/opt/ros/humble/share/rosidl_generator_cpp/cmake)
[0.908s] -- Using all available rosidl_typesupport_c: rosidl_typesupport_fastrtps_c;rosidl_typesupport_introspection_c
[0.934s] -- Using all available rosidl_typesupport_cpp: rosidl_typesupport_fastrtps_cpp;rosidl_typesupport_introspection_cpp
[1.064s] -- Found rosidl_default_generators: 1.2.0 (/opt/ros/humble/share/rosidl_default_generators/cmake)
[1.393s] -- Found ament_cmake_ros: 0.10.0 (/opt/ros/humble/share/ament_cmake_ros/cmake)
[1.853s] -- Using all available rosidl_typesupport_c: rosidl_typesupport_fastrtps_c;rosidl_typesupport_introspection_c
[2.048s] -- Using all available rosidl_typesupport_cpp: rosidl_typesupport_fastrtps_cpp;rosidl_typesupport_introspection_cpp
[2.072s] -- Found PythonInterp: /usr/bin/python3 (found suitable version "3.10.12", minimum required is "3.6") 
[2.073s] -- Found python_cmake_module: 0.10.0 (/opt/ros/humble/share/python_cmake_module/cmake)
[2.099s] -- Found PythonLibs: /usr/lib/x86_64-linux-gnu/libpython3.10.so (found suitable version "3.10.12", minimum required is "3.5") 
[2.099s] -- Using PYTHON_EXECUTABLE: /usr/bin/python3
[2.099s] -- Using PYTHON_INCLUDE_DIRS: /usr/include/python3.10
[2.099s] -- Using PYTHON_LIBRARIES: /usr/lib/x86_64-linux-gnu/libpython3.10.so
[2.128s] -- Found PythonExtra: .so  
[2.191s] -- Found ament_lint_auto: 0.12.11 (/opt/ros/humble/share/ament_lint_auto/cmake)
[2.252s] -- Added test 'cppcheck' to perform static code analysis on C / C++ code
[2.252s] -- Configured cppcheck include dirs: 
[2.252s] -- Configured cppcheck exclude dirs and/or files: 
[2.258s] -- Added test 'flake8' to check Python code syntax and style conventions
[2.268s] -- Added test 'lint_cmake' to check CMake code style
[2.274s] -- Added test 'pep257' to check Python code against some of the docstring style conventions in PEP 257
[2.310s] -- Added test 'uncrustify' to check C / C++ code style
[2.310s] -- Configured uncrustify additional arguments: 
[2.316s] -- Added test 'xmllint' to check XML markup files
[2.320s] -- Configuring done
[2.361s] -- Generating done
[2.364s] -- Build files have been written to: /home/robotserver/ros2_ws/build/tutorial_interfaces
[2.377s] Invoked command in '/home/robotserver/ros2_ws/build/tutorial_interfaces' returned '0': CMAKE_PREFIX_PATH=${CMAKE_PREFIX_PATH}:/home/robotserver/ros2_ws/install/py_srvcli:/home/robotserver/ros2_ws/install/py_pubsub:/home/robotserver/ros2_ws/install/my_py_pkg:/home/robotserver/Desktop/git/create3_main/install/create3_teleop:/home/robotserver/Desktop/git/create3_main/install/create3_msg_transfer:/home/robotserver/Desktop/git/create3_main/install/create3_control:/opt/ros/humble /usr/bin/cmake /home/robotserver/ros2_ws/src/tutorial_interfaces -DCMAKE_INSTALL_PREFIX=/home/robotserver/ros2_ws/install/tutorial_interfaces
[2.379s] Invoking command in '/home/robotserver/ros2_ws/build/tutorial_interfaces': CMAKE_PREFIX_PATH=${CMAKE_PREFIX_PATH}:/home/robotserver/ros2_ws/install/py_srvcli:/home/robotserver/ros2_ws/install/py_pubsub:/home/robotserver/ros2_ws/install/my_py_pkg:/home/robotserver/Desktop/git/create3_main/install/create3_teleop:/home/robotserver/Desktop/git/create3_main/install/create3_msg_transfer:/home/robotserver/Desktop/git/create3_main/install/create3_control:/opt/ros/humble /usr/bin/cmake --build /home/robotserver/ros2_ws/build/tutorial_interfaces -- -j8 -l8
[2.421s] [  2%] [34m[1mGenerating C code for ROS interfaces[0m
[2.441s] [  4%] [34m[1mGenerating C++ code for ROS interfaces[0m
[2.447s] [  4%] Built target ament_cmake_python_copy_tutorial_interfaces
[2.736s] running egg_info
[2.736s] creating tutorial_interfaces.egg-info
[2.737s] writing tutorial_interfaces.egg-info/PKG-INFO
[2.737s] writing dependency_links to tutorial_interfaces.egg-info/dependency_links.txt
[2.737s] writing top-level names to tutorial_interfaces.egg-info/top_level.txt
[2.737s] writing manifest file 'tutorial_interfaces.egg-info/SOURCES.txt'
[2.739s] reading manifest file 'tutorial_interfaces.egg-info/SOURCES.txt'
[2.739s] writing manifest file 'tutorial_interfaces.egg-info/SOURCES.txt'
[2.771s] [  4%] Built target ament_cmake_python_build_tutorial_interfaces_egg
[2.829s] [  4%] Built target tutorial_interfaces__cpp
[2.846s] [  6%] [34m[1mGenerating C++ type support dispatch for ROS interfaces[0m
[2.849s] [  8%] [34m[1mGenerating C++ type support for eProsima Fast-RTPS[0m
[2.851s] [ 10%] [34m[1mGenerating C++ introspection for ROS interfaces[0m
[2.884s] [ 14%] [32mBuilding C object CMakeFiles/tutorial_interfaces__rosidl_generator_c.dir/rosidl_generator_c/tutorial_interfaces/srv/detail/add_three_ints__functions.c.o[0m
[2.884s] [ 14%] [32mBuilding C object CMakeFiles/tutorial_interfaces__rosidl_generator_c.dir/rosidl_generator_c/tutorial_interfaces/msg/detail/num__functions.c.o[0m
[2.884s] [ 17%] [32mBuilding C object CMakeFiles/tutorial_interfaces__rosidl_generator_c.dir/rosidl_generator_c/tutorial_interfaces/msg/detail/sphere__functions.c.o[0m
[2.965s] [ 19%] [32m[1mLinking C shared library libtutorial_interfaces__rosidl_generator_c.so[0m
[3.001s] [ 19%] Built target tutorial_interfaces__rosidl_generator_c
[3.015s] [ 21%] [34m[1mGenerating C type support dispatch for ROS interfaces[0m
[3.018s] [ 25%] [34m[1mGenerating C introspection for ROS interfaces[0m
[3.018s] [ 25%] [34m[1mGenerating C type support for eProsima Fast-RTPS[0m
[3.266s] [ 27%] [32mBuilding CXX object CMakeFiles/tutorial_interfaces__rosidl_typesupport_cpp.dir/rosidl_typesupport_cpp/tutorial_interfaces/srv/add_three_ints__type_support.cpp.o[0m
[3.267s] [ 29%] [32mBuilding CXX object CMakeFiles/tutorial_interfaces__rosidl_typesupport_cpp.dir/rosidl_typesupport_cpp/tutorial_interfaces/msg/num__type_support.cpp.o[0m
[3.270s] [ 31%] [32mBuilding CXX object CMakeFiles/tutorial_interfaces__rosidl_typesupport_cpp.dir/rosidl_typesupport_cpp/tutorial_interfaces/msg/sphere__type_support.cpp.o[0m
[3.476s] [ 34%] [32mBuilding CXX object CMakeFiles/tutorial_interfaces__rosidl_typesupport_introspection_cpp.dir/rosidl_typesupport_introspection_cpp/tutorial_interfaces/msg/detail/num__type_support.cpp.o[0m
[3.638s] [ 36%] [32mBuilding CXX object CMakeFiles/tutorial_interfaces__rosidl_typesupport_c.dir/rosidl_typesupport_c/tutorial_interfaces/msg/num__type_support.cpp.o[0m
[3.651s] [ 38%] [32mBuilding CXX object CMakeFiles/tutorial_interfaces__rosidl_typesupport_fastrtps_cpp.dir/rosidl_typesupport_fastrtps_cpp/tutorial_interfaces/msg/detail/dds_fastrtps/num__type_support.cpp.o[0m
[3.749s] [ 40%] [32mBuilding CXX object CMakeFiles/tutorial_interfaces__rosidl_typesupport_c.dir/rosidl_typesupport_c/tutorial_interfaces/msg/sphere__type_support.cpp.o[0m
[3.767s] [ 42%] [32mBuilding CXX object CMakeFiles/tutorial_interfaces__rosidl_typesupport_fastrtps_c.dir/rosidl_typesupport_fastrtps_c/tutorial_interfaces/msg/detail/num__type_support_c.cpp.o[0m
[3.799s] [ 44%] [32mBuilding CXX object CMakeFiles/tutorial_interfaces__rosidl_typesupport_c.dir/rosidl_typesupport_c/tutorial_interfaces/srv/add_three_ints__type_support.cpp.o[0m
[3.814s] [ 46%] [32mBuilding C object CMakeFiles/tutorial_interfaces__rosidl_typesupport_introspection_c.dir/rosidl_typesupport_introspection_c/tutorial_interfaces/msg/detail/num__type_support.c.o[0m
[3.859s] [ 48%] [32mBuilding CXX object CMakeFiles/tutorial_interfaces__rosidl_typesupport_fastrtps_cpp.dir/rosidl_typesupport_fastrtps_cpp/tutorial_interfaces/msg/detail/dds_fastrtps/sphere__type_support.cpp.o[0m
[3.871s] [ 53%] [32mBuilding C object CMakeFiles/tutorial_interfaces__rosidl_typesupport_introspection_c.dir/rosidl_typesupport_introspection_c/tutorial_interfaces/msg/detail/sphere__type_support.c.o[0m
[3.871s] [ 53%] [32m[1mLinking CXX shared library libtutorial_interfaces__rosidl_typesupport_cpp.so[0m
[3.914s] [ 55%] [32m[1mLinking CXX shared library libtutorial_interfaces__rosidl_typesupport_c.so[0m
[3.958s] [ 57%] [32mBuilding CXX object CMakeFiles/tutorial_interfaces__rosidl_typesupport_fastrtps_c.dir/rosidl_typesupport_fastrtps_c/tutorial_interfaces/msg/detail/sphere__type_support_c.cpp.o[0m
[3.976s] [ 59%] [32mBuilding C object CMakeFiles/tutorial_interfaces__rosidl_typesupport_introspection_c.dir/rosidl_typesupport_introspection_c/tutorial_interfaces/srv/detail/add_three_ints__type_support.c.o[0m
[4.034s] [ 59%] Built target tutorial_interfaces__rosidl_typesupport_cpp
[4.073s] [ 59%] Built target tutorial_interfaces__rosidl_typesupport_c
[4.078s] [ 61%] [32mBuilding CXX object CMakeFiles/tutorial_interfaces__rosidl_typesupport_fastrtps_c.dir/rosidl_typesupport_fastrtps_c/tutorial_interfaces/srv/detail/add_three_ints__type_support_c.cpp.o[0m
[4.109s] [ 63%] [32mBuilding CXX object CMakeFiles/tutorial_interfaces__rosidl_typesupport_fastrtps_cpp.dir/rosidl_typesupport_fastrtps_cpp/tutorial_interfaces/srv/detail/dds_fastrtps/add_three_ints__type_support.cpp.o[0m
[4.143s] [ 65%] [32m[1mLinking C shared library libtutorial_interfaces__rosidl_typesupport_introspection_c.so[0m
[4.217s] [ 65%] Built target tutorial_interfaces__rosidl_typesupport_introspection_c
[4.233s] [ 68%] [32mBuilding CXX object CMakeFiles/tutorial_interfaces__rosidl_typesupport_introspection_cpp.dir/rosidl_typesupport_introspection_cpp/tutorial_interfaces/msg/detail/sphere__type_support.cpp.o[0m
[4.251s] [ 70%] [32mBuilding CXX object CMakeFiles/tutorial_interfaces__rosidl_typesupport_introspection_cpp.dir/rosidl_typesupport_introspection_cpp/tutorial_interfaces/srv/detail/add_three_ints__type_support.cpp.o[0m
[4.755s] [ 72%] [32m[1mLinking CXX shared library libtutorial_interfaces__rosidl_typesupport_fastrtps_c.so[0m
[4.904s] [ 72%] Built target tutorial_interfaces__rosidl_typesupport_fastrtps_c
[4.921s] [ 74%] [32m[1mLinking CXX shared library libtutorial_interfaces__rosidl_typesupport_introspection_cpp.so[0m
[4.930s] [ 76%] [32m[1mLinking CXX shared library libtutorial_interfaces__rosidl_typesupport_fastrtps_cpp.so[0m
[5.002s] [ 76%] Built target tutorial_interfaces__rosidl_typesupport_introspection_cpp
[5.031s] [ 76%] Built target tutorial_interfaces__rosidl_typesupport_fastrtps_cpp
[5.055s] [ 76%] Built target tutorial_interfaces
[5.075s] [ 78%] [34m[1mGenerating Python code for ROS interfaces[0m
[5.595s] [ 78%] Built target tutorial_interfaces__py
[5.616s] [ 82%] [32mBuilding C object CMakeFiles/tutorial_interfaces__rosidl_generator_py.dir/rosidl_generator_py/tutorial_interfaces/msg/_sphere_s.c.o[0m
[5.616s] [ 82%] [32mBuilding C object CMakeFiles/tutorial_interfaces__rosidl_generator_py.dir/rosidl_generator_py/tutorial_interfaces/srv/_add_three_ints_s.c.o[0m
[5.619s] [ 85%] [32mBuilding C object CMakeFiles/tutorial_interfaces__rosidl_generator_py.dir/rosidl_generator_py/tutorial_interfaces/msg/_num_s.c.o[0m
[5.780s] [ 87%] [32m[1mLinking C shared library rosidl_generator_py/tutorial_interfaces/libtutorial_interfaces__rosidl_generator_py.so[0m
[5.822s] [ 87%] Built target tutorial_interfaces__rosidl_generator_py
[5.845s] [ 93%] [32mBuilding C object CMakeFiles/tutorial_interfaces__rosidl_typesupport_c__pyext.dir/rosidl_generator_py/tutorial_interfaces/_tutorial_interfaces_s.ep.rosidl_typesupport_c.c.o[0m
[5.846s] [ 93%] [32mBuilding C object CMakeFiles/tutorial_interfaces__rosidl_typesupport_fastrtps_c__pyext.dir/rosidl_generator_py/tutorial_interfaces/_tutorial_interfaces_s.ep.rosidl_typesupport_fastrtps_c.c.o[0m
[5.846s] [ 93%] [32mBuilding C object CMakeFiles/tutorial_interfaces__rosidl_typesupport_introspection_c__pyext.dir/rosidl_generator_py/tutorial_interfaces/_tutorial_interfaces_s.ep.rosidl_typesupport_introspection_c.c.o[0m
[5.963s] [ 95%] [32m[1mLinking C shared library rosidl_generator_py/tutorial_interfaces/tutorial_interfaces_s__rosidl_typesupport_introspection_c.cpython-310-x86_64-linux-gnu.so[0m
[5.964s] [ 97%] [32m[1mLinking C shared library rosidl_generator_py/tutorial_interfaces/tutorial_interfaces_s__rosidl_typesupport_c.cpython-310-x86_64-linux-gnu.so[0m
[5.964s] [100%] [32m[1mLinking C shared library rosidl_generator_py/tutorial_interfaces/tutorial_interfaces_s__rosidl_typesupport_fastrtps_c.cpython-310-x86_64-linux-gnu.so[0m
[6.003s] [100%] Built target tutorial_interfaces__rosidl_typesupport_c__pyext
[6.015s] [100%] Built target tutorial_interfaces__rosidl_typesupport_fastrtps_c__pyext
[6.015s] [100%] Built target tutorial_interfaces__rosidl_typesupport_introspection_c__pyext
[6.028s] Invoked command in '/home/robotserver/ros2_ws/build/tutorial_interfaces' returned '0': CMAKE_PREFIX_PATH=${CMAKE_PREFIX_PATH}:/home/robotserver/ros2_ws/install/py_srvcli:/home/robotserver/ros2_ws/install/py_pubsub:/home/robotserver/ros2_ws/install/my_py_pkg:/home/robotserver/Desktop/git/create3_main/install/create3_teleop:/home/robotserver/Desktop/git/create3_main/install/create3_msg_transfer:/home/robotserver/Desktop/git/create3_main/install/create3_control:/opt/ros/humble /usr/bin/cmake --build /home/robotserver/ros2_ws/build/tutorial_interfaces -- -j8 -l8
[6.125s] Invoking command in '/home/robotserver/ros2_ws/build/tutorial_interfaces': CMAKE_PREFIX_PATH=${CMAKE_PREFIX_PATH}:/home/robotserver/ros2_ws/install/py_srvcli:/home/robotserver/ros2_ws/install/py_pubsub:/home/robotserver/ros2_ws/install/my_py_pkg:/home/robotserver/Desktop/git/create3_main/install/create3_teleop:/home/robotserver/Desktop/git/create3_main/install/create3_msg_transfer:/home/robotserver/Desktop/git/create3_main/install/create3_control:/opt/ros/humble /usr/bin/cmake --install /home/robotserver/ros2_ws/build/tutorial_interfaces
[6.139s] -- Install configuration: ""
[6.139s] -- Installing: /home/robotserver/ros2_ws/install/tutorial_interfaces/share/ament_index/resource_index/rosidl_interfaces/tutorial_interfaces
[6.140s] -- Installing: /home/robotserver/ros2_ws/install/tutorial_interfaces/include/tutorial_interfaces/tutorial_interfaces
[6.140s] -- Installing: /home/robotserver/ros2_ws/install/tutorial_interfaces/include/tutorial_interfaces/tutorial_interfaces/msg
[6.140s] -- Installing: /home/robotserver/ros2_ws/install/tutorial_interfaces/include/tutorial_interfaces/tutorial_interfaces/msg/num.h
[6.140s] -- Installing: /home/robotserver/ros2_ws/install/tutorial_interfaces/include/tutorial_interfaces/tutorial_interfaces/msg/detail
[6.140s] -- Installing: /home/robotserver/ros2_ws/install/tutorial_interfaces/include/tutorial_interfaces/tutorial_interfaces/msg/detail/sphere__functions.h
[6.140s] -- Installing: /home/robotserver/ros2_ws/install/tutorial_interfaces/include/tutorial_interfaces/tutorial_interfaces/msg/detail/sphere__struct.h
[6.141s] -- Installing: /home/robotserver/ros2_ws/install/tutorial_interfaces/include/tutorial_interfaces/tutorial_interfaces/msg/detail/num__functions.h
[6.141s] -- Installing: /home/robotserver/ros2_ws/install/tutorial_interfaces/include/tutorial_interfaces/tutorial_interfaces/msg/detail/num__functions.c
[6.141s] -- Installing: /home/robotserver/ros2_ws/install/tutorial_interfaces/include/tutorial_interfaces/tutorial_interfaces/msg/detail/num__type_support.h
[6.141s] -- Installing: /home/robotserver/ros2_ws/install/tutorial_interfaces/include/tutorial_interfaces/tutorial_interfaces/msg/detail/sphere__type_support.h
[6.141s] -- Installing: /home/robotserver/ros2_ws/install/tutorial_interfaces/include/tutorial_interfaces/tutorial_interfaces/msg/detail/sphere__functions.c
[6.141s] -- Installing: /home/robotserver/ros2_ws/install/tutorial_interfaces/include/tutorial_interfaces/tutorial_interfaces/msg/detail/num__struct.h
[6.141s] -- Installing: /home/robotserver/ros2_ws/install/tutorial_interfaces/include/tutorial_interfaces/tutorial_interfaces/msg/sphere.h
[6.141s] -- Installing: /home/robotserver/ros2_ws/install/tutorial_interfaces/include/tutorial_interfaces/tutorial_interfaces/msg/rosidl_generator_c__visibility_control.h
[6.141s] -- Installing: /home/robotserver/ros2_ws/install/tutorial_interfaces/include/tutorial_interfaces/tutorial_interfaces/srv
[6.141s] -- Installing: /home/robotserver/ros2_ws/install/tutorial_interfaces/include/tutorial_interfaces/tutorial_interfaces/srv/add_three_ints.h
[6.141s] -- Installing: /home/robotserver/ros2_ws/install/tutorial_interfaces/include/tutorial_interfaces/tutorial_interfaces/srv/detail
[6.142s] -- Installing: /home/robotserver/ros2_ws/install/tutorial_interfaces/include/tutorial_interfaces/tutorial_interfaces/srv/detail/add_three_ints__functions.c
[6.142s] -- Installing: /home/robotserver/ros2_ws/install/tutorial_interfaces/include/tutorial_interfaces/tutorial_interfaces/srv/detail/add_three_ints__functions.h
[6.142s] -- Installing: /home/robotserver/ros2_ws/install/tutorial_interfaces/include/tutorial_interfaces/tutorial_interfaces/srv/detail/add_three_ints__type_support.h
[6.142s] -- Installing: /home/robotserver/ros2_ws/install/tutorial_interfaces/include/tutorial_interfaces/tutorial_interfaces/srv/detail/add_three_ints__struct.h
[6.142s] -- Installing: /home/robotserver/ros2_ws/install/tutorial_interfaces/share/tutorial_interfaces/environment/library_path.sh
[6.142s] -- Installing: /home/robotserver/ros2_ws/install/tutorial_interfaces/share/tutorial_interfaces/environment/library_path.dsv
[6.142s] -- Installing: /home/robotserver/ros2_ws/install/tutorial_interfaces/lib/libtutorial_interfaces__rosidl_generator_c.so
[6.142s] -- Set runtime path of "/home/robotserver/ros2_ws/install/tutorial_interfaces/lib/libtutorial_interfaces__rosidl_generator_c.so" to ""
[6.142s] -- Up-to-date: /home/robotserver/ros2_ws/install/tutorial_interfaces/include/tutorial_interfaces/tutorial_interfaces
[6.142s] -- Up-to-date: /home/robotserver/ros2_ws/install/tutorial_interfaces/include/tutorial_interfaces/tutorial_interfaces/msg
[6.142s] -- Installing: /home/robotserver/ros2_ws/install/tutorial_interfaces/include/tutorial_interfaces/tutorial_interfaces/msg/rosidl_typesupport_fastrtps_c__visibility_control.h
[6.143s] -- Up-to-date: /home/robotserver/ros2_ws/install/tutorial_interfaces/include/tutorial_interfaces/tutorial_interfaces/msg/detail
[6.143s] -- Installing: /home/robotserver/ros2_ws/install/tutorial_interfaces/include/tutorial_interfaces/tutorial_interfaces/msg/detail/sphere__rosidl_typesupport_fastrtps_c.h
[6.143s] -- Installing: /home/robotserver/ros2_ws/install/tutorial_interfaces/include/tutorial_interfaces/tutorial_interfaces/msg/detail/num__rosidl_typesupport_fastrtps_c.h
[6.143s] -- Up-to-date: /home/robotserver/ros2_ws/install/tutorial_interfaces/include/tutorial_interfaces/tutorial_interfaces/srv
[6.143s] -- Up-to-date: /home/robotserver/ros2_ws/install/tutorial_interfaces/include/tutorial_interfaces/tutorial_interfaces/srv/detail
[6.143s] -- Installing: /home/robotserver/ros2_ws/install/tutorial_interfaces/include/tutorial_interfaces/tutorial_interfaces/srv/detail/add_three_ints__rosidl_typesupport_fastrtps_c.h
[6.144s] -- Installing: /home/robotserver/ros2_ws/install/tutorial_interfaces/lib/libtutorial_interfaces__rosidl_typesupport_fastrtps_c.so
[6.144s] -- Set runtime path of "/home/robotserver/ros2_ws/install/tutorial_interfaces/lib/libtutorial_interfaces__rosidl_typesupport_fastrtps_c.so" to ""
[6.144s] -- Up-to-date: /home/robotserver/ros2_ws/install/tutorial_interfaces/include/tutorial_interfaces/tutorial_interfaces
[6.144s] -- Up-to-date: /home/robotserver/ros2_ws/install/tutorial_interfaces/include/tutorial_interfaces/tutorial_interfaces/msg
[6.144s] -- Up-to-date: /home/robotserver/ros2_ws/install/tutorial_interfaces/include/tutorial_interfaces/tutorial_interfaces/msg/detail
[6.144s] -- Installing: /home/robotserver/ros2_ws/install/tutorial_interfaces/include/tutorial_interfaces/tutorial_interfaces/msg/detail/sphere__builder.hpp
[6.144s] -- Installing: /home/robotserver/ros2_ws/install/tutorial_interfaces/include/tutorial_interfaces/tutorial_interfaces/msg/detail/sphere__traits.hpp
[6.144s] -- Installing: /home/robotserver/ros2_ws/install/tutorial_interfaces/include/tutorial_interfaces/tutorial_interfaces/msg/detail/sphere__struct.hpp
[6.144s] -- Installing: /home/robotserver/ros2_ws/install/tutorial_interfaces/include/tutorial_interfaces/tutorial_interfaces/msg/detail/num__traits.hpp
[6.144s] -- Installing: /home/robotserver/ros2_ws/install/tutorial_interfaces/include/tutorial_interfaces/tutorial_interfaces/msg/detail/num__builder.hpp
[6.145s] -- Installing: /home/robotserver/ros2_ws/install/tutorial_interfaces/include/tutorial_interfaces/tutorial_interfaces/msg/detail/num__struct.hpp
[6.145s] -- Installing: /home/robotserver/ros2_ws/install/tutorial_interfaces/include/tutorial_interfaces/tutorial_interfaces/msg/num.hpp
[6.145s] -- Installing: /home/robotserver/ros2_ws/install/tutorial_interfaces/include/tutorial_interfaces/tutorial_interfaces/msg/sphere.hpp
[6.145s] -- Up-to-date: /home/robotserver/ros2_ws/install/tutorial_interfaces/include/tutorial_interfaces/tutorial_interfaces/srv
[6.145s] -- Up-to-date: /home/robotserver/ros2_ws/install/tutorial_interfaces/include/tutorial_interfaces/tutorial_interfaces/srv/detail
[6.145s] -- Installing: /home/robotserver/ros2_ws/install/tutorial_interfaces/include/tutorial_interfaces/tutorial_interfaces/srv/detail/add_three_ints__traits.hpp
[6.145s] -- Installing: /home/robotserver/ros2_ws/install/tutorial_interfaces/include/tutorial_interfaces/tutorial_interfaces/srv/detail/add_three_ints__struct.hpp
[6.145s] -- Installing: /home/robotserver/ros2_ws/install/tutorial_interfaces/include/tutorial_interfaces/tutorial_interfaces/srv/detail/add_three_ints__builder.hpp
[6.145s] -- Installing: /home/robotserver/ros2_ws/install/tutorial_interfaces/include/tutorial_interfaces/tutorial_interfaces/srv/add_three_ints.hpp
[6.145s] -- Up-to-date: /home/robotserver/ros2_ws/install/tutorial_interfaces/include/tutorial_interfaces/tutorial_interfaces
[6.145s] -- Up-to-date: /home/robotserver/ros2_ws/install/tutorial_interfaces/include/tutorial_interfaces/tutorial_interfaces/msg
[6.146s] -- Up-to-date: /home/robotserver/ros2_ws/install/tutorial_interfaces/include/tutorial_interfaces/tutorial_interfaces/msg/detail
[6.146s] -- Installing: /home/robotserver/ros2_ws/install/tutorial_interfaces/include/tutorial_interfaces/tutorial_interfaces/msg/detail/dds_fastrtps
[6.146s] -- Installing: /home/robotserver/ros2_ws/install/tutorial_interfaces/include/tutorial_interfaces/tutorial_interfaces/msg/detail/sphere__rosidl_typesupport_fastrtps_cpp.hpp
[6.146s] -- Installing: /home/robotserver/ros2_ws/install/tutorial_interfaces/include/tutorial_interfaces/tutorial_interfaces/msg/detail/num__rosidl_typesupport_fastrtps_cpp.hpp
[6.146s] -- Installing: /home/robotserver/ros2_ws/install/tutorial_interfaces/include/tutorial_interfaces/tutorial_interfaces/msg/rosidl_typesupport_fastrtps_cpp__visibility_control.h
[6.146s] -- Up-to-date: /home/robotserver/ros2_ws/install/tutorial_interfaces/include/tutorial_interfaces/tutorial_interfaces/srv
[6.146s] -- Up-to-date: /home/robotserver/ros2_ws/install/tutorial_interfaces/include/tutorial_interfaces/tutorial_interfaces/srv/detail
[6.146s] -- Installing: /home/robotserver/ros2_ws/install/tutorial_interfaces/include/tutorial_interfaces/tutorial_interfaces/srv/detail/dds_fastrtps
[6.146s] -- Installing: /home/robotserver/ros2_ws/install/tutorial_interfaces/include/tutorial_interfaces/tutorial_interfaces/srv/detail/add_three_ints__rosidl_typesupport_fastrtps_cpp.hpp
[6.146s] -- Installing: /home/robotserver/ros2_ws/install/tutorial_interfaces/lib/libtutorial_interfaces__rosidl_typesupport_fastrtps_cpp.so
[6.147s] -- Set runtime path of "/home/robotserver/ros2_ws/install/tutorial_interfaces/lib/libtutorial_interfaces__rosidl_typesupport_fastrtps_cpp.so" to ""
[6.147s] -- Up-to-date: /home/robotserver/ros2_ws/install/tutorial_interfaces/include/tutorial_interfaces/tutorial_interfaces
[6.147s] -- Up-to-date: /home/robotserver/ros2_ws/install/tutorial_interfaces/include/tutorial_interfaces/tutorial_interfaces/msg
[6.147s] -- Installing: /home/robotserver/ros2_ws/install/tutorial_interfaces/include/tutorial_interfaces/tutorial_interfaces/msg/rosidl_typesupport_introspection_c__visibility_control.h
[6.147s] -- Up-to-date: /home/robotserver/ros2_ws/install/tutorial_interfaces/include/tutorial_interfaces/tutorial_interfaces/msg/detail
[6.147s] -- Installing: /home/robotserver/ros2_ws/install/tutorial_interfaces/include/tutorial_interfaces/tutorial_interfaces/msg/detail/sphere__type_support.c
[6.147s] -- Installing: /home/robotserver/ros2_ws/install/tutorial_interfaces/include/tutorial_interfaces/tutorial_interfaces/msg/detail/num__rosidl_typesupport_introspection_c.h
[6.147s] -- Installing: /home/robotserver/ros2_ws/install/tutorial_interfaces/include/tutorial_interfaces/tutorial_interfaces/msg/detail/sphere__rosidl_typesupport_introspection_c.h
[6.147s] -- Installing: /home/robotserver/ros2_ws/install/tutorial_interfaces/include/tutorial_interfaces/tutorial_interfaces/msg/detail/num__type_support.c
[6.148s] -- Up-to-date: /home/robotserver/ros2_ws/install/tutorial_interfaces/include/tutorial_interfaces/tutorial_interfaces/srv
[6.148s] -- Up-to-date: /home/robotserver/ros2_ws/install/tutorial_interfaces/include/tutorial_interfaces/tutorial_interfaces/srv/detail
[6.148s] -- Installing: /home/robotserver/ros2_ws/install/tutorial_interfaces/include/tutorial_interfaces/tutorial_interfaces/srv/detail/add_three_ints__type_support.c
[6.148s] -- Installing: /home/robotserver/ros2_ws/install/tutorial_interfaces/include/tutorial_interfaces/tutorial_interfaces/srv/detail/add_three_ints__rosidl_typesupport_introspection_c.h
[6.148s] -- Installing: /home/robotserver/ros2_ws/install/tutorial_interfaces/lib/libtutorial_interfaces__rosidl_typesupport_introspection_c.so
[6.148s] -- Set runtime path of "/home/robotserver/ros2_ws/install/tutorial_interfaces/lib/libtutorial_interfaces__rosidl_typesupport_introspection_c.so" to ""
[6.149s] -- Installing: /home/robotserver/ros2_ws/install/tutorial_interfaces/lib/libtutorial_interfaces__rosidl_typesupport_c.so
[6.149s] -- Set runtime path of "/home/robotserver/ros2_ws/install/tutorial_interfaces/lib/libtutorial_interfaces__rosidl_typesupport_c.so" to ""
[6.149s] -- Up-to-date: /home/robotserver/ros2_ws/install/tutorial_interfaces/include/tutorial_interfaces/tutorial_interfaces
[6.149s] -- Up-to-date: /home/robotserver/ros2_ws/install/tutorial_interfaces/include/tutorial_interfaces/tutorial_interfaces/msg
[6.149s] -- Up-to-date: /home/robotserver/ros2_ws/install/tutorial_interfaces/include/tutorial_interfaces/tutorial_interfaces/msg/detail
[6.149s] -- Installing: /home/robotserver/ros2_ws/install/tutorial_interfaces/include/tutorial_interfaces/tutorial_interfaces/msg/detail/sphere__type_support.cpp
[6.149s] -- Installing: /home/robotserver/ros2_ws/install/tutorial_interfaces/include/tutorial_interfaces/tutorial_interfaces/msg/detail/num__type_support.cpp
[6.149s] -- Installing: /home/robotserver/ros2_ws/install/tutorial_interfaces/include/tutorial_interfaces/tutorial_interfaces/msg/detail/num__rosidl_typesupport_introspection_cpp.hpp
[6.150s] -- Installing: /home/robotserver/ros2_ws/install/tutorial_interfaces/include/tutorial_interfaces/tutorial_interfaces/msg/detail/sphere__rosidl_typesupport_introspection_cpp.hpp
[6.150s] -- Up-to-date: /home/robotserver/ros2_ws/install/tutorial_interfaces/include/tutorial_interfaces/tutorial_interfaces/srv
[6.150s] -- Up-to-date: /home/robotserver/ros2_ws/install/tutorial_interfaces/include/tutorial_interfaces/tutorial_interfaces/srv/detail
[6.150s] -- Installing: /home/robotserver/ros2_ws/install/tutorial_interfaces/include/tutorial_interfaces/tutorial_interfaces/srv/detail/add_three_ints__type_support.cpp
[6.150s] -- Installing: /home/robotserver/ros2_ws/install/tutorial_interfaces/include/tutorial_interfaces/tutorial_interfaces/srv/detail/add_three_ints__rosidl_typesupport_introspection_cpp.hpp
[6.150s] -- Installing: /home/robotserver/ros2_ws/install/tutorial_interfaces/lib/libtutorial_interfaces__rosidl_typesupport_introspection_cpp.so
[6.150s] -- Set runtime path of "/home/robotserver/ros2_ws/install/tutorial_interfaces/lib/libtutorial_interfaces__rosidl_typesupport_introspection_cpp.so" to ""
[6.150s] -- Installing: /home/robotserver/ros2_ws/install/tutorial_interfaces/lib/libtutorial_interfaces__rosidl_typesupport_cpp.so
[6.151s] -- Set runtime path of "/home/robotserver/ros2_ws/install/tutorial_interfaces/lib/libtutorial_interfaces__rosidl_typesupport_cpp.so" to ""
[6.151s] -- Installing: /home/robotserver/ros2_ws/install/tutorial_interfaces/share/tutorial_interfaces/environment/pythonpath.sh
[6.151s] -- Installing: /home/robotserver/ros2_ws/install/tutorial_interfaces/share/tutorial_interfaces/environment/pythonpath.dsv
[6.151s] -- Installing: /home/robotserver/ros2_ws/install/tutorial_interfaces/local/lib/python3.10/dist-packages/tutorial_interfaces-0.0.0-py3.10.egg-info
[6.151s] -- Installing: /home/robotserver/ros2_ws/install/tutorial_interfaces/local/lib/python3.10/dist-packages/tutorial_interfaces-0.0.0-py3.10.egg-info/top_level.txt
[6.151s] -- Installing: /home/robotserver/ros2_ws/install/tutorial_interfaces/local/lib/python3.10/dist-packages/tutorial_interfaces-0.0.0-py3.10.egg-info/PKG-INFO
[6.151s] -- Installing: /home/robotserver/ros2_ws/install/tutorial_interfaces/local/lib/python3.10/dist-packages/tutorial_interfaces-0.0.0-py3.10.egg-info/dependency_links.txt
[6.152s] -- Installing: /home/robotserver/ros2_ws/install/tutorial_interfaces/local/lib/python3.10/dist-packages/tutorial_interfaces-0.0.0-py3.10.egg-info/SOURCES.txt
[6.152s] -- Installing: /home/robotserver/ros2_ws/install/tutorial_interfaces/local/lib/python3.10/dist-packages/tutorial_interfaces
[6.152s] -- Installing: /home/robotserver/ros2_ws/install/tutorial_interfaces/local/lib/python3.10/dist-packages/tutorial_interfaces/_tutorial_interfaces_s.ep.rosidl_typesupport_introspection_c.c
[6.152s] -- Installing: /home/robotserver/ros2_ws/install/tutorial_interfaces/local/lib/python3.10/dist-packages/tutorial_interfaces/_tutorial_interfaces_s.ep.rosidl_typesupport_c.c
[6.152s] -- Installing: /home/robotserver/ros2_ws/install/tutorial_interfaces/local/lib/python3.10/dist-packages/tutorial_interfaces/msg
[6.152s] -- Installing: /home/robotserver/ros2_ws/install/tutorial_interfaces/local/lib/python3.10/dist-packages/tutorial_interfaces/msg/_num.py
[6.152s] -- Installing: /home/robotserver/ros2_ws/install/tutorial_interfaces/local/lib/python3.10/dist-packages/tutorial_interfaces/msg/__init__.py
[6.152s] -- Installing: /home/robotserver/ros2_ws/install/tutorial_interfaces/local/lib/python3.10/dist-packages/tutorial_interfaces/msg/_sphere.py
[6.152s] -- Installing: /home/robotserver/ros2_ws/install/tutorial_interfaces/local/lib/python3.10/dist-packages/tutorial_interfaces/msg/_sphere_s.c
[6.152s] -- Installing: /home/robotserver/ros2_ws/install/tutorial_interfaces/local/lib/python3.10/dist-packages/tutorial_interfaces/msg/_num_s.c
[6.152s] -- Installing: /home/robotserver/ros2_ws/install/tutorial_interfaces/local/lib/python3.10/dist-packages/tutorial_interfaces/__init__.py
[6.153s] -- Installing: /home/robotserver/ros2_ws/install/tutorial_interfaces/local/lib/python3.10/dist-packages/tutorial_interfaces/tutorial_interfaces_s__rosidl_typesupport_fastrtps_c.cpython-310-x86_64-linux-gnu.so
[6.153s] -- Installing: /home/robotserver/ros2_ws/install/tutorial_interfaces/local/lib/python3.10/dist-packages/tutorial_interfaces/_tutorial_interfaces_s.ep.rosidl_typesupport_fastrtps_c.c
[6.153s] -- Installing: /home/robotserver/ros2_ws/install/tutorial_interfaces/local/lib/python3.10/dist-packages/tutorial_interfaces/srv
[6.153s] -- Installing: /home/robotserver/ros2_ws/install/tutorial_interfaces/local/lib/python3.10/dist-packages/tutorial_interfaces/srv/__init__.py
[6.153s] -- Installing: /home/robotserver/ros2_ws/install/tutorial_interfaces/local/lib/python3.10/dist-packages/tutorial_interfaces/srv/_add_three_ints_s.c
[6.154s] -- Installing: /home/robotserver/ros2_ws/install/tutorial_interfaces/local/lib/python3.10/dist-packages/tutorial_interfaces/srv/_add_three_ints.py
[6.154s] -- Installing: /home/robotserver/ros2_ws/install/tutorial_interfaces/local/lib/python3.10/dist-packages/tutorial_interfaces/tutorial_interfaces_s__rosidl_typesupport_c.cpython-310-x86_64-linux-gnu.so
[6.154s] -- Installing: /home/robotserver/ros2_ws/install/tutorial_interfaces/local/lib/python3.10/dist-packages/tutorial_interfaces/libtutorial_interfaces__rosidl_generator_py.so
[6.154s] -- Installing: /home/robotserver/ros2_ws/install/tutorial_interfaces/local/lib/python3.10/dist-packages/tutorial_interfaces/tutorial_interfaces_s__rosidl_typesupport_introspection_c.cpython-310-x86_64-linux-gnu.so
[6.187s] Listing '/home/robotserver/ros2_ws/install/tutorial_interfaces/local/lib/python3.10/dist-packages/tutorial_interfaces'...
[6.188s] Compiling '/home/robotserver/ros2_ws/install/tutorial_interfaces/local/lib/python3.10/dist-packages/tutorial_interfaces/__init__.py'...
[6.188s] Listing '/home/robotserver/ros2_ws/install/tutorial_interfaces/local/lib/python3.10/dist-packages/tutorial_interfaces/msg'...
[6.188s] Compiling '/home/robotserver/ros2_ws/install/tutorial_interfaces/local/lib/python3.10/dist-packages/tutorial_interfaces/msg/__init__.py'...
[6.188s] Compiling '/home/robotserver/ros2_ws/install/tutorial_interfaces/local/lib/python3.10/dist-packages/tutorial_interfaces/msg/_num.py'...
[6.188s] Compiling '/home/robotserver/ros2_ws/install/tutorial_interfaces/local/lib/python3.10/dist-packages/tutorial_interfaces/msg/_sphere.py'...
[6.188s] Listing '/home/robotserver/ros2_ws/install/tutorial_interfaces/local/lib/python3.10/dist-packages/tutorial_interfaces/srv'...
[6.188s] Compiling '/home/robotserver/ros2_ws/install/tutorial_interfaces/local/lib/python3.10/dist-packages/tutorial_interfaces/srv/__init__.py'...
[6.188s] Compiling '/home/robotserver/ros2_ws/install/tutorial_interfaces/local/lib/python3.10/dist-packages/tutorial_interfaces/srv/_add_three_ints.py'...
[6.192s] -- Installing: /home/robotserver/ros2_ws/install/tutorial_interfaces/local/lib/python3.10/dist-packages/tutorial_interfaces/tutorial_interfaces_s__rosidl_typesupport_fastrtps_c.cpython-310-x86_64-linux-gnu.so
[6.193s] -- Set runtime path of "/home/robotserver/ros2_ws/install/tutorial_interfaces/local/lib/python3.10/dist-packages/tutorial_interfaces/tutorial_interfaces_s__rosidl_typesupport_fastrtps_c.cpython-310-x86_64-linux-gnu.so" to ""
[6.193s] -- Installing: /home/robotserver/ros2_ws/install/tutorial_interfaces/local/lib/python3.10/dist-packages/tutorial_interfaces/tutorial_interfaces_s__rosidl_typesupport_introspection_c.cpython-310-x86_64-linux-gnu.so
[6.193s] -- Set runtime path of "/home/robotserver/ros2_ws/install/tutorial_interfaces/local/lib/python3.10/dist-packages/tutorial_interfaces/tutorial_interfaces_s__rosidl_typesupport_introspection_c.cpython-310-x86_64-linux-gnu.so" to ""
[6.193s] -- Installing: /home/robotserver/ros2_ws/install/tutorial_interfaces/local/lib/python3.10/dist-packages/tutorial_interfaces/tutorial_interfaces_s__rosidl_typesupport_c.cpython-310-x86_64-linux-gnu.so
[6.194s] -- Set runtime path of "/home/robotserver/ros2_ws/install/tutorial_interfaces/local/lib/python3.10/dist-packages/tutorial_interfaces/tutorial_interfaces_s__rosidl_typesupport_c.cpython-310-x86_64-linux-gnu.so" to ""
[6.194s] -- Installing: /home/robotserver/ros2_ws/install/tutorial_interfaces/lib/libtutorial_interfaces__rosidl_generator_py.so
[6.194s] -- Set runtime path of "/home/robotserver/ros2_ws/install/tutorial_interfaces/lib/libtutorial_interfaces__rosidl_generator_py.so" to ""
[6.194s] -- Installing: /home/robotserver/ros2_ws/install/tutorial_interfaces/share/tutorial_interfaces/msg/Num.idl
[6.195s] -- Installing: /home/robotserver/ros2_ws/install/tutorial_interfaces/share/tutorial_interfaces/msg/Sphere.idl
[6.195s] -- Installing: /home/robotserver/ros2_ws/install/tutorial_interfaces/share/tutorial_interfaces/srv/AddThreeInts.idl
[6.195s] -- Installing: /home/robotserver/ros2_ws/install/tutorial_interfaces/share/tutorial_interfaces/msg/Num.msg
[6.195s] -- Installing: /home/robotserver/ros2_ws/install/tutorial_interfaces/share/tutorial_interfaces/msg/Sphere.msg
[6.195s] -- Installing: /home/robotserver/ros2_ws/install/tutorial_interfaces/share/tutorial_interfaces/srv/AddThreeInts.srv
[6.195s] -- Installing: /home/robotserver/ros2_ws/install/tutorial_interfaces/share/tutorial_interfaces/srv/AddThreeInts_Request.msg
[6.196s] -- Installing: /home/robotserver/ros2_ws/install/tutorial_interfaces/share/tutorial_interfaces/srv/AddThreeInts_Response.msg
[6.196s] -- Installing: /home/robotserver/ros2_ws/install/tutorial_interfaces/share/ament_index/resource_index/package_run_dependencies/tutorial_interfaces
[6.196s] -- Installing: /home/robotserver/ros2_ws/install/tutorial_interfaces/share/ament_index/resource_index/parent_prefix_path/tutorial_interfaces
[6.196s] -- Installing: /home/robotserver/ros2_ws/install/tutorial_interfaces/share/tutorial_interfaces/environment/ament_prefix_path.sh
[6.196s] -- Installing: /home/robotserver/ros2_ws/install/tutorial_interfaces/share/tutorial_interfaces/environment/ament_prefix_path.dsv
[6.196s] -- Installing: /home/robotserver/ros2_ws/install/tutorial_interfaces/share/tutorial_interfaces/environment/path.sh
[6.196s] -- Installing: /home/robotserver/ros2_ws/install/tutorial_interfaces/share/tutorial_interfaces/environment/path.dsv
[6.196s] -- Installing: /home/robotserver/ros2_ws/install/tutorial_interfaces/share/tutorial_interfaces/local_setup.bash
[6.196s] -- Installing: /home/robotserver/ros2_ws/install/tutorial_interfaces/share/tutorial_interfaces/local_setup.sh
[6.197s] -- Installing: /home/robotserver/ros2_ws/install/tutorial_interfaces/share/tutorial_interfaces/local_setup.zsh
[6.197s] -- Installing: /home/robotserver/ros2_ws/install/tutorial_interfaces/share/tutorial_interfaces/local_setup.dsv
[6.197s] -- Installing: /home/robotserver/ros2_ws/install/tutorial_interfaces/share/tutorial_interfaces/package.dsv
[6.197s] -- Installing: /home/robotserver/ros2_ws/install/tutorial_interfaces/share/ament_index/resource_index/packages/tutorial_interfaces
[6.197s] -- Installing: /home/robotserver/ros2_ws/install/tutorial_interfaces/share/tutorial_interfaces/cmake/export_tutorial_interfaces__rosidl_generator_cExport.cmake
[6.197s] -- Installing: /home/robotserver/ros2_ws/install/tutorial_interfaces/share/tutorial_interfaces/cmake/export_tutorial_interfaces__rosidl_generator_cExport-noconfig.cmake
[6.197s] -- Installing: /home/robotserver/ros2_ws/install/tutorial_interfaces/share/tutorial_interfaces/cmake/export_tutorial_interfaces__rosidl_typesupport_fastrtps_cExport.cmake
[6.198s] -- Installing: /home/robotserver/ros2_ws/install/tutorial_interfaces/share/tutorial_interfaces/cmake/export_tutorial_interfaces__rosidl_typesupport_fastrtps_cExport-noconfig.cmake
[6.198s] -- Installing: /home/robotserver/ros2_ws/install/tutorial_interfaces/share/tutorial_interfaces/cmake/export_tutorial_interfaces__rosidl_generator_cppExport.cmake
[6.198s] -- Installing: /home/robotserver/ros2_ws/install/tutorial_interfaces/share/tutorial_interfaces/cmake/export_tutorial_interfaces__rosidl_typesupport_fastrtps_cppExport.cmake
[6.198s] -- Installing: /home/robotserver/ros2_ws/install/tutorial_interfaces/share/tutorial_interfaces/cmake/export_tutorial_interfaces__rosidl_typesupport_fastrtps_cppExport-noconfig.cmake
[6.198s] -- Installing: /home/robotserver/ros2_ws/install/tutorial_interfaces/share/tutorial_interfaces/cmake/tutorial_interfaces__rosidl_typesupport_introspection_cExport.cmake
[6.198s] -- Installing: /home/robotserver/ros2_ws/install/tutorial_interfaces/share/tutorial_interfaces/cmake/tutorial_interfaces__rosidl_typesupport_introspection_cExport-noconfig.cmake
[6.198s] -- Installing: /home/robotserver/ros2_ws/install/tutorial_interfaces/share/tutorial_interfaces/cmake/tutorial_interfaces__rosidl_typesupport_cExport.cmake
[6.199s] -- Installing: /home/robotserver/ros2_ws/install/tutorial_interfaces/share/tutorial_interfaces/cmake/tutorial_interfaces__rosidl_typesupport_cExport-noconfig.cmake
[6.199s] -- Installing: /home/robotserver/ros2_ws/install/tutorial_interfaces/share/tutorial_interfaces/cmake/tutorial_interfaces__rosidl_typesupport_introspection_cppExport.cmake
[6.199s] -- Installing: /home/robotserver/ros2_ws/install/tutorial_interfaces/share/tutorial_interfaces/cmake/tutorial_interfaces__rosidl_typesupport_introspection_cppExport-noconfig.cmake
[6.199s] -- Installing: /home/robotserver/ros2_ws/install/tutorial_interfaces/share/tutorial_interfaces/cmake/tutorial_interfaces__rosidl_typesupport_cppExport.cmake
[6.199s] -- Installing: /home/robotserver/ros2_ws/install/tutorial_interfaces/share/tutorial_interfaces/cmake/tutorial_interfaces__rosidl_typesupport_cppExport-noconfig.cmake
[6.199s] -- Installing: /home/robotserver/ros2_ws/install/tutorial_interfaces/share/tutorial_interfaces/cmake/export_tutorial_interfaces__rosidl_generator_pyExport.cmake
[6.199s] -- Installing: /home/robotserver/ros2_ws/install/tutorial_interfaces/share/tutorial_interfaces/cmake/export_tutorial_interfaces__rosidl_generator_pyExport-noconfig.cmake
[6.199s] -- Installing: /home/robotserver/ros2_ws/install/tutorial_interfaces/share/tutorial_interfaces/cmake/rosidl_cmake-extras.cmake
[6.200s] -- Installing: /home/robotserver/ros2_ws/install/tutorial_interfaces/share/tutorial_interfaces/cmake/ament_cmake_export_dependencies-extras.cmake
[6.200s] -- Installing: /home/robotserver/ros2_ws/install/tutorial_interfaces/share/tutorial_interfaces/cmake/ament_cmake_export_include_directories-extras.cmake
[6.200s] -- Installing: /home/robotserver/ros2_ws/install/tutorial_interfaces/share/tutorial_interfaces/cmake/ament_cmake_export_libraries-extras.cmake
[6.200s] -- Installing: /home/robotserver/ros2_ws/install/tutorial_interfaces/share/tutorial_interfaces/cmake/ament_cmake_export_targets-extras.cmake
[6.200s] -- Installing: /home/robotserver/ros2_ws/install/tutorial_interfaces/share/tutorial_interfaces/cmake/rosidl_cmake_export_typesupport_targets-extras.cmake
[6.200s] -- Installing: /home/robotserver/ros2_ws/install/tutorial_interfaces/share/tutorial_interfaces/cmake/rosidl_cmake_export_typesupport_libraries-extras.cmake
[6.200s] -- Installing: /home/robotserver/ros2_ws/install/tutorial_interfaces/share/tutorial_interfaces/cmake/tutorial_interfacesConfig.cmake
[6.200s] -- Installing: /home/robotserver/ros2_ws/install/tutorial_interfaces/share/tutorial_interfaces/cmake/tutorial_interfacesConfig-version.cmake
[6.200s] -- Installing: /home/robotserver/ros2_ws/install/tutorial_interfaces/share/tutorial_interfaces/package.xml
[6.203s] Invoked command in '/home/robotserver/ros2_ws/build/tutorial_interfaces' returned '0': CMAKE_PREFIX_PATH=${CMAKE_PREFIX_PATH}:/home/robotserver/ros2_ws/install/py_srvcli:/home/robotserver/ros2_ws/install/py_pubsub:/home/robotserver/ros2_ws/install/my_py_pkg:/home/robotserver/Desktop/git/create3_main/install/create3_teleop:/home/robotserver/Desktop/git/create3_main/install/create3_msg_transfer:/home/robotserver/Desktop/git/create3_main/install/create3_control:/opt/ros/humble /usr/bin/cmake --install /home/robotserver/ros2_ws/build/tutorial_interfaces
