[1.176s] Invoking command in '/home/robotserver/ros2_ws/src/py_srvcli': CMAKE_PREFIX_PATH=/home/robotserver/ros2_ws/install/tutorial_interfaces:/home/robotserver/ros2_ws/install/my_robot_bringup:/home/robotserver/ros2_ws/install/my_cpp_pkg:/home/robotserver/ros2_ws/install/my_robot_interfaces:/home/robotserver/ros2_ws/src/tutorial_interfaces/install/tutorial_interfaces PYTHONPATH=/home/robotserver/ros2_ws/build/py_srvcli/prefix_override:/usr/lib/python3/dist-packages/colcon_core/task/python/colcon_distutils_commands:/home/robotserver/ros2_ws/install/py_srvcli/lib/python3.10/site-packages:${PYTHONPATH} /usr/bin/python3 -W ignore:setup.py install is deprecated setup.py egg_info --egg-base ../../build/py_srvcli build --build-base /home/robotserver/ros2_ws/build/py_srvcli/build install --record /home/robotserver/ros2_ws/build/py_srvcli/install.log --single-version-externally-managed install_data
[1.652s] running egg_info
[1.652s] creating ../../build/py_srvcli/py_srvcli.egg-info
[1.652s] writing ../../build/py_srvcli/py_srvcli.egg-info/PKG-INFO
[1.652s] writing dependency_links to ../../build/py_srvcli/py_srvcli.egg-info/dependency_links.txt
[1.652s] writing entry points to ../../build/py_srvcli/py_srvcli.egg-info/entry_points.txt
[1.653s] writing requirements to ../../build/py_srvcli/py_srvcli.egg-info/requires.txt
[1.653s] writing top-level names to ../../build/py_srvcli/py_srvcli.egg-info/top_level.txt
[1.653s] writing manifest file '../../build/py_srvcli/py_srvcli.egg-info/SOURCES.txt'
[1.656s] reading manifest file '../../build/py_srvcli/py_srvcli.egg-info/SOURCES.txt'
[1.656s] adding license file 'LICENSE'
[1.657s] writing manifest file '../../build/py_srvcli/py_srvcli.egg-info/SOURCES.txt'
[1.657s] running build
[1.660s] running build_py
[1.660s] creating /home/robotserver/ros2_ws/build/py_srvcli/build
[1.661s] creating /home/robotserver/ros2_ws/build/py_srvcli/build/lib
[1.661s] creating /home/robotserver/ros2_ws/build/py_srvcli/build/lib/py_srvcli
[1.661s] copying py_srvcli/client_member_function.py -> /home/robotserver/ros2_ws/build/py_srvcli/build/lib/py_srvcli
[1.661s] copying py_srvcli/__init__.py -> /home/robotserver/ros2_ws/build/py_srvcli/build/lib/py_srvcli
[1.661s] copying py_srvcli/service_member_function.py -> /home/robotserver/ros2_ws/build/py_srvcli/build/lib/py_srvcli
[1.661s] running install
[1.661s] running install_lib
[1.661s] creating /home/robotserver/ros2_ws/install/py_srvcli/lib/python3.10/site-packages/py_srvcli
[1.661s] copying /home/robotserver/ros2_ws/build/py_srvcli/build/lib/py_srvcli/client_member_function.py -> /home/robotserver/ros2_ws/install/py_srvcli/lib/python3.10/site-packages/py_srvcli
[1.663s] copying /home/robotserver/ros2_ws/build/py_srvcli/build/lib/py_srvcli/__init__.py -> /home/robotserver/ros2_ws/install/py_srvcli/lib/python3.10/site-packages/py_srvcli
[1.663s] copying /home/robotserver/ros2_ws/build/py_srvcli/build/lib/py_srvcli/service_member_function.py -> /home/robotserver/ros2_ws/install/py_srvcli/lib/python3.10/site-packages/py_srvcli
[1.663s] byte-compiling /home/robotserver/ros2_ws/install/py_srvcli/lib/python3.10/site-packages/py_srvcli/client_member_function.py to client_member_function.cpython-310.pyc
[1.663s] byte-compiling /home/robotserver/ros2_ws/install/py_srvcli/lib/python3.10/site-packages/py_srvcli/__init__.py to __init__.cpython-310.pyc
[1.663s] byte-compiling /home/robotserver/ros2_ws/install/py_srvcli/lib/python3.10/site-packages/py_srvcli/service_member_function.py to service_member_function.cpython-310.pyc
[1.664s] running install_data
[1.664s] creating /home/robotserver/ros2_ws/install/py_srvcli/share/ament_index
[1.664s] creating /home/robotserver/ros2_ws/install/py_srvcli/share/ament_index/resource_index
[1.664s] creating /home/robotserver/ros2_ws/install/py_srvcli/share/ament_index/resource_index/packages
[1.664s] copying resource/py_srvcli -> /home/robotserver/ros2_ws/install/py_srvcli/share/ament_index/resource_index/packages
[1.664s] copying package.xml -> /home/robotserver/ros2_ws/install/py_srvcli/share/py_srvcli
[1.664s] running install_egg_info
[1.666s] Copying ../../build/py_srvcli/py_srvcli.egg-info to /home/robotserver/ros2_ws/install/py_srvcli/lib/python3.10/site-packages/py_srvcli-0.0.0-py3.10.egg-info
[1.667s] running install_scripts
[1.701s] Installing client script to /home/robotserver/ros2_ws/install/py_srvcli/lib/py_srvcli
[1.702s] Installing service script to /home/robotserver/ros2_ws/install/py_srvcli/lib/py_srvcli
[1.703s] writing list of installed files to '/home/robotserver/ros2_ws/build/py_srvcli/install.log'
[1.762s] Invoked command in '/home/robotserver/ros2_ws/src/py_srvcli' returned '0': CMAKE_PREFIX_PATH=/home/robotserver/ros2_ws/install/tutorial_interfaces:/home/robotserver/ros2_ws/install/my_robot_bringup:/home/robotserver/ros2_ws/install/my_cpp_pkg:/home/robotserver/ros2_ws/install/my_robot_interfaces:/home/robotserver/ros2_ws/src/tutorial_interfaces/install/tutorial_interfaces PYTHONPATH=/home/robotserver/ros2_ws/build/py_srvcli/prefix_override:/usr/lib/python3/dist-packages/colcon_core/task/python/colcon_distutils_commands:/home/robotserver/ros2_ws/install/py_srvcli/lib/python3.10/site-packages:${PYTHONPATH} /usr/bin/python3 -W ignore:setup.py install is deprecated setup.py egg_info --egg-base ../../build/py_srvcli build --build-base /home/robotserver/ros2_ws/build/py_srvcli/build install --record /home/robotserver/ros2_ws/build/py_srvcli/install.log --single-version-externally-managed install_data
