[0.018s] Invoking command in '/home/robotserver/ROS2_Nav2_Course/turtlebot3_gazebo/turtlebot3_ws/build/turtlebot3_fake': /usr/bin/cmake /home/robotserver/ROS2_Nav2_Course/turtlebot3_gazebo/turtlebot3_ws/src/turtlebot3_fake -DCATKIN_INSTALL_INTO_PREFIX_ROOT=0 -DCMAKE_INSTALL_PREFIX=/home/robotserver/ROS2_Nav2_Course/turtlebot3_gazebo/turtlebot3_ws/install/turtlebot3_fake
[0.180s] -- The C compiler identification is GNU 11.4.0
[0.317s] -- The CXX compiler identification is GNU 11.4.0
[0.333s] -- Detecting C compiler ABI info
[0.413s] -- Detecting C compiler ABI info - done
[0.421s] -- Check for working C compiler: /usr/bin/cc - skipped
[0.422s] -- Detecting C compile features
[0.423s] -- Detecting C compile features - done
[0.428s] -- Detecting CXX compiler ABI info
[0.512s] -- Detecting CXX compiler ABI info - done
[0.521s] -- Check for working CXX compiler: /usr/bin/c++ - skipped
[0.521s] -- Detecting CXX compile features
[0.522s] -- Detecting CXX compile features - done
[0.534s] [31mCMake Error at CMakeLists.txt:11 (find_package):
[0.534s]   By not providing "Findcatkin.cmake" in CMAKE_MODULE_PATH this project has
[0.534s]   asked CMake to find a package configuration file provided by "catkin", but
[0.534s]   CMake did not find one.
[0.534s] 
[0.534s]   Could not find a package configuration file provided by "catkin" with any
[0.534s]   of the following names:
[0.534s] 
[0.534s]     catkinConfig.cmake
[0.534s]     catkin-config.cmake
[0.534s] 
[0.535s]   Add the installation prefix of "catkin" to CMAKE_PREFIX_PATH or set
[0.535s]   "catkin_DIR" to a directory containing one of the above files.  If "catkin"
[0.535s]   provides a separate development package or SDK, be sure it has been
[0.535s]   installed.
[0.535s] 
[0.535s] [0m
[0.535s] -- Configuring incomplete, errors occurred!
[0.535s] See also "/home/robotserver/ROS2_Nav2_Course/turtlebot3_gazebo/turtlebot3_ws/build/turtlebot3_fake/CMakeFiles/CMakeOutput.log".
[0.537s] Invoked command in '/home/robotserver/ROS2_Nav2_Course/turtlebot3_gazebo/turtlebot3_ws/build/turtlebot3_fake' returned '1': /usr/bin/cmake /home/robotserver/ROS2_Nav2_Course/turtlebot3_gazebo/turtlebot3_ws/src/turtlebot3_fake -DCATKIN_INSTALL_INTO_PREFIX_ROOT=0 -DCMAKE_INSTALL_PREFIX=/home/robotserver/ROS2_Nav2_Course/turtlebot3_gazebo/turtlebot3_ws/install/turtlebot3_fake
