[0.013s] Invoking command in '/home/robotserver/ROS2_Nav2_Course/turtlebot3_gazebo/turtlebot3_ws/build/turtlebot3_gazebo': /usr/bin/cmake /home/robotserver/ROS2_Nav2_Course/turtlebot3_gazebo/turtlebot3_ws/src/turtlebot3_gazebo -DCATKIN_INSTALL_INTO_PREFIX_ROOT=0 -DCMAKE_INSTALL_PREFIX=/home/robotserver/ROS2_Nav2_Course/turtlebot3_gazebo/turtlebot3_ws/install/turtlebot3_gazebo
[0.169s] -- The C compiler identification is GNU 11.4.0
[0.307s] -- The CXX compiler identification is GNU 11.4.0
[0.323s] -- Detecting C compiler ABI info
[0.402s] -- Detecting C compiler ABI info - done
[0.411s] -- Check for working C compiler: /usr/bin/cc - skipped
[0.412s] -- Detecting C compile features
[0.413s] -- Detecting C compile features - done
[0.417s] -- Detecting CXX compiler ABI info
[0.501s] -- Detecting CXX compiler ABI info - done
[0.510s] -- Check for working CXX compiler: /usr/bin/c++ - skipped
[0.511s] -- Detecting CXX compile features
[0.511s] -- Detecting CXX compile features - done
[0.525s] [31mCMake Error at CMakeLists.txt:14 (find_package):
[0.525s]   By not providing "Findcatkin.cmake" in CMAKE_MODULE_PATH this project has
[0.525s]   asked CMake to find a package configuration file provided by "catkin", but
[0.525s]   CMake did not find one.
[0.525s] 
[0.525s]   Could not find a package configuration file provided by "catkin" with any
[0.525s]   of the following names:
[0.525s] 
[0.525s]     catkinConfig.cmake
[0.525s]     catkin-config.cmake
[0.525s] 
[0.525s]   Add the installation prefix of "catkin" to CMAKE_PREFIX_PATH or set
[0.525s]   "catkin_DIR" to a directory containing one of the above files.  If "catkin"
[0.525s]   provides a separate development package or SDK, be sure it has been
[0.525s]   installed.
[0.525s] 
[0.525s] [0m
[0.525s] -- Configuring incomplete, errors occurred!
[0.525s] See also "/home/robotserver/ROS2_Nav2_Course/turtlebot3_gazebo/turtlebot3_ws/build/turtlebot3_gazebo/CMakeFiles/CMakeOutput.log".
[0.528s] Invoked command in '/home/robotserver/ROS2_Nav2_Course/turtlebot3_gazebo/turtlebot3_ws/build/turtlebot3_gazebo' returned '1': /usr/bin/cmake /home/robotserver/ROS2_Nav2_Course/turtlebot3_gazebo/turtlebot3_ws/src/turtlebot3_gazebo -DCATKIN_INSTALL_INTO_PREFIX_ROOT=0 -DCMAKE_INSTALL_PREFIX=/home/robotserver/ROS2_Nav2_Course/turtlebot3_gazebo/turtlebot3_ws/install/turtlebot3_gazebo
