[1.110s] Invoking command in '/home/robotserver/ros2_ws/src/my_py_pkg': PYTHONPATH=/home/robotserver/ros2_ws/build/my_py_pkg/prefix_override:/usr/lib/python3/dist-packages/colcon_core/task/python/colcon_distutils_commands:/home/robotserver/ros2_ws/install/my_py_pkg/lib/python3.10/site-packages:${PYTHONPATH} /usr/bin/python3 -W ignore:setup.py install is deprecated setup.py egg_info --egg-base ../../build/my_py_pkg build --build-base /home/robotserver/ros2_ws/build/my_py_pkg/build install --record /home/robotserver/ros2_ws/build/my_py_pkg/install.log --single-version-externally-managed install_data
[1.678s] running egg_info
[1.682s] writing ../../build/my_py_pkg/my_py_pkg.egg-info/PKG-INFO
[1.683s] writing dependency_links to ../../build/my_py_pkg/my_py_pkg.egg-info/dependency_links.txt
[1.683s] writing entry points to ../../build/my_py_pkg/my_py_pkg.egg-info/entry_points.txt
[1.683s] writing requirements to ../../build/my_py_pkg/my_py_pkg.egg-info/requires.txt
[1.684s] writing top-level names to ../../build/my_py_pkg/my_py_pkg.egg-info/top_level.txt
[1.687s] reading manifest file '../../build/my_py_pkg/my_py_pkg.egg-info/SOURCES.txt'
[1.689s] writing manifest file '../../build/my_py_pkg/my_py_pkg.egg-info/SOURCES.txt'
[1.689s] running build
[1.690s] running build_py
[1.690s] running install
[1.691s] running install_lib
[1.692s] running install_data
[1.693s] running install_egg_info
[1.697s] removing '/home/robotserver/ros2_ws/install/my_py_pkg/lib/python3.10/site-packages/my_py_pkg-0.0.0-py3.10.egg-info' (and everything under it)
[1.702s] Copying ../../build/my_py_pkg/my_py_pkg.egg-info to /home/robotserver/ros2_ws/install/my_py_pkg/lib/python3.10/site-packages/my_py_pkg-0.0.0-py3.10.egg-info
[1.702s] running install_scripts
[1.751s] Installing py_node script to /home/robotserver/ros2_ws/install/my_py_pkg/lib/my_py_pkg
[1.752s] writing list of installed files to '/home/robotserver/ros2_ws/build/my_py_pkg/install.log'
[2.213s] Invoked command in '/home/robotserver/ros2_ws/src/my_py_pkg' returned '0': PYTHONPATH=/home/robotserver/ros2_ws/build/my_py_pkg/prefix_override:/usr/lib/python3/dist-packages/colcon_core/task/python/colcon_distutils_commands:/home/robotserver/ros2_ws/install/my_py_pkg/lib/python3.10/site-packages:${PYTHONPATH} /usr/bin/python3 -W ignore:setup.py install is deprecated setup.py egg_info --egg-base ../../build/my_py_pkg build --build-base /home/robotserver/ros2_ws/build/my_py_pkg/build install --record /home/robotserver/ros2_ws/build/my_py_pkg/install.log --single-version-externally-managed install_data
