[1.072s] Invoking command in '/home/robotserver/ros2_ws/src/py_srvcli': PYTHONPATH=/home/robotserver/ros2_ws/build/py_srvcli/prefix_override:/usr/lib/python3/dist-packages/colcon_core/task/python/colcon_distutils_commands:/home/robotserver/ros2_ws/install/py_srvcli/lib/python3.10/site-packages:/home/robotserver/ros2_ws/install/tutorial_interfaces/local/lib/python3.10/dist-packages:${PYTHONPATH} /usr/bin/python3 -W ignore:setup.py install is deprecated setup.py egg_info --egg-base ../../build/py_srvcli build --build-base /home/robotserver/ros2_ws/build/py_srvcli/build install --record /home/robotserver/ros2_ws/build/py_srvcli/install.log --single-version-externally-managed install_data
[1.323s] running egg_info
[1.324s] creating ../../build/py_srvcli/py_srvcli.egg-info
[1.325s] writing ../../build/py_srvcli/py_srvcli.egg-info/PKG-INFO
[1.325s] writing dependency_links to ../../build/py_srvcli/py_srvcli.egg-info/dependency_links.txt
[1.325s] writing entry points to ../../build/py_srvcli/py_srvcli.egg-info/entry_points.txt
[1.325s] writing requirements to ../../build/py_srvcli/py_srvcli.egg-info/requires.txt
[1.326s] writing top-level names to ../../build/py_srvcli/py_srvcli.egg-info/top_level.txt
[1.326s] writing manifest file '../../build/py_srvcli/py_srvcli.egg-info/SOURCES.txt'
[1.328s] reading manifest file '../../build/py_srvcli/py_srvcli.egg-info/SOURCES.txt'
[1.328s] adding license file 'LICENSE'
[1.329s] writing manifest file '../../build/py_srvcli/py_srvcli.egg-info/SOURCES.txt'
[1.329s] running build
[1.329s] running build_py
[1.329s] creating /home/robotserver/ros2_ws/build/py_srvcli/build
[1.329s] creating /home/robotserver/ros2_ws/build/py_srvcli/build/lib
[1.329s] creating /home/robotserver/ros2_ws/build/py_srvcli/build/lib/py_srvcli
[1.330s] copying py_srvcli/client_member_function.py -> /home/robotserver/ros2_ws/build/py_srvcli/build/lib/py_srvcli
[1.330s] copying py_srvcli/__init__.py -> /home/robotserver/ros2_ws/build/py_srvcli/build/lib/py_srvcli
[1.330s] copying py_srvcli/service_member_function.py -> /home/robotserver/ros2_ws/build/py_srvcli/build/lib/py_srvcli
[1.330s] running install
[1.331s] running install_lib
[1.332s] creating /home/robotserver/ros2_ws/install/py_srvcli/lib/python3.10/site-packages/py_srvcli
[1.332s] copying /home/robotserver/ros2_ws/build/py_srvcli/build/lib/py_srvcli/client_member_function.py -> /home/robotserver/ros2_ws/install/py_srvcli/lib/python3.10/site-packages/py_srvcli
[1.332s] copying /home/robotserver/ros2_ws/build/py_srvcli/build/lib/py_srvcli/__init__.py -> /home/robotserver/ros2_ws/install/py_srvcli/lib/python3.10/site-packages/py_srvcli
[1.333s] copying /home/robotserver/ros2_ws/build/py_srvcli/build/lib/py_srvcli/service_member_function.py -> /home/robotserver/ros2_ws/install/py_srvcli/lib/python3.10/site-packages/py_srvcli
[1.333s] byte-compiling /home/robotserver/ros2_ws/install/py_srvcli/lib/python3.10/site-packages/py_srvcli/client_member_function.py to client_member_function.cpython-310.pyc
[1.334s] byte-compiling /home/robotserver/ros2_ws/install/py_srvcli/lib/python3.10/site-packages/py_srvcli/__init__.py to __init__.cpython-310.pyc
[1.334s] byte-compiling /home/robotserver/ros2_ws/install/py_srvcli/lib/python3.10/site-packages/py_srvcli/service_member_function.py to service_member_function.cpython-310.pyc
[1.334s] running install_data
[1.334s] creating /home/robotserver/ros2_ws/install/py_srvcli/share/ament_index
[1.334s] creating /home/robotserver/ros2_ws/install/py_srvcli/share/ament_index/resource_index
[1.335s] creating /home/robotserver/ros2_ws/install/py_srvcli/share/ament_index/resource_index/packages
[1.335s] copying resource/py_srvcli -> /home/robotserver/ros2_ws/install/py_srvcli/share/ament_index/resource_index/packages
[1.335s] copying package.xml -> /home/robotserver/ros2_ws/install/py_srvcli/share/py_srvcli
[1.335s] running install_egg_info
[1.336s] Copying ../../build/py_srvcli/py_srvcli.egg-info to /home/robotserver/ros2_ws/install/py_srvcli/lib/python3.10/site-packages/py_srvcli-0.0.0-py3.10.egg-info
[1.336s] running install_scripts
[1.359s] Installing client script to /home/robotserver/ros2_ws/install/py_srvcli/lib/py_srvcli
[1.360s] Installing service script to /home/robotserver/ros2_ws/install/py_srvcli/lib/py_srvcli
[1.360s] writing list of installed files to '/home/robotserver/ros2_ws/build/py_srvcli/install.log'
[1.396s] Invoked command in '/home/robotserver/ros2_ws/src/py_srvcli' returned '0': PYTHONPATH=/home/robotserver/ros2_ws/build/py_srvcli/prefix_override:/usr/lib/python3/dist-packages/colcon_core/task/python/colcon_distutils_commands:/home/robotserver/ros2_ws/install/py_srvcli/lib/python3.10/site-packages:/home/robotserver/ros2_ws/install/tutorial_interfaces/local/lib/python3.10/dist-packages:${PYTHONPATH} /usr/bin/python3 -W ignore:setup.py install is deprecated setup.py egg_info --egg-base ../../build/py_srvcli build --build-base /home/robotserver/ros2_ws/build/py_srvcli/build install --record /home/robotserver/ros2_ws/build/py_srvcli/install.log --single-version-externally-managed install_data
