[1.532s] Invoking command in '/home/robotserver/ros2_ws/src/py_pubsub': CONDA_PROMPT_MODIFIER=(base) PYTHONPATH=/home/robotserver/ros2_ws/build/py_pubsub/prefix_override:/usr/lib/python3/dist-packages/colcon_core/task/python/colcon_distutils_commands:/home/robotserver/ros2_ws/install/py_pubsub/lib/python3.10/site-packages:${PYTHONPATH} /usr/bin/python3 -W ignore:setup.py install is deprecated setup.py egg_info --egg-base ../../build/py_pubsub build --build-base /home/robotserver/ros2_ws/build/py_pubsub/build install --record /home/robotserver/ros2_ws/build/py_pubsub/install.log --single-version-externally-managed install_data
[1.881s] running egg_info
[1.882s] writing ../../build/py_pubsub/py_pubsub.egg-info/PKG-INFO
[1.883s] writing dependency_links to ../../build/py_pubsub/py_pubsub.egg-info/dependency_links.txt
[1.883s] writing entry points to ../../build/py_pubsub/py_pubsub.egg-info/entry_points.txt
[1.883s] writing requirements to ../../build/py_pubsub/py_pubsub.egg-info/requires.txt
[1.883s] writing top-level names to ../../build/py_pubsub/py_pubsub.egg-info/top_level.txt
[1.886s] reading manifest file '../../build/py_pubsub/py_pubsub.egg-info/SOURCES.txt'
[1.886s] adding license file 'LICENSE'
[1.887s] writing manifest file '../../build/py_pubsub/py_pubsub.egg-info/SOURCES.txt'
[1.887s] running build
[1.887s] running build_py
[1.888s] running install
[1.888s] running install_lib
[1.890s] running install_data
[1.890s] running install_egg_info
[1.892s] removing '/home/robotserver/ros2_ws/install/py_pubsub/lib/python3.10/site-packages/py_pubsub-0.0.0-py3.10.egg-info' (and everything under it)
[1.892s] Copying ../../build/py_pubsub/py_pubsub.egg-info to /home/robotserver/ros2_ws/install/py_pubsub/lib/python3.10/site-packages/py_pubsub-0.0.0-py3.10.egg-info
[1.894s] running install_scripts
[1.936s] Installing listener script to /home/robotserver/ros2_ws/install/py_pubsub/lib/py_pubsub
[1.937s] Installing talker script to /home/robotserver/ros2_ws/install/py_pubsub/lib/py_pubsub
[1.937s] writing list of installed files to '/home/robotserver/ros2_ws/build/py_pubsub/install.log'
[2.006s] Invoked command in '/home/robotserver/ros2_ws/src/py_pubsub' returned '0': CONDA_PROMPT_MODIFIER=(base) PYTHONPATH=/home/robotserver/ros2_ws/build/py_pubsub/prefix_override:/usr/lib/python3/dist-packages/colcon_core/task/python/colcon_distutils_commands:/home/robotserver/ros2_ws/install/py_pubsub/lib/python3.10/site-packages:${PYTHONPATH} /usr/bin/python3 -W ignore:setup.py install is deprecated setup.py egg_info --egg-base ../../build/py_pubsub build --build-base /home/robotserver/ros2_ws/build/py_pubsub/build install --record /home/robotserver/ros2_ws/build/py_pubsub/install.log --single-version-externally-managed install_data
