[0.098s] DEBUG:colcon:Command line arguments: ['/usr/bin/colcon', 'build']
[0.098s] DEBUG:colcon:Parsed command line arguments: Namespace(log_base=None, log_level=None, verb_name='build', build_base='build', install_base='install', merge_install=False, symlink_install=False, test_result_base=None, continue_on_error=False, executor='parallel', parallel_workers=8, event_handlers=None, ignore_user_meta=False, metas=['./colcon.meta'], base_paths=['.'], packages_ignore=None, packages_ignore_regex=None, paths=None, packages_up_to=None, packages_up_to_regex=None, packages_above=None, packages_above_and_dependencies=None, packages_above_depth=None, packages_select_by_dep=None, packages_skip_by_dep=None, packages_skip_up_to=None, packages_select_build_failed=False, packages_skip_build_finished=False, packages_select_test_failures=False, packages_skip_test_passed=False, packages_select=None, packages_skip=None, packages_select_regex=None, packages_skip_regex=None, packages_start=None, packages_end=None, allow_overriding=[], cmake_args=None, cmake_target=None, cmake_target_skip_unavailable=False, cmake_clean_cache=False, cmake_clean_first=False, cmake_force_configure=False, ament_cmake_args=None, catkin_cmake_args=None, catkin_skip_building_tests=False, verb_parser=<colcon_defaults.argument_parser.defaults.DefaultArgumentsDecorator object at 0x7b2ada129ed0>, verb_extension=<colcon_core.verb.build.BuildVerb object at 0x7b2ada2a3790>, main=<bound method BuildVerb.main of <colcon_core.verb.build.BuildVerb object at 0x7b2ada2a3790>>)
[0.253s] Level 1:colcon.colcon_core.package_discovery:discover_packages(colcon_meta) check parameters
[0.253s] Level 1:colcon.colcon_core.package_discovery:discover_packages(recursive) check parameters
[0.253s] Level 1:colcon.colcon_core.package_discovery:discover_packages(ignore) check parameters
[0.253s] Level 1:colcon.colcon_core.package_discovery:discover_packages(path) check parameters
[0.253s] Level 1:colcon.colcon_core.package_discovery:discover_packages(colcon_meta) discover
[0.253s] Level 1:colcon.colcon_core.package_discovery:discover_packages(recursive) discover
[0.253s] INFO:colcon.colcon_core.package_discovery:Crawling recursively for packages in '/home/robotserver/ROS2_Nav2_Course/turtlebot3_ws'
[0.253s] Level 1:colcon.colcon_core.package_identification:_identify(.) by extensions ['ignore', 'ignore_ament_install']
[0.253s] Level 1:colcon.colcon_core.package_identification:_identify(.) by extension 'ignore'
[0.253s] Level 1:colcon.colcon_core.package_identification:_identify(.) by extension 'ignore_ament_install'
[0.253s] Level 1:colcon.colcon_core.package_identification:_identify(.) by extensions ['colcon_pkg']
[0.253s] Level 1:colcon.colcon_core.package_identification:_identify(.) by extension 'colcon_pkg'
[0.253s] Level 1:colcon.colcon_core.package_identification:_identify(.) by extensions ['colcon_meta']
[0.253s] Level 1:colcon.colcon_core.package_identification:_identify(.) by extension 'colcon_meta'
[0.253s] Level 1:colcon.colcon_core.package_identification:_identify(.) by extensions ['ros']
[0.253s] Level 1:colcon.colcon_core.package_identification:_identify(.) by extension 'ros'
[0.263s] Level 1:colcon.colcon_core.package_identification:_identify(.) by extensions ['cmake', 'python']
[0.263s] Level 1:colcon.colcon_core.package_identification:_identify(.) by extension 'cmake'
[0.263s] Level 1:colcon.colcon_core.package_identification:_identify(.) by extension 'python'
[0.263s] Level 1:colcon.colcon_core.package_identification:_identify(.) by extensions ['python_setup_py']
[0.263s] Level 1:colcon.colcon_core.package_identification:_identify(.) by extension 'python_setup_py'
[0.263s] Level 1:colcon.colcon_core.package_identification:_identify(build) by extensions ['ignore', 'ignore_ament_install']
[0.264s] Level 1:colcon.colcon_core.package_identification:_identify(build) by extension 'ignore'
[0.264s] Level 1:colcon.colcon_core.package_identification:_identify(build) ignored
[0.264s] Level 1:colcon.colcon_core.package_identification:_identify(install) by extensions ['ignore', 'ignore_ament_install']
[0.264s] Level 1:colcon.colcon_core.package_identification:_identify(install) by extension 'ignore'
[0.264s] Level 1:colcon.colcon_core.package_identification:_identify(install) ignored
[0.264s] Level 1:colcon.colcon_core.package_identification:_identify(log) by extensions ['ignore', 'ignore_ament_install']
[0.264s] Level 1:colcon.colcon_core.package_identification:_identify(log) by extension 'ignore'
[0.264s] Level 1:colcon.colcon_core.package_identification:_identify(log) ignored
[0.264s] Level 1:colcon.colcon_core.package_identification:_identify(src) by extensions ['ignore', 'ignore_ament_install']
[0.264s] Level 1:colcon.colcon_core.package_identification:_identify(src) by extension 'ignore'
[0.264s] Level 1:colcon.colcon_core.package_identification:_identify(src) by extension 'ignore_ament_install'
[0.264s] Level 1:colcon.colcon_core.package_identification:_identify(src) by extensions ['colcon_pkg']
[0.264s] Level 1:colcon.colcon_core.package_identification:_identify(src) by extension 'colcon_pkg'
[0.264s] Level 1:colcon.colcon_core.package_identification:_identify(src) by extensions ['colcon_meta']
[0.264s] Level 1:colcon.colcon_core.package_identification:_identify(src) by extension 'colcon_meta'
[0.264s] Level 1:colcon.colcon_core.package_identification:_identify(src) by extensions ['ros']
[0.264s] Level 1:colcon.colcon_core.package_identification:_identify(src) by extension 'ros'
[0.264s] Level 1:colcon.colcon_core.package_identification:_identify(src) by extensions ['cmake', 'python']
[0.265s] Level 1:colcon.colcon_core.package_identification:_identify(src) by extension 'cmake'
[0.265s] Level 1:colcon.colcon_core.package_identification:_identify(src) by extension 'python'
[0.265s] Level 1:colcon.colcon_core.package_identification:_identify(src) by extensions ['python_setup_py']
[0.265s] Level 1:colcon.colcon_core.package_identification:_identify(src) by extension 'python_setup_py'
[0.265s] Level 1:colcon.colcon_core.package_identification:_identify(src/turtlebot3_fake_node) by extensions ['ignore', 'ignore_ament_install']
[0.265s] Level 1:colcon.colcon_core.package_identification:_identify(src/turtlebot3_fake_node) by extension 'ignore'
[0.265s] Level 1:colcon.colcon_core.package_identification:_identify(src/turtlebot3_fake_node) by extension 'ignore_ament_install'
[0.265s] Level 1:colcon.colcon_core.package_identification:_identify(src/turtlebot3_fake_node) by extensions ['colcon_pkg']
[0.265s] Level 1:colcon.colcon_core.package_identification:_identify(src/turtlebot3_fake_node) by extension 'colcon_pkg'
[0.265s] Level 1:colcon.colcon_core.package_identification:_identify(src/turtlebot3_fake_node) by extensions ['colcon_meta']
[0.265s] Level 1:colcon.colcon_core.package_identification:_identify(src/turtlebot3_fake_node) by extension 'colcon_meta'
[0.265s] Level 1:colcon.colcon_core.package_identification:_identify(src/turtlebot3_fake_node) by extensions ['ros']
[0.265s] Level 1:colcon.colcon_core.package_identification:_identify(src/turtlebot3_fake_node) by extension 'ros'
[0.268s] DEBUG:colcon.colcon_core.package_identification:Package 'src/turtlebot3_fake_node' with type 'ros.ament_cmake' and name 'turtlebot3_fake_node'
[0.268s] Level 1:colcon.colcon_core.package_identification:_identify(src/turtlebot3_gazebo) by extensions ['ignore', 'ignore_ament_install']
[0.268s] Level 1:colcon.colcon_core.package_identification:_identify(src/turtlebot3_gazebo) by extension 'ignore'
[0.268s] Level 1:colcon.colcon_core.package_identification:_identify(src/turtlebot3_gazebo) by extension 'ignore_ament_install'
[0.268s] Level 1:colcon.colcon_core.package_identification:_identify(src/turtlebot3_gazebo) by extensions ['colcon_pkg']
[0.268s] Level 1:colcon.colcon_core.package_identification:_identify(src/turtlebot3_gazebo) by extension 'colcon_pkg'
[0.268s] Level 1:colcon.colcon_core.package_identification:_identify(src/turtlebot3_gazebo) by extensions ['colcon_meta']
[0.268s] Level 1:colcon.colcon_core.package_identification:_identify(src/turtlebot3_gazebo) by extension 'colcon_meta'
[0.268s] Level 1:colcon.colcon_core.package_identification:_identify(src/turtlebot3_gazebo) by extensions ['ros']
[0.268s] Level 1:colcon.colcon_core.package_identification:_identify(src/turtlebot3_gazebo) by extension 'ros'
[0.269s] DEBUG:colcon.colcon_core.package_identification:Package 'src/turtlebot3_gazebo' with type 'ros.ament_cmake' and name 'turtlebot3_gazebo'
[0.269s] Level 1:colcon.colcon_core.package_identification:_identify(src/turtlebot3_simulations) by extensions ['ignore', 'ignore_ament_install']
[0.269s] Level 1:colcon.colcon_core.package_identification:_identify(src/turtlebot3_simulations) by extension 'ignore'
[0.269s] Level 1:colcon.colcon_core.package_identification:_identify(src/turtlebot3_simulations) by extension 'ignore_ament_install'
[0.269s] Level 1:colcon.colcon_core.package_identification:_identify(src/turtlebot3_simulations) by extensions ['colcon_pkg']
[0.269s] Level 1:colcon.colcon_core.package_identification:_identify(src/turtlebot3_simulations) by extension 'colcon_pkg'
[0.269s] Level 1:colcon.colcon_core.package_identification:_identify(src/turtlebot3_simulations) by extensions ['colcon_meta']
[0.269s] Level 1:colcon.colcon_core.package_identification:_identify(src/turtlebot3_simulations) by extension 'colcon_meta'
[0.269s] Level 1:colcon.colcon_core.package_identification:_identify(src/turtlebot3_simulations) by extensions ['ros']
[0.269s] Level 1:colcon.colcon_core.package_identification:_identify(src/turtlebot3_simulations) by extension 'ros'
[0.270s] DEBUG:colcon.colcon_core.package_identification:Package 'src/turtlebot3_simulations' with type 'ros.ament_cmake' and name 'turtlebot3_simulations'
[0.270s] Level 1:colcon.colcon_core.package_discovery:discover_packages(recursive) using defaults
[0.270s] Level 1:colcon.colcon_core.package_discovery:discover_packages(ignore) discover
[0.270s] Level 1:colcon.colcon_core.package_discovery:discover_packages(ignore) using defaults
[0.270s] Level 1:colcon.colcon_core.package_discovery:discover_packages(path) discover
[0.270s] Level 1:colcon.colcon_core.package_discovery:discover_packages(path) using defaults
[0.287s] Level 1:colcon.colcon_core.package_discovery:discover_packages(prefix_path) check parameters
[0.287s] Level 1:colcon.colcon_core.package_discovery:discover_packages(prefix_path) discover
[0.289s] DEBUG:colcon.colcon_installed_package_information.package_discovery:Found 4 installed packages in /home/robotserver/ROS2_Nav2_Course/turtlebot3_ws/install
[0.290s] DEBUG:colcon.colcon_installed_package_information.package_discovery:Found 10 installed packages in /home/robotserver/ros2_ws/install
[0.290s] DEBUG:colcon.colcon_installed_package_information.package_discovery:Found 3 installed packages in /home/robotserver/Desktop/git/create3_main/install
[0.291s] DEBUG:colcon.colcon_installed_package_information.package_discovery:Found 1 installed packages in /home/robotserver/ros2_ws/src/tutorial_interfaces/install
[0.292s] DEBUG:colcon.colcon_installed_package_information.package_discovery:Found 404 installed packages in /opt/ros/humble
[0.306s] Level 1:colcon.colcon_core.package_discovery:discover_packages(prefix_path) using defaults
[0.356s] Level 5:colcon.colcon_core.verb:set package 'turtlebot3_fake_node' build argument 'cmake_args' from command line to 'None'
[0.356s] Level 5:colcon.colcon_core.verb:set package 'turtlebot3_fake_node' build argument 'cmake_target' from command line to 'None'
[0.356s] Level 5:colcon.colcon_core.verb:set package 'turtlebot3_fake_node' build argument 'cmake_target_skip_unavailable' from command line to 'False'
[0.356s] Level 5:colcon.colcon_core.verb:set package 'turtlebot3_fake_node' build argument 'cmake_clean_cache' from command line to 'False'
[0.356s] Level 5:colcon.colcon_core.verb:set package 'turtlebot3_fake_node' build argument 'cmake_clean_first' from command line to 'False'
[0.356s] Level 5:colcon.colcon_core.verb:set package 'turtlebot3_fake_node' build argument 'cmake_force_configure' from command line to 'False'
[0.356s] Level 5:colcon.colcon_core.verb:set package 'turtlebot3_fake_node' build argument 'ament_cmake_args' from command line to 'None'
[0.356s] Level 5:colcon.colcon_core.verb:set package 'turtlebot3_fake_node' build argument 'catkin_cmake_args' from command line to 'None'
[0.356s] Level 5:colcon.colcon_core.verb:set package 'turtlebot3_fake_node' build argument 'catkin_skip_building_tests' from command line to 'False'
[0.356s] DEBUG:colcon.colcon_core.verb:Building package 'turtlebot3_fake_node' with the following arguments: {'ament_cmake_args': None, 'build_base': '/home/robotserver/ROS2_Nav2_Course/turtlebot3_ws/build/turtlebot3_fake_node', 'catkin_cmake_args': None, 'catkin_skip_building_tests': False, 'cmake_args': None, 'cmake_clean_cache': False, 'cmake_clean_first': False, 'cmake_force_configure': False, 'cmake_target': None, 'cmake_target_skip_unavailable': False, 'install_base': '/home/robotserver/ROS2_Nav2_Course/turtlebot3_ws/install/turtlebot3_fake_node', 'merge_install': False, 'path': '/home/robotserver/ROS2_Nav2_Course/turtlebot3_ws/src/turtlebot3_fake_node', 'symlink_install': False, 'test_result_base': None}
[0.356s] Level 5:colcon.colcon_core.verb:set package 'turtlebot3_gazebo' build argument 'cmake_args' from command line to 'None'
[0.356s] Level 5:colcon.colcon_core.verb:set package 'turtlebot3_gazebo' build argument 'cmake_target' from command line to 'None'
[0.356s] Level 5:colcon.colcon_core.verb:set package 'turtlebot3_gazebo' build argument 'cmake_target_skip_unavailable' from command line to 'False'
[0.356s] Level 5:colcon.colcon_core.verb:set package 'turtlebot3_gazebo' build argument 'cmake_clean_cache' from command line to 'False'
[0.356s] Level 5:colcon.colcon_core.verb:set package 'turtlebot3_gazebo' build argument 'cmake_clean_first' from command line to 'False'
[0.356s] Level 5:colcon.colcon_core.verb:set package 'turtlebot3_gazebo' build argument 'cmake_force_configure' from command line to 'False'
[0.356s] Level 5:colcon.colcon_core.verb:set package 'turtlebot3_gazebo' build argument 'ament_cmake_args' from command line to 'None'
[0.356s] Level 5:colcon.colcon_core.verb:set package 'turtlebot3_gazebo' build argument 'catkin_cmake_args' from command line to 'None'
[0.356s] Level 5:colcon.colcon_core.verb:set package 'turtlebot3_gazebo' build argument 'catkin_skip_building_tests' from command line to 'False'
[0.356s] DEBUG:colcon.colcon_core.verb:Building package 'turtlebot3_gazebo' with the following arguments: {'ament_cmake_args': None, 'build_base': '/home/robotserver/ROS2_Nav2_Course/turtlebot3_ws/build/turtlebot3_gazebo', 'catkin_cmake_args': None, 'catkin_skip_building_tests': False, 'cmake_args': None, 'cmake_clean_cache': False, 'cmake_clean_first': False, 'cmake_force_configure': False, 'cmake_target': None, 'cmake_target_skip_unavailable': False, 'install_base': '/home/robotserver/ROS2_Nav2_Course/turtlebot3_ws/install/turtlebot3_gazebo', 'merge_install': False, 'path': '/home/robotserver/ROS2_Nav2_Course/turtlebot3_ws/src/turtlebot3_gazebo', 'symlink_install': False, 'test_result_base': None}
[0.357s] Level 5:colcon.colcon_core.verb:set package 'turtlebot3_simulations' build argument 'cmake_args' from command line to 'None'
[0.357s] Level 5:colcon.colcon_core.verb:set package 'turtlebot3_simulations' build argument 'cmake_target' from command line to 'None'
[0.357s] Level 5:colcon.colcon_core.verb:set package 'turtlebot3_simulations' build argument 'cmake_target_skip_unavailable' from command line to 'False'
[0.357s] Level 5:colcon.colcon_core.verb:set package 'turtlebot3_simulations' build argument 'cmake_clean_cache' from command line to 'False'
[0.357s] Level 5:colcon.colcon_core.verb:set package 'turtlebot3_simulations' build argument 'cmake_clean_first' from command line to 'False'
[0.357s] Level 5:colcon.colcon_core.verb:set package 'turtlebot3_simulations' build argument 'cmake_force_configure' from command line to 'False'
[0.357s] Level 5:colcon.colcon_core.verb:set package 'turtlebot3_simulations' build argument 'ament_cmake_args' from command line to 'None'
[0.357s] Level 5:colcon.colcon_core.verb:set package 'turtlebot3_simulations' build argument 'catkin_cmake_args' from command line to 'None'
[0.357s] Level 5:colcon.colcon_core.verb:set package 'turtlebot3_simulations' build argument 'catkin_skip_building_tests' from command line to 'False'
[0.357s] DEBUG:colcon.colcon_core.verb:Building package 'turtlebot3_simulations' with the following arguments: {'ament_cmake_args': None, 'build_base': '/home/robotserver/ROS2_Nav2_Course/turtlebot3_ws/build/turtlebot3_simulations', 'catkin_cmake_args': None, 'catkin_skip_building_tests': False, 'cmake_args': None, 'cmake_clean_cache': False, 'cmake_clean_first': False, 'cmake_force_configure': False, 'cmake_target': None, 'cmake_target_skip_unavailable': False, 'install_base': '/home/robotserver/ROS2_Nav2_Course/turtlebot3_ws/install/turtlebot3_simulations', 'merge_install': False, 'path': '/home/robotserver/ROS2_Nav2_Course/turtlebot3_ws/src/turtlebot3_simulations', 'symlink_install': False, 'test_result_base': None}
[0.357s] INFO:colcon.colcon_core.executor:Executing jobs using 'parallel' executor
[0.358s] DEBUG:colcon.colcon_parallel_executor.executor.parallel:run_until_complete
[0.358s] INFO:colcon.colcon_ros.task.ament_cmake.build:Building ROS package in '/home/robotserver/ROS2_Nav2_Course/turtlebot3_ws/src/turtlebot3_fake_node' with build type 'ament_cmake'
[0.359s] INFO:colcon.colcon_cmake.task.cmake.build:Building CMake package in '/home/robotserver/ROS2_Nav2_Course/turtlebot3_ws/src/turtlebot3_fake_node'
[0.360s] INFO:colcon.colcon_core.plugin_system:Skipping extension 'colcon_core.shell.bat': Not used on non-Windows systems
[0.361s] INFO:colcon.colcon_core.shell:Skip shell extension 'powershell' for command environment: Not usable outside of PowerShell
[0.361s] DEBUG:colcon.colcon_core.shell:Skip shell extension 'dsv' for command environment
[0.366s] INFO:colcon.colcon_ros.task.ament_cmake.build:Building ROS package in '/home/robotserver/ROS2_Nav2_Course/turtlebot3_ws/src/turtlebot3_gazebo' with build type 'ament_cmake'
[0.366s] INFO:colcon.colcon_cmake.task.cmake.build:Building CMake package in '/home/robotserver/ROS2_Nav2_Course/turtlebot3_ws/src/turtlebot3_gazebo'
[0.366s] INFO:colcon.colcon_core.shell:Skip shell extension 'powershell' for command environment: Not usable outside of PowerShell
[0.366s] DEBUG:colcon.colcon_core.shell:Skip shell extension 'dsv' for command environment
[0.375s] DEBUG:colcon.colcon_core.event_handler.log_command:Invoking command in '/home/robotserver/ROS2_Nav2_Course/turtlebot3_ws/build/turtlebot3_fake_node': CMAKE_PREFIX_PATH=/home/robotserver/ROS2_Nav2_Course/turtlebot3_ws/install/turtlebot3_simulations:/home/robotserver/ros2_ws/install/py_srvcli:/home/robotserver/ros2_ws/install/py_pubsub:/home/robotserver/ros2_ws/install/my_py_pkg:/home/robotserver/Desktop/git/create3_main/install/create3_teleop:/home/robotserver/Desktop/git/create3_main/install/create3_msg_transfer:/home/robotserver/Desktop/git/create3_main/install/create3_control:/opt/ros/humble:/home/robotserver/ROS2_Nav2_Course/turtlebot3_ws/install/turtlebot3_gazebo:/home/robotserver/ROS2_Nav2_Course/turtlebot3_ws/install/turtlebot3_fake_node:/home/robotserver/ros2_ws/install/tutorial_interfaces:/home/robotserver/ros2_ws/install/polygon_plugins:/home/robotserver/ros2_ws/install/polygon_base:/home/robotserver/ros2_ws/install/my_robot_bringup:/home/robotserver/ros2_ws/install/my_cpp_pkg:/home/robotserver/ros2_ws/install/my_robot_interfaces:/home/robotserver/ros2_ws/install/action_tutorials_interfaces:/home/robotserver/ros2_ws/src/tutorial_interfaces/install/tutorial_interfaces /usr/bin/cmake --build /home/robotserver/ROS2_Nav2_Course/turtlebot3_ws/build/turtlebot3_fake_node -- -j8 -l8
[0.380s] DEBUG:colcon.colcon_core.event_handler.log_command:Invoking command in '/home/robotserver/ROS2_Nav2_Course/turtlebot3_ws/build/turtlebot3_gazebo': CMAKE_PREFIX_PATH=/home/robotserver/ROS2_Nav2_Course/turtlebot3_ws/install/turtlebot3_simulations:/home/robotserver/ros2_ws/install/py_srvcli:/home/robotserver/ros2_ws/install/py_pubsub:/home/robotserver/ros2_ws/install/my_py_pkg:/home/robotserver/Desktop/git/create3_main/install/create3_teleop:/home/robotserver/Desktop/git/create3_main/install/create3_msg_transfer:/home/robotserver/Desktop/git/create3_main/install/create3_control:/opt/ros/humble:/home/robotserver/ROS2_Nav2_Course/turtlebot3_ws/install/turtlebot3_gazebo:/home/robotserver/ROS2_Nav2_Course/turtlebot3_ws/install/turtlebot3_fake_node:/home/robotserver/ros2_ws/install/tutorial_interfaces:/home/robotserver/ros2_ws/install/polygon_plugins:/home/robotserver/ros2_ws/install/polygon_base:/home/robotserver/ros2_ws/install/my_robot_bringup:/home/robotserver/ros2_ws/install/my_cpp_pkg:/home/robotserver/ros2_ws/install/my_robot_interfaces:/home/robotserver/ros2_ws/install/action_tutorials_interfaces:/home/robotserver/ros2_ws/src/tutorial_interfaces/install/tutorial_interfaces /usr/bin/cmake --build /home/robotserver/ROS2_Nav2_Course/turtlebot3_ws/build/turtlebot3_gazebo -- -j8 -l8
[0.444s] DEBUG:colcon.colcon_core.event_handler.log_command:Invoked command in '/home/robotserver/ROS2_Nav2_Course/turtlebot3_ws/build/turtlebot3_fake_node' returned '0': CMAKE_PREFIX_PATH=/home/robotserver/ROS2_Nav2_Course/turtlebot3_ws/install/turtlebot3_simulations:/home/robotserver/ros2_ws/install/py_srvcli:/home/robotserver/ros2_ws/install/py_pubsub:/home/robotserver/ros2_ws/install/my_py_pkg:/home/robotserver/Desktop/git/create3_main/install/create3_teleop:/home/robotserver/Desktop/git/create3_main/install/create3_msg_transfer:/home/robotserver/Desktop/git/create3_main/install/create3_control:/opt/ros/humble:/home/robotserver/ROS2_Nav2_Course/turtlebot3_ws/install/turtlebot3_gazebo:/home/robotserver/ROS2_Nav2_Course/turtlebot3_ws/install/turtlebot3_fake_node:/home/robotserver/ros2_ws/install/tutorial_interfaces:/home/robotserver/ros2_ws/install/polygon_plugins:/home/robotserver/ros2_ws/install/polygon_base:/home/robotserver/ros2_ws/install/my_robot_bringup:/home/robotserver/ros2_ws/install/my_cpp_pkg:/home/robotserver/ros2_ws/install/my_robot_interfaces:/home/robotserver/ros2_ws/install/action_tutorials_interfaces:/home/robotserver/ros2_ws/src/tutorial_interfaces/install/tutorial_interfaces /usr/bin/cmake --build /home/robotserver/ROS2_Nav2_Course/turtlebot3_ws/build/turtlebot3_fake_node -- -j8 -l8
[0.476s] DEBUG:colcon.colcon_core.event_handler.log_command:Invoking command in '/home/robotserver/ROS2_Nav2_Course/turtlebot3_ws/build/turtlebot3_fake_node': CMAKE_PREFIX_PATH=/home/robotserver/ROS2_Nav2_Course/turtlebot3_ws/install/turtlebot3_simulations:/home/robotserver/ros2_ws/install/py_srvcli:/home/robotserver/ros2_ws/install/py_pubsub:/home/robotserver/ros2_ws/install/my_py_pkg:/home/robotserver/Desktop/git/create3_main/install/create3_teleop:/home/robotserver/Desktop/git/create3_main/install/create3_msg_transfer:/home/robotserver/Desktop/git/create3_main/install/create3_control:/opt/ros/humble:/home/robotserver/ROS2_Nav2_Course/turtlebot3_ws/install/turtlebot3_gazebo:/home/robotserver/ROS2_Nav2_Course/turtlebot3_ws/install/turtlebot3_fake_node:/home/robotserver/ros2_ws/install/tutorial_interfaces:/home/robotserver/ros2_ws/install/polygon_plugins:/home/robotserver/ros2_ws/install/polygon_base:/home/robotserver/ros2_ws/install/my_robot_bringup:/home/robotserver/ros2_ws/install/my_cpp_pkg:/home/robotserver/ros2_ws/install/my_robot_interfaces:/home/robotserver/ros2_ws/install/action_tutorials_interfaces:/home/robotserver/ros2_ws/src/tutorial_interfaces/install/tutorial_interfaces /usr/bin/cmake --install /home/robotserver/ROS2_Nav2_Course/turtlebot3_ws/build/turtlebot3_fake_node
[0.477s] DEBUG:colcon.colcon_core.event_handler.log_command:Invoked command in '/home/robotserver/ROS2_Nav2_Course/turtlebot3_ws/build/turtlebot3_gazebo' returned '0': CMAKE_PREFIX_PATH=/home/robotserver/ROS2_Nav2_Course/turtlebot3_ws/install/turtlebot3_simulations:/home/robotserver/ros2_ws/install/py_srvcli:/home/robotserver/ros2_ws/install/py_pubsub:/home/robotserver/ros2_ws/install/my_py_pkg:/home/robotserver/Desktop/git/create3_main/install/create3_teleop:/home/robotserver/Desktop/git/create3_main/install/create3_msg_transfer:/home/robotserver/Desktop/git/create3_main/install/create3_control:/opt/ros/humble:/home/robotserver/ROS2_Nav2_Course/turtlebot3_ws/install/turtlebot3_gazebo:/home/robotserver/ROS2_Nav2_Course/turtlebot3_ws/install/turtlebot3_fake_node:/home/robotserver/ros2_ws/install/tutorial_interfaces:/home/robotserver/ros2_ws/install/polygon_plugins:/home/robotserver/ros2_ws/install/polygon_base:/home/robotserver/ros2_ws/install/my_robot_bringup:/home/robotserver/ros2_ws/install/my_cpp_pkg:/home/robotserver/ros2_ws/install/my_robot_interfaces:/home/robotserver/ros2_ws/install/action_tutorials_interfaces:/home/robotserver/ros2_ws/src/tutorial_interfaces/install/tutorial_interfaces /usr/bin/cmake --build /home/robotserver/ROS2_Nav2_Course/turtlebot3_ws/build/turtlebot3_gazebo -- -j8 -l8
[0.487s] Level 1:colcon.colcon_core.environment:create_environment_scripts_only(turtlebot3_fake_node)
[0.488s] DEBUG:colcon.colcon_core.event_handler.log_command:Invoked command in '/home/robotserver/ROS2_Nav2_Course/turtlebot3_ws/build/turtlebot3_fake_node' returned '0': CMAKE_PREFIX_PATH=/home/robotserver/ROS2_Nav2_Course/turtlebot3_ws/install/turtlebot3_simulations:/home/robotserver/ros2_ws/install/py_srvcli:/home/robotserver/ros2_ws/install/py_pubsub:/home/robotserver/ros2_ws/install/my_py_pkg:/home/robotserver/Desktop/git/create3_main/install/create3_teleop:/home/robotserver/Desktop/git/create3_main/install/create3_msg_transfer:/home/robotserver/Desktop/git/create3_main/install/create3_control:/opt/ros/humble:/home/robotserver/ROS2_Nav2_Course/turtlebot3_ws/install/turtlebot3_gazebo:/home/robotserver/ROS2_Nav2_Course/turtlebot3_ws/install/turtlebot3_fake_node:/home/robotserver/ros2_ws/install/tutorial_interfaces:/home/robotserver/ros2_ws/install/polygon_plugins:/home/robotserver/ros2_ws/install/polygon_base:/home/robotserver/ros2_ws/install/my_robot_bringup:/home/robotserver/ros2_ws/install/my_cpp_pkg:/home/robotserver/ros2_ws/install/my_robot_interfaces:/home/robotserver/ros2_ws/install/action_tutorials_interfaces:/home/robotserver/ros2_ws/src/tutorial_interfaces/install/tutorial_interfaces /usr/bin/cmake --install /home/robotserver/ROS2_Nav2_Course/turtlebot3_ws/build/turtlebot3_fake_node
[0.490s] Level 1:colcon.colcon_core.environment:checking '/home/robotserver/ROS2_Nav2_Course/turtlebot3_ws/install/turtlebot3_fake_node' for CMake module files
[0.491s] Level 1:colcon.colcon_core.environment:checking '/home/robotserver/ROS2_Nav2_Course/turtlebot3_ws/install/turtlebot3_fake_node' for CMake config files
[0.491s] Level 1:colcon.colcon_core.shell:create_environment_hook('turtlebot3_fake_node', 'cmake_prefix_path')
[0.491s] INFO:colcon.colcon_core.shell:Creating environment hook '/home/robotserver/ROS2_Nav2_Course/turtlebot3_ws/install/turtlebot3_fake_node/share/turtlebot3_fake_node/hook/cmake_prefix_path.ps1'
[0.492s] INFO:colcon.colcon_core.shell:Creating environment descriptor '/home/robotserver/ROS2_Nav2_Course/turtlebot3_ws/install/turtlebot3_fake_node/share/turtlebot3_fake_node/hook/cmake_prefix_path.dsv'
[0.492s] INFO:colcon.colcon_core.shell:Creating environment hook '/home/robotserver/ROS2_Nav2_Course/turtlebot3_ws/install/turtlebot3_fake_node/share/turtlebot3_fake_node/hook/cmake_prefix_path.sh'
[0.493s] Level 1:colcon.colcon_core.environment:checking '/home/robotserver/ROS2_Nav2_Course/turtlebot3_ws/install/turtlebot3_fake_node/lib'
[0.493s] Level 1:colcon.colcon_core.environment:checking '/home/robotserver/ROS2_Nav2_Course/turtlebot3_ws/install/turtlebot3_fake_node/bin'
[0.493s] Level 1:colcon.colcon_core.environment:checking '/home/robotserver/ROS2_Nav2_Course/turtlebot3_ws/install/turtlebot3_fake_node/lib/pkgconfig/turtlebot3_fake_node.pc'
[0.494s] Level 1:colcon.colcon_core.environment:checking '/home/robotserver/ROS2_Nav2_Course/turtlebot3_ws/install/turtlebot3_fake_node/lib/python3.10/site-packages'
[0.494s] Level 1:colcon.colcon_core.environment:checking '/home/robotserver/ROS2_Nav2_Course/turtlebot3_ws/install/turtlebot3_fake_node/bin'
[0.494s] INFO:colcon.colcon_core.shell:Creating package script '/home/robotserver/ROS2_Nav2_Course/turtlebot3_ws/install/turtlebot3_fake_node/share/turtlebot3_fake_node/package.ps1'
[0.495s] INFO:colcon.colcon_core.shell:Creating package descriptor '/home/robotserver/ROS2_Nav2_Course/turtlebot3_ws/install/turtlebot3_fake_node/share/turtlebot3_fake_node/package.dsv'
[0.495s] INFO:colcon.colcon_core.shell:Creating package script '/home/robotserver/ROS2_Nav2_Course/turtlebot3_ws/install/turtlebot3_fake_node/share/turtlebot3_fake_node/package.sh'
[0.496s] INFO:colcon.colcon_core.shell:Creating package script '/home/robotserver/ROS2_Nav2_Course/turtlebot3_ws/install/turtlebot3_fake_node/share/turtlebot3_fake_node/package.bash'
[0.497s] INFO:colcon.colcon_core.shell:Creating package script '/home/robotserver/ROS2_Nav2_Course/turtlebot3_ws/install/turtlebot3_fake_node/share/turtlebot3_fake_node/package.zsh'
[0.497s] Level 1:colcon.colcon_core.environment:create_file_with_runtime_dependencies(/home/robotserver/ROS2_Nav2_Course/turtlebot3_ws/install/turtlebot3_fake_node/share/colcon-core/packages/turtlebot3_fake_node)
[0.514s] DEBUG:colcon.colcon_core.event_handler.log_command:Invoking command in '/home/robotserver/ROS2_Nav2_Course/turtlebot3_ws/build/turtlebot3_gazebo': CMAKE_PREFIX_PATH=/home/robotserver/ROS2_Nav2_Course/turtlebot3_ws/install/turtlebot3_simulations:/home/robotserver/ros2_ws/install/py_srvcli:/home/robotserver/ros2_ws/install/py_pubsub:/home/robotserver/ros2_ws/install/my_py_pkg:/home/robotserver/Desktop/git/create3_main/install/create3_teleop:/home/robotserver/Desktop/git/create3_main/install/create3_msg_transfer:/home/robotserver/Desktop/git/create3_main/install/create3_control:/opt/ros/humble:/home/robotserver/ROS2_Nav2_Course/turtlebot3_ws/install/turtlebot3_gazebo:/home/robotserver/ROS2_Nav2_Course/turtlebot3_ws/install/turtlebot3_fake_node:/home/robotserver/ros2_ws/install/tutorial_interfaces:/home/robotserver/ros2_ws/install/polygon_plugins:/home/robotserver/ros2_ws/install/polygon_base:/home/robotserver/ros2_ws/install/my_robot_bringup:/home/robotserver/ros2_ws/install/my_cpp_pkg:/home/robotserver/ros2_ws/install/my_robot_interfaces:/home/robotserver/ros2_ws/install/action_tutorials_interfaces:/home/robotserver/ros2_ws/src/tutorial_interfaces/install/tutorial_interfaces /usr/bin/cmake --install /home/robotserver/ROS2_Nav2_Course/turtlebot3_ws/build/turtlebot3_gazebo
[0.522s] Level 1:colcon.colcon_core.environment:create_environment_scripts_only(turtlebot3_fake_node)
[0.523s] Level 1:colcon.colcon_core.environment:checking '/home/robotserver/ROS2_Nav2_Course/turtlebot3_ws/install/turtlebot3_fake_node' for CMake module files
[0.524s] Level 1:colcon.colcon_core.environment:checking '/home/robotserver/ROS2_Nav2_Course/turtlebot3_ws/install/turtlebot3_fake_node' for CMake config files
[0.527s] Level 1:colcon.colcon_core.shell:create_environment_hook('turtlebot3_fake_node', 'cmake_prefix_path')
[0.527s] INFO:colcon.colcon_core.shell:Creating environment hook '/home/robotserver/ROS2_Nav2_Course/turtlebot3_ws/install/turtlebot3_fake_node/share/turtlebot3_fake_node/hook/cmake_prefix_path.ps1'
[0.528s] INFO:colcon.colcon_core.shell:Creating environment descriptor '/home/robotserver/ROS2_Nav2_Course/turtlebot3_ws/install/turtlebot3_fake_node/share/turtlebot3_fake_node/hook/cmake_prefix_path.dsv'
[0.531s] INFO:colcon.colcon_core.shell:Creating environment hook '/home/robotserver/ROS2_Nav2_Course/turtlebot3_ws/install/turtlebot3_fake_node/share/turtlebot3_fake_node/hook/cmake_prefix_path.sh'
[0.533s] Level 1:colcon.colcon_core.environment:checking '/home/robotserver/ROS2_Nav2_Course/turtlebot3_ws/install/turtlebot3_fake_node/lib'
[0.533s] Level 1:colcon.colcon_core.environment:checking '/home/robotserver/ROS2_Nav2_Course/turtlebot3_ws/install/turtlebot3_fake_node/bin'
[0.533s] Level 1:colcon.colcon_core.environment:checking '/home/robotserver/ROS2_Nav2_Course/turtlebot3_ws/install/turtlebot3_fake_node/lib/pkgconfig/turtlebot3_fake_node.pc'
[0.533s] Level 1:colcon.colcon_core.environment:checking '/home/robotserver/ROS2_Nav2_Course/turtlebot3_ws/install/turtlebot3_fake_node/lib/python3.10/site-packages'
[0.533s] Level 1:colcon.colcon_core.environment:checking '/home/robotserver/ROS2_Nav2_Course/turtlebot3_ws/install/turtlebot3_fake_node/bin'
[0.534s] INFO:colcon.colcon_core.shell:Creating package script '/home/robotserver/ROS2_Nav2_Course/turtlebot3_ws/install/turtlebot3_fake_node/share/turtlebot3_fake_node/package.ps1'
[0.534s] INFO:colcon.colcon_core.shell:Creating package descriptor '/home/robotserver/ROS2_Nav2_Course/turtlebot3_ws/install/turtlebot3_fake_node/share/turtlebot3_fake_node/package.dsv'
[0.534s] INFO:colcon.colcon_core.shell:Creating package script '/home/robotserver/ROS2_Nav2_Course/turtlebot3_ws/install/turtlebot3_fake_node/share/turtlebot3_fake_node/package.sh'
[0.535s] INFO:colcon.colcon_core.shell:Creating package script '/home/robotserver/ROS2_Nav2_Course/turtlebot3_ws/install/turtlebot3_fake_node/share/turtlebot3_fake_node/package.bash'
[0.535s] INFO:colcon.colcon_core.shell:Creating package script '/home/robotserver/ROS2_Nav2_Course/turtlebot3_ws/install/turtlebot3_fake_node/share/turtlebot3_fake_node/package.zsh'
[0.535s] Level 1:colcon.colcon_core.environment:create_file_with_runtime_dependencies(/home/robotserver/ROS2_Nav2_Course/turtlebot3_ws/install/turtlebot3_fake_node/share/colcon-core/packages/turtlebot3_fake_node)
[0.536s] Level 1:colcon.colcon_core.environment:create_environment_scripts_only(turtlebot3_gazebo)
[0.537s] Level 1:colcon.colcon_core.environment:checking '/home/robotserver/ROS2_Nav2_Course/turtlebot3_ws/install/turtlebot3_gazebo' for CMake module files
[0.537s] DEBUG:colcon.colcon_core.event_handler.log_command:Invoked command in '/home/robotserver/ROS2_Nav2_Course/turtlebot3_ws/build/turtlebot3_gazebo' returned '0': CMAKE_PREFIX_PATH=/home/robotserver/ROS2_Nav2_Course/turtlebot3_ws/install/turtlebot3_simulations:/home/robotserver/ros2_ws/install/py_srvcli:/home/robotserver/ros2_ws/install/py_pubsub:/home/robotserver/ros2_ws/install/my_py_pkg:/home/robotserver/Desktop/git/create3_main/install/create3_teleop:/home/robotserver/Desktop/git/create3_main/install/create3_msg_transfer:/home/robotserver/Desktop/git/create3_main/install/create3_control:/opt/ros/humble:/home/robotserver/ROS2_Nav2_Course/turtlebot3_ws/install/turtlebot3_gazebo:/home/robotserver/ROS2_Nav2_Course/turtlebot3_ws/install/turtlebot3_fake_node:/home/robotserver/ros2_ws/install/tutorial_interfaces:/home/robotserver/ros2_ws/install/polygon_plugins:/home/robotserver/ros2_ws/install/polygon_base:/home/robotserver/ros2_ws/install/my_robot_bringup:/home/robotserver/ros2_ws/install/my_cpp_pkg:/home/robotserver/ros2_ws/install/my_robot_interfaces:/home/robotserver/ros2_ws/install/action_tutorials_interfaces:/home/robotserver/ros2_ws/src/tutorial_interfaces/install/tutorial_interfaces /usr/bin/cmake --install /home/robotserver/ROS2_Nav2_Course/turtlebot3_ws/build/turtlebot3_gazebo
[0.538s] Level 1:colcon.colcon_core.environment:checking '/home/robotserver/ROS2_Nav2_Course/turtlebot3_ws/install/turtlebot3_gazebo' for CMake config files
[0.538s] Level 1:colcon.colcon_core.shell:create_environment_hook('turtlebot3_gazebo', 'cmake_prefix_path')
[0.538s] INFO:colcon.colcon_core.shell:Creating environment hook '/home/robotserver/ROS2_Nav2_Course/turtlebot3_ws/install/turtlebot3_gazebo/share/turtlebot3_gazebo/hook/cmake_prefix_path.ps1'
[0.539s] INFO:colcon.colcon_core.shell:Creating environment descriptor '/home/robotserver/ROS2_Nav2_Course/turtlebot3_ws/install/turtlebot3_gazebo/share/turtlebot3_gazebo/hook/cmake_prefix_path.dsv'
[0.539s] INFO:colcon.colcon_core.shell:Creating environment hook '/home/robotserver/ROS2_Nav2_Course/turtlebot3_ws/install/turtlebot3_gazebo/share/turtlebot3_gazebo/hook/cmake_prefix_path.sh'
[0.539s] Level 1:colcon.colcon_core.environment:checking '/home/robotserver/ROS2_Nav2_Course/turtlebot3_ws/install/turtlebot3_gazebo/lib'
[0.540s] Level 1:colcon.colcon_core.environment:checking '/home/robotserver/ROS2_Nav2_Course/turtlebot3_ws/install/turtlebot3_gazebo/bin'
[0.540s] Level 1:colcon.colcon_core.environment:checking '/home/robotserver/ROS2_Nav2_Course/turtlebot3_ws/install/turtlebot3_gazebo/lib/pkgconfig/turtlebot3_gazebo.pc'
[0.540s] Level 1:colcon.colcon_core.environment:checking '/home/robotserver/ROS2_Nav2_Course/turtlebot3_ws/install/turtlebot3_gazebo/lib/python3.10/site-packages'
[0.540s] Level 1:colcon.colcon_core.environment:checking '/home/robotserver/ROS2_Nav2_Course/turtlebot3_ws/install/turtlebot3_gazebo/bin'
[0.540s] INFO:colcon.colcon_core.shell:Creating package script '/home/robotserver/ROS2_Nav2_Course/turtlebot3_ws/install/turtlebot3_gazebo/share/turtlebot3_gazebo/package.ps1'
[0.541s] INFO:colcon.colcon_core.shell:Creating package descriptor '/home/robotserver/ROS2_Nav2_Course/turtlebot3_ws/install/turtlebot3_gazebo/share/turtlebot3_gazebo/package.dsv'
[0.541s] INFO:colcon.colcon_core.shell:Creating package script '/home/robotserver/ROS2_Nav2_Course/turtlebot3_ws/install/turtlebot3_gazebo/share/turtlebot3_gazebo/package.sh'
[0.541s] INFO:colcon.colcon_core.shell:Creating package script '/home/robotserver/ROS2_Nav2_Course/turtlebot3_ws/install/turtlebot3_gazebo/share/turtlebot3_gazebo/package.bash'
[0.541s] INFO:colcon.colcon_core.shell:Creating package script '/home/robotserver/ROS2_Nav2_Course/turtlebot3_ws/install/turtlebot3_gazebo/share/turtlebot3_gazebo/package.zsh'
[0.542s] Level 1:colcon.colcon_core.environment:create_file_with_runtime_dependencies(/home/robotserver/ROS2_Nav2_Course/turtlebot3_ws/install/turtlebot3_gazebo/share/colcon-core/packages/turtlebot3_gazebo)
[0.576s] Level 1:colcon.colcon_core.environment:create_environment_scripts_only(turtlebot3_gazebo)
[0.576s] Level 1:colcon.colcon_core.environment:checking '/home/robotserver/ROS2_Nav2_Course/turtlebot3_ws/install/turtlebot3_gazebo' for CMake module files
[0.577s] Level 1:colcon.colcon_core.environment:checking '/home/robotserver/ROS2_Nav2_Course/turtlebot3_ws/install/turtlebot3_gazebo' for CMake config files
[0.577s] Level 1:colcon.colcon_core.shell:create_environment_hook('turtlebot3_gazebo', 'cmake_prefix_path')
[0.577s] INFO:colcon.colcon_core.shell:Creating environment hook '/home/robotserver/ROS2_Nav2_Course/turtlebot3_ws/install/turtlebot3_gazebo/share/turtlebot3_gazebo/hook/cmake_prefix_path.ps1'
[0.578s] INFO:colcon.colcon_core.shell:Creating environment descriptor '/home/robotserver/ROS2_Nav2_Course/turtlebot3_ws/install/turtlebot3_gazebo/share/turtlebot3_gazebo/hook/cmake_prefix_path.dsv'
[0.578s] INFO:colcon.colcon_core.shell:Creating environment hook '/home/robotserver/ROS2_Nav2_Course/turtlebot3_ws/install/turtlebot3_gazebo/share/turtlebot3_gazebo/hook/cmake_prefix_path.sh'
[0.579s] Level 1:colcon.colcon_core.environment:checking '/home/robotserver/ROS2_Nav2_Course/turtlebot3_ws/install/turtlebot3_gazebo/lib'
[0.579s] Level 1:colcon.colcon_core.environment:checking '/home/robotserver/ROS2_Nav2_Course/turtlebot3_ws/install/turtlebot3_gazebo/bin'
[0.579s] Level 1:colcon.colcon_core.environment:checking '/home/robotserver/ROS2_Nav2_Course/turtlebot3_ws/install/turtlebot3_gazebo/lib/pkgconfig/turtlebot3_gazebo.pc'
[0.579s] Level 1:colcon.colcon_core.environment:checking '/home/robotserver/ROS2_Nav2_Course/turtlebot3_ws/install/turtlebot3_gazebo/lib/python3.10/site-packages'
[0.579s] Level 1:colcon.colcon_core.environment:checking '/home/robotserver/ROS2_Nav2_Course/turtlebot3_ws/install/turtlebot3_gazebo/bin'
[0.579s] INFO:colcon.colcon_core.shell:Creating package script '/home/robotserver/ROS2_Nav2_Course/turtlebot3_ws/install/turtlebot3_gazebo/share/turtlebot3_gazebo/package.ps1'
[0.580s] INFO:colcon.colcon_core.shell:Creating package descriptor '/home/robotserver/ROS2_Nav2_Course/turtlebot3_ws/install/turtlebot3_gazebo/share/turtlebot3_gazebo/package.dsv'
[0.580s] INFO:colcon.colcon_core.shell:Creating package script '/home/robotserver/ROS2_Nav2_Course/turtlebot3_ws/install/turtlebot3_gazebo/share/turtlebot3_gazebo/package.sh'
[0.581s] INFO:colcon.colcon_core.shell:Creating package script '/home/robotserver/ROS2_Nav2_Course/turtlebot3_ws/install/turtlebot3_gazebo/share/turtlebot3_gazebo/package.bash'
[0.581s] INFO:colcon.colcon_core.shell:Creating package script '/home/robotserver/ROS2_Nav2_Course/turtlebot3_ws/install/turtlebot3_gazebo/share/turtlebot3_gazebo/package.zsh'
[0.581s] Level 1:colcon.colcon_core.environment:create_file_with_runtime_dependencies(/home/robotserver/ROS2_Nav2_Course/turtlebot3_ws/install/turtlebot3_gazebo/share/colcon-core/packages/turtlebot3_gazebo)
[0.582s] INFO:colcon.colcon_ros.task.ament_cmake.build:Building ROS package in '/home/robotserver/ROS2_Nav2_Course/turtlebot3_ws/src/turtlebot3_simulations' with build type 'ament_cmake'
[0.582s] INFO:colcon.colcon_cmake.task.cmake.build:Building CMake package in '/home/robotserver/ROS2_Nav2_Course/turtlebot3_ws/src/turtlebot3_simulations'
[0.582s] INFO:colcon.colcon_core.shell:Skip shell extension 'powershell' for command environment: Not usable outside of PowerShell
[0.582s] DEBUG:colcon.colcon_core.shell:Skip shell extension 'dsv' for command environment
[0.593s] DEBUG:colcon.colcon_core.event_handler.log_command:Invoking command in '/home/robotserver/ROS2_Nav2_Course/turtlebot3_ws/build/turtlebot3_simulations': CMAKE_PREFIX_PATH=/home/robotserver/ros2_ws/install/py_srvcli:/home/robotserver/ros2_ws/install/py_pubsub:/home/robotserver/ros2_ws/install/my_py_pkg:/home/robotserver/Desktop/git/create3_main/install/create3_teleop:/home/robotserver/Desktop/git/create3_main/install/create3_msg_transfer:/home/robotserver/Desktop/git/create3_main/install/create3_control:/opt/ros/humble:/home/robotserver/ROS2_Nav2_Course/turtlebot3_ws/install/turtlebot3_gazebo:/home/robotserver/ROS2_Nav2_Course/turtlebot3_ws/install/turtlebot3_fake_node:/home/robotserver/ROS2_Nav2_Course/turtlebot3_ws/install/turtlebot3_simulations:/home/robotserver/ros2_ws/install/tutorial_interfaces:/home/robotserver/ros2_ws/install/polygon_plugins:/home/robotserver/ros2_ws/install/polygon_base:/home/robotserver/ros2_ws/install/my_robot_bringup:/home/robotserver/ros2_ws/install/my_cpp_pkg:/home/robotserver/ros2_ws/install/my_robot_interfaces:/home/robotserver/ros2_ws/install/action_tutorials_interfaces:/home/robotserver/ros2_ws/src/tutorial_interfaces/install/tutorial_interfaces /usr/bin/cmake --build /home/robotserver/ROS2_Nav2_Course/turtlebot3_ws/build/turtlebot3_simulations -- -j8 -l8
[0.627s] DEBUG:colcon.colcon_core.event_handler.log_command:Invoked command in '/home/robotserver/ROS2_Nav2_Course/turtlebot3_ws/build/turtlebot3_simulations' returned '0': CMAKE_PREFIX_PATH=/home/robotserver/ros2_ws/install/py_srvcli:/home/robotserver/ros2_ws/install/py_pubsub:/home/robotserver/ros2_ws/install/my_py_pkg:/home/robotserver/Desktop/git/create3_main/install/create3_teleop:/home/robotserver/Desktop/git/create3_main/install/create3_msg_transfer:/home/robotserver/Desktop/git/create3_main/install/create3_control:/opt/ros/humble:/home/robotserver/ROS2_Nav2_Course/turtlebot3_ws/install/turtlebot3_gazebo:/home/robotserver/ROS2_Nav2_Course/turtlebot3_ws/install/turtlebot3_fake_node:/home/robotserver/ROS2_Nav2_Course/turtlebot3_ws/install/turtlebot3_simulations:/home/robotserver/ros2_ws/install/tutorial_interfaces:/home/robotserver/ros2_ws/install/polygon_plugins:/home/robotserver/ros2_ws/install/polygon_base:/home/robotserver/ros2_ws/install/my_robot_bringup:/home/robotserver/ros2_ws/install/my_cpp_pkg:/home/robotserver/ros2_ws/install/my_robot_interfaces:/home/robotserver/ros2_ws/install/action_tutorials_interfaces:/home/robotserver/ros2_ws/src/tutorial_interfaces/install/tutorial_interfaces /usr/bin/cmake --build /home/robotserver/ROS2_Nav2_Course/turtlebot3_ws/build/turtlebot3_simulations -- -j8 -l8
[0.649s] DEBUG:colcon.colcon_core.event_handler.log_command:Invoking command in '/home/robotserver/ROS2_Nav2_Course/turtlebot3_ws/build/turtlebot3_simulations': CMAKE_PREFIX_PATH=/home/robotserver/ros2_ws/install/py_srvcli:/home/robotserver/ros2_ws/install/py_pubsub:/home/robotserver/ros2_ws/install/my_py_pkg:/home/robotserver/Desktop/git/create3_main/install/create3_teleop:/home/robotserver/Desktop/git/create3_main/install/create3_msg_transfer:/home/robotserver/Desktop/git/create3_main/install/create3_control:/opt/ros/humble:/home/robotserver/ROS2_Nav2_Course/turtlebot3_ws/install/turtlebot3_gazebo:/home/robotserver/ROS2_Nav2_Course/turtlebot3_ws/install/turtlebot3_fake_node:/home/robotserver/ROS2_Nav2_Course/turtlebot3_ws/install/turtlebot3_simulations:/home/robotserver/ros2_ws/install/tutorial_interfaces:/home/robotserver/ros2_ws/install/polygon_plugins:/home/robotserver/ros2_ws/install/polygon_base:/home/robotserver/ros2_ws/install/my_robot_bringup:/home/robotserver/ros2_ws/install/my_cpp_pkg:/home/robotserver/ros2_ws/install/my_robot_interfaces:/home/robotserver/ros2_ws/install/action_tutorials_interfaces:/home/robotserver/ros2_ws/src/tutorial_interfaces/install/tutorial_interfaces /usr/bin/cmake --install /home/robotserver/ROS2_Nav2_Course/turtlebot3_ws/build/turtlebot3_simulations
[0.659s] Level 1:colcon.colcon_core.environment:create_environment_scripts_only(turtlebot3_simulations)
[0.659s] DEBUG:colcon.colcon_core.event_handler.log_command:Invoked command in '/home/robotserver/ROS2_Nav2_Course/turtlebot3_ws/build/turtlebot3_simulations' returned '0': CMAKE_PREFIX_PATH=/home/robotserver/ros2_ws/install/py_srvcli:/home/robotserver/ros2_ws/install/py_pubsub:/home/robotserver/ros2_ws/install/my_py_pkg:/home/robotserver/Desktop/git/create3_main/install/create3_teleop:/home/robotserver/Desktop/git/create3_main/install/create3_msg_transfer:/home/robotserver/Desktop/git/create3_main/install/create3_control:/opt/ros/humble:/home/robotserver/ROS2_Nav2_Course/turtlebot3_ws/install/turtlebot3_gazebo:/home/robotserver/ROS2_Nav2_Course/turtlebot3_ws/install/turtlebot3_fake_node:/home/robotserver/ROS2_Nav2_Course/turtlebot3_ws/install/turtlebot3_simulations:/home/robotserver/ros2_ws/install/tutorial_interfaces:/home/robotserver/ros2_ws/install/polygon_plugins:/home/robotserver/ros2_ws/install/polygon_base:/home/robotserver/ros2_ws/install/my_robot_bringup:/home/robotserver/ros2_ws/install/my_cpp_pkg:/home/robotserver/ros2_ws/install/my_robot_interfaces:/home/robotserver/ros2_ws/install/action_tutorials_interfaces:/home/robotserver/ros2_ws/src/tutorial_interfaces/install/tutorial_interfaces /usr/bin/cmake --install /home/robotserver/ROS2_Nav2_Course/turtlebot3_ws/build/turtlebot3_simulations
[0.659s] Level 1:colcon.colcon_core.environment:checking '/home/robotserver/ROS2_Nav2_Course/turtlebot3_ws/install/turtlebot3_simulations' for CMake module files
[0.660s] Level 1:colcon.colcon_core.environment:checking '/home/robotserver/ROS2_Nav2_Course/turtlebot3_ws/install/turtlebot3_simulations' for CMake config files
[0.660s] Level 1:colcon.colcon_core.shell:create_environment_hook('turtlebot3_simulations', 'cmake_prefix_path')
[0.660s] INFO:colcon.colcon_core.shell:Creating environment hook '/home/robotserver/ROS2_Nav2_Course/turtlebot3_ws/install/turtlebot3_simulations/share/turtlebot3_simulations/hook/cmake_prefix_path.ps1'
[0.661s] INFO:colcon.colcon_core.shell:Creating environment descriptor '/home/robotserver/ROS2_Nav2_Course/turtlebot3_ws/install/turtlebot3_simulations/share/turtlebot3_simulations/hook/cmake_prefix_path.dsv'
[0.661s] INFO:colcon.colcon_core.shell:Creating environment hook '/home/robotserver/ROS2_Nav2_Course/turtlebot3_ws/install/turtlebot3_simulations/share/turtlebot3_simulations/hook/cmake_prefix_path.sh'
[0.661s] Level 1:colcon.colcon_core.environment:checking '/home/robotserver/ROS2_Nav2_Course/turtlebot3_ws/install/turtlebot3_simulations/bin'
[0.661s] Level 1:colcon.colcon_core.environment:checking '/home/robotserver/ROS2_Nav2_Course/turtlebot3_ws/install/turtlebot3_simulations/lib/pkgconfig/turtlebot3_simulations.pc'
[0.662s] Level 1:colcon.colcon_core.environment:checking '/home/robotserver/ROS2_Nav2_Course/turtlebot3_ws/install/turtlebot3_simulations/lib/python3.10/site-packages'
[0.662s] Level 1:colcon.colcon_core.environment:checking '/home/robotserver/ROS2_Nav2_Course/turtlebot3_ws/install/turtlebot3_simulations/bin'
[0.662s] INFO:colcon.colcon_core.shell:Creating package script '/home/robotserver/ROS2_Nav2_Course/turtlebot3_ws/install/turtlebot3_simulations/share/turtlebot3_simulations/package.ps1'
[0.662s] INFO:colcon.colcon_core.shell:Creating package descriptor '/home/robotserver/ROS2_Nav2_Course/turtlebot3_ws/install/turtlebot3_simulations/share/turtlebot3_simulations/package.dsv'
[0.663s] INFO:colcon.colcon_core.shell:Creating package script '/home/robotserver/ROS2_Nav2_Course/turtlebot3_ws/install/turtlebot3_simulations/share/turtlebot3_simulations/package.sh'
[0.663s] INFO:colcon.colcon_core.shell:Creating package script '/home/robotserver/ROS2_Nav2_Course/turtlebot3_ws/install/turtlebot3_simulations/share/turtlebot3_simulations/package.bash'
[0.663s] INFO:colcon.colcon_core.shell:Creating package script '/home/robotserver/ROS2_Nav2_Course/turtlebot3_ws/install/turtlebot3_simulations/share/turtlebot3_simulations/package.zsh'
[0.664s] Level 1:colcon.colcon_core.environment:create_file_with_runtime_dependencies(/home/robotserver/ROS2_Nav2_Course/turtlebot3_ws/install/turtlebot3_simulations/share/colcon-core/packages/turtlebot3_simulations)
[0.684s] Level 1:colcon.colcon_core.environment:create_environment_scripts_only(turtlebot3_simulations)
[0.685s] Level 1:colcon.colcon_core.environment:checking '/home/robotserver/ROS2_Nav2_Course/turtlebot3_ws/install/turtlebot3_simulations' for CMake module files
[0.685s] Level 1:colcon.colcon_core.environment:checking '/home/robotserver/ROS2_Nav2_Course/turtlebot3_ws/install/turtlebot3_simulations' for CMake config files
[0.685s] Level 1:colcon.colcon_core.shell:create_environment_hook('turtlebot3_simulations', 'cmake_prefix_path')
[0.686s] INFO:colcon.colcon_core.shell:Creating environment hook '/home/robotserver/ROS2_Nav2_Course/turtlebot3_ws/install/turtlebot3_simulations/share/turtlebot3_simulations/hook/cmake_prefix_path.ps1'
[0.686s] INFO:colcon.colcon_core.shell:Creating environment descriptor '/home/robotserver/ROS2_Nav2_Course/turtlebot3_ws/install/turtlebot3_simulations/share/turtlebot3_simulations/hook/cmake_prefix_path.dsv'
[0.687s] INFO:colcon.colcon_core.shell:Creating environment hook '/home/robotserver/ROS2_Nav2_Course/turtlebot3_ws/install/turtlebot3_simulations/share/turtlebot3_simulations/hook/cmake_prefix_path.sh'
[0.688s] Level 1:colcon.colcon_core.environment:checking '/home/robotserver/ROS2_Nav2_Course/turtlebot3_ws/install/turtlebot3_simulations/bin'
[0.688s] Level 1:colcon.colcon_core.environment:checking '/home/robotserver/ROS2_Nav2_Course/turtlebot3_ws/install/turtlebot3_simulations/lib/pkgconfig/turtlebot3_simulations.pc'
[0.688s] Level 1:colcon.colcon_core.environment:checking '/home/robotserver/ROS2_Nav2_Course/turtlebot3_ws/install/turtlebot3_simulations/lib/python3.10/site-packages'
[0.688s] Level 1:colcon.colcon_core.environment:checking '/home/robotserver/ROS2_Nav2_Course/turtlebot3_ws/install/turtlebot3_simulations/bin'
[0.689s] INFO:colcon.colcon_core.shell:Creating package script '/home/robotserver/ROS2_Nav2_Course/turtlebot3_ws/install/turtlebot3_simulations/share/turtlebot3_simulations/package.ps1'
[0.689s] INFO:colcon.colcon_core.shell:Creating package descriptor '/home/robotserver/ROS2_Nav2_Course/turtlebot3_ws/install/turtlebot3_simulations/share/turtlebot3_simulations/package.dsv'
[0.689s] INFO:colcon.colcon_core.shell:Creating package script '/home/robotserver/ROS2_Nav2_Course/turtlebot3_ws/install/turtlebot3_simulations/share/turtlebot3_simulations/package.sh'
[0.690s] INFO:colcon.colcon_core.shell:Creating package script '/home/robotserver/ROS2_Nav2_Course/turtlebot3_ws/install/turtlebot3_simulations/share/turtlebot3_simulations/package.bash'
[0.690s] INFO:colcon.colcon_core.shell:Creating package script '/home/robotserver/ROS2_Nav2_Course/turtlebot3_ws/install/turtlebot3_simulations/share/turtlebot3_simulations/package.zsh'
[0.690s] Level 1:colcon.colcon_core.environment:create_file_with_runtime_dependencies(/home/robotserver/ROS2_Nav2_Course/turtlebot3_ws/install/turtlebot3_simulations/share/colcon-core/packages/turtlebot3_simulations)
[0.691s] DEBUG:colcon.colcon_parallel_executor.executor.parallel:closing loop
[0.691s] DEBUG:colcon.colcon_parallel_executor.executor.parallel:loop closed
[0.691s] DEBUG:colcon.colcon_parallel_executor.executor.parallel:run_until_complete finished with '0'
[0.691s] DEBUG:colcon.colcon_core.event_reactor:joining thread
[0.696s] INFO:colcon.colcon_core.plugin_system:Skipping extension 'colcon_notification.desktop_notification.terminal_notifier': Not used on non-Darwin systems
[0.697s] INFO:colcon.colcon_core.plugin_system:Skipping extension 'colcon_notification.desktop_notification.win32': Not used on non-Windows systems
[0.697s] INFO:colcon.colcon_notification.desktop_notification:Sending desktop notification using 'notify2'
[0.706s] DEBUG:colcon.colcon_core.event_reactor:joined thread
[0.706s] INFO:colcon.colcon_core.shell:Creating prefix script '/home/robotserver/ROS2_Nav2_Course/turtlebot3_ws/install/local_setup.ps1'
[0.708s] INFO:colcon.colcon_core.shell:Creating prefix util module '/home/robotserver/ROS2_Nav2_Course/turtlebot3_ws/install/_local_setup_util_ps1.py'
[0.710s] INFO:colcon.colcon_core.shell:Creating prefix chain script '/home/robotserver/ROS2_Nav2_Course/turtlebot3_ws/install/setup.ps1'
[0.712s] INFO:colcon.colcon_core.shell:Creating prefix script '/home/robotserver/ROS2_Nav2_Course/turtlebot3_ws/install/local_setup.sh'
[0.712s] INFO:colcon.colcon_core.shell:Creating prefix util module '/home/robotserver/ROS2_Nav2_Course/turtlebot3_ws/install/_local_setup_util_sh.py'
[0.712s] INFO:colcon.colcon_core.shell:Creating prefix chain script '/home/robotserver/ROS2_Nav2_Course/turtlebot3_ws/install/setup.sh'
[0.714s] INFO:colcon.colcon_core.shell:Creating prefix script '/home/robotserver/ROS2_Nav2_Course/turtlebot3_ws/install/local_setup.bash'
[0.714s] INFO:colcon.colcon_core.shell:Creating prefix chain script '/home/robotserver/ROS2_Nav2_Course/turtlebot3_ws/install/setup.bash'
[0.716s] INFO:colcon.colcon_core.shell:Creating prefix script '/home/robotserver/ROS2_Nav2_Course/turtlebot3_ws/install/local_setup.zsh'
[0.716s] INFO:colcon.colcon_core.shell:Creating prefix chain script '/home/robotserver/ROS2_Nav2_Course/turtlebot3_ws/install/setup.zsh'
