[0.696s] Invoking command in '/home/robotserver/ros2_ws/build/my_py_pkg': CONDA_PROMPT_MODIFIER=(base) PYTHONPATH=/home/robotserver/ros2_ws/build/my_py_pkg/prefix_override:/usr/lib/python3/dist-packages/colcon_core/task/python/colcon_distutils_commands:/home/robotserver/ros2_ws/install/my_py_pkg/lib/python3.10/site-packages:${PYTHONPATH} /usr/bin/python3 -W ignore:setup.py install is deprecated setup.py develop --uninstall --editable --build-directory /home/robotserver/ros2_ws/build/my_py_pkg/build
[0.964s] running develop
[0.964s] /usr/lib/python3/dist-packages/setuptools/command/easy_install.py:158: EasyInstallDeprecationWarning: easy_install command is deprecated. Use build and pip and other standards-based tools.
[0.965s]   warnings.warn(
[1.131s] Removing /home/robotserver/ros2_ws/install/my_py_pkg/lib/python3.10/site-packages/my-py-pkg.egg-link (link to .)
[1.168s] Invoked command in '/home/robotserver/ros2_ws/build/my_py_pkg' returned '0': CONDA_PROMPT_MODIFIER=(base) PYTHONPATH=/home/robotserver/ros2_ws/build/my_py_pkg/prefix_override:/usr/lib/python3/dist-packages/colcon_core/task/python/colcon_distutils_commands:/home/robotserver/ros2_ws/install/my_py_pkg/lib/python3.10/site-packages:${PYTHONPATH} /usr/bin/python3 -W ignore:setup.py install is deprecated setup.py develop --uninstall --editable --build-directory /home/robotserver/ros2_ws/build/my_py_pkg/build
[1.170s] Invoking command in '/home/robotserver/ros2_ws/src/my_py_pkg': CONDA_PROMPT_MODIFIER=(base) PYTHONPATH=/home/robotserver/ros2_ws/build/my_py_pkg/prefix_override:/usr/lib/python3/dist-packages/colcon_core/task/python/colcon_distutils_commands:/home/robotserver/ros2_ws/install/my_py_pkg/lib/python3.10/site-packages:${PYTHONPATH} /usr/bin/python3 -W ignore:setup.py install is deprecated setup.py egg_info --egg-base ../../build/my_py_pkg build --build-base /home/robotserver/ros2_ws/build/my_py_pkg/build install --record /home/robotserver/ros2_ws/build/my_py_pkg/install.log --single-version-externally-managed install_data --force
[1.424s] running egg_info
[1.425s] writing ../../build/my_py_pkg/my_py_pkg.egg-info/PKG-INFO
[1.425s] writing dependency_links to ../../build/my_py_pkg/my_py_pkg.egg-info/dependency_links.txt
[1.425s] writing entry points to ../../build/my_py_pkg/my_py_pkg.egg-info/entry_points.txt
[1.426s] writing requirements to ../../build/my_py_pkg/my_py_pkg.egg-info/requires.txt
[1.426s] writing top-level names to ../../build/my_py_pkg/my_py_pkg.egg-info/top_level.txt
[1.428s] reading manifest file '../../build/my_py_pkg/my_py_pkg.egg-info/SOURCES.txt'
[1.429s] writing manifest file '../../build/my_py_pkg/my_py_pkg.egg-info/SOURCES.txt'
[1.429s] running build
[1.429s] running build_py
[1.429s] copying my_py_pkg/my_first_node.py -> /home/robotserver/ros2_ws/build/my_py_pkg/build/lib/my_py_pkg
[1.429s] copying my_py_pkg/smartphone.py -> /home/robotserver/ros2_ws/build/my_py_pkg/build/lib/my_py_pkg
[1.429s] copying my_py_pkg/robot_news_station.py -> /home/robotserver/ros2_ws/build/my_py_pkg/build/lib/my_py_pkg
[1.430s] running install
[1.431s] running install_lib
[1.432s] creating /home/robotserver/ros2_ws/install/my_py_pkg/lib/python3.10/site-packages/my_py_pkg
[1.432s] copying /home/robotserver/ros2_ws/build/my_py_pkg/build/lib/my_py_pkg/my_first_node.py -> /home/robotserver/ros2_ws/install/my_py_pkg/lib/python3.10/site-packages/my_py_pkg
[1.432s] copying /home/robotserver/ros2_ws/build/my_py_pkg/build/lib/my_py_pkg/smartphone.py -> /home/robotserver/ros2_ws/install/my_py_pkg/lib/python3.10/site-packages/my_py_pkg
[1.433s] copying /home/robotserver/ros2_ws/build/my_py_pkg/build/lib/my_py_pkg/__init__.py -> /home/robotserver/ros2_ws/install/my_py_pkg/lib/python3.10/site-packages/my_py_pkg
[1.433s] copying /home/robotserver/ros2_ws/build/my_py_pkg/build/lib/my_py_pkg/robot_news_station.py -> /home/robotserver/ros2_ws/install/my_py_pkg/lib/python3.10/site-packages/my_py_pkg
[1.433s] byte-compiling /home/robotserver/ros2_ws/install/my_py_pkg/lib/python3.10/site-packages/my_py_pkg/my_first_node.py to my_first_node.cpython-310.pyc
[1.434s] byte-compiling /home/robotserver/ros2_ws/install/my_py_pkg/lib/python3.10/site-packages/my_py_pkg/smartphone.py to smartphone.cpython-310.pyc
[1.434s] byte-compiling /home/robotserver/ros2_ws/install/my_py_pkg/lib/python3.10/site-packages/my_py_pkg/__init__.py to __init__.cpython-310.pyc
[1.435s] byte-compiling /home/robotserver/ros2_ws/install/my_py_pkg/lib/python3.10/site-packages/my_py_pkg/robot_news_station.py to robot_news_station.cpython-310.pyc
[1.435s] running install_data
[1.435s] copying resource/my_py_pkg -> /home/robotserver/ros2_ws/install/my_py_pkg/share/ament_index/resource_index/packages
[1.436s] copying package.xml -> /home/robotserver/ros2_ws/install/my_py_pkg/share/my_py_pkg
[1.436s] running install_egg_info
[1.438s] Copying ../../build/my_py_pkg/my_py_pkg.egg-info to /home/robotserver/ros2_ws/install/my_py_pkg/lib/python3.10/site-packages/my_py_pkg-0.0.0-py3.10.egg-info
[1.439s] running install_scripts
[1.460s] Installing py_node script to /home/robotserver/ros2_ws/install/my_py_pkg/lib/my_py_pkg
[1.460s] Installing robot_news_station script to /home/robotserver/ros2_ws/install/my_py_pkg/lib/my_py_pkg
[1.460s] Installing smartphone script to /home/robotserver/ros2_ws/install/my_py_pkg/lib/my_py_pkg
[1.461s] writing list of installed files to '/home/robotserver/ros2_ws/build/my_py_pkg/install.log'
[1.489s] Invoked command in '/home/robotserver/ros2_ws/src/my_py_pkg' returned '0': CONDA_PROMPT_MODIFIER=(base) PYTHONPATH=/home/robotserver/ros2_ws/build/my_py_pkg/prefix_override:/usr/lib/python3/dist-packages/colcon_core/task/python/colcon_distutils_commands:/home/robotserver/ros2_ws/install/my_py_pkg/lib/python3.10/site-packages:${PYTHONPATH} /usr/bin/python3 -W ignore:setup.py install is deprecated setup.py egg_info --egg-base ../../build/my_py_pkg build --build-base /home/robotserver/ros2_ws/build/my_py_pkg/build install --record /home/robotserver/ros2_ws/build/my_py_pkg/install.log --single-version-externally-managed install_data --force
