[0.094s] DEBUG:colcon:Command line arguments: ['/usr/bin/colcon', 'build']
[0.094s] DEBUG:colcon:Parsed command line arguments: Namespace(log_base=None, log_level=None, verb_name='build', build_base='build', install_base='install', merge_install=False, symlink_install=False, test_result_base=None, continue_on_error=False, executor='parallel', parallel_workers=8, event_handlers=None, ignore_user_meta=False, metas=['./colcon.meta'], base_paths=['.'], packages_ignore=None, packages_ignore_regex=None, paths=None, packages_up_to=None, packages_up_to_regex=None, packages_above=None, packages_above_and_dependencies=None, packages_above_depth=None, packages_select_by_dep=None, packages_skip_by_dep=None, packages_skip_up_to=None, packages_select_build_failed=False, packages_skip_build_finished=False, packages_select_test_failures=False, packages_skip_test_passed=False, packages_select=None, packages_skip=None, packages_select_regex=None, packages_skip_regex=None, packages_start=None, packages_end=None, allow_overriding=[], cmake_args=None, cmake_target=None, cmake_target_skip_unavailable=False, cmake_clean_cache=False, cmake_clean_first=False, cmake_force_configure=False, ament_cmake_args=None, catkin_cmake_args=None, catkin_skip_building_tests=False, verb_parser=<colcon_defaults.argument_parser.defaults.DefaultArgumentsDecorator object at 0x7c58056fffd0>, verb_extension=<colcon_core.verb.build.BuildVerb object at 0x7c58056a98a0>, main=<bound method BuildVerb.main of <colcon_core.verb.build.BuildVerb object at 0x7c58056a98a0>>)
[0.239s] Level 1:colcon.colcon_core.package_discovery:discover_packages(colcon_meta) check parameters
[0.239s] Level 1:colcon.colcon_core.package_discovery:discover_packages(recursive) check parameters
[0.239s] Level 1:colcon.colcon_core.package_discovery:discover_packages(ignore) check parameters
[0.239s] Level 1:colcon.colcon_core.package_discovery:discover_packages(path) check parameters
[0.239s] Level 1:colcon.colcon_core.package_discovery:discover_packages(colcon_meta) discover
[0.240s] Level 1:colcon.colcon_core.package_discovery:discover_packages(recursive) discover
[0.240s] INFO:colcon.colcon_core.package_discovery:Crawling recursively for packages in '/home/robotserver/Desktop/git/ROS/create3_examples_ws'
[0.240s] Level 1:colcon.colcon_core.package_identification:_identify(.) by extensions ['ignore', 'ignore_ament_install']
[0.240s] Level 1:colcon.colcon_core.package_identification:_identify(.) by extension 'ignore'
[0.240s] Level 1:colcon.colcon_core.package_identification:_identify(.) by extension 'ignore_ament_install'
[0.240s] Level 1:colcon.colcon_core.package_identification:_identify(.) by extensions ['colcon_pkg']
[0.240s] Level 1:colcon.colcon_core.package_identification:_identify(.) by extension 'colcon_pkg'
[0.240s] Level 1:colcon.colcon_core.package_identification:_identify(.) by extensions ['colcon_meta']
[0.240s] Level 1:colcon.colcon_core.package_identification:_identify(.) by extension 'colcon_meta'
[0.240s] Level 1:colcon.colcon_core.package_identification:_identify(.) by extensions ['ros']
[0.240s] Level 1:colcon.colcon_core.package_identification:_identify(.) by extension 'ros'
[0.251s] Level 1:colcon.colcon_core.package_identification:_identify(.) by extensions ['cmake', 'python']
[0.251s] Level 1:colcon.colcon_core.package_identification:_identify(.) by extension 'cmake'
[0.251s] Level 1:colcon.colcon_core.package_identification:_identify(.) by extension 'python'
[0.251s] Level 1:colcon.colcon_core.package_identification:_identify(.) by extensions ['python_setup_py']
[0.251s] Level 1:colcon.colcon_core.package_identification:_identify(.) by extension 'python_setup_py'
[0.251s] Level 1:colcon.colcon_core.package_identification:_identify(build) by extensions ['ignore', 'ignore_ament_install']
[0.251s] Level 1:colcon.colcon_core.package_identification:_identify(build) by extension 'ignore'
[0.251s] Level 1:colcon.colcon_core.package_identification:_identify(build) ignored
[0.251s] Level 1:colcon.colcon_core.package_identification:_identify(install) by extensions ['ignore', 'ignore_ament_install']
[0.251s] Level 1:colcon.colcon_core.package_identification:_identify(install) by extension 'ignore'
[0.251s] Level 1:colcon.colcon_core.package_identification:_identify(install) ignored
[0.251s] Level 1:colcon.colcon_core.package_identification:_identify(log) by extensions ['ignore', 'ignore_ament_install']
[0.251s] Level 1:colcon.colcon_core.package_identification:_identify(log) by extension 'ignore'
[0.251s] Level 1:colcon.colcon_core.package_identification:_identify(log) ignored
[0.251s] Level 1:colcon.colcon_core.package_identification:_identify(src) by extensions ['ignore', 'ignore_ament_install']
[0.252s] Level 1:colcon.colcon_core.package_identification:_identify(src) by extension 'ignore'
[0.252s] Level 1:colcon.colcon_core.package_identification:_identify(src) by extension 'ignore_ament_install'
[0.252s] Level 1:colcon.colcon_core.package_identification:_identify(src) by extensions ['colcon_pkg']
[0.252s] Level 1:colcon.colcon_core.package_identification:_identify(src) by extension 'colcon_pkg'
[0.252s] Level 1:colcon.colcon_core.package_identification:_identify(src) by extensions ['colcon_meta']
[0.252s] Level 1:colcon.colcon_core.package_identification:_identify(src) by extension 'colcon_meta'
[0.252s] Level 1:colcon.colcon_core.package_identification:_identify(src) by extensions ['ros']
[0.252s] Level 1:colcon.colcon_core.package_identification:_identify(src) by extension 'ros'
[0.252s] Level 1:colcon.colcon_core.package_identification:_identify(src) by extensions ['cmake', 'python']
[0.252s] Level 1:colcon.colcon_core.package_identification:_identify(src) by extension 'cmake'
[0.252s] Level 1:colcon.colcon_core.package_identification:_identify(src) by extension 'python'
[0.252s] Level 1:colcon.colcon_core.package_identification:_identify(src) by extensions ['python_setup_py']
[0.252s] Level 1:colcon.colcon_core.package_identification:_identify(src) by extension 'python_setup_py'
[0.252s] Level 1:colcon.colcon_core.package_identification:_identify(src/create3_examples) by extensions ['ignore', 'ignore_ament_install']
[0.252s] Level 1:colcon.colcon_core.package_identification:_identify(src/create3_examples) by extension 'ignore'
[0.252s] Level 1:colcon.colcon_core.package_identification:_identify(src/create3_examples) by extension 'ignore_ament_install'
[0.252s] Level 1:colcon.colcon_core.package_identification:_identify(src/create3_examples) by extensions ['colcon_pkg']
[0.252s] Level 1:colcon.colcon_core.package_identification:_identify(src/create3_examples) by extension 'colcon_pkg'
[0.252s] Level 1:colcon.colcon_core.package_identification:_identify(src/create3_examples) by extensions ['colcon_meta']
[0.252s] Level 1:colcon.colcon_core.package_identification:_identify(src/create3_examples) by extension 'colcon_meta'
[0.252s] Level 1:colcon.colcon_core.package_identification:_identify(src/create3_examples) by extensions ['ros']
[0.252s] Level 1:colcon.colcon_core.package_identification:_identify(src/create3_examples) by extension 'ros'
[0.253s] Level 1:colcon.colcon_core.package_identification:_identify(src/create3_examples) by extensions ['cmake', 'python']
[0.253s] Level 1:colcon.colcon_core.package_identification:_identify(src/create3_examples) by extension 'cmake'
[0.253s] Level 1:colcon.colcon_core.package_identification:_identify(src/create3_examples) by extension 'python'
[0.253s] Level 1:colcon.colcon_core.package_identification:_identify(src/create3_examples) by extensions ['python_setup_py']
[0.253s] Level 1:colcon.colcon_core.package_identification:_identify(src/create3_examples) by extension 'python_setup_py'
[0.253s] Level 1:colcon.colcon_core.package_identification:_identify(src/create3_examples/create3_coverage) by extensions ['ignore', 'ignore_ament_install']
[0.253s] Level 1:colcon.colcon_core.package_identification:_identify(src/create3_examples/create3_coverage) by extension 'ignore'
[0.253s] Level 1:colcon.colcon_core.package_identification:_identify(src/create3_examples/create3_coverage) by extension 'ignore_ament_install'
[0.253s] Level 1:colcon.colcon_core.package_identification:_identify(src/create3_examples/create3_coverage) by extensions ['colcon_pkg']
[0.253s] Level 1:colcon.colcon_core.package_identification:_identify(src/create3_examples/create3_coverage) by extension 'colcon_pkg'
[0.253s] Level 1:colcon.colcon_core.package_identification:_identify(src/create3_examples/create3_coverage) by extensions ['colcon_meta']
[0.253s] Level 1:colcon.colcon_core.package_identification:_identify(src/create3_examples/create3_coverage) by extension 'colcon_meta'
[0.253s] Level 1:colcon.colcon_core.package_identification:_identify(src/create3_examples/create3_coverage) by extensions ['ros']
[0.253s] Level 1:colcon.colcon_core.package_identification:_identify(src/create3_examples/create3_coverage) by extension 'ros'
[0.256s] DEBUG:colcon.colcon_core.package_identification:Package 'src/create3_examples/create3_coverage' with type 'ros.ament_cmake' and name 'create3_coverage'
[0.256s] Level 1:colcon.colcon_core.package_identification:_identify(src/create3_examples/create3_examples_msgs) by extensions ['ignore', 'ignore_ament_install']
[0.256s] Level 1:colcon.colcon_core.package_identification:_identify(src/create3_examples/create3_examples_msgs) by extension 'ignore'
[0.256s] Level 1:colcon.colcon_core.package_identification:_identify(src/create3_examples/create3_examples_msgs) by extension 'ignore_ament_install'
[0.256s] Level 1:colcon.colcon_core.package_identification:_identify(src/create3_examples/create3_examples_msgs) by extensions ['colcon_pkg']
[0.256s] Level 1:colcon.colcon_core.package_identification:_identify(src/create3_examples/create3_examples_msgs) by extension 'colcon_pkg'
[0.256s] Level 1:colcon.colcon_core.package_identification:_identify(src/create3_examples/create3_examples_msgs) by extensions ['colcon_meta']
[0.256s] Level 1:colcon.colcon_core.package_identification:_identify(src/create3_examples/create3_examples_msgs) by extension 'colcon_meta'
[0.256s] Level 1:colcon.colcon_core.package_identification:_identify(src/create3_examples/create3_examples_msgs) by extensions ['ros']
[0.256s] Level 1:colcon.colcon_core.package_identification:_identify(src/create3_examples/create3_examples_msgs) by extension 'ros'
[0.257s] DEBUG:colcon.colcon_core.package_identification:Package 'src/create3_examples/create3_examples_msgs' with type 'ros.ament_cmake' and name 'create3_examples_msgs'
[0.257s] Level 1:colcon.colcon_core.package_identification:_identify(src/create3_examples/create3_examples_py) by extensions ['ignore', 'ignore_ament_install']
[0.257s] Level 1:colcon.colcon_core.package_identification:_identify(src/create3_examples/create3_examples_py) by extension 'ignore'
[0.257s] Level 1:colcon.colcon_core.package_identification:_identify(src/create3_examples/create3_examples_py) by extension 'ignore_ament_install'
[0.257s] Level 1:colcon.colcon_core.package_identification:_identify(src/create3_examples/create3_examples_py) by extensions ['colcon_pkg']
[0.257s] Level 1:colcon.colcon_core.package_identification:_identify(src/create3_examples/create3_examples_py) by extension 'colcon_pkg'
[0.257s] Level 1:colcon.colcon_core.package_identification:_identify(src/create3_examples/create3_examples_py) by extensions ['colcon_meta']
[0.257s] Level 1:colcon.colcon_core.package_identification:_identify(src/create3_examples/create3_examples_py) by extension 'colcon_meta'
[0.257s] Level 1:colcon.colcon_core.package_identification:_identify(src/create3_examples/create3_examples_py) by extensions ['ros']
[0.257s] Level 1:colcon.colcon_core.package_identification:_identify(src/create3_examples/create3_examples_py) by extension 'ros'
[0.258s] DEBUG:colcon.colcon_core.package_identification:Package 'src/create3_examples/create3_examples_py' with type 'ros.ament_python' and name 'create3_examples_py'
[0.258s] Level 1:colcon.colcon_core.package_identification:_identify(src/create3_examples/create3_lidar_slam) by extensions ['ignore', 'ignore_ament_install']
[0.258s] Level 1:colcon.colcon_core.package_identification:_identify(src/create3_examples/create3_lidar_slam) by extension 'ignore'
[0.258s] Level 1:colcon.colcon_core.package_identification:_identify(src/create3_examples/create3_lidar_slam) by extension 'ignore_ament_install'
[0.258s] Level 1:colcon.colcon_core.package_identification:_identify(src/create3_examples/create3_lidar_slam) by extensions ['colcon_pkg']
[0.258s] Level 1:colcon.colcon_core.package_identification:_identify(src/create3_examples/create3_lidar_slam) by extension 'colcon_pkg'
[0.258s] Level 1:colcon.colcon_core.package_identification:_identify(src/create3_examples/create3_lidar_slam) by extensions ['colcon_meta']
[0.258s] Level 1:colcon.colcon_core.package_identification:_identify(src/create3_examples/create3_lidar_slam) by extension 'colcon_meta'
[0.258s] Level 1:colcon.colcon_core.package_identification:_identify(src/create3_examples/create3_lidar_slam) by extensions ['ros']
[0.258s] Level 1:colcon.colcon_core.package_identification:_identify(src/create3_examples/create3_lidar_slam) by extension 'ros'
[0.259s] DEBUG:colcon.colcon_core.package_identification:Package 'src/create3_examples/create3_lidar_slam' with type 'ros.ament_cmake' and name 'create3_lidar_slam'
[0.259s] Level 1:colcon.colcon_core.package_identification:_identify(src/create3_examples/create3_republisher) by extensions ['ignore', 'ignore_ament_install']
[0.259s] Level 1:colcon.colcon_core.package_identification:_identify(src/create3_examples/create3_republisher) by extension 'ignore'
[0.259s] Level 1:colcon.colcon_core.package_identification:_identify(src/create3_examples/create3_republisher) by extension 'ignore_ament_install'
[0.259s] Level 1:colcon.colcon_core.package_identification:_identify(src/create3_examples/create3_republisher) by extensions ['colcon_pkg']
[0.259s] Level 1:colcon.colcon_core.package_identification:_identify(src/create3_examples/create3_republisher) by extension 'colcon_pkg'
[0.259s] Level 1:colcon.colcon_core.package_identification:_identify(src/create3_examples/create3_republisher) by extensions ['colcon_meta']
[0.259s] Level 1:colcon.colcon_core.package_identification:_identify(src/create3_examples/create3_republisher) by extension 'colcon_meta'
[0.259s] Level 1:colcon.colcon_core.package_identification:_identify(src/create3_examples/create3_republisher) by extensions ['ros']
[0.259s] Level 1:colcon.colcon_core.package_identification:_identify(src/create3_examples/create3_republisher) by extension 'ros'
[0.260s] DEBUG:colcon.colcon_core.package_identification:Package 'src/create3_examples/create3_republisher' with type 'ros.ament_cmake' and name 'create3_republisher'
[0.260s] Level 1:colcon.colcon_core.package_identification:_identify(src/create3_examples/create3_teleop) by extensions ['ignore', 'ignore_ament_install']
[0.260s] Level 1:colcon.colcon_core.package_identification:_identify(src/create3_examples/create3_teleop) by extension 'ignore'
[0.260s] Level 1:colcon.colcon_core.package_identification:_identify(src/create3_examples/create3_teleop) by extension 'ignore_ament_install'
[0.260s] Level 1:colcon.colcon_core.package_identification:_identify(src/create3_examples/create3_teleop) by extensions ['colcon_pkg']
[0.260s] Level 1:colcon.colcon_core.package_identification:_identify(src/create3_examples/create3_teleop) by extension 'colcon_pkg'
[0.260s] Level 1:colcon.colcon_core.package_identification:_identify(src/create3_examples/create3_teleop) by extensions ['colcon_meta']
[0.260s] Level 1:colcon.colcon_core.package_identification:_identify(src/create3_examples/create3_teleop) by extension 'colcon_meta'
[0.260s] Level 1:colcon.colcon_core.package_identification:_identify(src/create3_examples/create3_teleop) by extensions ['ros']
[0.260s] Level 1:colcon.colcon_core.package_identification:_identify(src/create3_examples/create3_teleop) by extension 'ros'
[0.261s] DEBUG:colcon.colcon_core.package_identification:Package 'src/create3_examples/create3_teleop' with type 'ros.ament_python' and name 'create3_teleop'
[0.261s] Level 1:colcon.colcon_core.package_discovery:discover_packages(recursive) using defaults
[0.261s] Level 1:colcon.colcon_core.package_discovery:discover_packages(ignore) discover
[0.261s] Level 1:colcon.colcon_core.package_discovery:discover_packages(ignore) using defaults
[0.261s] Level 1:colcon.colcon_core.package_discovery:discover_packages(path) discover
[0.261s] Level 1:colcon.colcon_core.package_discovery:discover_packages(path) using defaults
[0.279s] Level 1:colcon.colcon_core.package_discovery:discover_packages(prefix_path) check parameters
[0.279s] Level 1:colcon.colcon_core.package_discovery:discover_packages(prefix_path) discover
[0.281s] DEBUG:colcon.colcon_installed_package_information.package_discovery:Found 305 installed packages in /opt/ros/humble
[0.283s] Level 1:colcon.colcon_core.package_discovery:discover_packages(prefix_path) using defaults
[0.335s] Level 5:colcon.colcon_core.verb:set package 'create3_examples_msgs' build argument 'cmake_args' from command line to 'None'
[0.335s] Level 5:colcon.colcon_core.verb:set package 'create3_examples_msgs' build argument 'cmake_target' from command line to 'None'
[0.335s] Level 5:colcon.colcon_core.verb:set package 'create3_examples_msgs' build argument 'cmake_target_skip_unavailable' from command line to 'False'
[0.335s] Level 5:colcon.colcon_core.verb:set package 'create3_examples_msgs' build argument 'cmake_clean_cache' from command line to 'False'
[0.335s] Level 5:colcon.colcon_core.verb:set package 'create3_examples_msgs' build argument 'cmake_clean_first' from command line to 'False'
[0.335s] Level 5:colcon.colcon_core.verb:set package 'create3_examples_msgs' build argument 'cmake_force_configure' from command line to 'False'
[0.335s] Level 5:colcon.colcon_core.verb:set package 'create3_examples_msgs' build argument 'ament_cmake_args' from command line to 'None'
[0.335s] Level 5:colcon.colcon_core.verb:set package 'create3_examples_msgs' build argument 'catkin_cmake_args' from command line to 'None'
[0.335s] Level 5:colcon.colcon_core.verb:set package 'create3_examples_msgs' build argument 'catkin_skip_building_tests' from command line to 'False'
[0.335s] DEBUG:colcon.colcon_core.verb:Building package 'create3_examples_msgs' with the following arguments: {'ament_cmake_args': None, 'build_base': '/home/robotserver/Desktop/git/ROS/create3_examples_ws/build/create3_examples_msgs', 'catkin_cmake_args': None, 'catkin_skip_building_tests': False, 'cmake_args': None, 'cmake_clean_cache': False, 'cmake_clean_first': False, 'cmake_force_configure': False, 'cmake_target': None, 'cmake_target_skip_unavailable': False, 'install_base': '/home/robotserver/Desktop/git/ROS/create3_examples_ws/install/create3_examples_msgs', 'merge_install': False, 'path': '/home/robotserver/Desktop/git/ROS/create3_examples_ws/src/create3_examples/create3_examples_msgs', 'symlink_install': False, 'test_result_base': None}
[0.335s] Level 5:colcon.colcon_core.verb:set package 'create3_examples_py' build argument 'cmake_args' from command line to 'None'
[0.335s] Level 5:colcon.colcon_core.verb:set package 'create3_examples_py' build argument 'cmake_target' from command line to 'None'
[0.335s] Level 5:colcon.colcon_core.verb:set package 'create3_examples_py' build argument 'cmake_target_skip_unavailable' from command line to 'False'
[0.335s] Level 5:colcon.colcon_core.verb:set package 'create3_examples_py' build argument 'cmake_clean_cache' from command line to 'False'
[0.335s] Level 5:colcon.colcon_core.verb:set package 'create3_examples_py' build argument 'cmake_clean_first' from command line to 'False'
[0.335s] Level 5:colcon.colcon_core.verb:set package 'create3_examples_py' build argument 'cmake_force_configure' from command line to 'False'
[0.335s] Level 5:colcon.colcon_core.verb:set package 'create3_examples_py' build argument 'ament_cmake_args' from command line to 'None'
[0.335s] Level 5:colcon.colcon_core.verb:set package 'create3_examples_py' build argument 'catkin_cmake_args' from command line to 'None'
[0.335s] Level 5:colcon.colcon_core.verb:set package 'create3_examples_py' build argument 'catkin_skip_building_tests' from command line to 'False'
[0.335s] DEBUG:colcon.colcon_core.verb:Building package 'create3_examples_py' with the following arguments: {'ament_cmake_args': None, 'build_base': '/home/robotserver/Desktop/git/ROS/create3_examples_ws/build/create3_examples_py', 'catkin_cmake_args': None, 'catkin_skip_building_tests': False, 'cmake_args': None, 'cmake_clean_cache': False, 'cmake_clean_first': False, 'cmake_force_configure': False, 'cmake_target': None, 'cmake_target_skip_unavailable': False, 'install_base': '/home/robotserver/Desktop/git/ROS/create3_examples_ws/install/create3_examples_py', 'merge_install': False, 'path': '/home/robotserver/Desktop/git/ROS/create3_examples_ws/src/create3_examples/create3_examples_py', 'symlink_install': False, 'test_result_base': None}
[0.336s] Level 5:colcon.colcon_core.verb:set package 'create3_lidar_slam' build argument 'cmake_args' from command line to 'None'
[0.336s] Level 5:colcon.colcon_core.verb:set package 'create3_lidar_slam' build argument 'cmake_target' from command line to 'None'
[0.336s] Level 5:colcon.colcon_core.verb:set package 'create3_lidar_slam' build argument 'cmake_target_skip_unavailable' from command line to 'False'
[0.336s] Level 5:colcon.colcon_core.verb:set package 'create3_lidar_slam' build argument 'cmake_clean_cache' from command line to 'False'
[0.336s] Level 5:colcon.colcon_core.verb:set package 'create3_lidar_slam' build argument 'cmake_clean_first' from command line to 'False'
[0.336s] Level 5:colcon.colcon_core.verb:set package 'create3_lidar_slam' build argument 'cmake_force_configure' from command line to 'False'
[0.336s] Level 5:colcon.colcon_core.verb:set package 'create3_lidar_slam' build argument 'ament_cmake_args' from command line to 'None'
[0.336s] Level 5:colcon.colcon_core.verb:set package 'create3_lidar_slam' build argument 'catkin_cmake_args' from command line to 'None'
[0.336s] Level 5:colcon.colcon_core.verb:set package 'create3_lidar_slam' build argument 'catkin_skip_building_tests' from command line to 'False'
[0.336s] DEBUG:colcon.colcon_core.verb:Building package 'create3_lidar_slam' with the following arguments: {'ament_cmake_args': None, 'build_base': '/home/robotserver/Desktop/git/ROS/create3_examples_ws/build/create3_lidar_slam', 'catkin_cmake_args': None, 'catkin_skip_building_tests': False, 'cmake_args': None, 'cmake_clean_cache': False, 'cmake_clean_first': False, 'cmake_force_configure': False, 'cmake_target': None, 'cmake_target_skip_unavailable': False, 'install_base': '/home/robotserver/Desktop/git/ROS/create3_examples_ws/install/create3_lidar_slam', 'merge_install': False, 'path': '/home/robotserver/Desktop/git/ROS/create3_examples_ws/src/create3_examples/create3_lidar_slam', 'symlink_install': False, 'test_result_base': None}
[0.336s] Level 5:colcon.colcon_core.verb:set package 'create3_republisher' build argument 'cmake_args' from command line to 'None'
[0.336s] Level 5:colcon.colcon_core.verb:set package 'create3_republisher' build argument 'cmake_target' from command line to 'None'
[0.336s] Level 5:colcon.colcon_core.verb:set package 'create3_republisher' build argument 'cmake_target_skip_unavailable' from command line to 'False'
[0.336s] Level 5:colcon.colcon_core.verb:set package 'create3_republisher' build argument 'cmake_clean_cache' from command line to 'False'
[0.336s] Level 5:colcon.colcon_core.verb:set package 'create3_republisher' build argument 'cmake_clean_first' from command line to 'False'
[0.336s] Level 5:colcon.colcon_core.verb:set package 'create3_republisher' build argument 'cmake_force_configure' from command line to 'False'
[0.336s] Level 5:colcon.colcon_core.verb:set package 'create3_republisher' build argument 'ament_cmake_args' from command line to 'None'
[0.336s] Level 5:colcon.colcon_core.verb:set package 'create3_republisher' build argument 'catkin_cmake_args' from command line to 'None'
[0.336s] Level 5:colcon.colcon_core.verb:set package 'create3_republisher' build argument 'catkin_skip_building_tests' from command line to 'False'
[0.336s] DEBUG:colcon.colcon_core.verb:Building package 'create3_republisher' with the following arguments: {'ament_cmake_args': None, 'build_base': '/home/robotserver/Desktop/git/ROS/create3_examples_ws/build/create3_republisher', 'catkin_cmake_args': None, 'catkin_skip_building_tests': False, 'cmake_args': None, 'cmake_clean_cache': False, 'cmake_clean_first': False, 'cmake_force_configure': False, 'cmake_target': None, 'cmake_target_skip_unavailable': False, 'install_base': '/home/robotserver/Desktop/git/ROS/create3_examples_ws/install/create3_republisher', 'merge_install': False, 'path': '/home/robotserver/Desktop/git/ROS/create3_examples_ws/src/create3_examples/create3_republisher', 'symlink_install': False, 'test_result_base': None}
[0.337s] Level 5:colcon.colcon_core.verb:set package 'create3_teleop' build argument 'cmake_args' from command line to 'None'
[0.337s] Level 5:colcon.colcon_core.verb:set package 'create3_teleop' build argument 'cmake_target' from command line to 'None'
[0.337s] Level 5:colcon.colcon_core.verb:set package 'create3_teleop' build argument 'cmake_target_skip_unavailable' from command line to 'False'
[0.337s] Level 5:colcon.colcon_core.verb:set package 'create3_teleop' build argument 'cmake_clean_cache' from command line to 'False'
[0.337s] Level 5:colcon.colcon_core.verb:set package 'create3_teleop' build argument 'cmake_clean_first' from command line to 'False'
[0.337s] Level 5:colcon.colcon_core.verb:set package 'create3_teleop' build argument 'cmake_force_configure' from command line to 'False'
[0.337s] Level 5:colcon.colcon_core.verb:set package 'create3_teleop' build argument 'ament_cmake_args' from command line to 'None'
[0.337s] Level 5:colcon.colcon_core.verb:set package 'create3_teleop' build argument 'catkin_cmake_args' from command line to 'None'
[0.337s] Level 5:colcon.colcon_core.verb:set package 'create3_teleop' build argument 'catkin_skip_building_tests' from command line to 'False'
[0.337s] DEBUG:colcon.colcon_core.verb:Building package 'create3_teleop' with the following arguments: {'ament_cmake_args': None, 'build_base': '/home/robotserver/Desktop/git/ROS/create3_examples_ws/build/create3_teleop', 'catkin_cmake_args': None, 'catkin_skip_building_tests': False, 'cmake_args': None, 'cmake_clean_cache': False, 'cmake_clean_first': False, 'cmake_force_configure': False, 'cmake_target': None, 'cmake_target_skip_unavailable': False, 'install_base': '/home/robotserver/Desktop/git/ROS/create3_examples_ws/install/create3_teleop', 'merge_install': False, 'path': '/home/robotserver/Desktop/git/ROS/create3_examples_ws/src/create3_examples/create3_teleop', 'symlink_install': False, 'test_result_base': None}
[0.337s] Level 5:colcon.colcon_core.verb:set package 'create3_coverage' build argument 'cmake_args' from command line to 'None'
[0.337s] Level 5:colcon.colcon_core.verb:set package 'create3_coverage' build argument 'cmake_target' from command line to 'None'
[0.337s] Level 5:colcon.colcon_core.verb:set package 'create3_coverage' build argument 'cmake_target_skip_unavailable' from command line to 'False'
[0.337s] Level 5:colcon.colcon_core.verb:set package 'create3_coverage' build argument 'cmake_clean_cache' from command line to 'False'
[0.337s] Level 5:colcon.colcon_core.verb:set package 'create3_coverage' build argument 'cmake_clean_first' from command line to 'False'
[0.337s] Level 5:colcon.colcon_core.verb:set package 'create3_coverage' build argument 'cmake_force_configure' from command line to 'False'
[0.337s] Level 5:colcon.colcon_core.verb:set package 'create3_coverage' build argument 'ament_cmake_args' from command line to 'None'
[0.337s] Level 5:colcon.colcon_core.verb:set package 'create3_coverage' build argument 'catkin_cmake_args' from command line to 'None'
[0.337s] Level 5:colcon.colcon_core.verb:set package 'create3_coverage' build argument 'catkin_skip_building_tests' from command line to 'False'
[0.337s] DEBUG:colcon.colcon_core.verb:Building package 'create3_coverage' with the following arguments: {'ament_cmake_args': None, 'build_base': '/home/robotserver/Desktop/git/ROS/create3_examples_ws/build/create3_coverage', 'catkin_cmake_args': None, 'catkin_skip_building_tests': False, 'cmake_args': None, 'cmake_clean_cache': False, 'cmake_clean_first': False, 'cmake_force_configure': False, 'cmake_target': None, 'cmake_target_skip_unavailable': False, 'install_base': '/home/robotserver/Desktop/git/ROS/create3_examples_ws/install/create3_coverage', 'merge_install': False, 'path': '/home/robotserver/Desktop/git/ROS/create3_examples_ws/src/create3_examples/create3_coverage', 'symlink_install': False, 'test_result_base': None}
[0.338s] INFO:colcon.colcon_core.executor:Executing jobs using 'parallel' executor
[0.339s] DEBUG:colcon.colcon_parallel_executor.executor.parallel:run_until_complete
[0.339s] INFO:colcon.colcon_ros.task.ament_cmake.build:Building ROS package in '/home/robotserver/Desktop/git/ROS/create3_examples_ws/src/create3_examples/create3_examples_msgs' with build type 'ament_cmake'
[0.339s] INFO:colcon.colcon_cmake.task.cmake.build:Building CMake package in '/home/robotserver/Desktop/git/ROS/create3_examples_ws/src/create3_examples/create3_examples_msgs'
[0.341s] INFO:colcon.colcon_core.plugin_system:Skipping extension 'colcon_core.shell.bat': Not used on non-Windows systems
[0.341s] INFO:colcon.colcon_core.shell:Skip shell extension 'powershell' for command environment: Not usable outside of PowerShell
[0.341s] DEBUG:colcon.colcon_core.shell:Skip shell extension 'dsv' for command environment
[0.343s] INFO:colcon.colcon_ros.task.ament_python.build:Building ROS package in '/home/robotserver/Desktop/git/ROS/create3_examples_ws/src/create3_examples/create3_examples_py' with build type 'ament_python'
[0.344s] Level 1:colcon.colcon_core.shell:create_environment_hook('create3_examples_py', 'ament_prefix_path')
[0.344s] INFO:colcon.colcon_core.shell:Creating environment hook '/home/robotserver/Desktop/git/ROS/create3_examples_ws/install/create3_examples_py/share/create3_examples_py/hook/ament_prefix_path.ps1'
[0.344s] INFO:colcon.colcon_core.shell:Creating environment descriptor '/home/robotserver/Desktop/git/ROS/create3_examples_ws/install/create3_examples_py/share/create3_examples_py/hook/ament_prefix_path.dsv'
[0.345s] INFO:colcon.colcon_core.shell:Creating environment hook '/home/robotserver/Desktop/git/ROS/create3_examples_ws/install/create3_examples_py/share/create3_examples_py/hook/ament_prefix_path.sh'
[0.345s] INFO:colcon.colcon_core.shell:Skip shell extension 'powershell' for command environment: Not usable outside of PowerShell
[0.345s] DEBUG:colcon.colcon_core.shell:Skip shell extension 'dsv' for command environment
[0.347s] INFO:colcon.colcon_ros.task.ament_cmake.build:Building ROS package in '/home/robotserver/Desktop/git/ROS/create3_examples_ws/src/create3_examples/create3_lidar_slam' with build type 'ament_cmake'
[0.347s] INFO:colcon.colcon_cmake.task.cmake.build:Building CMake package in '/home/robotserver/Desktop/git/ROS/create3_examples_ws/src/create3_examples/create3_lidar_slam'
[0.348s] INFO:colcon.colcon_core.shell:Skip shell extension 'powershell' for command environment: Not usable outside of PowerShell
[0.348s] DEBUG:colcon.colcon_core.shell:Skip shell extension 'dsv' for command environment
[0.350s] INFO:colcon.colcon_ros.task.ament_cmake.build:Building ROS package in '/home/robotserver/Desktop/git/ROS/create3_examples_ws/src/create3_examples/create3_republisher' with build type 'ament_cmake'
[0.350s] INFO:colcon.colcon_cmake.task.cmake.build:Building CMake package in '/home/robotserver/Desktop/git/ROS/create3_examples_ws/src/create3_examples/create3_republisher'
[0.350s] INFO:colcon.colcon_core.shell:Skip shell extension 'powershell' for command environment: Not usable outside of PowerShell
[0.350s] DEBUG:colcon.colcon_core.shell:Skip shell extension 'dsv' for command environment
[0.353s] INFO:colcon.colcon_ros.task.ament_python.build:Building ROS package in '/home/robotserver/Desktop/git/ROS/create3_examples_ws/src/create3_examples/create3_teleop' with build type 'ament_python'
[0.353s] Level 1:colcon.colcon_core.shell:create_environment_hook('create3_teleop', 'ament_prefix_path')
[0.354s] INFO:colcon.colcon_core.shell:Creating environment hook '/home/robotserver/Desktop/git/ROS/create3_examples_ws/install/create3_teleop/share/create3_teleop/hook/ament_prefix_path.ps1'
[0.355s] INFO:colcon.colcon_core.shell:Creating environment descriptor '/home/robotserver/Desktop/git/ROS/create3_examples_ws/install/create3_teleop/share/create3_teleop/hook/ament_prefix_path.dsv'
[0.355s] INFO:colcon.colcon_core.shell:Creating environment hook '/home/robotserver/Desktop/git/ROS/create3_examples_ws/install/create3_teleop/share/create3_teleop/hook/ament_prefix_path.sh'
[0.356s] INFO:colcon.colcon_core.shell:Skip shell extension 'powershell' for command environment: Not usable outside of PowerShell
[0.356s] DEBUG:colcon.colcon_core.shell:Skip shell extension 'dsv' for command environment
[0.362s] DEBUG:colcon.colcon_core.event_handler.log_command:Invoking command in '/home/robotserver/Desktop/git/ROS/create3_examples_ws/build/create3_examples_msgs': CMAKE_PREFIX_PATH=/opt/ros/humble CONDA_PROMPT_MODIFIER=(ros2_env) /usr/bin/cmake /home/robotserver/Desktop/git/ROS/create3_examples_ws/src/create3_examples/create3_examples_msgs -DCMAKE_INSTALL_PREFIX=/home/robotserver/Desktop/git/ROS/create3_examples_ws/install/create3_examples_msgs
[0.595s] INFO:colcon.colcon_core.task.python.build:Building Python package in '/home/robotserver/Desktop/git/ROS/create3_examples_ws/src/create3_examples/create3_examples_py'
[0.596s] INFO:colcon.colcon_core.shell:Skip shell extension 'powershell' for command environment: Not usable outside of PowerShell
[0.596s] DEBUG:colcon.colcon_core.shell:Skip shell extension 'dsv' for command environment
[0.602s] DEBUG:colcon.colcon_core.event_handler.log_command:Invoking command in '/home/robotserver/Desktop/git/ROS/create3_examples_ws/build/create3_lidar_slam': CMAKE_PREFIX_PATH=/opt/ros/humble CONDA_PROMPT_MODIFIER=(ros2_env) /usr/bin/cmake --build /home/robotserver/Desktop/git/ROS/create3_examples_ws/build/create3_lidar_slam -- -j8 -l8
[0.605s] DEBUG:colcon.colcon_core.event_handler.log_command:Invoking command in '/home/robotserver/Desktop/git/ROS/create3_examples_ws/build/create3_republisher': CMAKE_PREFIX_PATH=/opt/ros/humble CONDA_PROMPT_MODIFIER=(ros2_env) /usr/bin/cmake --build /home/robotserver/Desktop/git/ROS/create3_examples_ws/build/create3_republisher -- -j8 -l8
[0.846s] INFO:colcon.colcon_core.task.python.build:Building Python package in '/home/robotserver/Desktop/git/ROS/create3_examples_ws/src/create3_examples/create3_teleop'
[0.846s] INFO:colcon.colcon_core.shell:Skip shell extension 'powershell' for command environment: Not usable outside of PowerShell
[0.846s] DEBUG:colcon.colcon_core.shell:Skip shell extension 'dsv' for command environment
[0.854s] DEBUG:colcon.colcon_core.event_handler.log_command:Invoked command in '/home/robotserver/Desktop/git/ROS/create3_examples_ws/build/create3_lidar_slam' returned '0': CMAKE_PREFIX_PATH=/opt/ros/humble CONDA_PROMPT_MODIFIER=(ros2_env) /usr/bin/cmake --build /home/robotserver/Desktop/git/ROS/create3_examples_ws/build/create3_lidar_slam -- -j8 -l8
[0.855s] DEBUG:colcon.colcon_core.event_handler.log_command:Invoked command in '/home/robotserver/Desktop/git/ROS/create3_examples_ws/build/create3_republisher' returned '0': CMAKE_PREFIX_PATH=/opt/ros/humble CONDA_PROMPT_MODIFIER=(ros2_env) /usr/bin/cmake --build /home/robotserver/Desktop/git/ROS/create3_examples_ws/build/create3_republisher -- -j8 -l8
[0.889s] DEBUG:colcon.colcon_core.event_handler.log_command:Invoking command in '/home/robotserver/Desktop/git/ROS/create3_examples_ws/build/create3_lidar_slam': CMAKE_PREFIX_PATH=/opt/ros/humble CONDA_PROMPT_MODIFIER=(ros2_env) /usr/bin/cmake --install /home/robotserver/Desktop/git/ROS/create3_examples_ws/build/create3_lidar_slam
[0.891s] DEBUG:colcon.colcon_core.event_handler.log_command:Invoking command in '/home/robotserver/Desktop/git/ROS/create3_examples_ws/build/create3_republisher': CMAKE_PREFIX_PATH=/opt/ros/humble CONDA_PROMPT_MODIFIER=(ros2_env) /usr/bin/cmake --install /home/robotserver/Desktop/git/ROS/create3_examples_ws/build/create3_republisher
[0.902s] Level 1:colcon.colcon_core.environment:create_environment_scripts_only(create3_lidar_slam)
[0.904s] DEBUG:colcon.colcon_core.event_handler.log_command:Invoked command in '/home/robotserver/Desktop/git/ROS/create3_examples_ws/build/create3_lidar_slam' returned '0': CMAKE_PREFIX_PATH=/opt/ros/humble CONDA_PROMPT_MODIFIER=(ros2_env) /usr/bin/cmake --install /home/robotserver/Desktop/git/ROS/create3_examples_ws/build/create3_lidar_slam
[0.907s] Level 1:colcon.colcon_core.environment:checking '/home/robotserver/Desktop/git/ROS/create3_examples_ws/install/create3_lidar_slam' for CMake module files
[0.907s] Level 1:colcon.colcon_core.environment:checking '/home/robotserver/Desktop/git/ROS/create3_examples_ws/install/create3_lidar_slam' for CMake config files
[0.908s] Level 1:colcon.colcon_core.shell:create_environment_hook('create3_lidar_slam', 'cmake_prefix_path')
[0.908s] INFO:colcon.colcon_core.shell:Creating environment hook '/home/robotserver/Desktop/git/ROS/create3_examples_ws/install/create3_lidar_slam/share/create3_lidar_slam/hook/cmake_prefix_path.ps1'
[0.909s] INFO:colcon.colcon_core.shell:Creating environment descriptor '/home/robotserver/Desktop/git/ROS/create3_examples_ws/install/create3_lidar_slam/share/create3_lidar_slam/hook/cmake_prefix_path.dsv'
[0.909s] INFO:colcon.colcon_core.shell:Creating environment hook '/home/robotserver/Desktop/git/ROS/create3_examples_ws/install/create3_lidar_slam/share/create3_lidar_slam/hook/cmake_prefix_path.sh'
[0.910s] Level 1:colcon.colcon_core.environment:checking '/home/robotserver/Desktop/git/ROS/create3_examples_ws/install/create3_lidar_slam/bin'
[0.910s] Level 1:colcon.colcon_core.environment:checking '/home/robotserver/Desktop/git/ROS/create3_examples_ws/install/create3_lidar_slam/lib/pkgconfig/create3_lidar_slam.pc'
[0.911s] Level 1:colcon.colcon_core.environment:checking '/home/robotserver/Desktop/git/ROS/create3_examples_ws/install/create3_lidar_slam/lib/python3.10/site-packages'
[0.911s] Level 1:colcon.colcon_core.environment:checking '/home/robotserver/Desktop/git/ROS/create3_examples_ws/install/create3_lidar_slam/bin'
[0.912s] INFO:colcon.colcon_core.shell:Creating package script '/home/robotserver/Desktop/git/ROS/create3_examples_ws/install/create3_lidar_slam/share/create3_lidar_slam/package.ps1'
[0.914s] INFO:colcon.colcon_core.shell:Creating package descriptor '/home/robotserver/Desktop/git/ROS/create3_examples_ws/install/create3_lidar_slam/share/create3_lidar_slam/package.dsv'
[0.915s] INFO:colcon.colcon_core.shell:Creating package script '/home/robotserver/Desktop/git/ROS/create3_examples_ws/install/create3_lidar_slam/share/create3_lidar_slam/package.sh'
[0.917s] INFO:colcon.colcon_core.shell:Creating package script '/home/robotserver/Desktop/git/ROS/create3_examples_ws/install/create3_lidar_slam/share/create3_lidar_slam/package.bash'
[0.918s] INFO:colcon.colcon_core.shell:Creating package script '/home/robotserver/Desktop/git/ROS/create3_examples_ws/install/create3_lidar_slam/share/create3_lidar_slam/package.zsh'
[0.920s] Level 1:colcon.colcon_core.environment:create_file_with_runtime_dependencies(/home/robotserver/Desktop/git/ROS/create3_examples_ws/install/create3_lidar_slam/share/colcon-core/packages/create3_lidar_slam)
[0.923s] Level 1:colcon.colcon_core.environment:create_environment_scripts_only(create3_republisher)
[0.923s] Level 1:colcon.colcon_core.environment:checking '/home/robotserver/Desktop/git/ROS/create3_examples_ws/install/create3_republisher' for CMake module files
[0.924s] DEBUG:colcon.colcon_core.event_handler.log_command:Invoked command in '/home/robotserver/Desktop/git/ROS/create3_examples_ws/build/create3_republisher' returned '0': CMAKE_PREFIX_PATH=/opt/ros/humble CONDA_PROMPT_MODIFIER=(ros2_env) /usr/bin/cmake --install /home/robotserver/Desktop/git/ROS/create3_examples_ws/build/create3_republisher
[0.925s] Level 1:colcon.colcon_core.environment:checking '/home/robotserver/Desktop/git/ROS/create3_examples_ws/install/create3_republisher' for CMake config files
[0.925s] Level 1:colcon.colcon_core.shell:create_environment_hook('create3_republisher', 'cmake_prefix_path')
[0.926s] INFO:colcon.colcon_core.shell:Creating environment hook '/home/robotserver/Desktop/git/ROS/create3_examples_ws/install/create3_republisher/share/create3_republisher/hook/cmake_prefix_path.ps1'
[0.926s] INFO:colcon.colcon_core.shell:Creating environment descriptor '/home/robotserver/Desktop/git/ROS/create3_examples_ws/install/create3_republisher/share/create3_republisher/hook/cmake_prefix_path.dsv'
[0.927s] INFO:colcon.colcon_core.shell:Creating environment hook '/home/robotserver/Desktop/git/ROS/create3_examples_ws/install/create3_republisher/share/create3_republisher/hook/cmake_prefix_path.sh'
[0.927s] Level 1:colcon.colcon_core.environment:checking '/home/robotserver/Desktop/git/ROS/create3_examples_ws/install/create3_republisher/lib'
[0.928s] Level 1:colcon.colcon_core.environment:checking '/home/robotserver/Desktop/git/ROS/create3_examples_ws/install/create3_republisher/bin'
[0.928s] Level 1:colcon.colcon_core.environment:checking '/home/robotserver/Desktop/git/ROS/create3_examples_ws/install/create3_republisher/lib/pkgconfig/create3_republisher.pc'
[0.928s] Level 1:colcon.colcon_core.environment:checking '/home/robotserver/Desktop/git/ROS/create3_examples_ws/install/create3_republisher/lib/python3.10/site-packages'
[0.928s] Level 1:colcon.colcon_core.environment:checking '/home/robotserver/Desktop/git/ROS/create3_examples_ws/install/create3_republisher/bin'
[0.929s] INFO:colcon.colcon_core.shell:Creating package script '/home/robotserver/Desktop/git/ROS/create3_examples_ws/install/create3_republisher/share/create3_republisher/package.ps1'
[0.929s] INFO:colcon.colcon_core.shell:Creating package descriptor '/home/robotserver/Desktop/git/ROS/create3_examples_ws/install/create3_republisher/share/create3_republisher/package.dsv'
[0.930s] INFO:colcon.colcon_core.shell:Creating package script '/home/robotserver/Desktop/git/ROS/create3_examples_ws/install/create3_republisher/share/create3_republisher/package.sh'
[0.930s] INFO:colcon.colcon_core.shell:Creating package script '/home/robotserver/Desktop/git/ROS/create3_examples_ws/install/create3_republisher/share/create3_republisher/package.bash'
[0.931s] INFO:colcon.colcon_core.shell:Creating package script '/home/robotserver/Desktop/git/ROS/create3_examples_ws/install/create3_republisher/share/create3_republisher/package.zsh'
[0.931s] Level 1:colcon.colcon_core.environment:create_file_with_runtime_dependencies(/home/robotserver/Desktop/git/ROS/create3_examples_ws/install/create3_republisher/share/colcon-core/packages/create3_republisher)
[0.941s] Level 1:colcon.colcon_core.environment:create_environment_scripts_only(create3_lidar_slam)
[0.941s] Level 1:colcon.colcon_core.environment:checking '/home/robotserver/Desktop/git/ROS/create3_examples_ws/install/create3_lidar_slam' for CMake module files
[0.942s] Level 1:colcon.colcon_core.environment:checking '/home/robotserver/Desktop/git/ROS/create3_examples_ws/install/create3_lidar_slam' for CMake config files
[0.942s] Level 1:colcon.colcon_core.shell:create_environment_hook('create3_lidar_slam', 'cmake_prefix_path')
[0.943s] INFO:colcon.colcon_core.shell:Creating environment hook '/home/robotserver/Desktop/git/ROS/create3_examples_ws/install/create3_lidar_slam/share/create3_lidar_slam/hook/cmake_prefix_path.ps1'
[0.943s] INFO:colcon.colcon_core.shell:Creating environment descriptor '/home/robotserver/Desktop/git/ROS/create3_examples_ws/install/create3_lidar_slam/share/create3_lidar_slam/hook/cmake_prefix_path.dsv'
[0.943s] INFO:colcon.colcon_core.shell:Creating environment hook '/home/robotserver/Desktop/git/ROS/create3_examples_ws/install/create3_lidar_slam/share/create3_lidar_slam/hook/cmake_prefix_path.sh'
[0.944s] Level 1:colcon.colcon_core.environment:checking '/home/robotserver/Desktop/git/ROS/create3_examples_ws/install/create3_lidar_slam/bin'
[0.944s] Level 1:colcon.colcon_core.environment:checking '/home/robotserver/Desktop/git/ROS/create3_examples_ws/install/create3_lidar_slam/lib/pkgconfig/create3_lidar_slam.pc'
[0.944s] Level 1:colcon.colcon_core.environment:checking '/home/robotserver/Desktop/git/ROS/create3_examples_ws/install/create3_lidar_slam/lib/python3.10/site-packages'
[0.944s] Level 1:colcon.colcon_core.environment:checking '/home/robotserver/Desktop/git/ROS/create3_examples_ws/install/create3_lidar_slam/bin'
[0.945s] INFO:colcon.colcon_core.shell:Creating package script '/home/robotserver/Desktop/git/ROS/create3_examples_ws/install/create3_lidar_slam/share/create3_lidar_slam/package.ps1'
[0.945s] INFO:colcon.colcon_core.shell:Creating package descriptor '/home/robotserver/Desktop/git/ROS/create3_examples_ws/install/create3_lidar_slam/share/create3_lidar_slam/package.dsv'
[0.945s] INFO:colcon.colcon_core.shell:Creating package script '/home/robotserver/Desktop/git/ROS/create3_examples_ws/install/create3_lidar_slam/share/create3_lidar_slam/package.sh'
[0.946s] INFO:colcon.colcon_core.shell:Creating package script '/home/robotserver/Desktop/git/ROS/create3_examples_ws/install/create3_lidar_slam/share/create3_lidar_slam/package.bash'
[0.946s] INFO:colcon.colcon_core.shell:Creating package script '/home/robotserver/Desktop/git/ROS/create3_examples_ws/install/create3_lidar_slam/share/create3_lidar_slam/package.zsh'
[0.947s] Level 1:colcon.colcon_core.environment:create_file_with_runtime_dependencies(/home/robotserver/Desktop/git/ROS/create3_examples_ws/install/create3_lidar_slam/share/colcon-core/packages/create3_lidar_slam)
[0.957s] Level 1:colcon.colcon_core.environment:create_environment_scripts_only(create3_republisher)
[0.957s] Level 1:colcon.colcon_core.environment:checking '/home/robotserver/Desktop/git/ROS/create3_examples_ws/install/create3_republisher' for CMake module files
[0.958s] Level 1:colcon.colcon_core.environment:checking '/home/robotserver/Desktop/git/ROS/create3_examples_ws/install/create3_republisher' for CMake config files
[0.958s] Level 1:colcon.colcon_core.shell:create_environment_hook('create3_republisher', 'cmake_prefix_path')
[0.958s] INFO:colcon.colcon_core.shell:Creating environment hook '/home/robotserver/Desktop/git/ROS/create3_examples_ws/install/create3_republisher/share/create3_republisher/hook/cmake_prefix_path.ps1'
[0.959s] INFO:colcon.colcon_core.shell:Creating environment descriptor '/home/robotserver/Desktop/git/ROS/create3_examples_ws/install/create3_republisher/share/create3_republisher/hook/cmake_prefix_path.dsv'
[0.959s] INFO:colcon.colcon_core.shell:Creating environment hook '/home/robotserver/Desktop/git/ROS/create3_examples_ws/install/create3_republisher/share/create3_republisher/hook/cmake_prefix_path.sh'
[0.959s] Level 1:colcon.colcon_core.environment:checking '/home/robotserver/Desktop/git/ROS/create3_examples_ws/install/create3_republisher/lib'
[0.959s] Level 1:colcon.colcon_core.environment:checking '/home/robotserver/Desktop/git/ROS/create3_examples_ws/install/create3_republisher/bin'
[0.959s] Level 1:colcon.colcon_core.environment:checking '/home/robotserver/Desktop/git/ROS/create3_examples_ws/install/create3_republisher/lib/pkgconfig/create3_republisher.pc'
[0.960s] Level 1:colcon.colcon_core.environment:checking '/home/robotserver/Desktop/git/ROS/create3_examples_ws/install/create3_republisher/lib/python3.10/site-packages'
[0.960s] Level 1:colcon.colcon_core.environment:checking '/home/robotserver/Desktop/git/ROS/create3_examples_ws/install/create3_republisher/bin'
[0.960s] INFO:colcon.colcon_core.shell:Creating package script '/home/robotserver/Desktop/git/ROS/create3_examples_ws/install/create3_republisher/share/create3_republisher/package.ps1'
[0.960s] INFO:colcon.colcon_core.shell:Creating package descriptor '/home/robotserver/Desktop/git/ROS/create3_examples_ws/install/create3_republisher/share/create3_republisher/package.dsv'
[0.961s] INFO:colcon.colcon_core.shell:Creating package script '/home/robotserver/Desktop/git/ROS/create3_examples_ws/install/create3_republisher/share/create3_republisher/package.sh'
[0.961s] INFO:colcon.colcon_core.shell:Creating package script '/home/robotserver/Desktop/git/ROS/create3_examples_ws/install/create3_republisher/share/create3_republisher/package.bash'
[0.962s] INFO:colcon.colcon_core.shell:Creating package script '/home/robotserver/Desktop/git/ROS/create3_examples_ws/install/create3_republisher/share/create3_republisher/package.zsh'
[0.962s] Level 1:colcon.colcon_core.environment:create_file_with_runtime_dependencies(/home/robotserver/Desktop/git/ROS/create3_examples_ws/install/create3_republisher/share/colcon-core/packages/create3_republisher)
[1.229s] DEBUG:colcon.colcon_core.event_handler.log_command:Invoking command in '/home/robotserver/Desktop/git/ROS/create3_examples_ws/src/create3_examples/create3_examples_py': CONDA_PROMPT_MODIFIER=(ros2_env) PYTHONPATH=/home/robotserver/Desktop/git/ROS/create3_examples_ws/build/create3_examples_py/prefix_override:/usr/lib/python3/dist-packages/colcon_core/task/python/colcon_distutils_commands:/home/robotserver/Desktop/git/ROS/create3_examples_ws/install/create3_examples_py/lib/python3.10/site-packages:${PYTHONPATH} /usr/bin/python3 -W ignore:setup.py install is deprecated setup.py egg_info --egg-base ../../../build/create3_examples_py build --build-base /home/robotserver/Desktop/git/ROS/create3_examples_ws/build/create3_examples_py/build install --record /home/robotserver/Desktop/git/ROS/create3_examples_ws/build/create3_examples_py/install.log --single-version-externally-managed install_data
[1.247s] DEBUG:colcon.colcon_core.event_handler.log_command:Invoking command in '/home/robotserver/Desktop/git/ROS/create3_examples_ws/src/create3_examples/create3_teleop': CONDA_PROMPT_MODIFIER=(ros2_env) PYTHONPATH=/home/robotserver/Desktop/git/ROS/create3_examples_ws/build/create3_teleop/prefix_override:/usr/lib/python3/dist-packages/colcon_core/task/python/colcon_distutils_commands:/home/robotserver/Desktop/git/ROS/create3_examples_ws/install/create3_teleop/lib/python3.10/site-packages:${PYTHONPATH} /usr/bin/python3 -W ignore:setup.py install is deprecated setup.py egg_info --egg-base ../../../build/create3_teleop build --build-base /home/robotserver/Desktop/git/ROS/create3_examples_ws/build/create3_teleop/build install --record /home/robotserver/Desktop/git/ROS/create3_examples_ws/build/create3_teleop/install.log --single-version-externally-managed install_data
[1.516s] Level 1:colcon.colcon_core.environment:checking '/home/robotserver/Desktop/git/ROS/create3_examples_ws/install/create3_examples_py' for CMake module files
[1.517s] DEBUG:colcon.colcon_core.event_handler.log_command:Invoked command in '/home/robotserver/Desktop/git/ROS/create3_examples_ws/src/create3_examples/create3_examples_py' returned '0': CONDA_PROMPT_MODIFIER=(ros2_env) PYTHONPATH=/home/robotserver/Desktop/git/ROS/create3_examples_ws/build/create3_examples_py/prefix_override:/usr/lib/python3/dist-packages/colcon_core/task/python/colcon_distutils_commands:/home/robotserver/Desktop/git/ROS/create3_examples_ws/install/create3_examples_py/lib/python3.10/site-packages:${PYTHONPATH} /usr/bin/python3 -W ignore:setup.py install is deprecated setup.py egg_info --egg-base ../../../build/create3_examples_py build --build-base /home/robotserver/Desktop/git/ROS/create3_examples_ws/build/create3_examples_py/build install --record /home/robotserver/Desktop/git/ROS/create3_examples_ws/build/create3_examples_py/install.log --single-version-externally-managed install_data
[1.517s] Level 1:colcon.colcon_core.environment:checking '/home/robotserver/Desktop/git/ROS/create3_examples_ws/install/create3_examples_py' for CMake config files
[1.518s] Level 1:colcon.colcon_core.environment:checking '/home/robotserver/Desktop/git/ROS/create3_examples_ws/install/create3_examples_py/lib'
[1.518s] Level 1:colcon.colcon_core.environment:checking '/home/robotserver/Desktop/git/ROS/create3_examples_ws/install/create3_examples_py/bin'
[1.518s] Level 1:colcon.colcon_core.environment:checking '/home/robotserver/Desktop/git/ROS/create3_examples_ws/install/create3_examples_py/lib/pkgconfig/create3_examples_py.pc'
[1.518s] Level 1:colcon.colcon_core.environment:checking '/home/robotserver/Desktop/git/ROS/create3_examples_ws/install/create3_examples_py/lib/python3.10/site-packages'
[1.518s] Level 1:colcon.colcon_core.shell:create_environment_hook('create3_examples_py', 'pythonpath')
[1.518s] INFO:colcon.colcon_core.shell:Creating environment hook '/home/robotserver/Desktop/git/ROS/create3_examples_ws/install/create3_examples_py/share/create3_examples_py/hook/pythonpath.ps1'
[1.519s] INFO:colcon.colcon_core.shell:Creating environment descriptor '/home/robotserver/Desktop/git/ROS/create3_examples_ws/install/create3_examples_py/share/create3_examples_py/hook/pythonpath.dsv'
[1.519s] INFO:colcon.colcon_core.shell:Creating environment hook '/home/robotserver/Desktop/git/ROS/create3_examples_ws/install/create3_examples_py/share/create3_examples_py/hook/pythonpath.sh'
[1.520s] Level 1:colcon.colcon_core.environment:checking '/home/robotserver/Desktop/git/ROS/create3_examples_ws/install/create3_examples_py/bin'
[1.520s] Level 1:colcon.colcon_core.environment:create_environment_scripts_only(create3_examples_py)
[1.520s] INFO:colcon.colcon_core.shell:Creating package script '/home/robotserver/Desktop/git/ROS/create3_examples_ws/install/create3_examples_py/share/create3_examples_py/package.ps1'
[1.521s] INFO:colcon.colcon_core.shell:Creating package descriptor '/home/robotserver/Desktop/git/ROS/create3_examples_ws/install/create3_examples_py/share/create3_examples_py/package.dsv'
[1.521s] INFO:colcon.colcon_core.shell:Creating package script '/home/robotserver/Desktop/git/ROS/create3_examples_ws/install/create3_examples_py/share/create3_examples_py/package.sh'
[1.522s] INFO:colcon.colcon_core.shell:Creating package script '/home/robotserver/Desktop/git/ROS/create3_examples_ws/install/create3_examples_py/share/create3_examples_py/package.bash'
[1.523s] INFO:colcon.colcon_core.shell:Creating package script '/home/robotserver/Desktop/git/ROS/create3_examples_ws/install/create3_examples_py/share/create3_examples_py/package.zsh'
[1.523s] Level 1:colcon.colcon_core.environment:create_file_with_runtime_dependencies(/home/robotserver/Desktop/git/ROS/create3_examples_ws/install/create3_examples_py/share/colcon-core/packages/create3_examples_py)
[1.529s] DEBUG:colcon.colcon_core.event_handler.log_command:Invoked command in '/home/robotserver/Desktop/git/ROS/create3_examples_ws/build/create3_examples_msgs' returned '0': CMAKE_PREFIX_PATH=/opt/ros/humble CONDA_PROMPT_MODIFIER=(ros2_env) /usr/bin/cmake /home/robotserver/Desktop/git/ROS/create3_examples_ws/src/create3_examples/create3_examples_msgs -DCMAKE_INSTALL_PREFIX=/home/robotserver/Desktop/git/ROS/create3_examples_ws/install/create3_examples_msgs
[1.530s] DEBUG:colcon.colcon_core.event_handler.log_command:Invoking command in '/home/robotserver/Desktop/git/ROS/create3_examples_ws/build/create3_examples_msgs': CMAKE_PREFIX_PATH=/opt/ros/humble CONDA_PROMPT_MODIFIER=(ros2_env) /usr/bin/cmake --build /home/robotserver/Desktop/git/ROS/create3_examples_ws/build/create3_examples_msgs -- -j8 -l8
[1.532s] Level 1:colcon.colcon_core.environment:checking '/home/robotserver/Desktop/git/ROS/create3_examples_ws/install/create3_teleop' for CMake module files
[1.532s] DEBUG:colcon.colcon_core.event_handler.log_command:Invoked command in '/home/robotserver/Desktop/git/ROS/create3_examples_ws/src/create3_examples/create3_teleop' returned '0': CONDA_PROMPT_MODIFIER=(ros2_env) PYTHONPATH=/home/robotserver/Desktop/git/ROS/create3_examples_ws/build/create3_teleop/prefix_override:/usr/lib/python3/dist-packages/colcon_core/task/python/colcon_distutils_commands:/home/robotserver/Desktop/git/ROS/create3_examples_ws/install/create3_teleop/lib/python3.10/site-packages:${PYTHONPATH} /usr/bin/python3 -W ignore:setup.py install is deprecated setup.py egg_info --egg-base ../../../build/create3_teleop build --build-base /home/robotserver/Desktop/git/ROS/create3_examples_ws/build/create3_teleop/build install --record /home/robotserver/Desktop/git/ROS/create3_examples_ws/build/create3_teleop/install.log --single-version-externally-managed install_data
[1.533s] Level 1:colcon.colcon_core.environment:checking '/home/robotserver/Desktop/git/ROS/create3_examples_ws/install/create3_teleop' for CMake config files
[1.533s] Level 1:colcon.colcon_core.environment:checking '/home/robotserver/Desktop/git/ROS/create3_examples_ws/install/create3_teleop/lib'
[1.533s] Level 1:colcon.colcon_core.environment:checking '/home/robotserver/Desktop/git/ROS/create3_examples_ws/install/create3_teleop/bin'
[1.533s] Level 1:colcon.colcon_core.environment:checking '/home/robotserver/Desktop/git/ROS/create3_examples_ws/install/create3_teleop/lib/pkgconfig/create3_teleop.pc'
[1.533s] Level 1:colcon.colcon_core.environment:checking '/home/robotserver/Desktop/git/ROS/create3_examples_ws/install/create3_teleop/lib/python3.10/site-packages'
[1.533s] Level 1:colcon.colcon_core.shell:create_environment_hook('create3_teleop', 'pythonpath')
[1.534s] INFO:colcon.colcon_core.shell:Creating environment hook '/home/robotserver/Desktop/git/ROS/create3_examples_ws/install/create3_teleop/share/create3_teleop/hook/pythonpath.ps1'
[1.534s] INFO:colcon.colcon_core.shell:Creating environment descriptor '/home/robotserver/Desktop/git/ROS/create3_examples_ws/install/create3_teleop/share/create3_teleop/hook/pythonpath.dsv'
[1.534s] INFO:colcon.colcon_core.shell:Creating environment hook '/home/robotserver/Desktop/git/ROS/create3_examples_ws/install/create3_teleop/share/create3_teleop/hook/pythonpath.sh'
[1.535s] Level 1:colcon.colcon_core.environment:checking '/home/robotserver/Desktop/git/ROS/create3_examples_ws/install/create3_teleop/bin'
[1.535s] Level 1:colcon.colcon_core.environment:create_environment_scripts_only(create3_teleop)
[1.535s] INFO:colcon.colcon_core.shell:Creating package script '/home/robotserver/Desktop/git/ROS/create3_examples_ws/install/create3_teleop/share/create3_teleop/package.ps1'
[1.536s] INFO:colcon.colcon_core.shell:Creating package descriptor '/home/robotserver/Desktop/git/ROS/create3_examples_ws/install/create3_teleop/share/create3_teleop/package.dsv'
[1.536s] INFO:colcon.colcon_core.shell:Creating package script '/home/robotserver/Desktop/git/ROS/create3_examples_ws/install/create3_teleop/share/create3_teleop/package.sh'
[1.537s] INFO:colcon.colcon_core.shell:Creating package script '/home/robotserver/Desktop/git/ROS/create3_examples_ws/install/create3_teleop/share/create3_teleop/package.bash'
[1.537s] INFO:colcon.colcon_core.shell:Creating package script '/home/robotserver/Desktop/git/ROS/create3_examples_ws/install/create3_teleop/share/create3_teleop/package.zsh'
[1.537s] Level 1:colcon.colcon_core.environment:create_file_with_runtime_dependencies(/home/robotserver/Desktop/git/ROS/create3_examples_ws/install/create3_teleop/share/colcon-core/packages/create3_teleop)
[1.809s] DEBUG:colcon.colcon_core.event_handler.log_command:Invoked command in '/home/robotserver/Desktop/git/ROS/create3_examples_ws/build/create3_examples_msgs' returned '2': CMAKE_PREFIX_PATH=/opt/ros/humble CONDA_PROMPT_MODIFIER=(ros2_env) /usr/bin/cmake --build /home/robotserver/Desktop/git/ROS/create3_examples_ws/build/create3_examples_msgs -- -j8 -l8
[1.859s] Level 1:colcon.colcon_core.environment:create_environment_scripts_only(create3_examples_msgs)
[1.860s] Level 1:colcon.colcon_core.environment:checking '/home/robotserver/Desktop/git/ROS/create3_examples_ws/install/create3_examples_msgs' for CMake module files
[1.860s] Level 1:colcon.colcon_core.environment:checking '/home/robotserver/Desktop/git/ROS/create3_examples_ws/install/create3_examples_msgs' for CMake config files
[1.860s] Level 1:colcon.colcon_core.environment:checking '/home/robotserver/Desktop/git/ROS/create3_examples_ws/install/create3_examples_msgs/bin'
[1.860s] Level 1:colcon.colcon_core.environment:checking '/home/robotserver/Desktop/git/ROS/create3_examples_ws/install/create3_examples_msgs/lib/pkgconfig/create3_examples_msgs.pc'
[1.861s] Level 1:colcon.colcon_core.environment:checking '/home/robotserver/Desktop/git/ROS/create3_examples_ws/install/create3_examples_msgs/lib/python3.10/site-packages'
[1.861s] Level 1:colcon.colcon_core.environment:checking '/home/robotserver/Desktop/git/ROS/create3_examples_ws/install/create3_examples_msgs/bin'
[1.861s] INFO:colcon.colcon_core.shell:Creating package script '/home/robotserver/Desktop/git/ROS/create3_examples_ws/install/create3_examples_msgs/share/create3_examples_msgs/package.ps1'
[1.862s] INFO:colcon.colcon_core.shell:Creating package descriptor '/home/robotserver/Desktop/git/ROS/create3_examples_ws/install/create3_examples_msgs/share/create3_examples_msgs/package.dsv'
[1.862s] INFO:colcon.colcon_core.shell:Creating package script '/home/robotserver/Desktop/git/ROS/create3_examples_ws/install/create3_examples_msgs/share/create3_examples_msgs/package.sh'
[1.863s] INFO:colcon.colcon_core.shell:Creating package script '/home/robotserver/Desktop/git/ROS/create3_examples_ws/install/create3_examples_msgs/share/create3_examples_msgs/package.bash'
[1.863s] INFO:colcon.colcon_core.shell:Creating package script '/home/robotserver/Desktop/git/ROS/create3_examples_ws/install/create3_examples_msgs/share/create3_examples_msgs/package.zsh'
[1.863s] Level 1:colcon.colcon_core.environment:create_file_with_runtime_dependencies(/home/robotserver/Desktop/git/ROS/create3_examples_ws/install/create3_examples_msgs/share/colcon-core/packages/create3_examples_msgs)
[1.874s] DEBUG:colcon.colcon_parallel_executor.executor.parallel:closing loop
[1.874s] DEBUG:colcon.colcon_parallel_executor.executor.parallel:loop closed
[1.874s] DEBUG:colcon.colcon_parallel_executor.executor.parallel:run_until_complete finished with '2'
[1.874s] DEBUG:colcon.colcon_core.event_reactor:joining thread
[1.879s] INFO:colcon.colcon_core.plugin_system:Skipping extension 'colcon_notification.desktop_notification.terminal_notifier': Not used on non-Darwin systems
[1.879s] INFO:colcon.colcon_core.plugin_system:Skipping extension 'colcon_notification.desktop_notification.win32': Not used on non-Windows systems
[1.879s] INFO:colcon.colcon_notification.desktop_notification:Sending desktop notification using 'notify2'
[1.889s] DEBUG:colcon.colcon_core.event_reactor:joined thread
[1.889s] INFO:colcon.colcon_core.shell:Creating prefix script '/home/robotserver/Desktop/git/ROS/create3_examples_ws/install/local_setup.ps1'
[1.890s] INFO:colcon.colcon_core.shell:Creating prefix util module '/home/robotserver/Desktop/git/ROS/create3_examples_ws/install/_local_setup_util_ps1.py'
[1.891s] INFO:colcon.colcon_core.shell:Creating prefix chain script '/home/robotserver/Desktop/git/ROS/create3_examples_ws/install/setup.ps1'
[1.892s] INFO:colcon.colcon_core.shell:Creating prefix script '/home/robotserver/Desktop/git/ROS/create3_examples_ws/install/local_setup.sh'
[1.892s] INFO:colcon.colcon_core.shell:Creating prefix util module '/home/robotserver/Desktop/git/ROS/create3_examples_ws/install/_local_setup_util_sh.py'
[1.893s] INFO:colcon.colcon_core.shell:Creating prefix chain script '/home/robotserver/Desktop/git/ROS/create3_examples_ws/install/setup.sh'
[1.894s] INFO:colcon.colcon_core.shell:Creating prefix script '/home/robotserver/Desktop/git/ROS/create3_examples_ws/install/local_setup.bash'
[1.894s] INFO:colcon.colcon_core.shell:Creating prefix chain script '/home/robotserver/Desktop/git/ROS/create3_examples_ws/install/setup.bash'
[1.895s] INFO:colcon.colcon_core.shell:Creating prefix script '/home/robotserver/Desktop/git/ROS/create3_examples_ws/install/local_setup.zsh'
[1.895s] INFO:colcon.colcon_core.shell:Creating prefix chain script '/home/robotserver/Desktop/git/ROS/create3_examples_ws/install/setup.zsh'
