[0.936s] Invoking command in '/home/robotserver/ros2_ws/src/my_py_pkg': PYTHONPATH=/home/robotserver/ros2_ws/build/my_py_pkg/prefix_override:/usr/lib/python3/dist-packages/colcon_core/task/python/colcon_distutils_commands:/home/robotserver/ros2_ws/install/my_py_pkg/lib/python3.10/site-packages:${PYTHONPATH} /usr/bin/python3 -W ignore:setup.py install is deprecated setup.py egg_info --egg-base ../../build/my_py_pkg build --build-base /home/robotserver/ros2_ws/build/my_py_pkg/build install --record /home/robotserver/ros2_ws/build/my_py_pkg/install.log --single-version-externally-managed install_data
[1.180s] running egg_info
[1.180s] creating ../../build/my_py_pkg/my_py_pkg.egg-info
[1.181s] writing ../../build/my_py_pkg/my_py_pkg.egg-info/PKG-INFO
[1.181s] writing dependency_links to ../../build/my_py_pkg/my_py_pkg.egg-info/dependency_links.txt
[1.181s] writing entry points to ../../build/my_py_pkg/my_py_pkg.egg-info/entry_points.txt
[1.181s] writing requirements to ../../build/my_py_pkg/my_py_pkg.egg-info/requires.txt
[1.181s] writing top-level names to ../../build/my_py_pkg/my_py_pkg.egg-info/top_level.txt
[1.181s] writing manifest file '../../build/my_py_pkg/my_py_pkg.egg-info/SOURCES.txt'
[1.182s] reading manifest file '../../build/my_py_pkg/my_py_pkg.egg-info/SOURCES.txt'
[1.183s] writing manifest file '../../build/my_py_pkg/my_py_pkg.egg-info/SOURCES.txt'
[1.183s] running build
[1.183s] running build_py
[1.183s] creating /home/robotserver/ros2_ws/build/my_py_pkg/build
[1.184s] creating /home/robotserver/ros2_ws/build/my_py_pkg/build/lib
[1.184s] creating /home/robotserver/ros2_ws/build/my_py_pkg/build/lib/my_py_pkg
[1.184s] copying my_py_pkg/my_first_node.py -> /home/robotserver/ros2_ws/build/my_py_pkg/build/lib/my_py_pkg
[1.184s] copying my_py_pkg/__init__.py -> /home/robotserver/ros2_ws/build/my_py_pkg/build/lib/my_py_pkg
[1.184s] running install
[1.184s] running install_lib
[1.185s] creating /home/robotserver/ros2_ws/install/my_py_pkg/lib/python3.10/site-packages/my_py_pkg
[1.185s] copying /home/robotserver/ros2_ws/build/my_py_pkg/build/lib/my_py_pkg/my_first_node.py -> /home/robotserver/ros2_ws/install/my_py_pkg/lib/python3.10/site-packages/my_py_pkg
[1.185s] copying /home/robotserver/ros2_ws/build/my_py_pkg/build/lib/my_py_pkg/__init__.py -> /home/robotserver/ros2_ws/install/my_py_pkg/lib/python3.10/site-packages/my_py_pkg
[1.185s] byte-compiling /home/robotserver/ros2_ws/install/my_py_pkg/lib/python3.10/site-packages/my_py_pkg/my_first_node.py to my_first_node.cpython-310.pyc
[1.186s] byte-compiling /home/robotserver/ros2_ws/install/my_py_pkg/lib/python3.10/site-packages/my_py_pkg/__init__.py to __init__.cpython-310.pyc
[1.186s] running install_data
[1.186s] creating /home/robotserver/ros2_ws/install/my_py_pkg/share/ament_index
[1.186s] creating /home/robotserver/ros2_ws/install/my_py_pkg/share/ament_index/resource_index
[1.186s] creating /home/robotserver/ros2_ws/install/my_py_pkg/share/ament_index/resource_index/packages
[1.186s] copying resource/my_py_pkg -> /home/robotserver/ros2_ws/install/my_py_pkg/share/ament_index/resource_index/packages
[1.187s] copying package.xml -> /home/robotserver/ros2_ws/install/my_py_pkg/share/my_py_pkg
[1.187s] running install_egg_info
[1.188s] Copying ../../build/my_py_pkg/my_py_pkg.egg-info to /home/robotserver/ros2_ws/install/my_py_pkg/lib/python3.10/site-packages/my_py_pkg-0.0.0-py3.10.egg-info
[1.188s] running install_scripts
[1.216s] Installing py_node script to /home/robotserver/ros2_ws/install/my_py_pkg/lib/my_py_pkg
[1.216s] writing list of installed files to '/home/robotserver/ros2_ws/build/my_py_pkg/install.log'
[1.260s] Invoked command in '/home/robotserver/ros2_ws/src/my_py_pkg' returned '0': PYTHONPATH=/home/robotserver/ros2_ws/build/my_py_pkg/prefix_override:/usr/lib/python3/dist-packages/colcon_core/task/python/colcon_distutils_commands:/home/robotserver/ros2_ws/install/my_py_pkg/lib/python3.10/site-packages:${PYTHONPATH} /usr/bin/python3 -W ignore:setup.py install is deprecated setup.py egg_info --egg-base ../../build/my_py_pkg build --build-base /home/robotserver/ros2_ws/build/my_py_pkg/build install --record /home/robotserver/ros2_ws/build/my_py_pkg/install.log --single-version-externally-managed install_data
