[0.096s] DEBUG:colcon:Command line arguments: ['/usr/bin/colcon', 'build', '--packages-select', 'action_tutorials_interfaces']
[0.096s] DEBUG:colcon:Parsed command line arguments: Namespace(log_base=None, log_level=None, verb_name='build', build_base='build', install_base='install', merge_install=False, symlink_install=False, test_result_base=None, continue_on_error=False, executor='parallel', parallel_workers=8, event_handlers=None, ignore_user_meta=False, metas=['./colcon.meta'], base_paths=['.'], packages_ignore=None, packages_ignore_regex=None, paths=None, packages_up_to=None, packages_up_to_regex=None, packages_above=None, packages_above_and_dependencies=None, packages_above_depth=None, packages_select_by_dep=None, packages_skip_by_dep=None, packages_skip_up_to=None, packages_select_build_failed=False, packages_skip_build_finished=False, packages_select_test_failures=False, packages_skip_test_passed=False, packages_select=['action_tutorials_interfaces'], packages_skip=None, packages_select_regex=None, packages_skip_regex=None, packages_start=None, packages_end=None, allow_overriding=[], cmake_args=None, cmake_target=None, cmake_target_skip_unavailable=False, cmake_clean_cache=False, cmake_clean_first=False, cmake_force_configure=False, ament_cmake_args=None, catkin_cmake_args=None, catkin_skip_building_tests=False, verb_parser=<colcon_defaults.argument_parser.defaults.DefaultArgumentsDecorator object at 0x76bfa11cd0f0>, verb_extension=<colcon_core.verb.build.BuildVerb object at 0x76bfa139e9b0>, main=<bound method BuildVerb.main of <colcon_core.verb.build.BuildVerb object at 0x76bfa139e9b0>>)
[0.248s] Level 1:colcon.colcon_core.package_discovery:discover_packages(colcon_meta) check parameters
[0.248s] Level 1:colcon.colcon_core.package_discovery:discover_packages(recursive) check parameters
[0.249s] Level 1:colcon.colcon_core.package_discovery:discover_packages(ignore) check parameters
[0.249s] Level 1:colcon.colcon_core.package_discovery:discover_packages(path) check parameters
[0.249s] Level 1:colcon.colcon_core.package_discovery:discover_packages(colcon_meta) discover
[0.249s] Level 1:colcon.colcon_core.package_discovery:discover_packages(recursive) discover
[0.249s] INFO:colcon.colcon_core.package_discovery:Crawling recursively for packages in '/home/robotserver/ros2_ws'
[0.249s] Level 1:colcon.colcon_core.package_identification:_identify(.) by extensions ['ignore', 'ignore_ament_install']
[0.249s] Level 1:colcon.colcon_core.package_identification:_identify(.) by extension 'ignore'
[0.249s] Level 1:colcon.colcon_core.package_identification:_identify(.) by extension 'ignore_ament_install'
[0.249s] Level 1:colcon.colcon_core.package_identification:_identify(.) by extensions ['colcon_pkg']
[0.249s] Level 1:colcon.colcon_core.package_identification:_identify(.) by extension 'colcon_pkg'
[0.249s] Level 1:colcon.colcon_core.package_identification:_identify(.) by extensions ['colcon_meta']
[0.249s] Level 1:colcon.colcon_core.package_identification:_identify(.) by extension 'colcon_meta'
[0.249s] Level 1:colcon.colcon_core.package_identification:_identify(.) by extensions ['ros']
[0.249s] Level 1:colcon.colcon_core.package_identification:_identify(.) by extension 'ros'
[0.259s] Level 1:colcon.colcon_core.package_identification:_identify(.) by extensions ['cmake', 'python']
[0.259s] Level 1:colcon.colcon_core.package_identification:_identify(.) by extension 'cmake'
[0.259s] Level 1:colcon.colcon_core.package_identification:_identify(.) by extension 'python'
[0.259s] Level 1:colcon.colcon_core.package_identification:_identify(.) by extensions ['python_setup_py']
[0.260s] Level 1:colcon.colcon_core.package_identification:_identify(.) by extension 'python_setup_py'
[0.260s] Level 1:colcon.colcon_core.package_identification:_identify(build) by extensions ['ignore', 'ignore_ament_install']
[0.260s] Level 1:colcon.colcon_core.package_identification:_identify(build) by extension 'ignore'
[0.260s] Level 1:colcon.colcon_core.package_identification:_identify(build) ignored
[0.260s] Level 1:colcon.colcon_core.package_identification:_identify(install) by extensions ['ignore', 'ignore_ament_install']
[0.260s] Level 1:colcon.colcon_core.package_identification:_identify(install) by extension 'ignore'
[0.260s] Level 1:colcon.colcon_core.package_identification:_identify(install) ignored
[0.260s] Level 1:colcon.colcon_core.package_identification:_identify(log) by extensions ['ignore', 'ignore_ament_install']
[0.260s] Level 1:colcon.colcon_core.package_identification:_identify(log) by extension 'ignore'
[0.260s] Level 1:colcon.colcon_core.package_identification:_identify(log) ignored
[0.260s] Level 1:colcon.colcon_core.package_identification:_identify(src) by extensions ['ignore', 'ignore_ament_install']
[0.260s] Level 1:colcon.colcon_core.package_identification:_identify(src) by extension 'ignore'
[0.261s] Level 1:colcon.colcon_core.package_identification:_identify(src) by extension 'ignore_ament_install'
[0.261s] Level 1:colcon.colcon_core.package_identification:_identify(src) by extensions ['colcon_pkg']
[0.261s] Level 1:colcon.colcon_core.package_identification:_identify(src) by extension 'colcon_pkg'
[0.261s] Level 1:colcon.colcon_core.package_identification:_identify(src) by extensions ['colcon_meta']
[0.261s] Level 1:colcon.colcon_core.package_identification:_identify(src) by extension 'colcon_meta'
[0.261s] Level 1:colcon.colcon_core.package_identification:_identify(src) by extensions ['ros']
[0.261s] Level 1:colcon.colcon_core.package_identification:_identify(src) by extension 'ros'
[0.261s] Level 1:colcon.colcon_core.package_identification:_identify(src) by extensions ['cmake', 'python']
[0.261s] Level 1:colcon.colcon_core.package_identification:_identify(src) by extension 'cmake'
[0.261s] Level 1:colcon.colcon_core.package_identification:_identify(src) by extension 'python'
[0.261s] Level 1:colcon.colcon_core.package_identification:_identify(src) by extensions ['python_setup_py']
[0.261s] Level 1:colcon.colcon_core.package_identification:_identify(src) by extension 'python_setup_py'
[0.261s] Level 1:colcon.colcon_core.package_identification:_identify(src/action_tutorials_interfaces) by extensions ['ignore', 'ignore_ament_install']
[0.261s] Level 1:colcon.colcon_core.package_identification:_identify(src/action_tutorials_interfaces) by extension 'ignore'
[0.261s] Level 1:colcon.colcon_core.package_identification:_identify(src/action_tutorials_interfaces) by extension 'ignore_ament_install'
[0.261s] Level 1:colcon.colcon_core.package_identification:_identify(src/action_tutorials_interfaces) by extensions ['colcon_pkg']
[0.261s] Level 1:colcon.colcon_core.package_identification:_identify(src/action_tutorials_interfaces) by extension 'colcon_pkg'
[0.261s] Level 1:colcon.colcon_core.package_identification:_identify(src/action_tutorials_interfaces) by extensions ['colcon_meta']
[0.261s] Level 1:colcon.colcon_core.package_identification:_identify(src/action_tutorials_interfaces) by extension 'colcon_meta'
[0.261s] Level 1:colcon.colcon_core.package_identification:_identify(src/action_tutorials_interfaces) by extensions ['ros']
[0.261s] Level 1:colcon.colcon_core.package_identification:_identify(src/action_tutorials_interfaces) by extension 'ros'
[0.263s] DEBUG:colcon.colcon_core.package_identification:Package 'src/action_tutorials_interfaces' with type 'ros.ament_cmake' and name 'action_tutorials_interfaces'
[0.264s] Level 1:colcon.colcon_core.package_identification:_identify(src/my_cpp_pkg) by extensions ['ignore', 'ignore_ament_install']
[0.264s] Level 1:colcon.colcon_core.package_identification:_identify(src/my_cpp_pkg) by extension 'ignore'
[0.264s] Level 1:colcon.colcon_core.package_identification:_identify(src/my_cpp_pkg) by extension 'ignore_ament_install'
[0.264s] Level 1:colcon.colcon_core.package_identification:_identify(src/my_cpp_pkg) by extensions ['colcon_pkg']
[0.264s] Level 1:colcon.colcon_core.package_identification:_identify(src/my_cpp_pkg) by extension 'colcon_pkg'
[0.264s] Level 1:colcon.colcon_core.package_identification:_identify(src/my_cpp_pkg) by extensions ['colcon_meta']
[0.264s] Level 1:colcon.colcon_core.package_identification:_identify(src/my_cpp_pkg) by extension 'colcon_meta'
[0.264s] Level 1:colcon.colcon_core.package_identification:_identify(src/my_cpp_pkg) by extensions ['ros']
[0.264s] Level 1:colcon.colcon_core.package_identification:_identify(src/my_cpp_pkg) by extension 'ros'
[0.265s] DEBUG:colcon.colcon_core.package_identification:Package 'src/my_cpp_pkg' with type 'ros.ament_cmake' and name 'my_cpp_pkg'
[0.265s] Level 1:colcon.colcon_core.package_identification:_identify(src/my_py_pkg) by extensions ['ignore', 'ignore_ament_install']
[0.265s] Level 1:colcon.colcon_core.package_identification:_identify(src/my_py_pkg) by extension 'ignore'
[0.265s] Level 1:colcon.colcon_core.package_identification:_identify(src/my_py_pkg) by extension 'ignore_ament_install'
[0.265s] Level 1:colcon.colcon_core.package_identification:_identify(src/my_py_pkg) by extensions ['colcon_pkg']
[0.265s] Level 1:colcon.colcon_core.package_identification:_identify(src/my_py_pkg) by extension 'colcon_pkg'
[0.265s] Level 1:colcon.colcon_core.package_identification:_identify(src/my_py_pkg) by extensions ['colcon_meta']
[0.265s] Level 1:colcon.colcon_core.package_identification:_identify(src/my_py_pkg) by extension 'colcon_meta'
[0.265s] Level 1:colcon.colcon_core.package_identification:_identify(src/my_py_pkg) by extensions ['ros']
[0.265s] Level 1:colcon.colcon_core.package_identification:_identify(src/my_py_pkg) by extension 'ros'
[0.266s] DEBUG:colcon.colcon_core.package_identification:Package 'src/my_py_pkg' with type 'ros.ament_python' and name 'my_py_pkg'
[0.266s] Level 1:colcon.colcon_core.package_identification:_identify(src/my_robot_bringup) by extensions ['ignore', 'ignore_ament_install']
[0.266s] Level 1:colcon.colcon_core.package_identification:_identify(src/my_robot_bringup) by extension 'ignore'
[0.266s] Level 1:colcon.colcon_core.package_identification:_identify(src/my_robot_bringup) by extension 'ignore_ament_install'
[0.266s] Level 1:colcon.colcon_core.package_identification:_identify(src/my_robot_bringup) by extensions ['colcon_pkg']
[0.266s] Level 1:colcon.colcon_core.package_identification:_identify(src/my_robot_bringup) by extension 'colcon_pkg'
[0.266s] Level 1:colcon.colcon_core.package_identification:_identify(src/my_robot_bringup) by extensions ['colcon_meta']
[0.267s] Level 1:colcon.colcon_core.package_identification:_identify(src/my_robot_bringup) by extension 'colcon_meta'
[0.267s] Level 1:colcon.colcon_core.package_identification:_identify(src/my_robot_bringup) by extensions ['ros']
[0.267s] Level 1:colcon.colcon_core.package_identification:_identify(src/my_robot_bringup) by extension 'ros'
[0.267s] DEBUG:colcon.colcon_core.package_identification:Package 'src/my_robot_bringup' with type 'ros.ament_cmake' and name 'my_robot_bringup'
[0.267s] Level 1:colcon.colcon_core.package_identification:_identify(src/my_robot_interfaces) by extensions ['ignore', 'ignore_ament_install']
[0.267s] Level 1:colcon.colcon_core.package_identification:_identify(src/my_robot_interfaces) by extension 'ignore'
[0.267s] Level 1:colcon.colcon_core.package_identification:_identify(src/my_robot_interfaces) by extension 'ignore_ament_install'
[0.267s] Level 1:colcon.colcon_core.package_identification:_identify(src/my_robot_interfaces) by extensions ['colcon_pkg']
[0.267s] Level 1:colcon.colcon_core.package_identification:_identify(src/my_robot_interfaces) by extension 'colcon_pkg'
[0.267s] Level 1:colcon.colcon_core.package_identification:_identify(src/my_robot_interfaces) by extensions ['colcon_meta']
[0.267s] Level 1:colcon.colcon_core.package_identification:_identify(src/my_robot_interfaces) by extension 'colcon_meta'
[0.268s] Level 1:colcon.colcon_core.package_identification:_identify(src/my_robot_interfaces) by extensions ['ros']
[0.268s] Level 1:colcon.colcon_core.package_identification:_identify(src/my_robot_interfaces) by extension 'ros'
[0.268s] DEBUG:colcon.colcon_core.package_identification:Package 'src/my_robot_interfaces' with type 'ros.ament_cmake' and name 'my_robot_interfaces'
[0.268s] Level 1:colcon.colcon_core.package_identification:_identify(src/polygon_base) by extensions ['ignore', 'ignore_ament_install']
[0.268s] Level 1:colcon.colcon_core.package_identification:_identify(src/polygon_base) by extension 'ignore'
[0.268s] Level 1:colcon.colcon_core.package_identification:_identify(src/polygon_base) by extension 'ignore_ament_install'
[0.268s] Level 1:colcon.colcon_core.package_identification:_identify(src/polygon_base) by extensions ['colcon_pkg']
[0.268s] Level 1:colcon.colcon_core.package_identification:_identify(src/polygon_base) by extension 'colcon_pkg'
[0.268s] Level 1:colcon.colcon_core.package_identification:_identify(src/polygon_base) by extensions ['colcon_meta']
[0.268s] Level 1:colcon.colcon_core.package_identification:_identify(src/polygon_base) by extension 'colcon_meta'
[0.268s] Level 1:colcon.colcon_core.package_identification:_identify(src/polygon_base) by extensions ['ros']
[0.268s] Level 1:colcon.colcon_core.package_identification:_identify(src/polygon_base) by extension 'ros'
[0.269s] DEBUG:colcon.colcon_core.package_identification:Package 'src/polygon_base' with type 'ros.ament_cmake' and name 'polygon_base'
[0.269s] Level 1:colcon.colcon_core.package_identification:_identify(src/polygon_plugins) by extensions ['ignore', 'ignore_ament_install']
[0.269s] Level 1:colcon.colcon_core.package_identification:_identify(src/polygon_plugins) by extension 'ignore'
[0.269s] Level 1:colcon.colcon_core.package_identification:_identify(src/polygon_plugins) by extension 'ignore_ament_install'
[0.269s] Level 1:colcon.colcon_core.package_identification:_identify(src/polygon_plugins) by extensions ['colcon_pkg']
[0.269s] Level 1:colcon.colcon_core.package_identification:_identify(src/polygon_plugins) by extension 'colcon_pkg'
[0.269s] Level 1:colcon.colcon_core.package_identification:_identify(src/polygon_plugins) by extensions ['colcon_meta']
[0.269s] Level 1:colcon.colcon_core.package_identification:_identify(src/polygon_plugins) by extension 'colcon_meta'
[0.269s] Level 1:colcon.colcon_core.package_identification:_identify(src/polygon_plugins) by extensions ['ros']
[0.269s] Level 1:colcon.colcon_core.package_identification:_identify(src/polygon_plugins) by extension 'ros'
[0.270s] DEBUG:colcon.colcon_core.package_identification:Package 'src/polygon_plugins' with type 'ros.ament_cmake' and name 'polygon_plugins'
[0.270s] Level 1:colcon.colcon_core.package_identification:_identify(src/py_pubsub) by extensions ['ignore', 'ignore_ament_install']
[0.270s] Level 1:colcon.colcon_core.package_identification:_identify(src/py_pubsub) by extension 'ignore'
[0.270s] Level 1:colcon.colcon_core.package_identification:_identify(src/py_pubsub) by extension 'ignore_ament_install'
[0.270s] Level 1:colcon.colcon_core.package_identification:_identify(src/py_pubsub) by extensions ['colcon_pkg']
[0.270s] Level 1:colcon.colcon_core.package_identification:_identify(src/py_pubsub) by extension 'colcon_pkg'
[0.270s] Level 1:colcon.colcon_core.package_identification:_identify(src/py_pubsub) by extensions ['colcon_meta']
[0.270s] Level 1:colcon.colcon_core.package_identification:_identify(src/py_pubsub) by extension 'colcon_meta'
[0.270s] Level 1:colcon.colcon_core.package_identification:_identify(src/py_pubsub) by extensions ['ros']
[0.270s] Level 1:colcon.colcon_core.package_identification:_identify(src/py_pubsub) by extension 'ros'
[0.271s] DEBUG:colcon.colcon_core.package_identification:Package 'src/py_pubsub' with type 'ros.ament_python' and name 'py_pubsub'
[0.271s] Level 1:colcon.colcon_core.package_identification:_identify(src/py_srvcli) by extensions ['ignore', 'ignore_ament_install']
[0.271s] Level 1:colcon.colcon_core.package_identification:_identify(src/py_srvcli) by extension 'ignore'
[0.271s] Level 1:colcon.colcon_core.package_identification:_identify(src/py_srvcli) by extension 'ignore_ament_install'
[0.271s] Level 1:colcon.colcon_core.package_identification:_identify(src/py_srvcli) by extensions ['colcon_pkg']
[0.271s] Level 1:colcon.colcon_core.package_identification:_identify(src/py_srvcli) by extension 'colcon_pkg'
[0.271s] Level 1:colcon.colcon_core.package_identification:_identify(src/py_srvcli) by extensions ['colcon_meta']
[0.271s] Level 1:colcon.colcon_core.package_identification:_identify(src/py_srvcli) by extension 'colcon_meta'
[0.271s] Level 1:colcon.colcon_core.package_identification:_identify(src/py_srvcli) by extensions ['ros']
[0.271s] Level 1:colcon.colcon_core.package_identification:_identify(src/py_srvcli) by extension 'ros'
[0.272s] DEBUG:colcon.colcon_core.package_identification:Package 'src/py_srvcli' with type 'ros.ament_python' and name 'py_srvcli'
[0.272s] Level 1:colcon.colcon_core.package_identification:_identify(src/tutorial_interfaces) by extensions ['ignore', 'ignore_ament_install']
[0.272s] Level 1:colcon.colcon_core.package_identification:_identify(src/tutorial_interfaces) by extension 'ignore'
[0.272s] Level 1:colcon.colcon_core.package_identification:_identify(src/tutorial_interfaces) by extension 'ignore_ament_install'
[0.272s] Level 1:colcon.colcon_core.package_identification:_identify(src/tutorial_interfaces) by extensions ['colcon_pkg']
[0.272s] Level 1:colcon.colcon_core.package_identification:_identify(src/tutorial_interfaces) by extension 'colcon_pkg'
[0.272s] Level 1:colcon.colcon_core.package_identification:_identify(src/tutorial_interfaces) by extensions ['colcon_meta']
[0.272s] Level 1:colcon.colcon_core.package_identification:_identify(src/tutorial_interfaces) by extension 'colcon_meta'
[0.272s] Level 1:colcon.colcon_core.package_identification:_identify(src/tutorial_interfaces) by extensions ['ros']
[0.272s] Level 1:colcon.colcon_core.package_identification:_identify(src/tutorial_interfaces) by extension 'ros'
[0.273s] DEBUG:colcon.colcon_core.package_identification:Package 'src/tutorial_interfaces' with type 'ros.ament_cmake' and name 'tutorial_interfaces'
[0.273s] Level 1:colcon.colcon_core.package_identification:_identify(test2) by extensions ['ignore', 'ignore_ament_install']
[0.273s] Level 1:colcon.colcon_core.package_identification:_identify(test2) by extension 'ignore'
[0.273s] Level 1:colcon.colcon_core.package_identification:_identify(test2) by extension 'ignore_ament_install'
[0.273s] Level 1:colcon.colcon_core.package_identification:_identify(test2) by extensions ['colcon_pkg']
[0.273s] Level 1:colcon.colcon_core.package_identification:_identify(test2) by extension 'colcon_pkg'
[0.273s] Level 1:colcon.colcon_core.package_identification:_identify(test2) by extensions ['colcon_meta']
[0.273s] Level 1:colcon.colcon_core.package_identification:_identify(test2) by extension 'colcon_meta'
[0.274s] Level 1:colcon.colcon_core.package_identification:_identify(test2) by extensions ['ros']
[0.274s] Level 1:colcon.colcon_core.package_identification:_identify(test2) by extension 'ros'
[0.274s] Level 1:colcon.colcon_core.package_identification:_identify(test2) by extensions ['cmake', 'python']
[0.274s] Level 1:colcon.colcon_core.package_identification:_identify(test2) by extension 'cmake'
[0.274s] Level 1:colcon.colcon_core.package_identification:_identify(test2) by extension 'python'
[0.274s] Level 1:colcon.colcon_core.package_identification:_identify(test2) by extensions ['python_setup_py']
[0.274s] Level 1:colcon.colcon_core.package_identification:_identify(test2) by extension 'python_setup_py'
[0.274s] Level 1:colcon.colcon_core.package_discovery:discover_packages(recursive) using defaults
[0.274s] Level 1:colcon.colcon_core.package_discovery:discover_packages(ignore) discover
[0.274s] Level 1:colcon.colcon_core.package_discovery:discover_packages(ignore) using defaults
[0.274s] Level 1:colcon.colcon_core.package_discovery:discover_packages(path) discover
[0.274s] Level 1:colcon.colcon_core.package_discovery:discover_packages(path) using defaults
[0.292s] INFO:colcon.colcon_core.package_selection:Skipping not selected package 'my_robot_interfaces' in 'src/my_robot_interfaces'
[0.292s] INFO:colcon.colcon_core.package_selection:Skipping not selected package 'polygon_base' in 'src/polygon_base'
[0.292s] INFO:colcon.colcon_core.package_selection:Skipping not selected package 'tutorial_interfaces' in 'src/tutorial_interfaces'
[0.292s] INFO:colcon.colcon_core.package_selection:Skipping not selected package 'my_cpp_pkg' in 'src/my_cpp_pkg'
[0.292s] INFO:colcon.colcon_core.package_selection:Skipping not selected package 'my_py_pkg' in 'src/my_py_pkg'
[0.292s] INFO:colcon.colcon_core.package_selection:Skipping not selected package 'polygon_plugins' in 'src/polygon_plugins'
[0.292s] INFO:colcon.colcon_core.package_selection:Skipping not selected package 'py_pubsub' in 'src/py_pubsub'
[0.292s] INFO:colcon.colcon_core.package_selection:Skipping not selected package 'py_srvcli' in 'src/py_srvcli'
[0.292s] INFO:colcon.colcon_core.package_selection:Skipping not selected package 'my_robot_bringup' in 'src/my_robot_bringup'
[0.293s] Level 1:colcon.colcon_core.package_discovery:discover_packages(prefix_path) check parameters
[0.293s] Level 1:colcon.colcon_core.package_discovery:discover_packages(prefix_path) discover
[0.295s] DEBUG:colcon.colcon_installed_package_information.package_discovery:Found 10 installed packages in /home/robotserver/ros2_ws/install
[0.295s] DEBUG:colcon.colcon_installed_package_information.package_discovery:Found 3 installed packages in /home/robotserver/Desktop/git/create3_main/install
[0.296s] DEBUG:colcon.colcon_installed_package_information.package_discovery:Found 1 installed packages in /home/robotserver/ros2_ws/src/tutorial_interfaces/install
[0.297s] DEBUG:colcon.colcon_installed_package_information.package_discovery:Found 305 installed packages in /opt/ros/humble
[0.298s] Level 1:colcon.colcon_core.package_discovery:discover_packages(prefix_path) using defaults
[0.349s] WARNING:colcon.colcon_core.package_selection:Some selected packages are already built in one or more underlay workspaces:
	'action_tutorials_interfaces' is in: /home/robotserver/ros2_ws/install/action_tutorials_interfaces, /opt/ros/humble
If a package in a merged underlay workspace is overridden and it installs headers, then all packages in the overlay must sort their include directories by workspace order. Failure to do so may result in build failures or undefined behavior at run time.
If the overridden package is used by another package in any underlay, then the overriding package in the overlay must be API and ABI compatible or undefined behavior at run time may occur.

If you understand the risks and want to override a package anyways, add the following to the command line:
	--allow-overriding action_tutorials_interfaces

This may be promoted to an error in a future release of colcon-override-check.
[0.350s] Level 5:colcon.colcon_core.verb:set package 'action_tutorials_interfaces' build argument 'cmake_args' from command line to 'None'
[0.350s] Level 5:colcon.colcon_core.verb:set package 'action_tutorials_interfaces' build argument 'cmake_target' from command line to 'None'
[0.350s] Level 5:colcon.colcon_core.verb:set package 'action_tutorials_interfaces' build argument 'cmake_target_skip_unavailable' from command line to 'False'
[0.350s] Level 5:colcon.colcon_core.verb:set package 'action_tutorials_interfaces' build argument 'cmake_clean_cache' from command line to 'False'
[0.350s] Level 5:colcon.colcon_core.verb:set package 'action_tutorials_interfaces' build argument 'cmake_clean_first' from command line to 'False'
[0.350s] Level 5:colcon.colcon_core.verb:set package 'action_tutorials_interfaces' build argument 'cmake_force_configure' from command line to 'False'
[0.350s] Level 5:colcon.colcon_core.verb:set package 'action_tutorials_interfaces' build argument 'ament_cmake_args' from command line to 'None'
[0.350s] Level 5:colcon.colcon_core.verb:set package 'action_tutorials_interfaces' build argument 'catkin_cmake_args' from command line to 'None'
[0.350s] Level 5:colcon.colcon_core.verb:set package 'action_tutorials_interfaces' build argument 'catkin_skip_building_tests' from command line to 'False'
[0.350s] DEBUG:colcon.colcon_core.verb:Building package 'action_tutorials_interfaces' with the following arguments: {'ament_cmake_args': None, 'build_base': '/home/robotserver/ros2_ws/build/action_tutorials_interfaces', 'catkin_cmake_args': None, 'catkin_skip_building_tests': False, 'cmake_args': None, 'cmake_clean_cache': False, 'cmake_clean_first': False, 'cmake_force_configure': False, 'cmake_target': None, 'cmake_target_skip_unavailable': False, 'install_base': '/home/robotserver/ros2_ws/install/action_tutorials_interfaces', 'merge_install': False, 'path': '/home/robotserver/ros2_ws/src/action_tutorials_interfaces', 'symlink_install': False, 'test_result_base': None}
[0.350s] INFO:colcon.colcon_core.executor:Executing jobs using 'parallel' executor
[0.351s] DEBUG:colcon.colcon_parallel_executor.executor.parallel:run_until_complete
[0.352s] INFO:colcon.colcon_ros.task.ament_cmake.build:Building ROS package in '/home/robotserver/ros2_ws/src/action_tutorials_interfaces' with build type 'ament_cmake'
[0.352s] INFO:colcon.colcon_cmake.task.cmake.build:Building CMake package in '/home/robotserver/ros2_ws/src/action_tutorials_interfaces'
[0.354s] INFO:colcon.colcon_core.plugin_system:Skipping extension 'colcon_core.shell.bat': Not used on non-Windows systems
[0.354s] INFO:colcon.colcon_core.shell:Skip shell extension 'powershell' for command environment: Not usable outside of PowerShell
[0.354s] DEBUG:colcon.colcon_core.shell:Skip shell extension 'dsv' for command environment
[0.362s] DEBUG:colcon.colcon_core.event_handler.log_command:Invoking command in '/home/robotserver/ros2_ws/build/action_tutorials_interfaces': CMAKE_PREFIX_PATH=${CMAKE_PREFIX_PATH}:/home/robotserver/ros2_ws/install/py_srvcli:/home/robotserver/ros2_ws/install/py_pubsub:/home/robotserver/ros2_ws/install/my_py_pkg:/home/robotserver/Desktop/git/create3_main/install/create3_teleop:/home/robotserver/Desktop/git/create3_main/install/create3_msg_transfer:/home/robotserver/Desktop/git/create3_main/install/create3_control:/opt/ros/humble /usr/bin/cmake /home/robotserver/ros2_ws/src/action_tutorials_interfaces -DCMAKE_INSTALL_PREFIX=/home/robotserver/ros2_ws/install/action_tutorials_interfaces
[1.553s] DEBUG:colcon.colcon_core.event_handler.log_command:Invoked command in '/home/robotserver/ros2_ws/build/action_tutorials_interfaces' returned '0': CMAKE_PREFIX_PATH=${CMAKE_PREFIX_PATH}:/home/robotserver/ros2_ws/install/py_srvcli:/home/robotserver/ros2_ws/install/py_pubsub:/home/robotserver/ros2_ws/install/my_py_pkg:/home/robotserver/Desktop/git/create3_main/install/create3_teleop:/home/robotserver/Desktop/git/create3_main/install/create3_msg_transfer:/home/robotserver/Desktop/git/create3_main/install/create3_control:/opt/ros/humble /usr/bin/cmake /home/robotserver/ros2_ws/src/action_tutorials_interfaces -DCMAKE_INSTALL_PREFIX=/home/robotserver/ros2_ws/install/action_tutorials_interfaces
[1.555s] DEBUG:colcon.colcon_core.event_handler.log_command:Invoking command in '/home/robotserver/ros2_ws/build/action_tutorials_interfaces': CMAKE_PREFIX_PATH=${CMAKE_PREFIX_PATH}:/home/robotserver/ros2_ws/install/py_srvcli:/home/robotserver/ros2_ws/install/py_pubsub:/home/robotserver/ros2_ws/install/my_py_pkg:/home/robotserver/Desktop/git/create3_main/install/create3_teleop:/home/robotserver/Desktop/git/create3_main/install/create3_msg_transfer:/home/robotserver/Desktop/git/create3_main/install/create3_control:/opt/ros/humble /usr/bin/cmake --build /home/robotserver/ros2_ws/build/action_tutorials_interfaces -- -j8 -l8
[4.304s] DEBUG:colcon.colcon_core.event_handler.log_command:Invoked command in '/home/robotserver/ros2_ws/build/action_tutorials_interfaces' returned '0': CMAKE_PREFIX_PATH=${CMAKE_PREFIX_PATH}:/home/robotserver/ros2_ws/install/py_srvcli:/home/robotserver/ros2_ws/install/py_pubsub:/home/robotserver/ros2_ws/install/my_py_pkg:/home/robotserver/Desktop/git/create3_main/install/create3_teleop:/home/robotserver/Desktop/git/create3_main/install/create3_msg_transfer:/home/robotserver/Desktop/git/create3_main/install/create3_control:/opt/ros/humble /usr/bin/cmake --build /home/robotserver/ros2_ws/build/action_tutorials_interfaces -- -j8 -l8
[4.368s] DEBUG:colcon.colcon_core.event_handler.log_command:Invoking command in '/home/robotserver/ros2_ws/build/action_tutorials_interfaces': CMAKE_PREFIX_PATH=${CMAKE_PREFIX_PATH}:/home/robotserver/ros2_ws/install/py_srvcli:/home/robotserver/ros2_ws/install/py_pubsub:/home/robotserver/ros2_ws/install/my_py_pkg:/home/robotserver/Desktop/git/create3_main/install/create3_teleop:/home/robotserver/Desktop/git/create3_main/install/create3_msg_transfer:/home/robotserver/Desktop/git/create3_main/install/create3_control:/opt/ros/humble /usr/bin/cmake --install /home/robotserver/ros2_ws/build/action_tutorials_interfaces
[4.449s] Level 1:colcon.colcon_core.environment:create_environment_scripts_only(action_tutorials_interfaces)
[4.450s] DEBUG:colcon.colcon_core.event_handler.log_command:Invoked command in '/home/robotserver/ros2_ws/build/action_tutorials_interfaces' returned '0': CMAKE_PREFIX_PATH=${CMAKE_PREFIX_PATH}:/home/robotserver/ros2_ws/install/py_srvcli:/home/robotserver/ros2_ws/install/py_pubsub:/home/robotserver/ros2_ws/install/my_py_pkg:/home/robotserver/Desktop/git/create3_main/install/create3_teleop:/home/robotserver/Desktop/git/create3_main/install/create3_msg_transfer:/home/robotserver/Desktop/git/create3_main/install/create3_control:/opt/ros/humble /usr/bin/cmake --install /home/robotserver/ros2_ws/build/action_tutorials_interfaces
[4.453s] Level 1:colcon.colcon_core.environment:checking '/home/robotserver/ros2_ws/install/action_tutorials_interfaces' for CMake module files
[4.454s] Level 1:colcon.colcon_core.environment:checking '/home/robotserver/ros2_ws/install/action_tutorials_interfaces' for CMake config files
[4.455s] Level 1:colcon.colcon_core.shell:create_environment_hook('action_tutorials_interfaces', 'cmake_prefix_path')
[4.455s] INFO:colcon.colcon_core.shell:Creating environment hook '/home/robotserver/ros2_ws/install/action_tutorials_interfaces/share/action_tutorials_interfaces/hook/cmake_prefix_path.ps1'
[4.456s] INFO:colcon.colcon_core.shell:Creating environment descriptor '/home/robotserver/ros2_ws/install/action_tutorials_interfaces/share/action_tutorials_interfaces/hook/cmake_prefix_path.dsv'
[4.456s] INFO:colcon.colcon_core.shell:Creating environment hook '/home/robotserver/ros2_ws/install/action_tutorials_interfaces/share/action_tutorials_interfaces/hook/cmake_prefix_path.sh'
[4.457s] Level 1:colcon.colcon_core.environment:checking '/home/robotserver/ros2_ws/install/action_tutorials_interfaces/lib'
[4.457s] Level 1:colcon.colcon_core.shell:create_environment_hook('action_tutorials_interfaces', 'ld_library_path_lib')
[4.458s] INFO:colcon.colcon_core.shell:Creating environment hook '/home/robotserver/ros2_ws/install/action_tutorials_interfaces/share/action_tutorials_interfaces/hook/ld_library_path_lib.ps1'
[4.458s] INFO:colcon.colcon_core.shell:Creating environment descriptor '/home/robotserver/ros2_ws/install/action_tutorials_interfaces/share/action_tutorials_interfaces/hook/ld_library_path_lib.dsv'
[4.458s] INFO:colcon.colcon_core.shell:Creating environment hook '/home/robotserver/ros2_ws/install/action_tutorials_interfaces/share/action_tutorials_interfaces/hook/ld_library_path_lib.sh'
[4.459s] Level 1:colcon.colcon_core.environment:checking '/home/robotserver/ros2_ws/install/action_tutorials_interfaces/bin'
[4.459s] Level 1:colcon.colcon_core.environment:checking '/home/robotserver/ros2_ws/install/action_tutorials_interfaces/lib/pkgconfig/action_tutorials_interfaces.pc'
[4.460s] Level 1:colcon.colcon_core.environment:checking '/home/robotserver/ros2_ws/install/action_tutorials_interfaces/lib/python3.10/site-packages'
[4.460s] Level 1:colcon.colcon_core.environment:checking '/home/robotserver/ros2_ws/install/action_tutorials_interfaces/bin'
[4.461s] INFO:colcon.colcon_core.shell:Creating package script '/home/robotserver/ros2_ws/install/action_tutorials_interfaces/share/action_tutorials_interfaces/package.ps1'
[4.462s] INFO:colcon.colcon_core.shell:Creating package descriptor '/home/robotserver/ros2_ws/install/action_tutorials_interfaces/share/action_tutorials_interfaces/package.dsv'
[4.463s] INFO:colcon.colcon_core.shell:Creating package script '/home/robotserver/ros2_ws/install/action_tutorials_interfaces/share/action_tutorials_interfaces/package.sh'
[4.464s] INFO:colcon.colcon_core.shell:Creating package script '/home/robotserver/ros2_ws/install/action_tutorials_interfaces/share/action_tutorials_interfaces/package.bash'
[4.465s] INFO:colcon.colcon_core.shell:Creating package script '/home/robotserver/ros2_ws/install/action_tutorials_interfaces/share/action_tutorials_interfaces/package.zsh'
[4.466s] Level 1:colcon.colcon_core.environment:create_file_with_runtime_dependencies(/home/robotserver/ros2_ws/install/action_tutorials_interfaces/share/colcon-core/packages/action_tutorials_interfaces)
[4.525s] Level 1:colcon.colcon_core.environment:create_environment_scripts_only(action_tutorials_interfaces)
[4.525s] Level 1:colcon.colcon_core.environment:checking '/home/robotserver/ros2_ws/install/action_tutorials_interfaces' for CMake module files
[4.525s] Level 1:colcon.colcon_core.environment:checking '/home/robotserver/ros2_ws/install/action_tutorials_interfaces' for CMake config files
[4.526s] Level 1:colcon.colcon_core.shell:create_environment_hook('action_tutorials_interfaces', 'cmake_prefix_path')
[4.526s] INFO:colcon.colcon_core.shell:Creating environment hook '/home/robotserver/ros2_ws/install/action_tutorials_interfaces/share/action_tutorials_interfaces/hook/cmake_prefix_path.ps1'
[4.526s] INFO:colcon.colcon_core.shell:Creating environment descriptor '/home/robotserver/ros2_ws/install/action_tutorials_interfaces/share/action_tutorials_interfaces/hook/cmake_prefix_path.dsv'
[4.527s] INFO:colcon.colcon_core.shell:Creating environment hook '/home/robotserver/ros2_ws/install/action_tutorials_interfaces/share/action_tutorials_interfaces/hook/cmake_prefix_path.sh'
[4.527s] Level 1:colcon.colcon_core.environment:checking '/home/robotserver/ros2_ws/install/action_tutorials_interfaces/lib'
[4.527s] Level 1:colcon.colcon_core.shell:create_environment_hook('action_tutorials_interfaces', 'ld_library_path_lib')
[4.527s] INFO:colcon.colcon_core.shell:Creating environment hook '/home/robotserver/ros2_ws/install/action_tutorials_interfaces/share/action_tutorials_interfaces/hook/ld_library_path_lib.ps1'
[4.528s] INFO:colcon.colcon_core.shell:Creating environment descriptor '/home/robotserver/ros2_ws/install/action_tutorials_interfaces/share/action_tutorials_interfaces/hook/ld_library_path_lib.dsv'
[4.528s] INFO:colcon.colcon_core.shell:Creating environment hook '/home/robotserver/ros2_ws/install/action_tutorials_interfaces/share/action_tutorials_interfaces/hook/ld_library_path_lib.sh'
[4.528s] Level 1:colcon.colcon_core.environment:checking '/home/robotserver/ros2_ws/install/action_tutorials_interfaces/bin'
[4.528s] Level 1:colcon.colcon_core.environment:checking '/home/robotserver/ros2_ws/install/action_tutorials_interfaces/lib/pkgconfig/action_tutorials_interfaces.pc'
[4.529s] Level 1:colcon.colcon_core.environment:checking '/home/robotserver/ros2_ws/install/action_tutorials_interfaces/lib/python3.10/site-packages'
[4.529s] Level 1:colcon.colcon_core.environment:checking '/home/robotserver/ros2_ws/install/action_tutorials_interfaces/bin'
[4.529s] INFO:colcon.colcon_core.shell:Creating package script '/home/robotserver/ros2_ws/install/action_tutorials_interfaces/share/action_tutorials_interfaces/package.ps1'
[4.530s] INFO:colcon.colcon_core.shell:Creating package descriptor '/home/robotserver/ros2_ws/install/action_tutorials_interfaces/share/action_tutorials_interfaces/package.dsv'
[4.530s] INFO:colcon.colcon_core.shell:Creating package script '/home/robotserver/ros2_ws/install/action_tutorials_interfaces/share/action_tutorials_interfaces/package.sh'
[4.530s] INFO:colcon.colcon_core.shell:Creating package script '/home/robotserver/ros2_ws/install/action_tutorials_interfaces/share/action_tutorials_interfaces/package.bash'
[4.531s] INFO:colcon.colcon_core.shell:Creating package script '/home/robotserver/ros2_ws/install/action_tutorials_interfaces/share/action_tutorials_interfaces/package.zsh'
[4.531s] Level 1:colcon.colcon_core.environment:create_file_with_runtime_dependencies(/home/robotserver/ros2_ws/install/action_tutorials_interfaces/share/colcon-core/packages/action_tutorials_interfaces)
[4.531s] DEBUG:colcon.colcon_parallel_executor.executor.parallel:closing loop
[4.532s] DEBUG:colcon.colcon_parallel_executor.executor.parallel:loop closed
[4.532s] DEBUG:colcon.colcon_parallel_executor.executor.parallel:run_until_complete finished with '0'
[4.532s] DEBUG:colcon.colcon_core.event_reactor:joining thread
[4.537s] INFO:colcon.colcon_core.plugin_system:Skipping extension 'colcon_notification.desktop_notification.terminal_notifier': Not used on non-Darwin systems
[4.537s] INFO:colcon.colcon_core.plugin_system:Skipping extension 'colcon_notification.desktop_notification.win32': Not used on non-Windows systems
[4.537s] INFO:colcon.colcon_notification.desktop_notification:Sending desktop notification using 'notify2'
[4.549s] DEBUG:colcon.colcon_core.event_reactor:joined thread
[4.550s] INFO:colcon.colcon_core.shell:Creating prefix script '/home/robotserver/ros2_ws/install/local_setup.ps1'
[4.553s] INFO:colcon.colcon_core.shell:Creating prefix util module '/home/robotserver/ros2_ws/install/_local_setup_util_ps1.py'
[4.558s] INFO:colcon.colcon_core.shell:Creating prefix chain script '/home/robotserver/ros2_ws/install/setup.ps1'
[4.563s] INFO:colcon.colcon_core.shell:Creating prefix script '/home/robotserver/ros2_ws/install/local_setup.sh'
[4.564s] INFO:colcon.colcon_core.shell:Creating prefix util module '/home/robotserver/ros2_ws/install/_local_setup_util_sh.py'
[4.566s] INFO:colcon.colcon_core.shell:Creating prefix chain script '/home/robotserver/ros2_ws/install/setup.sh'
[4.571s] INFO:colcon.colcon_core.shell:Creating prefix script '/home/robotserver/ros2_ws/install/local_setup.bash'
[4.572s] INFO:colcon.colcon_core.shell:Creating prefix chain script '/home/robotserver/ros2_ws/install/setup.bash'
[4.575s] INFO:colcon.colcon_core.shell:Creating prefix script '/home/robotserver/ros2_ws/install/local_setup.zsh'
[4.576s] INFO:colcon.colcon_core.shell:Creating prefix chain script '/home/robotserver/ros2_ws/install/setup.zsh'
