[0.014s] Invoking command in '/home/robotserver/ROS2_Nav2_Course/turtlebot3_ws/build/turtlebot3_fake': /usr/bin/cmake /home/robotserver/ROS2_Nav2_Course/turtlebot3_ws/src/turtlebot3_fake -DCATKIN_INSTALL_INTO_PREFIX_ROOT=0 -DCMAKE_INSTALL_PREFIX=/home/robotserver/ROS2_Nav2_Course/turtlebot3_ws/install/turtlebot3_fake
[0.071s] -- The C compiler identification is GNU 11.4.0
[0.126s] -- The CXX compiler identification is GNU 11.4.0
[0.135s] -- Detecting C compiler ABI info
[0.201s] -- Detecting C compiler ABI info - done
[0.210s] -- Check for working C compiler: /usr/bin/cc - skipped
[0.210s] -- Detecting C compile features
[0.210s] -- Detecting C compile features - done
[0.214s] -- Detecting CXX compiler ABI info
[0.288s] -- Detecting CXX compiler ABI info - done
[0.296s] -- Check for working CXX compiler: /usr/bin/c++ - skipped
[0.296s] -- Detecting CXX compile features
[0.297s] -- Detecting CXX compile features - done
[0.306s] [31mCMake Error at CMakeLists.txt:11 (find_package):
[0.307s]   By not providing "Findcatkin.cmake" in CMAKE_MODULE_PATH this project has
[0.307s]   asked CMake to find a package configuration file provided by "catkin", but
[0.307s]   CMake did not find one.
[0.307s] 
[0.307s]   Could not find a package configuration file provided by "catkin" with any
[0.307s]   of the following names:
[0.307s] 
[0.307s]     catkinConfig.cmake
[0.307s]     catkin-config.cmake
[0.307s] 
[0.307s]   Add the installation prefix of "catkin" to CMAKE_PREFIX_PATH or set
[0.307s]   "catkin_DIR" to a directory containing one of the above files.  If "catkin"
[0.307s]   provides a separate development package or SDK, be sure it has been
[0.307s]   installed.
[0.307s] 
[0.307s] [0m
[0.308s] -- Configuring incomplete, errors occurred!
[0.308s] See also "/home/robotserver/ROS2_Nav2_Course/turtlebot3_ws/build/turtlebot3_fake/CMakeFiles/CMakeOutput.log".
[0.312s] Invoked command in '/home/robotserver/ROS2_Nav2_Course/turtlebot3_ws/build/turtlebot3_fake' returned '1': /usr/bin/cmake /home/robotserver/ROS2_Nav2_Course/turtlebot3_ws/src/turtlebot3_fake -DCATKIN_INSTALL_INTO_PREFIX_ROOT=0 -DCMAKE_INSTALL_PREFIX=/home/robotserver/ROS2_Nav2_Course/turtlebot3_ws/install/turtlebot3_fake
