[1.005s] Invoking command in '/home/robotserver/Desktop/git/ROS/create3_examples_ws/src/create3_examples/create3_examples_py': CONDA_PROMPT_MODIFIER=(ros2_env) PYTHONPATH=/home/robotserver/Desktop/git/ROS/create3_examples_ws/build/create3_examples_py/prefix_override:/usr/lib/python3/dist-packages/colcon_core/task/python/colcon_distutils_commands:/home/robotserver/Desktop/git/ROS/create3_examples_ws/install/create3_examples_py/lib/python3.10/site-packages:${PYTHONPATH} /usr/bin/python3 -W ignore:setup.py install is deprecated setup.py egg_info --egg-base ../../../build/create3_examples_py build --build-base /home/robotserver/Desktop/git/ROS/create3_examples_ws/build/create3_examples_py/build install --record /home/robotserver/Desktop/git/ROS/create3_examples_ws/build/create3_examples_py/install.log --single-version-externally-managed install_data
[1.273s] running egg_info
[1.274s] creating ../../../build/create3_examples_py/create3_examples_py.egg-info
[1.274s] writing ../../../build/create3_examples_py/create3_examples_py.egg-info/PKG-INFO
[1.275s] writing dependency_links to ../../../build/create3_examples_py/create3_examples_py.egg-info/dependency_links.txt
[1.275s] writing entry points to ../../../build/create3_examples_py/create3_examples_py.egg-info/entry_points.txt
[1.275s] writing requirements to ../../../build/create3_examples_py/create3_examples_py.egg-info/requires.txt
[1.275s] writing top-level names to ../../../build/create3_examples_py/create3_examples_py.egg-info/top_level.txt
[1.275s] writing manifest file '../../../build/create3_examples_py/create3_examples_py.egg-info/SOURCES.txt'
[1.278s] reading manifest file '../../../build/create3_examples_py/create3_examples_py.egg-info/SOURCES.txt'
[1.279s] writing manifest file '../../../build/create3_examples_py/create3_examples_py.egg-info/SOURCES.txt'
[1.279s] running build
[1.279s] running build_py
[1.279s] creating /home/robotserver/Desktop/git/ROS/create3_examples_ws/build/create3_examples_py/build
[1.280s] creating /home/robotserver/Desktop/git/ROS/create3_examples_ws/build/create3_examples_py/build/lib
[1.280s] creating /home/robotserver/Desktop/git/ROS/create3_examples_ws/build/create3_examples_py/build/lib/create3_examples_py
[1.280s] copying create3_examples_py/__init__.py -> /home/robotserver/Desktop/git/ROS/create3_examples_ws/build/create3_examples_py/build/lib/create3_examples_py
[1.280s] creating /home/robotserver/Desktop/git/ROS/create3_examples_ws/build/create3_examples_py/build/lib/create3_examples_py/dance
[1.280s] copying create3_examples_py/dance/__init__.py -> /home/robotserver/Desktop/git/ROS/create3_examples_ws/build/create3_examples_py/build/lib/create3_examples_py/dance
[1.280s] copying create3_examples_py/dance/create3_dance.py -> /home/robotserver/Desktop/git/ROS/create3_examples_ws/build/create3_examples_py/build/lib/create3_examples_py/dance
[1.280s] copying create3_examples_py/dance/dance_choreograph.py -> /home/robotserver/Desktop/git/ROS/create3_examples_ws/build/create3_examples_py/build/lib/create3_examples_py/dance
[1.281s] running install
[1.281s] running install_lib
[1.283s] creating /home/robotserver/Desktop/git/ROS/create3_examples_ws/install/create3_examples_py/lib/python3.10/site-packages/create3_examples_py
[1.283s] copying /home/robotserver/Desktop/git/ROS/create3_examples_ws/build/create3_examples_py/build/lib/create3_examples_py/__init__.py -> /home/robotserver/Desktop/git/ROS/create3_examples_ws/install/create3_examples_py/lib/python3.10/site-packages/create3_examples_py
[1.283s] creating /home/robotserver/Desktop/git/ROS/create3_examples_ws/install/create3_examples_py/lib/python3.10/site-packages/create3_examples_py/dance
[1.283s] copying /home/robotserver/Desktop/git/ROS/create3_examples_ws/build/create3_examples_py/build/lib/create3_examples_py/dance/__init__.py -> /home/robotserver/Desktop/git/ROS/create3_examples_ws/install/create3_examples_py/lib/python3.10/site-packages/create3_examples_py/dance
[1.283s] copying /home/robotserver/Desktop/git/ROS/create3_examples_ws/build/create3_examples_py/build/lib/create3_examples_py/dance/create3_dance.py -> /home/robotserver/Desktop/git/ROS/create3_examples_ws/install/create3_examples_py/lib/python3.10/site-packages/create3_examples_py/dance
[1.283s] copying /home/robotserver/Desktop/git/ROS/create3_examples_ws/build/create3_examples_py/build/lib/create3_examples_py/dance/dance_choreograph.py -> /home/robotserver/Desktop/git/ROS/create3_examples_ws/install/create3_examples_py/lib/python3.10/site-packages/create3_examples_py/dance
[1.284s] byte-compiling /home/robotserver/Desktop/git/ROS/create3_examples_ws/install/create3_examples_py/lib/python3.10/site-packages/create3_examples_py/__init__.py to __init__.cpython-310.pyc
[1.284s] byte-compiling /home/robotserver/Desktop/git/ROS/create3_examples_ws/install/create3_examples_py/lib/python3.10/site-packages/create3_examples_py/dance/__init__.py to __init__.cpython-310.pyc
[1.284s] byte-compiling /home/robotserver/Desktop/git/ROS/create3_examples_ws/install/create3_examples_py/lib/python3.10/site-packages/create3_examples_py/dance/create3_dance.py to create3_dance.cpython-310.pyc
[1.286s] byte-compiling /home/robotserver/Desktop/git/ROS/create3_examples_ws/install/create3_examples_py/lib/python3.10/site-packages/create3_examples_py/dance/dance_choreograph.py to dance_choreograph.cpython-310.pyc
[1.286s] running install_data
[1.287s] creating /home/robotserver/Desktop/git/ROS/create3_examples_ws/install/create3_examples_py/share/ament_index
[1.287s] creating /home/robotserver/Desktop/git/ROS/create3_examples_ws/install/create3_examples_py/share/ament_index/resource_index
[1.287s] creating /home/robotserver/Desktop/git/ROS/create3_examples_ws/install/create3_examples_py/share/ament_index/resource_index/packages
[1.287s] copying resource/create3_examples_py -> /home/robotserver/Desktop/git/ROS/create3_examples_ws/install/create3_examples_py/share/ament_index/resource_index/packages
[1.287s] copying package.xml -> /home/robotserver/Desktop/git/ROS/create3_examples_ws/install/create3_examples_py/share/create3_examples_py
[1.287s] running install_egg_info
[1.289s] Copying ../../../build/create3_examples_py/create3_examples_py.egg-info to /home/robotserver/Desktop/git/ROS/create3_examples_ws/install/create3_examples_py/lib/python3.10/site-packages/create3_examples_py-0.0.5-py3.10.egg-info
[1.290s] running install_scripts
[1.310s] Installing create3_dance script to /home/robotserver/Desktop/git/ROS/create3_examples_ws/install/create3_examples_py/lib/create3_examples_py
[1.311s] writing list of installed files to '/home/robotserver/Desktop/git/ROS/create3_examples_ws/build/create3_examples_py/install.log'
