[35m[1mConsolidate compiler generated dependencies of target create3_republisher[0m
[100%] Built target create3_republisher
-- Install configuration: ""
-- Installing: /home/robotserver/Desktop/git/ROS/create3_examples_ws/install/create3_republisher/lib/create3_republisher/create3_republisher
-- Set runtime path of "/home/robotserver/Desktop/git/ROS/create3_examples_ws/install/create3_republisher/lib/create3_republisher/create3_republisher" to ""
-- Installing: /home/robotserver/Desktop/git/ROS/create3_examples_ws/install/create3_republisher/share/create3_republisher/bringup
-- Installing: /home/robotserver/Desktop/git/ROS/create3_examples_ws/install/create3_republisher/share/create3_republisher/bringup/params.yaml
-- Installing: /home/robotserver/Desktop/git/ROS/create3_examples_ws/install/create3_republisher/share/create3_republisher/bringup/create3_republisher_launch.py
-- Installing: /home/robotserver/Desktop/git/ROS/create3_examples_ws/install/create3_republisher/share/create3_republisher/dds-config
-- Installing: /home/robotserver/Desktop/git/ROS/create3_examples_ws/install/create3_republisher/share/create3_republisher/dds-config/fastdds-robot-passive-unicast.xml
-- Installing: /home/robotserver/Desktop/git/ROS/create3_examples_ws/install/create3_republisher/share/create3_republisher/dds-config/fastdds-active-unicast.xml
-- Installing: /home/robotserver/Desktop/git/ROS/create3_examples_ws/install/create3_republisher/share/create3_republisher/dds-config/fastdds-passive-unicast.xml
-- Installing: /home/robotserver/Desktop/git/ROS/create3_examples_ws/install/create3_republisher/share/ament_index/resource_index/package_run_dependencies/create3_republisher
-- Installing: /home/robotserver/Desktop/git/ROS/create3_examples_ws/install/create3_republisher/share/ament_index/resource_index/parent_prefix_path/create3_republisher
-- Installing: /home/robotserver/Desktop/git/ROS/create3_examples_ws/install/create3_republisher/share/create3_republisher/environment/ament_prefix_path.sh
-- Installing: /home/robotserver/Desktop/git/ROS/create3_examples_ws/install/create3_republisher/share/create3_republisher/environment/ament_prefix_path.dsv
-- Installing: /home/robotserver/Desktop/git/ROS/create3_examples_ws/install/create3_republisher/share/create3_republisher/environment/path.sh
-- Installing: /home/robotserver/Desktop/git/ROS/create3_examples_ws/install/create3_republisher/share/create3_republisher/environment/path.dsv
-- Installing: /home/robotserver/Desktop/git/ROS/create3_examples_ws/install/create3_republisher/share/create3_republisher/local_setup.bash
-- Installing: /home/robotserver/Desktop/git/ROS/create3_examples_ws/install/create3_republisher/share/create3_republisher/local_setup.sh
-- Installing: /home/robotserver/Desktop/git/ROS/create3_examples_ws/install/create3_republisher/share/create3_republisher/local_setup.zsh
-- Installing: /home/robotserver/Desktop/git/ROS/create3_examples_ws/install/create3_republisher/share/create3_republisher/local_setup.dsv
-- Installing: /home/robotserver/Desktop/git/ROS/create3_examples_ws/install/create3_republisher/share/create3_republisher/package.dsv
-- Installing: /home/robotserver/Desktop/git/ROS/create3_examples_ws/install/create3_republisher/share/ament_index/resource_index/packages/create3_republisher
-- Installing: /home/robotserver/Desktop/git/ROS/create3_examples_ws/install/create3_republisher/share/create3_republisher/cmake/create3_republisherConfig.cmake
-- Installing: /home/robotserver/Desktop/git/ROS/create3_examples_ws/install/create3_republisher/share/create3_republisher/cmake/create3_republisherConfig-version.cmake
-- Installing: /home/robotserver/Desktop/git/ROS/create3_examples_ws/install/create3_republisher/share/create3_republisher/package.xml
