[0.255s] Invoking command in '/home/robotserver/Desktop/git/ROS/create3_examples_ws/build/create3_republisher': CMAKE_PREFIX_PATH=/opt/ros/humble CONDA_PROMPT_MODIFIER=(ros2_env) /usr/bin/cmake --build /home/robotserver/Desktop/git/ROS/create3_examples_ws/build/create3_republisher -- -j8 -l8
[0.291s] [35m[1mConsolidate compiler generated dependencies of target create3_republisher[0m
[0.310s] [100%] Built target create3_republisher
[0.505s] Invoked command in '/home/robotserver/Desktop/git/ROS/create3_examples_ws/build/create3_republisher' returned '0': CMAKE_PREFIX_PATH=/opt/ros/humble CONDA_PROMPT_MODIFIER=(ros2_env) /usr/bin/cmake --build /home/robotserver/Desktop/git/ROS/create3_examples_ws/build/create3_republisher -- -j8 -l8
[0.540s] Invoking command in '/home/robotserver/Desktop/git/ROS/create3_examples_ws/build/create3_republisher': CMAKE_PREFIX_PATH=/opt/ros/humble CONDA_PROMPT_MODIFIER=(ros2_env) /usr/bin/cmake --install /home/robotserver/Desktop/git/ROS/create3_examples_ws/build/create3_republisher
[0.552s] -- Install configuration: ""
[0.553s] -- Installing: /home/robotserver/Desktop/git/ROS/create3_examples_ws/install/create3_republisher/lib/create3_republisher/create3_republisher
[0.563s] -- Set runtime path of "/home/robotserver/Desktop/git/ROS/create3_examples_ws/install/create3_republisher/lib/create3_republisher/create3_republisher" to ""
[0.564s] -- Installing: /home/robotserver/Desktop/git/ROS/create3_examples_ws/install/create3_republisher/share/create3_republisher/bringup
[0.564s] -- Installing: /home/robotserver/Desktop/git/ROS/create3_examples_ws/install/create3_republisher/share/create3_republisher/bringup/params.yaml
[0.565s] -- Installing: /home/robotserver/Desktop/git/ROS/create3_examples_ws/install/create3_republisher/share/create3_republisher/bringup/create3_republisher_launch.py
[0.565s] -- Installing: /home/robotserver/Desktop/git/ROS/create3_examples_ws/install/create3_republisher/share/create3_republisher/dds-config
[0.565s] -- Installing: /home/robotserver/Desktop/git/ROS/create3_examples_ws/install/create3_republisher/share/create3_republisher/dds-config/fastdds-robot-passive-unicast.xml
[0.566s] -- Installing: /home/robotserver/Desktop/git/ROS/create3_examples_ws/install/create3_republisher/share/create3_republisher/dds-config/fastdds-active-unicast.xml
[0.566s] -- Installing: /home/robotserver/Desktop/git/ROS/create3_examples_ws/install/create3_republisher/share/create3_republisher/dds-config/fastdds-passive-unicast.xml
[0.567s] -- Installing: /home/robotserver/Desktop/git/ROS/create3_examples_ws/install/create3_republisher/share/ament_index/resource_index/package_run_dependencies/create3_republisher
[0.567s] -- Installing: /home/robotserver/Desktop/git/ROS/create3_examples_ws/install/create3_republisher/share/ament_index/resource_index/parent_prefix_path/create3_republisher
[0.568s] -- Installing: /home/robotserver/Desktop/git/ROS/create3_examples_ws/install/create3_republisher/share/create3_republisher/environment/ament_prefix_path.sh
[0.568s] -- Installing: /home/robotserver/Desktop/git/ROS/create3_examples_ws/install/create3_republisher/share/create3_republisher/environment/ament_prefix_path.dsv
[0.569s] -- Installing: /home/robotserver/Desktop/git/ROS/create3_examples_ws/install/create3_republisher/share/create3_republisher/environment/path.sh
[0.569s] -- Installing: /home/robotserver/Desktop/git/ROS/create3_examples_ws/install/create3_republisher/share/create3_republisher/environment/path.dsv
[0.569s] -- Installing: /home/robotserver/Desktop/git/ROS/create3_examples_ws/install/create3_republisher/share/create3_republisher/local_setup.bash
[0.570s] -- Installing: /home/robotserver/Desktop/git/ROS/create3_examples_ws/install/create3_republisher/share/create3_republisher/local_setup.sh
[0.570s] -- Installing: /home/robotserver/Desktop/git/ROS/create3_examples_ws/install/create3_republisher/share/create3_republisher/local_setup.zsh
[0.570s] -- Installing: /home/robotserver/Desktop/git/ROS/create3_examples_ws/install/create3_republisher/share/create3_republisher/local_setup.dsv
[0.571s] -- Installing: /home/robotserver/Desktop/git/ROS/create3_examples_ws/install/create3_republisher/share/create3_republisher/package.dsv
[0.571s] -- Installing: /home/robotserver/Desktop/git/ROS/create3_examples_ws/install/create3_republisher/share/ament_index/resource_index/packages/create3_republisher
[0.571s] -- Installing: /home/robotserver/Desktop/git/ROS/create3_examples_ws/install/create3_republisher/share/create3_republisher/cmake/create3_republisherConfig.cmake
[0.572s] -- Installing: /home/robotserver/Desktop/git/ROS/create3_examples_ws/install/create3_republisher/share/create3_republisher/cmake/create3_republisherConfig-version.cmake
[0.573s] -- Installing: /home/robotserver/Desktop/git/ROS/create3_examples_ws/install/create3_republisher/share/create3_republisher/package.xml
[0.574s] Invoked command in '/home/robotserver/Desktop/git/ROS/create3_examples_ws/build/create3_republisher' returned '0': CMAKE_PREFIX_PATH=/opt/ros/humble CONDA_PROMPT_MODIFIER=(ros2_env) /usr/bin/cmake --install /home/robotserver/Desktop/git/ROS/create3_examples_ws/build/create3_republisher
