[0.111s] DEBUG:colcon:Command line arguments: ['/usr/bin/colcon', 'build']
[0.111s] DEBUG:colcon:Parsed command line arguments: Namespace(log_base=None, log_level=None, verb_name='build', build_base='build', install_base='install', merge_install=False, symlink_install=False, test_result_base=None, continue_on_error=False, executor='parallel', parallel_workers=8, event_handlers=None, ignore_user_meta=False, metas=['./colcon.meta'], base_paths=['.'], packages_ignore=None, packages_ignore_regex=None, paths=None, packages_up_to=None, packages_up_to_regex=None, packages_above=None, packages_above_and_dependencies=None, packages_above_depth=None, packages_select_by_dep=None, packages_skip_by_dep=None, packages_skip_up_to=None, packages_select_build_failed=False, packages_skip_build_finished=False, packages_select_test_failures=False, packages_skip_test_passed=False, packages_select=None, packages_skip=None, packages_select_regex=None, packages_skip_regex=None, packages_start=None, packages_end=None, allow_overriding=[], cmake_args=None, cmake_target=None, cmake_target_skip_unavailable=False, cmake_clean_cache=False, cmake_clean_first=False, cmake_force_configure=False, ament_cmake_args=None, catkin_cmake_args=None, catkin_skip_building_tests=False, verb_parser=<colcon_defaults.argument_parser.defaults.DefaultArgumentsDecorator object at 0x703aaa931ea0>, verb_extension=<colcon_core.verb.build.BuildVerb object at 0x703aaaaaf760>, main=<bound method BuildVerb.main of <colcon_core.verb.build.BuildVerb object at 0x703aaaaaf760>>)
[0.287s] Level 1:colcon.colcon_core.package_discovery:discover_packages(colcon_meta) check parameters
[0.288s] Level 1:colcon.colcon_core.package_discovery:discover_packages(recursive) check parameters
[0.288s] Level 1:colcon.colcon_core.package_discovery:discover_packages(ignore) check parameters
[0.288s] Level 1:colcon.colcon_core.package_discovery:discover_packages(path) check parameters
[0.288s] Level 1:colcon.colcon_core.package_discovery:discover_packages(colcon_meta) discover
[0.288s] Level 1:colcon.colcon_core.package_discovery:discover_packages(recursive) discover
[0.288s] INFO:colcon.colcon_core.package_discovery:Crawling recursively for packages in '/home/robotserver/ROS2_Nav2_Course/turtlebot3_ws'
[0.288s] Level 1:colcon.colcon_core.package_identification:_identify(.) by extensions ['ignore', 'ignore_ament_install']
[0.288s] Level 1:colcon.colcon_core.package_identification:_identify(.) by extension 'ignore'
[0.288s] Level 1:colcon.colcon_core.package_identification:_identify(.) by extension 'ignore_ament_install'
[0.288s] Level 1:colcon.colcon_core.package_identification:_identify(.) by extensions ['colcon_pkg']
[0.288s] Level 1:colcon.colcon_core.package_identification:_identify(.) by extension 'colcon_pkg'
[0.288s] Level 1:colcon.colcon_core.package_identification:_identify(.) by extensions ['colcon_meta']
[0.288s] Level 1:colcon.colcon_core.package_identification:_identify(.) by extension 'colcon_meta'
[0.289s] Level 1:colcon.colcon_core.package_identification:_identify(.) by extensions ['ros']
[0.289s] Level 1:colcon.colcon_core.package_identification:_identify(.) by extension 'ros'
[0.300s] Level 1:colcon.colcon_core.package_identification:_identify(.) by extensions ['cmake', 'python']
[0.301s] Level 1:colcon.colcon_core.package_identification:_identify(.) by extension 'cmake'
[0.301s] Level 1:colcon.colcon_core.package_identification:_identify(.) by extension 'python'
[0.301s] Level 1:colcon.colcon_core.package_identification:_identify(.) by extensions ['python_setup_py']
[0.301s] Level 1:colcon.colcon_core.package_identification:_identify(.) by extension 'python_setup_py'
[0.301s] Level 1:colcon.colcon_core.package_identification:_identify(build) by extensions ['ignore', 'ignore_ament_install']
[0.301s] Level 1:colcon.colcon_core.package_identification:_identify(build) by extension 'ignore'
[0.301s] Level 1:colcon.colcon_core.package_identification:_identify(build) ignored
[0.301s] Level 1:colcon.colcon_core.package_identification:_identify(install) by extensions ['ignore', 'ignore_ament_install']
[0.301s] Level 1:colcon.colcon_core.package_identification:_identify(install) by extension 'ignore'
[0.301s] Level 1:colcon.colcon_core.package_identification:_identify(install) ignored
[0.301s] Level 1:colcon.colcon_core.package_identification:_identify(log) by extensions ['ignore', 'ignore_ament_install']
[0.301s] Level 1:colcon.colcon_core.package_identification:_identify(log) by extension 'ignore'
[0.301s] Level 1:colcon.colcon_core.package_identification:_identify(log) ignored
[0.301s] Level 1:colcon.colcon_core.package_identification:_identify(src) by extensions ['ignore', 'ignore_ament_install']
[0.302s] Level 1:colcon.colcon_core.package_identification:_identify(src) by extension 'ignore'
[0.302s] Level 1:colcon.colcon_core.package_identification:_identify(src) by extension 'ignore_ament_install'
[0.302s] Level 1:colcon.colcon_core.package_identification:_identify(src) by extensions ['colcon_pkg']
[0.302s] Level 1:colcon.colcon_core.package_identification:_identify(src) by extension 'colcon_pkg'
[0.302s] Level 1:colcon.colcon_core.package_identification:_identify(src) by extensions ['colcon_meta']
[0.302s] Level 1:colcon.colcon_core.package_identification:_identify(src) by extension 'colcon_meta'
[0.302s] Level 1:colcon.colcon_core.package_identification:_identify(src) by extensions ['ros']
[0.302s] Level 1:colcon.colcon_core.package_identification:_identify(src) by extension 'ros'
[0.302s] Level 1:colcon.colcon_core.package_identification:_identify(src) by extensions ['cmake', 'python']
[0.302s] Level 1:colcon.colcon_core.package_identification:_identify(src) by extension 'cmake'
[0.302s] Level 1:colcon.colcon_core.package_identification:_identify(src) by extension 'python'
[0.302s] Level 1:colcon.colcon_core.package_identification:_identify(src) by extensions ['python_setup_py']
[0.302s] Level 1:colcon.colcon_core.package_identification:_identify(src) by extension 'python_setup_py'
[0.302s] Level 1:colcon.colcon_core.package_identification:_identify(src/turtlebot3_fake_node) by extensions ['ignore', 'ignore_ament_install']
[0.302s] Level 1:colcon.colcon_core.package_identification:_identify(src/turtlebot3_fake_node) by extension 'ignore'
[0.302s] Level 1:colcon.colcon_core.package_identification:_identify(src/turtlebot3_fake_node) by extension 'ignore_ament_install'
[0.302s] Level 1:colcon.colcon_core.package_identification:_identify(src/turtlebot3_fake_node) by extensions ['colcon_pkg']
[0.302s] Level 1:colcon.colcon_core.package_identification:_identify(src/turtlebot3_fake_node) by extension 'colcon_pkg'
[0.302s] Level 1:colcon.colcon_core.package_identification:_identify(src/turtlebot3_fake_node) by extensions ['colcon_meta']
[0.302s] Level 1:colcon.colcon_core.package_identification:_identify(src/turtlebot3_fake_node) by extension 'colcon_meta'
[0.302s] Level 1:colcon.colcon_core.package_identification:_identify(src/turtlebot3_fake_node) by extensions ['ros']
[0.302s] Level 1:colcon.colcon_core.package_identification:_identify(src/turtlebot3_fake_node) by extension 'ros'
[0.305s] DEBUG:colcon.colcon_core.package_identification:Package 'src/turtlebot3_fake_node' with type 'ros.ament_cmake' and name 'turtlebot3_fake_node'
[0.305s] Level 1:colcon.colcon_core.package_identification:_identify(src/turtlebot3_gazebo) by extensions ['ignore', 'ignore_ament_install']
[0.305s] Level 1:colcon.colcon_core.package_identification:_identify(src/turtlebot3_gazebo) by extension 'ignore'
[0.305s] Level 1:colcon.colcon_core.package_identification:_identify(src/turtlebot3_gazebo) by extension 'ignore_ament_install'
[0.305s] Level 1:colcon.colcon_core.package_identification:_identify(src/turtlebot3_gazebo) by extensions ['colcon_pkg']
[0.305s] Level 1:colcon.colcon_core.package_identification:_identify(src/turtlebot3_gazebo) by extension 'colcon_pkg'
[0.305s] Level 1:colcon.colcon_core.package_identification:_identify(src/turtlebot3_gazebo) by extensions ['colcon_meta']
[0.305s] Level 1:colcon.colcon_core.package_identification:_identify(src/turtlebot3_gazebo) by extension 'colcon_meta'
[0.305s] Level 1:colcon.colcon_core.package_identification:_identify(src/turtlebot3_gazebo) by extensions ['ros']
[0.305s] Level 1:colcon.colcon_core.package_identification:_identify(src/turtlebot3_gazebo) by extension 'ros'
[0.306s] DEBUG:colcon.colcon_core.package_identification:Package 'src/turtlebot3_gazebo' with type 'ros.ament_cmake' and name 'turtlebot3_gazebo'
[0.306s] Level 1:colcon.colcon_core.package_identification:_identify(src/turtlebot3_simulations) by extensions ['ignore', 'ignore_ament_install']
[0.307s] Level 1:colcon.colcon_core.package_identification:_identify(src/turtlebot3_simulations) by extension 'ignore'
[0.307s] Level 1:colcon.colcon_core.package_identification:_identify(src/turtlebot3_simulations) by extension 'ignore_ament_install'
[0.307s] Level 1:colcon.colcon_core.package_identification:_identify(src/turtlebot3_simulations) by extensions ['colcon_pkg']
[0.307s] Level 1:colcon.colcon_core.package_identification:_identify(src/turtlebot3_simulations) by extension 'colcon_pkg'
[0.307s] Level 1:colcon.colcon_core.package_identification:_identify(src/turtlebot3_simulations) by extensions ['colcon_meta']
[0.307s] Level 1:colcon.colcon_core.package_identification:_identify(src/turtlebot3_simulations) by extension 'colcon_meta'
[0.307s] Level 1:colcon.colcon_core.package_identification:_identify(src/turtlebot3_simulations) by extensions ['ros']
[0.307s] Level 1:colcon.colcon_core.package_identification:_identify(src/turtlebot3_simulations) by extension 'ros'
[0.307s] DEBUG:colcon.colcon_core.package_identification:Package 'src/turtlebot3_simulations' with type 'ros.ament_cmake' and name 'turtlebot3_simulations'
[0.308s] Level 1:colcon.colcon_core.package_discovery:discover_packages(recursive) using defaults
[0.308s] Level 1:colcon.colcon_core.package_discovery:discover_packages(ignore) discover
[0.308s] Level 1:colcon.colcon_core.package_discovery:discover_packages(ignore) using defaults
[0.308s] Level 1:colcon.colcon_core.package_discovery:discover_packages(path) discover
[0.308s] Level 1:colcon.colcon_core.package_discovery:discover_packages(path) using defaults
[0.328s] Level 1:colcon.colcon_core.package_discovery:discover_packages(prefix_path) check parameters
[0.328s] Level 1:colcon.colcon_core.package_discovery:discover_packages(prefix_path) discover
[0.330s] DEBUG:colcon.colcon_installed_package_information.package_discovery:Found 10 installed packages in /home/robotserver/ros2_ws/install
[0.331s] DEBUG:colcon.colcon_installed_package_information.package_discovery:Found 3 installed packages in /home/robotserver/Desktop/git/create3_main/install
[0.331s] DEBUG:colcon.colcon_installed_package_information.package_discovery:Found 1 installed packages in /home/robotserver/ros2_ws/src/tutorial_interfaces/install
[0.333s] DEBUG:colcon.colcon_installed_package_information.package_discovery:Found 404 installed packages in /opt/ros/humble
[0.351s] Level 1:colcon.colcon_core.package_discovery:discover_packages(prefix_path) using defaults
[0.405s] Level 5:colcon.colcon_core.verb:set package 'turtlebot3_fake_node' build argument 'cmake_args' from command line to 'None'
[0.405s] Level 5:colcon.colcon_core.verb:set package 'turtlebot3_fake_node' build argument 'cmake_target' from command line to 'None'
[0.405s] Level 5:colcon.colcon_core.verb:set package 'turtlebot3_fake_node' build argument 'cmake_target_skip_unavailable' from command line to 'False'
[0.405s] Level 5:colcon.colcon_core.verb:set package 'turtlebot3_fake_node' build argument 'cmake_clean_cache' from command line to 'False'
[0.405s] Level 5:colcon.colcon_core.verb:set package 'turtlebot3_fake_node' build argument 'cmake_clean_first' from command line to 'False'
[0.405s] Level 5:colcon.colcon_core.verb:set package 'turtlebot3_fake_node' build argument 'cmake_force_configure' from command line to 'False'
[0.405s] Level 5:colcon.colcon_core.verb:set package 'turtlebot3_fake_node' build argument 'ament_cmake_args' from command line to 'None'
[0.405s] Level 5:colcon.colcon_core.verb:set package 'turtlebot3_fake_node' build argument 'catkin_cmake_args' from command line to 'None'
[0.405s] Level 5:colcon.colcon_core.verb:set package 'turtlebot3_fake_node' build argument 'catkin_skip_building_tests' from command line to 'False'
[0.405s] DEBUG:colcon.colcon_core.verb:Building package 'turtlebot3_fake_node' with the following arguments: {'ament_cmake_args': None, 'build_base': '/home/robotserver/ROS2_Nav2_Course/turtlebot3_ws/build/turtlebot3_fake_node', 'catkin_cmake_args': None, 'catkin_skip_building_tests': False, 'cmake_args': None, 'cmake_clean_cache': False, 'cmake_clean_first': False, 'cmake_force_configure': False, 'cmake_target': None, 'cmake_target_skip_unavailable': False, 'install_base': '/home/robotserver/ROS2_Nav2_Course/turtlebot3_ws/install/turtlebot3_fake_node', 'merge_install': False, 'path': '/home/robotserver/ROS2_Nav2_Course/turtlebot3_ws/src/turtlebot3_fake_node', 'symlink_install': False, 'test_result_base': None}
[0.406s] Level 5:colcon.colcon_core.verb:set package 'turtlebot3_gazebo' build argument 'cmake_args' from command line to 'None'
[0.406s] Level 5:colcon.colcon_core.verb:set package 'turtlebot3_gazebo' build argument 'cmake_target' from command line to 'None'
[0.406s] Level 5:colcon.colcon_core.verb:set package 'turtlebot3_gazebo' build argument 'cmake_target_skip_unavailable' from command line to 'False'
[0.406s] Level 5:colcon.colcon_core.verb:set package 'turtlebot3_gazebo' build argument 'cmake_clean_cache' from command line to 'False'
[0.406s] Level 5:colcon.colcon_core.verb:set package 'turtlebot3_gazebo' build argument 'cmake_clean_first' from command line to 'False'
[0.406s] Level 5:colcon.colcon_core.verb:set package 'turtlebot3_gazebo' build argument 'cmake_force_configure' from command line to 'False'
[0.406s] Level 5:colcon.colcon_core.verb:set package 'turtlebot3_gazebo' build argument 'ament_cmake_args' from command line to 'None'
[0.406s] Level 5:colcon.colcon_core.verb:set package 'turtlebot3_gazebo' build argument 'catkin_cmake_args' from command line to 'None'
[0.406s] Level 5:colcon.colcon_core.verb:set package 'turtlebot3_gazebo' build argument 'catkin_skip_building_tests' from command line to 'False'
[0.406s] DEBUG:colcon.colcon_core.verb:Building package 'turtlebot3_gazebo' with the following arguments: {'ament_cmake_args': None, 'build_base': '/home/robotserver/ROS2_Nav2_Course/turtlebot3_ws/build/turtlebot3_gazebo', 'catkin_cmake_args': None, 'catkin_skip_building_tests': False, 'cmake_args': None, 'cmake_clean_cache': False, 'cmake_clean_first': False, 'cmake_force_configure': False, 'cmake_target': None, 'cmake_target_skip_unavailable': False, 'install_base': '/home/robotserver/ROS2_Nav2_Course/turtlebot3_ws/install/turtlebot3_gazebo', 'merge_install': False, 'path': '/home/robotserver/ROS2_Nav2_Course/turtlebot3_ws/src/turtlebot3_gazebo', 'symlink_install': False, 'test_result_base': None}
[0.407s] Level 5:colcon.colcon_core.verb:set package 'turtlebot3_simulations' build argument 'cmake_args' from command line to 'None'
[0.407s] Level 5:colcon.colcon_core.verb:set package 'turtlebot3_simulations' build argument 'cmake_target' from command line to 'None'
[0.407s] Level 5:colcon.colcon_core.verb:set package 'turtlebot3_simulations' build argument 'cmake_target_skip_unavailable' from command line to 'False'
[0.407s] Level 5:colcon.colcon_core.verb:set package 'turtlebot3_simulations' build argument 'cmake_clean_cache' from command line to 'False'
[0.407s] Level 5:colcon.colcon_core.verb:set package 'turtlebot3_simulations' build argument 'cmake_clean_first' from command line to 'False'
[0.407s] Level 5:colcon.colcon_core.verb:set package 'turtlebot3_simulations' build argument 'cmake_force_configure' from command line to 'False'
[0.407s] Level 5:colcon.colcon_core.verb:set package 'turtlebot3_simulations' build argument 'ament_cmake_args' from command line to 'None'
[0.407s] Level 5:colcon.colcon_core.verb:set package 'turtlebot3_simulations' build argument 'catkin_cmake_args' from command line to 'None'
[0.407s] Level 5:colcon.colcon_core.verb:set package 'turtlebot3_simulations' build argument 'catkin_skip_building_tests' from command line to 'False'
[0.407s] DEBUG:colcon.colcon_core.verb:Building package 'turtlebot3_simulations' with the following arguments: {'ament_cmake_args': None, 'build_base': '/home/robotserver/ROS2_Nav2_Course/turtlebot3_ws/build/turtlebot3_simulations', 'catkin_cmake_args': None, 'catkin_skip_building_tests': False, 'cmake_args': None, 'cmake_clean_cache': False, 'cmake_clean_first': False, 'cmake_force_configure': False, 'cmake_target': None, 'cmake_target_skip_unavailable': False, 'install_base': '/home/robotserver/ROS2_Nav2_Course/turtlebot3_ws/install/turtlebot3_simulations', 'merge_install': False, 'path': '/home/robotserver/ROS2_Nav2_Course/turtlebot3_ws/src/turtlebot3_simulations', 'symlink_install': False, 'test_result_base': None}
[0.407s] INFO:colcon.colcon_core.executor:Executing jobs using 'parallel' executor
[0.408s] DEBUG:colcon.colcon_parallel_executor.executor.parallel:run_until_complete
[0.408s] INFO:colcon.colcon_ros.task.ament_cmake.build:Building ROS package in '/home/robotserver/ROS2_Nav2_Course/turtlebot3_ws/src/turtlebot3_fake_node' with build type 'ament_cmake'
[0.408s] INFO:colcon.colcon_cmake.task.cmake.build:Building CMake package in '/home/robotserver/ROS2_Nav2_Course/turtlebot3_ws/src/turtlebot3_fake_node'
[0.411s] INFO:colcon.colcon_core.plugin_system:Skipping extension 'colcon_core.shell.bat': Not used on non-Windows systems
[0.411s] INFO:colcon.colcon_core.shell:Skip shell extension 'powershell' for command environment: Not usable outside of PowerShell
[0.411s] DEBUG:colcon.colcon_core.shell:Skip shell extension 'dsv' for command environment
[0.416s] INFO:colcon.colcon_ros.task.ament_cmake.build:Building ROS package in '/home/robotserver/ROS2_Nav2_Course/turtlebot3_ws/src/turtlebot3_gazebo' with build type 'ament_cmake'
[0.416s] INFO:colcon.colcon_cmake.task.cmake.build:Building CMake package in '/home/robotserver/ROS2_Nav2_Course/turtlebot3_ws/src/turtlebot3_gazebo'
[0.416s] INFO:colcon.colcon_core.shell:Skip shell extension 'powershell' for command environment: Not usable outside of PowerShell
[0.416s] DEBUG:colcon.colcon_core.shell:Skip shell extension 'dsv' for command environment
[0.425s] DEBUG:colcon.colcon_core.event_handler.log_command:Invoking command in '/home/robotserver/ROS2_Nav2_Course/turtlebot3_ws/build/turtlebot3_fake_node': CMAKE_PREFIX_PATH=${CMAKE_PREFIX_PATH}:/home/robotserver/ros2_ws/install/py_srvcli:/home/robotserver/ros2_ws/install/py_pubsub:/home/robotserver/ros2_ws/install/my_py_pkg:/home/robotserver/Desktop/git/create3_main/install/create3_teleop:/home/robotserver/Desktop/git/create3_main/install/create3_msg_transfer:/home/robotserver/Desktop/git/create3_main/install/create3_control:/opt/ros/humble /usr/bin/cmake /home/robotserver/ROS2_Nav2_Course/turtlebot3_ws/src/turtlebot3_fake_node -DCMAKE_INSTALL_PREFIX=/home/robotserver/ROS2_Nav2_Course/turtlebot3_ws/install/turtlebot3_fake_node
[0.430s] DEBUG:colcon.colcon_core.event_handler.log_command:Invoking command in '/home/robotserver/ROS2_Nav2_Course/turtlebot3_ws/build/turtlebot3_gazebo': CMAKE_PREFIX_PATH=${CMAKE_PREFIX_PATH}:/home/robotserver/ros2_ws/install/py_srvcli:/home/robotserver/ros2_ws/install/py_pubsub:/home/robotserver/ros2_ws/install/my_py_pkg:/home/robotserver/Desktop/git/create3_main/install/create3_teleop:/home/robotserver/Desktop/git/create3_main/install/create3_msg_transfer:/home/robotserver/Desktop/git/create3_main/install/create3_control:/opt/ros/humble /usr/bin/cmake /home/robotserver/ROS2_Nav2_Course/turtlebot3_ws/src/turtlebot3_gazebo -DCMAKE_INSTALL_PREFIX=/home/robotserver/ROS2_Nav2_Course/turtlebot3_ws/install/turtlebot3_gazebo
[2.613s] DEBUG:colcon.colcon_core.event_handler.log_command:Invoked command in '/home/robotserver/ROS2_Nav2_Course/turtlebot3_ws/build/turtlebot3_fake_node' returned '0': CMAKE_PREFIX_PATH=${CMAKE_PREFIX_PATH}:/home/robotserver/ros2_ws/install/py_srvcli:/home/robotserver/ros2_ws/install/py_pubsub:/home/robotserver/ros2_ws/install/my_py_pkg:/home/robotserver/Desktop/git/create3_main/install/create3_teleop:/home/robotserver/Desktop/git/create3_main/install/create3_msg_transfer:/home/robotserver/Desktop/git/create3_main/install/create3_control:/opt/ros/humble /usr/bin/cmake /home/robotserver/ROS2_Nav2_Course/turtlebot3_ws/src/turtlebot3_fake_node -DCMAKE_INSTALL_PREFIX=/home/robotserver/ROS2_Nav2_Course/turtlebot3_ws/install/turtlebot3_fake_node
[2.615s] DEBUG:colcon.colcon_core.event_handler.log_command:Invoking command in '/home/robotserver/ROS2_Nav2_Course/turtlebot3_ws/build/turtlebot3_fake_node': CMAKE_PREFIX_PATH=${CMAKE_PREFIX_PATH}:/home/robotserver/ros2_ws/install/py_srvcli:/home/robotserver/ros2_ws/install/py_pubsub:/home/robotserver/ros2_ws/install/my_py_pkg:/home/robotserver/Desktop/git/create3_main/install/create3_teleop:/home/robotserver/Desktop/git/create3_main/install/create3_msg_transfer:/home/robotserver/Desktop/git/create3_main/install/create3_control:/opt/ros/humble /usr/bin/cmake --build /home/robotserver/ROS2_Nav2_Course/turtlebot3_ws/build/turtlebot3_fake_node -- -j8 -l8
[3.069s] DEBUG:colcon.colcon_core.event_handler.log_command:Invoked command in '/home/robotserver/ROS2_Nav2_Course/turtlebot3_ws/build/turtlebot3_gazebo' returned '0': CMAKE_PREFIX_PATH=${CMAKE_PREFIX_PATH}:/home/robotserver/ros2_ws/install/py_srvcli:/home/robotserver/ros2_ws/install/py_pubsub:/home/robotserver/ros2_ws/install/my_py_pkg:/home/robotserver/Desktop/git/create3_main/install/create3_teleop:/home/robotserver/Desktop/git/create3_main/install/create3_msg_transfer:/home/robotserver/Desktop/git/create3_main/install/create3_control:/opt/ros/humble /usr/bin/cmake /home/robotserver/ROS2_Nav2_Course/turtlebot3_ws/src/turtlebot3_gazebo -DCMAKE_INSTALL_PREFIX=/home/robotserver/ROS2_Nav2_Course/turtlebot3_ws/install/turtlebot3_gazebo
[3.071s] DEBUG:colcon.colcon_core.event_handler.log_command:Invoking command in '/home/robotserver/ROS2_Nav2_Course/turtlebot3_ws/build/turtlebot3_gazebo': CMAKE_PREFIX_PATH=${CMAKE_PREFIX_PATH}:/home/robotserver/ros2_ws/install/py_srvcli:/home/robotserver/ros2_ws/install/py_pubsub:/home/robotserver/ros2_ws/install/my_py_pkg:/home/robotserver/Desktop/git/create3_main/install/create3_teleop:/home/robotserver/Desktop/git/create3_main/install/create3_msg_transfer:/home/robotserver/Desktop/git/create3_main/install/create3_control:/opt/ros/humble /usr/bin/cmake --build /home/robotserver/ROS2_Nav2_Course/turtlebot3_ws/build/turtlebot3_gazebo -- -j8 -l8
[18.418s] DEBUG:colcon.colcon_core.event_handler.log_command:Invoked command in '/home/robotserver/ROS2_Nav2_Course/turtlebot3_ws/build/turtlebot3_fake_node' returned '0': CMAKE_PREFIX_PATH=${CMAKE_PREFIX_PATH}:/home/robotserver/ros2_ws/install/py_srvcli:/home/robotserver/ros2_ws/install/py_pubsub:/home/robotserver/ros2_ws/install/my_py_pkg:/home/robotserver/Desktop/git/create3_main/install/create3_teleop:/home/robotserver/Desktop/git/create3_main/install/create3_msg_transfer:/home/robotserver/Desktop/git/create3_main/install/create3_control:/opt/ros/humble /usr/bin/cmake --build /home/robotserver/ROS2_Nav2_Course/turtlebot3_ws/build/turtlebot3_fake_node -- -j8 -l8
[18.473s] DEBUG:colcon.colcon_core.event_handler.log_command:Invoking command in '/home/robotserver/ROS2_Nav2_Course/turtlebot3_ws/build/turtlebot3_fake_node': CMAKE_PREFIX_PATH=${CMAKE_PREFIX_PATH}:/home/robotserver/ros2_ws/install/py_srvcli:/home/robotserver/ros2_ws/install/py_pubsub:/home/robotserver/ros2_ws/install/my_py_pkg:/home/robotserver/Desktop/git/create3_main/install/create3_teleop:/home/robotserver/Desktop/git/create3_main/install/create3_msg_transfer:/home/robotserver/Desktop/git/create3_main/install/create3_control:/opt/ros/humble /usr/bin/cmake --install /home/robotserver/ROS2_Nav2_Course/turtlebot3_ws/build/turtlebot3_fake_node
[18.496s] Level 1:colcon.colcon_core.environment:create_environment_scripts_only(turtlebot3_fake_node)
[18.496s] DEBUG:colcon.colcon_core.event_handler.log_command:Invoked command in '/home/robotserver/ROS2_Nav2_Course/turtlebot3_ws/build/turtlebot3_fake_node' returned '0': CMAKE_PREFIX_PATH=${CMAKE_PREFIX_PATH}:/home/robotserver/ros2_ws/install/py_srvcli:/home/robotserver/ros2_ws/install/py_pubsub:/home/robotserver/ros2_ws/install/my_py_pkg:/home/robotserver/Desktop/git/create3_main/install/create3_teleop:/home/robotserver/Desktop/git/create3_main/install/create3_msg_transfer:/home/robotserver/Desktop/git/create3_main/install/create3_control:/opt/ros/humble /usr/bin/cmake --install /home/robotserver/ROS2_Nav2_Course/turtlebot3_ws/build/turtlebot3_fake_node
[18.500s] Level 1:colcon.colcon_core.environment:checking '/home/robotserver/ROS2_Nav2_Course/turtlebot3_ws/install/turtlebot3_fake_node' for CMake module files
[18.501s] Level 1:colcon.colcon_core.environment:checking '/home/robotserver/ROS2_Nav2_Course/turtlebot3_ws/install/turtlebot3_fake_node' for CMake config files
[18.502s] Level 1:colcon.colcon_core.shell:create_environment_hook('turtlebot3_fake_node', 'cmake_prefix_path')
[18.502s] INFO:colcon.colcon_core.shell:Creating environment hook '/home/robotserver/ROS2_Nav2_Course/turtlebot3_ws/install/turtlebot3_fake_node/share/turtlebot3_fake_node/hook/cmake_prefix_path.ps1'
[18.504s] INFO:colcon.colcon_core.shell:Creating environment descriptor '/home/robotserver/ROS2_Nav2_Course/turtlebot3_ws/install/turtlebot3_fake_node/share/turtlebot3_fake_node/hook/cmake_prefix_path.dsv'
[18.504s] INFO:colcon.colcon_core.shell:Creating environment hook '/home/robotserver/ROS2_Nav2_Course/turtlebot3_ws/install/turtlebot3_fake_node/share/turtlebot3_fake_node/hook/cmake_prefix_path.sh'
[18.506s] Level 1:colcon.colcon_core.environment:checking '/home/robotserver/ROS2_Nav2_Course/turtlebot3_ws/install/turtlebot3_fake_node/lib'
[18.507s] Level 1:colcon.colcon_core.environment:checking '/home/robotserver/ROS2_Nav2_Course/turtlebot3_ws/install/turtlebot3_fake_node/bin'
[18.507s] Level 1:colcon.colcon_core.environment:checking '/home/robotserver/ROS2_Nav2_Course/turtlebot3_ws/install/turtlebot3_fake_node/lib/pkgconfig/turtlebot3_fake_node.pc'
[18.507s] Level 1:colcon.colcon_core.environment:checking '/home/robotserver/ROS2_Nav2_Course/turtlebot3_ws/install/turtlebot3_fake_node/lib/python3.10/site-packages'
[18.508s] Level 1:colcon.colcon_core.environment:checking '/home/robotserver/ROS2_Nav2_Course/turtlebot3_ws/install/turtlebot3_fake_node/bin'
[18.508s] INFO:colcon.colcon_core.shell:Creating package script '/home/robotserver/ROS2_Nav2_Course/turtlebot3_ws/install/turtlebot3_fake_node/share/turtlebot3_fake_node/package.ps1'
[18.510s] INFO:colcon.colcon_core.shell:Creating package descriptor '/home/robotserver/ROS2_Nav2_Course/turtlebot3_ws/install/turtlebot3_fake_node/share/turtlebot3_fake_node/package.dsv'
[18.512s] INFO:colcon.colcon_core.shell:Creating package script '/home/robotserver/ROS2_Nav2_Course/turtlebot3_ws/install/turtlebot3_fake_node/share/turtlebot3_fake_node/package.sh'
[18.514s] INFO:colcon.colcon_core.shell:Creating package script '/home/robotserver/ROS2_Nav2_Course/turtlebot3_ws/install/turtlebot3_fake_node/share/turtlebot3_fake_node/package.bash'
[18.516s] INFO:colcon.colcon_core.shell:Creating package script '/home/robotserver/ROS2_Nav2_Course/turtlebot3_ws/install/turtlebot3_fake_node/share/turtlebot3_fake_node/package.zsh'
[18.517s] Level 1:colcon.colcon_core.environment:create_file_with_runtime_dependencies(/home/robotserver/ROS2_Nav2_Course/turtlebot3_ws/install/turtlebot3_fake_node/share/colcon-core/packages/turtlebot3_fake_node)
[18.548s] Level 1:colcon.colcon_core.environment:create_environment_scripts_only(turtlebot3_fake_node)
[18.548s] Level 1:colcon.colcon_core.environment:checking '/home/robotserver/ROS2_Nav2_Course/turtlebot3_ws/install/turtlebot3_fake_node' for CMake module files
[18.548s] Level 1:colcon.colcon_core.environment:checking '/home/robotserver/ROS2_Nav2_Course/turtlebot3_ws/install/turtlebot3_fake_node' for CMake config files
[18.549s] Level 1:colcon.colcon_core.shell:create_environment_hook('turtlebot3_fake_node', 'cmake_prefix_path')
[18.549s] INFO:colcon.colcon_core.shell:Creating environment hook '/home/robotserver/ROS2_Nav2_Course/turtlebot3_ws/install/turtlebot3_fake_node/share/turtlebot3_fake_node/hook/cmake_prefix_path.ps1'
[18.550s] INFO:colcon.colcon_core.shell:Creating environment descriptor '/home/robotserver/ROS2_Nav2_Course/turtlebot3_ws/install/turtlebot3_fake_node/share/turtlebot3_fake_node/hook/cmake_prefix_path.dsv'
[18.550s] INFO:colcon.colcon_core.shell:Creating environment hook '/home/robotserver/ROS2_Nav2_Course/turtlebot3_ws/install/turtlebot3_fake_node/share/turtlebot3_fake_node/hook/cmake_prefix_path.sh'
[18.551s] Level 1:colcon.colcon_core.environment:checking '/home/robotserver/ROS2_Nav2_Course/turtlebot3_ws/install/turtlebot3_fake_node/lib'
[18.551s] Level 1:colcon.colcon_core.environment:checking '/home/robotserver/ROS2_Nav2_Course/turtlebot3_ws/install/turtlebot3_fake_node/bin'
[18.551s] Level 1:colcon.colcon_core.environment:checking '/home/robotserver/ROS2_Nav2_Course/turtlebot3_ws/install/turtlebot3_fake_node/lib/pkgconfig/turtlebot3_fake_node.pc'
[18.551s] Level 1:colcon.colcon_core.environment:checking '/home/robotserver/ROS2_Nav2_Course/turtlebot3_ws/install/turtlebot3_fake_node/lib/python3.10/site-packages'
[18.551s] Level 1:colcon.colcon_core.environment:checking '/home/robotserver/ROS2_Nav2_Course/turtlebot3_ws/install/turtlebot3_fake_node/bin'
[18.552s] INFO:colcon.colcon_core.shell:Creating package script '/home/robotserver/ROS2_Nav2_Course/turtlebot3_ws/install/turtlebot3_fake_node/share/turtlebot3_fake_node/package.ps1'
[18.552s] INFO:colcon.colcon_core.shell:Creating package descriptor '/home/robotserver/ROS2_Nav2_Course/turtlebot3_ws/install/turtlebot3_fake_node/share/turtlebot3_fake_node/package.dsv'
[18.553s] INFO:colcon.colcon_core.shell:Creating package script '/home/robotserver/ROS2_Nav2_Course/turtlebot3_ws/install/turtlebot3_fake_node/share/turtlebot3_fake_node/package.sh'
[18.553s] INFO:colcon.colcon_core.shell:Creating package script '/home/robotserver/ROS2_Nav2_Course/turtlebot3_ws/install/turtlebot3_fake_node/share/turtlebot3_fake_node/package.bash'
[18.554s] INFO:colcon.colcon_core.shell:Creating package script '/home/robotserver/ROS2_Nav2_Course/turtlebot3_ws/install/turtlebot3_fake_node/share/turtlebot3_fake_node/package.zsh'
[18.554s] Level 1:colcon.colcon_core.environment:create_file_with_runtime_dependencies(/home/robotserver/ROS2_Nav2_Course/turtlebot3_ws/install/turtlebot3_fake_node/share/colcon-core/packages/turtlebot3_fake_node)
[21.399s] DEBUG:colcon.colcon_core.event_handler.log_command:Invoked command in '/home/robotserver/ROS2_Nav2_Course/turtlebot3_ws/build/turtlebot3_gazebo' returned '0': CMAKE_PREFIX_PATH=${CMAKE_PREFIX_PATH}:/home/robotserver/ros2_ws/install/py_srvcli:/home/robotserver/ros2_ws/install/py_pubsub:/home/robotserver/ros2_ws/install/my_py_pkg:/home/robotserver/Desktop/git/create3_main/install/create3_teleop:/home/robotserver/Desktop/git/create3_main/install/create3_msg_transfer:/home/robotserver/Desktop/git/create3_main/install/create3_control:/opt/ros/humble /usr/bin/cmake --build /home/robotserver/ROS2_Nav2_Course/turtlebot3_ws/build/turtlebot3_gazebo -- -j8 -l8
[21.435s] DEBUG:colcon.colcon_core.event_handler.log_command:Invoking command in '/home/robotserver/ROS2_Nav2_Course/turtlebot3_ws/build/turtlebot3_gazebo': CMAKE_PREFIX_PATH=${CMAKE_PREFIX_PATH}:/home/robotserver/ros2_ws/install/py_srvcli:/home/robotserver/ros2_ws/install/py_pubsub:/home/robotserver/ros2_ws/install/my_py_pkg:/home/robotserver/Desktop/git/create3_main/install/create3_teleop:/home/robotserver/Desktop/git/create3_main/install/create3_msg_transfer:/home/robotserver/Desktop/git/create3_main/install/create3_control:/opt/ros/humble /usr/bin/cmake --install /home/robotserver/ROS2_Nav2_Course/turtlebot3_ws/build/turtlebot3_gazebo
[21.460s] Level 1:colcon.colcon_core.environment:create_environment_scripts_only(turtlebot3_gazebo)
[21.461s] Level 1:colcon.colcon_core.environment:checking '/home/robotserver/ROS2_Nav2_Course/turtlebot3_ws/install/turtlebot3_gazebo' for CMake module files
[21.461s] DEBUG:colcon.colcon_core.event_handler.log_command:Invoked command in '/home/robotserver/ROS2_Nav2_Course/turtlebot3_ws/build/turtlebot3_gazebo' returned '0': CMAKE_PREFIX_PATH=${CMAKE_PREFIX_PATH}:/home/robotserver/ros2_ws/install/py_srvcli:/home/robotserver/ros2_ws/install/py_pubsub:/home/robotserver/ros2_ws/install/my_py_pkg:/home/robotserver/Desktop/git/create3_main/install/create3_teleop:/home/robotserver/Desktop/git/create3_main/install/create3_msg_transfer:/home/robotserver/Desktop/git/create3_main/install/create3_control:/opt/ros/humble /usr/bin/cmake --install /home/robotserver/ROS2_Nav2_Course/turtlebot3_ws/build/turtlebot3_gazebo
[21.462s] Level 1:colcon.colcon_core.environment:checking '/home/robotserver/ROS2_Nav2_Course/turtlebot3_ws/install/turtlebot3_gazebo' for CMake config files
[21.462s] Level 1:colcon.colcon_core.shell:create_environment_hook('turtlebot3_gazebo', 'cmake_prefix_path')
[21.463s] INFO:colcon.colcon_core.shell:Creating environment hook '/home/robotserver/ROS2_Nav2_Course/turtlebot3_ws/install/turtlebot3_gazebo/share/turtlebot3_gazebo/hook/cmake_prefix_path.ps1'
[21.463s] INFO:colcon.colcon_core.shell:Creating environment descriptor '/home/robotserver/ROS2_Nav2_Course/turtlebot3_ws/install/turtlebot3_gazebo/share/turtlebot3_gazebo/hook/cmake_prefix_path.dsv'
[21.463s] INFO:colcon.colcon_core.shell:Creating environment hook '/home/robotserver/ROS2_Nav2_Course/turtlebot3_ws/install/turtlebot3_gazebo/share/turtlebot3_gazebo/hook/cmake_prefix_path.sh'
[21.464s] Level 1:colcon.colcon_core.environment:checking '/home/robotserver/ROS2_Nav2_Course/turtlebot3_ws/install/turtlebot3_gazebo/lib'
[21.464s] Level 1:colcon.colcon_core.environment:checking '/home/robotserver/ROS2_Nav2_Course/turtlebot3_ws/install/turtlebot3_gazebo/bin'
[21.464s] Level 1:colcon.colcon_core.environment:checking '/home/robotserver/ROS2_Nav2_Course/turtlebot3_ws/install/turtlebot3_gazebo/lib/pkgconfig/turtlebot3_gazebo.pc'
[21.464s] Level 1:colcon.colcon_core.environment:checking '/home/robotserver/ROS2_Nav2_Course/turtlebot3_ws/install/turtlebot3_gazebo/lib/python3.10/site-packages'
[21.464s] Level 1:colcon.colcon_core.environment:checking '/home/robotserver/ROS2_Nav2_Course/turtlebot3_ws/install/turtlebot3_gazebo/bin'
[21.464s] INFO:colcon.colcon_core.shell:Creating package script '/home/robotserver/ROS2_Nav2_Course/turtlebot3_ws/install/turtlebot3_gazebo/share/turtlebot3_gazebo/package.ps1'
[21.465s] INFO:colcon.colcon_core.shell:Creating package descriptor '/home/robotserver/ROS2_Nav2_Course/turtlebot3_ws/install/turtlebot3_gazebo/share/turtlebot3_gazebo/package.dsv'
[21.465s] INFO:colcon.colcon_core.shell:Creating package script '/home/robotserver/ROS2_Nav2_Course/turtlebot3_ws/install/turtlebot3_gazebo/share/turtlebot3_gazebo/package.sh'
[21.466s] INFO:colcon.colcon_core.shell:Creating package script '/home/robotserver/ROS2_Nav2_Course/turtlebot3_ws/install/turtlebot3_gazebo/share/turtlebot3_gazebo/package.bash'
[21.466s] INFO:colcon.colcon_core.shell:Creating package script '/home/robotserver/ROS2_Nav2_Course/turtlebot3_ws/install/turtlebot3_gazebo/share/turtlebot3_gazebo/package.zsh'
[21.466s] Level 1:colcon.colcon_core.environment:create_file_with_runtime_dependencies(/home/robotserver/ROS2_Nav2_Course/turtlebot3_ws/install/turtlebot3_gazebo/share/colcon-core/packages/turtlebot3_gazebo)
[21.502s] Level 1:colcon.colcon_core.environment:create_environment_scripts_only(turtlebot3_gazebo)
[21.502s] Level 1:colcon.colcon_core.environment:checking '/home/robotserver/ROS2_Nav2_Course/turtlebot3_ws/install/turtlebot3_gazebo' for CMake module files
[21.502s] Level 1:colcon.colcon_core.environment:checking '/home/robotserver/ROS2_Nav2_Course/turtlebot3_ws/install/turtlebot3_gazebo' for CMake config files
[21.503s] Level 1:colcon.colcon_core.shell:create_environment_hook('turtlebot3_gazebo', 'cmake_prefix_path')
[21.503s] INFO:colcon.colcon_core.shell:Creating environment hook '/home/robotserver/ROS2_Nav2_Course/turtlebot3_ws/install/turtlebot3_gazebo/share/turtlebot3_gazebo/hook/cmake_prefix_path.ps1'
[21.503s] INFO:colcon.colcon_core.shell:Creating environment descriptor '/home/robotserver/ROS2_Nav2_Course/turtlebot3_ws/install/turtlebot3_gazebo/share/turtlebot3_gazebo/hook/cmake_prefix_path.dsv'
[21.504s] INFO:colcon.colcon_core.shell:Creating environment hook '/home/robotserver/ROS2_Nav2_Course/turtlebot3_ws/install/turtlebot3_gazebo/share/turtlebot3_gazebo/hook/cmake_prefix_path.sh'
[21.504s] Level 1:colcon.colcon_core.environment:checking '/home/robotserver/ROS2_Nav2_Course/turtlebot3_ws/install/turtlebot3_gazebo/lib'
[21.504s] Level 1:colcon.colcon_core.environment:checking '/home/robotserver/ROS2_Nav2_Course/turtlebot3_ws/install/turtlebot3_gazebo/bin'
[21.504s] Level 1:colcon.colcon_core.environment:checking '/home/robotserver/ROS2_Nav2_Course/turtlebot3_ws/install/turtlebot3_gazebo/lib/pkgconfig/turtlebot3_gazebo.pc'
[21.505s] Level 1:colcon.colcon_core.environment:checking '/home/robotserver/ROS2_Nav2_Course/turtlebot3_ws/install/turtlebot3_gazebo/lib/python3.10/site-packages'
[21.505s] Level 1:colcon.colcon_core.environment:checking '/home/robotserver/ROS2_Nav2_Course/turtlebot3_ws/install/turtlebot3_gazebo/bin'
[21.505s] INFO:colcon.colcon_core.shell:Creating package script '/home/robotserver/ROS2_Nav2_Course/turtlebot3_ws/install/turtlebot3_gazebo/share/turtlebot3_gazebo/package.ps1'
[21.505s] INFO:colcon.colcon_core.shell:Creating package descriptor '/home/robotserver/ROS2_Nav2_Course/turtlebot3_ws/install/turtlebot3_gazebo/share/turtlebot3_gazebo/package.dsv'
[21.506s] INFO:colcon.colcon_core.shell:Creating package script '/home/robotserver/ROS2_Nav2_Course/turtlebot3_ws/install/turtlebot3_gazebo/share/turtlebot3_gazebo/package.sh'
[21.506s] INFO:colcon.colcon_core.shell:Creating package script '/home/robotserver/ROS2_Nav2_Course/turtlebot3_ws/install/turtlebot3_gazebo/share/turtlebot3_gazebo/package.bash'
[21.507s] INFO:colcon.colcon_core.shell:Creating package script '/home/robotserver/ROS2_Nav2_Course/turtlebot3_ws/install/turtlebot3_gazebo/share/turtlebot3_gazebo/package.zsh'
[21.507s] Level 1:colcon.colcon_core.environment:create_file_with_runtime_dependencies(/home/robotserver/ROS2_Nav2_Course/turtlebot3_ws/install/turtlebot3_gazebo/share/colcon-core/packages/turtlebot3_gazebo)
[21.508s] INFO:colcon.colcon_ros.task.ament_cmake.build:Building ROS package in '/home/robotserver/ROS2_Nav2_Course/turtlebot3_ws/src/turtlebot3_simulations' with build type 'ament_cmake'
[21.508s] INFO:colcon.colcon_cmake.task.cmake.build:Building CMake package in '/home/robotserver/ROS2_Nav2_Course/turtlebot3_ws/src/turtlebot3_simulations'
[21.508s] INFO:colcon.colcon_core.shell:Skip shell extension 'powershell' for command environment: Not usable outside of PowerShell
[21.508s] DEBUG:colcon.colcon_core.shell:Skip shell extension 'dsv' for command environment
[21.519s] DEBUG:colcon.colcon_core.event_handler.log_command:Invoking command in '/home/robotserver/ROS2_Nav2_Course/turtlebot3_ws/build/turtlebot3_simulations': AMENT_PREFIX_PATH=/home/robotserver/ROS2_Nav2_Course/turtlebot3_ws/install/turtlebot3_gazebo:/home/robotserver/ROS2_Nav2_Course/turtlebot3_ws/install/turtlebot3_fake_node:${AMENT_PREFIX_PATH} CMAKE_PREFIX_PATH=/home/robotserver/ros2_ws/install/py_srvcli:/home/robotserver/ros2_ws/install/py_pubsub:/home/robotserver/ros2_ws/install/my_py_pkg:/home/robotserver/Desktop/git/create3_main/install/create3_teleop:/home/robotserver/Desktop/git/create3_main/install/create3_msg_transfer:/home/robotserver/Desktop/git/create3_main/install/create3_control:/opt/ros/humble:/home/robotserver/ROS2_Nav2_Course/turtlebot3_ws/install/turtlebot3_gazebo:/home/robotserver/ROS2_Nav2_Course/turtlebot3_ws/install/turtlebot3_fake_node:${CMAKE_PREFIX_PATH} /usr/bin/cmake /home/robotserver/ROS2_Nav2_Course/turtlebot3_ws/src/turtlebot3_simulations -DCMAKE_INSTALL_PREFIX=/home/robotserver/ROS2_Nav2_Course/turtlebot3_ws/install/turtlebot3_simulations
[22.147s] DEBUG:colcon.colcon_core.event_handler.log_command:Invoked command in '/home/robotserver/ROS2_Nav2_Course/turtlebot3_ws/build/turtlebot3_simulations' returned '0': AMENT_PREFIX_PATH=/home/robotserver/ROS2_Nav2_Course/turtlebot3_ws/install/turtlebot3_gazebo:/home/robotserver/ROS2_Nav2_Course/turtlebot3_ws/install/turtlebot3_fake_node:${AMENT_PREFIX_PATH} CMAKE_PREFIX_PATH=/home/robotserver/ros2_ws/install/py_srvcli:/home/robotserver/ros2_ws/install/py_pubsub:/home/robotserver/ros2_ws/install/my_py_pkg:/home/robotserver/Desktop/git/create3_main/install/create3_teleop:/home/robotserver/Desktop/git/create3_main/install/create3_msg_transfer:/home/robotserver/Desktop/git/create3_main/install/create3_control:/opt/ros/humble:/home/robotserver/ROS2_Nav2_Course/turtlebot3_ws/install/turtlebot3_gazebo:/home/robotserver/ROS2_Nav2_Course/turtlebot3_ws/install/turtlebot3_fake_node:${CMAKE_PREFIX_PATH} /usr/bin/cmake /home/robotserver/ROS2_Nav2_Course/turtlebot3_ws/src/turtlebot3_simulations -DCMAKE_INSTALL_PREFIX=/home/robotserver/ROS2_Nav2_Course/turtlebot3_ws/install/turtlebot3_simulations
[22.149s] DEBUG:colcon.colcon_core.event_handler.log_command:Invoking command in '/home/robotserver/ROS2_Nav2_Course/turtlebot3_ws/build/turtlebot3_simulations': AMENT_PREFIX_PATH=/home/robotserver/ROS2_Nav2_Course/turtlebot3_ws/install/turtlebot3_gazebo:/home/robotserver/ROS2_Nav2_Course/turtlebot3_ws/install/turtlebot3_fake_node:${AMENT_PREFIX_PATH} CMAKE_PREFIX_PATH=/home/robotserver/ros2_ws/install/py_srvcli:/home/robotserver/ros2_ws/install/py_pubsub:/home/robotserver/ros2_ws/install/my_py_pkg:/home/robotserver/Desktop/git/create3_main/install/create3_teleop:/home/robotserver/Desktop/git/create3_main/install/create3_msg_transfer:/home/robotserver/Desktop/git/create3_main/install/create3_control:/opt/ros/humble:/home/robotserver/ROS2_Nav2_Course/turtlebot3_ws/install/turtlebot3_gazebo:/home/robotserver/ROS2_Nav2_Course/turtlebot3_ws/install/turtlebot3_fake_node:${CMAKE_PREFIX_PATH} /usr/bin/cmake --build /home/robotserver/ROS2_Nav2_Course/turtlebot3_ws/build/turtlebot3_simulations -- -j8 -l8
[22.190s] DEBUG:colcon.colcon_core.event_handler.log_command:Invoked command in '/home/robotserver/ROS2_Nav2_Course/turtlebot3_ws/build/turtlebot3_simulations' returned '0': AMENT_PREFIX_PATH=/home/robotserver/ROS2_Nav2_Course/turtlebot3_ws/install/turtlebot3_gazebo:/home/robotserver/ROS2_Nav2_Course/turtlebot3_ws/install/turtlebot3_fake_node:${AMENT_PREFIX_PATH} CMAKE_PREFIX_PATH=/home/robotserver/ros2_ws/install/py_srvcli:/home/robotserver/ros2_ws/install/py_pubsub:/home/robotserver/ros2_ws/install/my_py_pkg:/home/robotserver/Desktop/git/create3_main/install/create3_teleop:/home/robotserver/Desktop/git/create3_main/install/create3_msg_transfer:/home/robotserver/Desktop/git/create3_main/install/create3_control:/opt/ros/humble:/home/robotserver/ROS2_Nav2_Course/turtlebot3_ws/install/turtlebot3_gazebo:/home/robotserver/ROS2_Nav2_Course/turtlebot3_ws/install/turtlebot3_fake_node:${CMAKE_PREFIX_PATH} /usr/bin/cmake --build /home/robotserver/ROS2_Nav2_Course/turtlebot3_ws/build/turtlebot3_simulations -- -j8 -l8
[22.213s] DEBUG:colcon.colcon_core.event_handler.log_command:Invoking command in '/home/robotserver/ROS2_Nav2_Course/turtlebot3_ws/build/turtlebot3_simulations': AMENT_PREFIX_PATH=/home/robotserver/ROS2_Nav2_Course/turtlebot3_ws/install/turtlebot3_gazebo:/home/robotserver/ROS2_Nav2_Course/turtlebot3_ws/install/turtlebot3_fake_node:${AMENT_PREFIX_PATH} CMAKE_PREFIX_PATH=/home/robotserver/ros2_ws/install/py_srvcli:/home/robotserver/ros2_ws/install/py_pubsub:/home/robotserver/ros2_ws/install/my_py_pkg:/home/robotserver/Desktop/git/create3_main/install/create3_teleop:/home/robotserver/Desktop/git/create3_main/install/create3_msg_transfer:/home/robotserver/Desktop/git/create3_main/install/create3_control:/opt/ros/humble:/home/robotserver/ROS2_Nav2_Course/turtlebot3_ws/install/turtlebot3_gazebo:/home/robotserver/ROS2_Nav2_Course/turtlebot3_ws/install/turtlebot3_fake_node:${CMAKE_PREFIX_PATH} /usr/bin/cmake --install /home/robotserver/ROS2_Nav2_Course/turtlebot3_ws/build/turtlebot3_simulations
[22.226s] Level 1:colcon.colcon_core.environment:create_environment_scripts_only(turtlebot3_simulations)
[22.226s] Level 1:colcon.colcon_core.environment:checking '/home/robotserver/ROS2_Nav2_Course/turtlebot3_ws/install/turtlebot3_simulations' for CMake module files
[22.227s] DEBUG:colcon.colcon_core.event_handler.log_command:Invoked command in '/home/robotserver/ROS2_Nav2_Course/turtlebot3_ws/build/turtlebot3_simulations' returned '0': AMENT_PREFIX_PATH=/home/robotserver/ROS2_Nav2_Course/turtlebot3_ws/install/turtlebot3_gazebo:/home/robotserver/ROS2_Nav2_Course/turtlebot3_ws/install/turtlebot3_fake_node:${AMENT_PREFIX_PATH} CMAKE_PREFIX_PATH=/home/robotserver/ros2_ws/install/py_srvcli:/home/robotserver/ros2_ws/install/py_pubsub:/home/robotserver/ros2_ws/install/my_py_pkg:/home/robotserver/Desktop/git/create3_main/install/create3_teleop:/home/robotserver/Desktop/git/create3_main/install/create3_msg_transfer:/home/robotserver/Desktop/git/create3_main/install/create3_control:/opt/ros/humble:/home/robotserver/ROS2_Nav2_Course/turtlebot3_ws/install/turtlebot3_gazebo:/home/robotserver/ROS2_Nav2_Course/turtlebot3_ws/install/turtlebot3_fake_node:${CMAKE_PREFIX_PATH} /usr/bin/cmake --install /home/robotserver/ROS2_Nav2_Course/turtlebot3_ws/build/turtlebot3_simulations
[22.227s] Level 1:colcon.colcon_core.environment:checking '/home/robotserver/ROS2_Nav2_Course/turtlebot3_ws/install/turtlebot3_simulations' for CMake config files
[22.227s] Level 1:colcon.colcon_core.shell:create_environment_hook('turtlebot3_simulations', 'cmake_prefix_path')
[22.227s] INFO:colcon.colcon_core.shell:Creating environment hook '/home/robotserver/ROS2_Nav2_Course/turtlebot3_ws/install/turtlebot3_simulations/share/turtlebot3_simulations/hook/cmake_prefix_path.ps1'
[22.228s] INFO:colcon.colcon_core.shell:Creating environment descriptor '/home/robotserver/ROS2_Nav2_Course/turtlebot3_ws/install/turtlebot3_simulations/share/turtlebot3_simulations/hook/cmake_prefix_path.dsv'
[22.228s] INFO:colcon.colcon_core.shell:Creating environment hook '/home/robotserver/ROS2_Nav2_Course/turtlebot3_ws/install/turtlebot3_simulations/share/turtlebot3_simulations/hook/cmake_prefix_path.sh'
[22.229s] Level 1:colcon.colcon_core.environment:checking '/home/robotserver/ROS2_Nav2_Course/turtlebot3_ws/install/turtlebot3_simulations/bin'
[22.229s] Level 1:colcon.colcon_core.environment:checking '/home/robotserver/ROS2_Nav2_Course/turtlebot3_ws/install/turtlebot3_simulations/lib/pkgconfig/turtlebot3_simulations.pc'
[22.229s] Level 1:colcon.colcon_core.environment:checking '/home/robotserver/ROS2_Nav2_Course/turtlebot3_ws/install/turtlebot3_simulations/lib/python3.10/site-packages'
[22.229s] Level 1:colcon.colcon_core.environment:checking '/home/robotserver/ROS2_Nav2_Course/turtlebot3_ws/install/turtlebot3_simulations/bin'
[22.229s] INFO:colcon.colcon_core.shell:Creating package script '/home/robotserver/ROS2_Nav2_Course/turtlebot3_ws/install/turtlebot3_simulations/share/turtlebot3_simulations/package.ps1'
[22.230s] INFO:colcon.colcon_core.shell:Creating package descriptor '/home/robotserver/ROS2_Nav2_Course/turtlebot3_ws/install/turtlebot3_simulations/share/turtlebot3_simulations/package.dsv'
[22.230s] INFO:colcon.colcon_core.shell:Creating package script '/home/robotserver/ROS2_Nav2_Course/turtlebot3_ws/install/turtlebot3_simulations/share/turtlebot3_simulations/package.sh'
[22.230s] INFO:colcon.colcon_core.shell:Creating package script '/home/robotserver/ROS2_Nav2_Course/turtlebot3_ws/install/turtlebot3_simulations/share/turtlebot3_simulations/package.bash'
[22.230s] INFO:colcon.colcon_core.shell:Creating package script '/home/robotserver/ROS2_Nav2_Course/turtlebot3_ws/install/turtlebot3_simulations/share/turtlebot3_simulations/package.zsh'
[22.231s] Level 1:colcon.colcon_core.environment:create_file_with_runtime_dependencies(/home/robotserver/ROS2_Nav2_Course/turtlebot3_ws/install/turtlebot3_simulations/share/colcon-core/packages/turtlebot3_simulations)
[22.253s] Level 1:colcon.colcon_core.environment:create_environment_scripts_only(turtlebot3_simulations)
[22.254s] Level 1:colcon.colcon_core.environment:checking '/home/robotserver/ROS2_Nav2_Course/turtlebot3_ws/install/turtlebot3_simulations' for CMake module files
[22.254s] Level 1:colcon.colcon_core.environment:checking '/home/robotserver/ROS2_Nav2_Course/turtlebot3_ws/install/turtlebot3_simulations' for CMake config files
[22.254s] Level 1:colcon.colcon_core.shell:create_environment_hook('turtlebot3_simulations', 'cmake_prefix_path')
[22.254s] INFO:colcon.colcon_core.shell:Creating environment hook '/home/robotserver/ROS2_Nav2_Course/turtlebot3_ws/install/turtlebot3_simulations/share/turtlebot3_simulations/hook/cmake_prefix_path.ps1'
[22.255s] INFO:colcon.colcon_core.shell:Creating environment descriptor '/home/robotserver/ROS2_Nav2_Course/turtlebot3_ws/install/turtlebot3_simulations/share/turtlebot3_simulations/hook/cmake_prefix_path.dsv'
[22.255s] INFO:colcon.colcon_core.shell:Creating environment hook '/home/robotserver/ROS2_Nav2_Course/turtlebot3_ws/install/turtlebot3_simulations/share/turtlebot3_simulations/hook/cmake_prefix_path.sh'
[22.256s] Level 1:colcon.colcon_core.environment:checking '/home/robotserver/ROS2_Nav2_Course/turtlebot3_ws/install/turtlebot3_simulations/bin'
[22.256s] Level 1:colcon.colcon_core.environment:checking '/home/robotserver/ROS2_Nav2_Course/turtlebot3_ws/install/turtlebot3_simulations/lib/pkgconfig/turtlebot3_simulations.pc'
[22.256s] Level 1:colcon.colcon_core.environment:checking '/home/robotserver/ROS2_Nav2_Course/turtlebot3_ws/install/turtlebot3_simulations/lib/python3.10/site-packages'
[22.256s] Level 1:colcon.colcon_core.environment:checking '/home/robotserver/ROS2_Nav2_Course/turtlebot3_ws/install/turtlebot3_simulations/bin'
[22.256s] INFO:colcon.colcon_core.shell:Creating package script '/home/robotserver/ROS2_Nav2_Course/turtlebot3_ws/install/turtlebot3_simulations/share/turtlebot3_simulations/package.ps1'
[22.257s] INFO:colcon.colcon_core.shell:Creating package descriptor '/home/robotserver/ROS2_Nav2_Course/turtlebot3_ws/install/turtlebot3_simulations/share/turtlebot3_simulations/package.dsv'
[22.257s] INFO:colcon.colcon_core.shell:Creating package script '/home/robotserver/ROS2_Nav2_Course/turtlebot3_ws/install/turtlebot3_simulations/share/turtlebot3_simulations/package.sh'
[22.258s] INFO:colcon.colcon_core.shell:Creating package script '/home/robotserver/ROS2_Nav2_Course/turtlebot3_ws/install/turtlebot3_simulations/share/turtlebot3_simulations/package.bash'
[22.258s] INFO:colcon.colcon_core.shell:Creating package script '/home/robotserver/ROS2_Nav2_Course/turtlebot3_ws/install/turtlebot3_simulations/share/turtlebot3_simulations/package.zsh'
[22.259s] Level 1:colcon.colcon_core.environment:create_file_with_runtime_dependencies(/home/robotserver/ROS2_Nav2_Course/turtlebot3_ws/install/turtlebot3_simulations/share/colcon-core/packages/turtlebot3_simulations)
[22.259s] DEBUG:colcon.colcon_parallel_executor.executor.parallel:closing loop
[22.260s] DEBUG:colcon.colcon_parallel_executor.executor.parallel:loop closed
[22.260s] DEBUG:colcon.colcon_parallel_executor.executor.parallel:run_until_complete finished with '0'
[22.260s] DEBUG:colcon.colcon_core.event_reactor:joining thread
[22.266s] INFO:colcon.colcon_core.plugin_system:Skipping extension 'colcon_notification.desktop_notification.terminal_notifier': Not used on non-Darwin systems
[22.266s] INFO:colcon.colcon_core.plugin_system:Skipping extension 'colcon_notification.desktop_notification.win32': Not used on non-Windows systems
[22.266s] INFO:colcon.colcon_notification.desktop_notification:Sending desktop notification using 'notify2'
[22.279s] DEBUG:colcon.colcon_core.event_reactor:joined thread
[22.279s] INFO:colcon.colcon_core.shell:Creating prefix script '/home/robotserver/ROS2_Nav2_Course/turtlebot3_ws/install/local_setup.ps1'
[22.281s] INFO:colcon.colcon_core.shell:Creating prefix util module '/home/robotserver/ROS2_Nav2_Course/turtlebot3_ws/install/_local_setup_util_ps1.py'
[22.282s] INFO:colcon.colcon_core.shell:Creating prefix chain script '/home/robotserver/ROS2_Nav2_Course/turtlebot3_ws/install/setup.ps1'
[22.283s] INFO:colcon.colcon_core.shell:Creating prefix script '/home/robotserver/ROS2_Nav2_Course/turtlebot3_ws/install/local_setup.sh'
[22.284s] INFO:colcon.colcon_core.shell:Creating prefix util module '/home/robotserver/ROS2_Nav2_Course/turtlebot3_ws/install/_local_setup_util_sh.py'
[22.284s] INFO:colcon.colcon_core.shell:Creating prefix chain script '/home/robotserver/ROS2_Nav2_Course/turtlebot3_ws/install/setup.sh'
[22.285s] INFO:colcon.colcon_core.shell:Creating prefix script '/home/robotserver/ROS2_Nav2_Course/turtlebot3_ws/install/local_setup.bash'
[22.286s] INFO:colcon.colcon_core.shell:Creating prefix chain script '/home/robotserver/ROS2_Nav2_Course/turtlebot3_ws/install/setup.bash'
[22.288s] INFO:colcon.colcon_core.shell:Creating prefix script '/home/robotserver/ROS2_Nav2_Course/turtlebot3_ws/install/local_setup.zsh'
[22.289s] INFO:colcon.colcon_core.shell:Creating prefix chain script '/home/robotserver/ROS2_Nav2_Course/turtlebot3_ws/install/setup.zsh'
