-- Found ament_cmake: 1.3.9 (/opt/ros/humble/share/ament_cmake/cmake)
-- Found geometry_msgs: 4.2.4 (/opt/ros/humble/share/geometry_msgs/cmake)
-- Found rosidl_generator_c: 3.1.5 (/opt/ros/humble/share/rosidl_generator_c/cmake)
-- Found rosidl_adapter: 3.1.5 (/opt/ros/humble/share/rosidl_adapter/cmake)
-- Found rosidl_generator_cpp: 3.1.5 (/opt/ros/humble/share/rosidl_generator_cpp/cmake)
-- Using all available rosidl_typesupport_c: rosidl_typesupport_fastrtps_c;rosidl_typesupport_introspection_c
-- Using all available rosidl_typesupport_cpp: rosidl_typesupport_fastrtps_cpp;rosidl_typesupport_introspection_cpp
-- Found rosidl_default_generators: 1.2.0 (/opt/ros/humble/share/rosidl_default_generators/cmake)
-- Found ament_cmake_ros: 0.10.0 (/opt/ros/humble/share/ament_cmake_ros/cmake)
-- Using all available rosidl_typesupport_c: rosidl_typesupport_fastrtps_c;rosidl_typesupport_introspection_c
-- Using all available rosidl_typesupport_cpp: rosidl_typesupport_fastrtps_cpp;rosidl_typesupport_introspection_cpp
-- Found PythonInterp: /home/robotserver/miniconda3/envs/ros2_env/bin/python (found suitable version "3.9.12", minimum required is "3.6") 
-- Found python_cmake_module: 0.10.0 (/opt/ros/humble/share/python_cmake_module/cmake)
-- Using PYTHON_EXECUTABLE: /home/robotserver/miniconda3/envs/ros2_env/bin/python
-- Using PYTHON_INCLUDE_DIRS: /home/robotserver/miniconda3/envs/ros2_env/include/python3.9
-- Using PYTHON_LIBRARIES: /home/robotserver/miniconda3/envs/ros2_env/lib/libpython3.9.so
-- Using numpy include directory: /home/robotserver/miniconda3/envs/ros2_env/lib/python3.9/site-packages/numpy/core/include
-- Found ament_lint_auto: 0.12.11 (/opt/ros/humble/share/ament_lint_auto/cmake)
-- Added test 'cppcheck' to perform static code analysis on C / C++ code
-- Configured cppcheck include dirs: $<BUILD_INTERFACE:/home/robotserver/ros2_ws/src/tutorial_interfaces/build/tutorial_interfaces/rosidl_generator_c>;$<BUILD_INTERFACE:/home/robotserver/ros2_ws/src/tutorial_interfaces/build/tutorial_interfaces/rosidl_typesupport_fastrtps_c>;$<BUILD_INTERFACE:/home/robotserver/ros2_ws/src/tutorial_interfaces/build/tutorial_interfaces/rosidl_generator_cpp>;$<BUILD_INTERFACE:/home/robotserver/ros2_ws/src/tutorial_interfaces/build/tutorial_interfaces/rosidl_typesupport_fastrtps_cpp>;$<BUILD_INTERFACE:/home/robotserver/ros2_ws/src/tutorial_interfaces/build/tutorial_interfaces/rosidl_typesupport_introspection_c>;$<BUILD_INTERFACE:/home/robotserver/ros2_ws/src/tutorial_interfaces/build/tutorial_interfaces/rosidl_typesupport_introspection_cpp>;/home/robotserver/ros2_ws/src/tutorial_interfaces/build/tutorial_interfaces/rosidl_generator_c;/home/robotserver/ros2_ws/src/tutorial_interfaces/build/tutorial_interfaces/rosidl_generator_py
-- Configured cppcheck exclude dirs and/or files: 
-- Added test 'flake8' to check Python code syntax and style conventions
-- Added test 'lint_cmake' to check CMake code style
-- Added test 'pep257' to check Python code against some of the docstring style conventions in PEP 257
-- Added test 'uncrustify' to check C / C++ code style
-- Configured uncrustify additional arguments: 
-- Added test 'xmllint' to check XML markup files
-- Configuring done
-- Generating done
-- Build files have been written to: /home/robotserver/ros2_ws/src/tutorial_interfaces/build/tutorial_interfaces
[35m[1mConsolidate compiler generated dependencies of target tutorial_interfaces__rosidl_generator_c[0m
[  2%] Built target tutorial_interfaces__cpp
[ 12%] Built target tutorial_interfaces__rosidl_generator_c
[ 12%] Built target ament_cmake_python_copy_tutorial_interfaces
[35m[1mConsolidate compiler generated dependencies of target tutorial_interfaces__rosidl_typesupport_fastrtps_c[0m
[35m[1mConsolidate compiler generated dependencies of target tutorial_interfaces__rosidl_typesupport_cpp[0m
[35m[1mConsolidate compiler generated dependencies of target tutorial_interfaces__rosidl_typesupport_fastrtps_cpp[0m
[35m[1mConsolidate compiler generated dependencies of target tutorial_interfaces__rosidl_typesupport_introspection_cpp[0m
[35m[1mConsolidate compiler generated dependencies of target tutorial_interfaces__rosidl_typesupport_c[0m
[35m[1mConsolidate compiler generated dependencies of target tutorial_interfaces__rosidl_typesupport_introspection_c[0m
[ 42%] Built target tutorial_interfaces__rosidl_typesupport_c
[ 44%] Built target tutorial_interfaces__rosidl_typesupport_fastrtps_c
[ 44%] Built target tutorial_interfaces__rosidl_typesupport_introspection_cpp
[ 55%] Built target tutorial_interfaces__rosidl_typesupport_introspection_c
[ 65%] Built target tutorial_interfaces__rosidl_typesupport_cpp
[ 76%] Built target tutorial_interfaces__rosidl_typesupport_fastrtps_cpp
[ 76%] Built target tutorial_interfaces
[ 78%] [34m[1mGenerating Python code for ROS interfaces[0m
running egg_info
writing tutorial_interfaces.egg-info/PKG-INFO
writing dependency_links to tutorial_interfaces.egg-info/dependency_links.txt
writing top-level names to tutorial_interfaces.egg-info/top_level.txt
reading manifest file 'tutorial_interfaces.egg-info/SOURCES.txt'
writing manifest file 'tutorial_interfaces.egg-info/SOURCES.txt'
[ 78%] Built target ament_cmake_python_build_tutorial_interfaces_egg
[ 78%] Built target tutorial_interfaces__py
[35m[1mConsolidate compiler generated dependencies of target tutorial_interfaces__rosidl_generator_py[0m
[ 85%] [32mBuilding C object CMakeFiles/tutorial_interfaces__rosidl_generator_py.dir/rosidl_generator_py/tutorial_interfaces/srv/_add_three_ints_s.c.o[0m
[ 85%] [32mBuilding C object CMakeFiles/tutorial_interfaces__rosidl_generator_py.dir/rosidl_generator_py/tutorial_interfaces/msg/_sphere_s.c.o[0m
[ 85%] [32mBuilding C object CMakeFiles/tutorial_interfaces__rosidl_generator_py.dir/rosidl_generator_py/tutorial_interfaces/msg/_num_s.c.o[0m
[ 87%] [32m[1mLinking C shared library rosidl_generator_py/tutorial_interfaces/libtutorial_interfaces__rosidl_generator_py.so[0m
[ 87%] Built target tutorial_interfaces__rosidl_generator_py
[35m[1mConsolidate compiler generated dependencies of target tutorial_interfaces__rosidl_typesupport_fastrtps_c__pyext[0m
[35m[1mConsolidate compiler generated dependencies of target tutorial_interfaces__rosidl_typesupport_c__pyext[0m
[35m[1mConsolidate compiler generated dependencies of target tutorial_interfaces__rosidl_typesupport_introspection_c__pyext[0m
[ 93%] [32mBuilding C object CMakeFiles/tutorial_interfaces__rosidl_typesupport_c__pyext.dir/rosidl_generator_py/tutorial_interfaces/_tutorial_interfaces_s.ep.rosidl_typesupport_c.c.o[0m
[ 93%] [32mBuilding C object CMakeFiles/tutorial_interfaces__rosidl_typesupport_fastrtps_c__pyext.dir/rosidl_generator_py/tutorial_interfaces/_tutorial_interfaces_s.ep.rosidl_typesupport_fastrtps_c.c.o[0m
[ 93%] [32mBuilding C object CMakeFiles/tutorial_interfaces__rosidl_typesupport_introspection_c__pyext.dir/rosidl_generator_py/tutorial_interfaces/_tutorial_interfaces_s.ep.rosidl_typesupport_introspection_c.c.o[0m
[ 97%] [32m[1mLinking C shared library rosidl_generator_py/tutorial_interfaces/tutorial_interfaces_s__rosidl_typesupport_c.cpython-39-x86_64-linux-gnu.so[0m
[ 97%] [32m[1mLinking C shared library rosidl_generator_py/tutorial_interfaces/tutorial_interfaces_s__rosidl_typesupport_fastrtps_c.cpython-39-x86_64-linux-gnu.so[0m
[100%] [32m[1mLinking C shared library rosidl_generator_py/tutorial_interfaces/tutorial_interfaces_s__rosidl_typesupport_introspection_c.cpython-39-x86_64-linux-gnu.so[0m
[100%] Built target tutorial_interfaces__rosidl_typesupport_introspection_c__pyext
[100%] Built target tutorial_interfaces__rosidl_typesupport_c__pyext
[100%] Built target tutorial_interfaces__rosidl_typesupport_fastrtps_c__pyext
-- Install configuration: ""
-- Up-to-date: /home/robotserver/ros2_ws/src/tutorial_interfaces/install/tutorial_interfaces/share/ament_index/resource_index/rosidl_interfaces/tutorial_interfaces
-- Up-to-date: /home/robotserver/ros2_ws/src/tutorial_interfaces/install/tutorial_interfaces/include/tutorial_interfaces/tutorial_interfaces
-- Up-to-date: /home/robotserver/ros2_ws/src/tutorial_interfaces/install/tutorial_interfaces/include/tutorial_interfaces/tutorial_interfaces/msg
-- Up-to-date: /home/robotserver/ros2_ws/src/tutorial_interfaces/install/tutorial_interfaces/include/tutorial_interfaces/tutorial_interfaces/msg/num.h
-- Up-to-date: /home/robotserver/ros2_ws/src/tutorial_interfaces/install/tutorial_interfaces/include/tutorial_interfaces/tutorial_interfaces/msg/detail
-- Up-to-date: /home/robotserver/ros2_ws/src/tutorial_interfaces/install/tutorial_interfaces/include/tutorial_interfaces/tutorial_interfaces/msg/detail/sphere__functions.h
-- Up-to-date: /home/robotserver/ros2_ws/src/tutorial_interfaces/install/tutorial_interfaces/include/tutorial_interfaces/tutorial_interfaces/msg/detail/sphere__struct.h
-- Up-to-date: /home/robotserver/ros2_ws/src/tutorial_interfaces/install/tutorial_interfaces/include/tutorial_interfaces/tutorial_interfaces/msg/detail/num__functions.h
-- Up-to-date: /home/robotserver/ros2_ws/src/tutorial_interfaces/install/tutorial_interfaces/include/tutorial_interfaces/tutorial_interfaces/msg/detail/num__functions.c
-- Up-to-date: /home/robotserver/ros2_ws/src/tutorial_interfaces/install/tutorial_interfaces/include/tutorial_interfaces/tutorial_interfaces/msg/detail/num__type_support.h
-- Up-to-date: /home/robotserver/ros2_ws/src/tutorial_interfaces/install/tutorial_interfaces/include/tutorial_interfaces/tutorial_interfaces/msg/detail/sphere__type_support.h
-- Up-to-date: /home/robotserver/ros2_ws/src/tutorial_interfaces/install/tutorial_interfaces/include/tutorial_interfaces/tutorial_interfaces/msg/detail/sphere__functions.c
-- Up-to-date: /home/robotserver/ros2_ws/src/tutorial_interfaces/install/tutorial_interfaces/include/tutorial_interfaces/tutorial_interfaces/msg/detail/num__struct.h
-- Up-to-date: /home/robotserver/ros2_ws/src/tutorial_interfaces/install/tutorial_interfaces/include/tutorial_interfaces/tutorial_interfaces/msg/sphere.h
-- Up-to-date: /home/robotserver/ros2_ws/src/tutorial_interfaces/install/tutorial_interfaces/include/tutorial_interfaces/tutorial_interfaces/msg/rosidl_generator_c__visibility_control.h
-- Up-to-date: /home/robotserver/ros2_ws/src/tutorial_interfaces/install/tutorial_interfaces/include/tutorial_interfaces/tutorial_interfaces/srv
-- Up-to-date: /home/robotserver/ros2_ws/src/tutorial_interfaces/install/tutorial_interfaces/include/tutorial_interfaces/tutorial_interfaces/srv/add_three_ints.h
-- Up-to-date: /home/robotserver/ros2_ws/src/tutorial_interfaces/install/tutorial_interfaces/include/tutorial_interfaces/tutorial_interfaces/srv/detail
-- Up-to-date: /home/robotserver/ros2_ws/src/tutorial_interfaces/install/tutorial_interfaces/include/tutorial_interfaces/tutorial_interfaces/srv/detail/add_three_ints__functions.c
-- Up-to-date: /home/robotserver/ros2_ws/src/tutorial_interfaces/install/tutorial_interfaces/include/tutorial_interfaces/tutorial_interfaces/srv/detail/add_three_ints__functions.h
-- Up-to-date: /home/robotserver/ros2_ws/src/tutorial_interfaces/install/tutorial_interfaces/include/tutorial_interfaces/tutorial_interfaces/srv/detail/add_three_ints__type_support.h
-- Up-to-date: /home/robotserver/ros2_ws/src/tutorial_interfaces/install/tutorial_interfaces/include/tutorial_interfaces/tutorial_interfaces/srv/detail/add_three_ints__struct.h
-- Up-to-date: /home/robotserver/ros2_ws/src/tutorial_interfaces/install/tutorial_interfaces/share/tutorial_interfaces/environment/library_path.sh
-- Installing: /home/robotserver/ros2_ws/src/tutorial_interfaces/install/tutorial_interfaces/share/tutorial_interfaces/environment/library_path.dsv
-- Up-to-date: /home/robotserver/ros2_ws/src/tutorial_interfaces/install/tutorial_interfaces/lib/libtutorial_interfaces__rosidl_generator_c.so
-- Up-to-date: /home/robotserver/ros2_ws/src/tutorial_interfaces/install/tutorial_interfaces/include/tutorial_interfaces/tutorial_interfaces
-- Up-to-date: /home/robotserver/ros2_ws/src/tutorial_interfaces/install/tutorial_interfaces/include/tutorial_interfaces/tutorial_interfaces/msg
-- Up-to-date: /home/robotserver/ros2_ws/src/tutorial_interfaces/install/tutorial_interfaces/include/tutorial_interfaces/tutorial_interfaces/msg/rosidl_typesupport_fastrtps_c__visibility_control.h
-- Up-to-date: /home/robotserver/ros2_ws/src/tutorial_interfaces/install/tutorial_interfaces/include/tutorial_interfaces/tutorial_interfaces/msg/detail
-- Up-to-date: /home/robotserver/ros2_ws/src/tutorial_interfaces/install/tutorial_interfaces/include/tutorial_interfaces/tutorial_interfaces/msg/detail/sphere__rosidl_typesupport_fastrtps_c.h
-- Up-to-date: /home/robotserver/ros2_ws/src/tutorial_interfaces/install/tutorial_interfaces/include/tutorial_interfaces/tutorial_interfaces/msg/detail/num__rosidl_typesupport_fastrtps_c.h
-- Up-to-date: /home/robotserver/ros2_ws/src/tutorial_interfaces/install/tutorial_interfaces/include/tutorial_interfaces/tutorial_interfaces/srv
-- Up-to-date: /home/robotserver/ros2_ws/src/tutorial_interfaces/install/tutorial_interfaces/include/tutorial_interfaces/tutorial_interfaces/srv/detail
-- Up-to-date: /home/robotserver/ros2_ws/src/tutorial_interfaces/install/tutorial_interfaces/include/tutorial_interfaces/tutorial_interfaces/srv/detail/add_three_ints__rosidl_typesupport_fastrtps_c.h
-- Up-to-date: /home/robotserver/ros2_ws/src/tutorial_interfaces/install/tutorial_interfaces/lib/libtutorial_interfaces__rosidl_typesupport_fastrtps_c.so
-- Up-to-date: /home/robotserver/ros2_ws/src/tutorial_interfaces/install/tutorial_interfaces/include/tutorial_interfaces/tutorial_interfaces
-- Up-to-date: /home/robotserver/ros2_ws/src/tutorial_interfaces/install/tutorial_interfaces/include/tutorial_interfaces/tutorial_interfaces/msg
-- Up-to-date: /home/robotserver/ros2_ws/src/tutorial_interfaces/install/tutorial_interfaces/include/tutorial_interfaces/tutorial_interfaces/msg/detail
-- Up-to-date: /home/robotserver/ros2_ws/src/tutorial_interfaces/install/tutorial_interfaces/include/tutorial_interfaces/tutorial_interfaces/msg/detail/sphere__builder.hpp
-- Up-to-date: /home/robotserver/ros2_ws/src/tutorial_interfaces/install/tutorial_interfaces/include/tutorial_interfaces/tutorial_interfaces/msg/detail/sphere__traits.hpp
-- Up-to-date: /home/robotserver/ros2_ws/src/tutorial_interfaces/install/tutorial_interfaces/include/tutorial_interfaces/tutorial_interfaces/msg/detail/sphere__struct.hpp
-- Up-to-date: /home/robotserver/ros2_ws/src/tutorial_interfaces/install/tutorial_interfaces/include/tutorial_interfaces/tutorial_interfaces/msg/detail/num__traits.hpp
-- Up-to-date: /home/robotserver/ros2_ws/src/tutorial_interfaces/install/tutorial_interfaces/include/tutorial_interfaces/tutorial_interfaces/msg/detail/num__builder.hpp
-- Up-to-date: /home/robotserver/ros2_ws/src/tutorial_interfaces/install/tutorial_interfaces/include/tutorial_interfaces/tutorial_interfaces/msg/detail/num__struct.hpp
-- Up-to-date: /home/robotserver/ros2_ws/src/tutorial_interfaces/install/tutorial_interfaces/include/tutorial_interfaces/tutorial_interfaces/msg/num.hpp
-- Up-to-date: /home/robotserver/ros2_ws/src/tutorial_interfaces/install/tutorial_interfaces/include/tutorial_interfaces/tutorial_interfaces/msg/sphere.hpp
-- Up-to-date: /home/robotserver/ros2_ws/src/tutorial_interfaces/install/tutorial_interfaces/include/tutorial_interfaces/tutorial_interfaces/srv
-- Up-to-date: /home/robotserver/ros2_ws/src/tutorial_interfaces/install/tutorial_interfaces/include/tutorial_interfaces/tutorial_interfaces/srv/detail
-- Up-to-date: /home/robotserver/ros2_ws/src/tutorial_interfaces/install/tutorial_interfaces/include/tutorial_interfaces/tutorial_interfaces/srv/detail/add_three_ints__traits.hpp
-- Up-to-date: /home/robotserver/ros2_ws/src/tutorial_interfaces/install/tutorial_interfaces/include/tutorial_interfaces/tutorial_interfaces/srv/detail/add_three_ints__struct.hpp
-- Up-to-date: /home/robotserver/ros2_ws/src/tutorial_interfaces/install/tutorial_interfaces/include/tutorial_interfaces/tutorial_interfaces/srv/detail/add_three_ints__builder.hpp
-- Up-to-date: /home/robotserver/ros2_ws/src/tutorial_interfaces/install/tutorial_interfaces/include/tutorial_interfaces/tutorial_interfaces/srv/add_three_ints.hpp
-- Up-to-date: /home/robotserver/ros2_ws/src/tutorial_interfaces/install/tutorial_interfaces/include/tutorial_interfaces/tutorial_interfaces
-- Up-to-date: /home/robotserver/ros2_ws/src/tutorial_interfaces/install/tutorial_interfaces/include/tutorial_interfaces/tutorial_interfaces/msg
-- Up-to-date: /home/robotserver/ros2_ws/src/tutorial_interfaces/install/tutorial_interfaces/include/tutorial_interfaces/tutorial_interfaces/msg/detail
-- Up-to-date: /home/robotserver/ros2_ws/src/tutorial_interfaces/install/tutorial_interfaces/include/tutorial_interfaces/tutorial_interfaces/msg/detail/dds_fastrtps
-- Up-to-date: /home/robotserver/ros2_ws/src/tutorial_interfaces/install/tutorial_interfaces/include/tutorial_interfaces/tutorial_interfaces/msg/detail/sphere__rosidl_typesupport_fastrtps_cpp.hpp
-- Up-to-date: /home/robotserver/ros2_ws/src/tutorial_interfaces/install/tutorial_interfaces/include/tutorial_interfaces/tutorial_interfaces/msg/detail/num__rosidl_typesupport_fastrtps_cpp.hpp
-- Up-to-date: /home/robotserver/ros2_ws/src/tutorial_interfaces/install/tutorial_interfaces/include/tutorial_interfaces/tutorial_interfaces/msg/rosidl_typesupport_fastrtps_cpp__visibility_control.h
-- Up-to-date: /home/robotserver/ros2_ws/src/tutorial_interfaces/install/tutorial_interfaces/include/tutorial_interfaces/tutorial_interfaces/srv
-- Up-to-date: /home/robotserver/ros2_ws/src/tutorial_interfaces/install/tutorial_interfaces/include/tutorial_interfaces/tutorial_interfaces/srv/detail
-- Up-to-date: /home/robotserver/ros2_ws/src/tutorial_interfaces/install/tutorial_interfaces/include/tutorial_interfaces/tutorial_interfaces/srv/detail/dds_fastrtps
-- Up-to-date: /home/robotserver/ros2_ws/src/tutorial_interfaces/install/tutorial_interfaces/include/tutorial_interfaces/tutorial_interfaces/srv/detail/add_three_ints__rosidl_typesupport_fastrtps_cpp.hpp
-- Up-to-date: /home/robotserver/ros2_ws/src/tutorial_interfaces/install/tutorial_interfaces/lib/libtutorial_interfaces__rosidl_typesupport_fastrtps_cpp.so
-- Up-to-date: /home/robotserver/ros2_ws/src/tutorial_interfaces/install/tutorial_interfaces/include/tutorial_interfaces/tutorial_interfaces
-- Up-to-date: /home/robotserver/ros2_ws/src/tutorial_interfaces/install/tutorial_interfaces/include/tutorial_interfaces/tutorial_interfaces/msg
-- Up-to-date: /home/robotserver/ros2_ws/src/tutorial_interfaces/install/tutorial_interfaces/include/tutorial_interfaces/tutorial_interfaces/msg/rosidl_typesupport_introspection_c__visibility_control.h
-- Up-to-date: /home/robotserver/ros2_ws/src/tutorial_interfaces/install/tutorial_interfaces/include/tutorial_interfaces/tutorial_interfaces/msg/detail
-- Up-to-date: /home/robotserver/ros2_ws/src/tutorial_interfaces/install/tutorial_interfaces/include/tutorial_interfaces/tutorial_interfaces/msg/detail/sphere__type_support.c
-- Up-to-date: /home/robotserver/ros2_ws/src/tutorial_interfaces/install/tutorial_interfaces/include/tutorial_interfaces/tutorial_interfaces/msg/detail/num__rosidl_typesupport_introspection_c.h
-- Up-to-date: /home/robotserver/ros2_ws/src/tutorial_interfaces/install/tutorial_interfaces/include/tutorial_interfaces/tutorial_interfaces/msg/detail/sphere__rosidl_typesupport_introspection_c.h
-- Up-to-date: /home/robotserver/ros2_ws/src/tutorial_interfaces/install/tutorial_interfaces/include/tutorial_interfaces/tutorial_interfaces/msg/detail/num__type_support.c
-- Up-to-date: /home/robotserver/ros2_ws/src/tutorial_interfaces/install/tutorial_interfaces/include/tutorial_interfaces/tutorial_interfaces/srv
-- Up-to-date: /home/robotserver/ros2_ws/src/tutorial_interfaces/install/tutorial_interfaces/include/tutorial_interfaces/tutorial_interfaces/srv/detail
-- Up-to-date: /home/robotserver/ros2_ws/src/tutorial_interfaces/install/tutorial_interfaces/include/tutorial_interfaces/tutorial_interfaces/srv/detail/add_three_ints__type_support.c
-- Up-to-date: /home/robotserver/ros2_ws/src/tutorial_interfaces/install/tutorial_interfaces/include/tutorial_interfaces/tutorial_interfaces/srv/detail/add_three_ints__rosidl_typesupport_introspection_c.h
-- Up-to-date: /home/robotserver/ros2_ws/src/tutorial_interfaces/install/tutorial_interfaces/lib/libtutorial_interfaces__rosidl_typesupport_introspection_c.so
-- Up-to-date: /home/robotserver/ros2_ws/src/tutorial_interfaces/install/tutorial_interfaces/lib/libtutorial_interfaces__rosidl_typesupport_c.so
-- Up-to-date: /home/robotserver/ros2_ws/src/tutorial_interfaces/install/tutorial_interfaces/include/tutorial_interfaces/tutorial_interfaces
-- Up-to-date: /home/robotserver/ros2_ws/src/tutorial_interfaces/install/tutorial_interfaces/include/tutorial_interfaces/tutorial_interfaces/msg
-- Up-to-date: /home/robotserver/ros2_ws/src/tutorial_interfaces/install/tutorial_interfaces/include/tutorial_interfaces/tutorial_interfaces/msg/detail
-- Up-to-date: /home/robotserver/ros2_ws/src/tutorial_interfaces/install/tutorial_interfaces/include/tutorial_interfaces/tutorial_interfaces/msg/detail/sphere__type_support.cpp
-- Up-to-date: /home/robotserver/ros2_ws/src/tutorial_interfaces/install/tutorial_interfaces/include/tutorial_interfaces/tutorial_interfaces/msg/detail/num__type_support.cpp
-- Up-to-date: /home/robotserver/ros2_ws/src/tutorial_interfaces/install/tutorial_interfaces/include/tutorial_interfaces/tutorial_interfaces/msg/detail/num__rosidl_typesupport_introspection_cpp.hpp
-- Up-to-date: /home/robotserver/ros2_ws/src/tutorial_interfaces/install/tutorial_interfaces/include/tutorial_interfaces/tutorial_interfaces/msg/detail/sphere__rosidl_typesupport_introspection_cpp.hpp
-- Up-to-date: /home/robotserver/ros2_ws/src/tutorial_interfaces/install/tutorial_interfaces/include/tutorial_interfaces/tutorial_interfaces/srv
-- Up-to-date: /home/robotserver/ros2_ws/src/tutorial_interfaces/install/tutorial_interfaces/include/tutorial_interfaces/tutorial_interfaces/srv/detail
-- Up-to-date: /home/robotserver/ros2_ws/src/tutorial_interfaces/install/tutorial_interfaces/include/tutorial_interfaces/tutorial_interfaces/srv/detail/add_three_ints__type_support.cpp
-- Up-to-date: /home/robotserver/ros2_ws/src/tutorial_interfaces/install/tutorial_interfaces/include/tutorial_interfaces/tutorial_interfaces/srv/detail/add_three_ints__rosidl_typesupport_introspection_cpp.hpp
-- Up-to-date: /home/robotserver/ros2_ws/src/tutorial_interfaces/install/tutorial_interfaces/lib/libtutorial_interfaces__rosidl_typesupport_introspection_cpp.so
-- Up-to-date: /home/robotserver/ros2_ws/src/tutorial_interfaces/install/tutorial_interfaces/lib/libtutorial_interfaces__rosidl_typesupport_cpp.so
-- Up-to-date: /home/robotserver/ros2_ws/src/tutorial_interfaces/install/tutorial_interfaces/share/tutorial_interfaces/environment/pythonpath.sh
-- Installing: /home/robotserver/ros2_ws/src/tutorial_interfaces/install/tutorial_interfaces/share/tutorial_interfaces/environment/pythonpath.dsv
-- Up-to-date: /home/robotserver/ros2_ws/src/tutorial_interfaces/install/tutorial_interfaces/lib/python3.9/site-packages/tutorial_interfaces-0.0.0-py3.9.egg-info
-- Installing: /home/robotserver/ros2_ws/src/tutorial_interfaces/install/tutorial_interfaces/lib/python3.9/site-packages/tutorial_interfaces-0.0.0-py3.9.egg-info/top_level.txt
-- Installing: /home/robotserver/ros2_ws/src/tutorial_interfaces/install/tutorial_interfaces/lib/python3.9/site-packages/tutorial_interfaces-0.0.0-py3.9.egg-info/PKG-INFO
-- Installing: /home/robotserver/ros2_ws/src/tutorial_interfaces/install/tutorial_interfaces/lib/python3.9/site-packages/tutorial_interfaces-0.0.0-py3.9.egg-info/dependency_links.txt
-- Installing: /home/robotserver/ros2_ws/src/tutorial_interfaces/install/tutorial_interfaces/lib/python3.9/site-packages/tutorial_interfaces-0.0.0-py3.9.egg-info/SOURCES.txt
-- Up-to-date: /home/robotserver/ros2_ws/src/tutorial_interfaces/install/tutorial_interfaces/lib/python3.9/site-packages/tutorial_interfaces
-- Installing: /home/robotserver/ros2_ws/src/tutorial_interfaces/install/tutorial_interfaces/lib/python3.9/site-packages/tutorial_interfaces/_tutorial_interfaces_s.ep.rosidl_typesupport_introspection_c.c
-- Installing: /home/robotserver/ros2_ws/src/tutorial_interfaces/install/tutorial_interfaces/lib/python3.9/site-packages/tutorial_interfaces/_tutorial_interfaces_s.ep.rosidl_typesupport_c.c
-- Up-to-date: /home/robotserver/ros2_ws/src/tutorial_interfaces/install/tutorial_interfaces/lib/python3.9/site-packages/tutorial_interfaces/msg
-- Installing: /home/robotserver/ros2_ws/src/tutorial_interfaces/install/tutorial_interfaces/lib/python3.9/site-packages/tutorial_interfaces/msg/_num.py
-- Installing: /home/robotserver/ros2_ws/src/tutorial_interfaces/install/tutorial_interfaces/lib/python3.9/site-packages/tutorial_interfaces/msg/__init__.py
-- Installing: /home/robotserver/ros2_ws/src/tutorial_interfaces/install/tutorial_interfaces/lib/python3.9/site-packages/tutorial_interfaces/msg/_sphere.py
-- Installing: /home/robotserver/ros2_ws/src/tutorial_interfaces/install/tutorial_interfaces/lib/python3.9/site-packages/tutorial_interfaces/msg/_sphere_s.c
-- Installing: /home/robotserver/ros2_ws/src/tutorial_interfaces/install/tutorial_interfaces/lib/python3.9/site-packages/tutorial_interfaces/msg/_num_s.c
-- Installing: /home/robotserver/ros2_ws/src/tutorial_interfaces/install/tutorial_interfaces/lib/python3.9/site-packages/tutorial_interfaces/__init__.py
-- Installing: /home/robotserver/ros2_ws/src/tutorial_interfaces/install/tutorial_interfaces/lib/python3.9/site-packages/tutorial_interfaces/tutorial_interfaces_s__rosidl_typesupport_fastrtps_c.cpython-39-x86_64-linux-gnu.so
-- Installing: /home/robotserver/ros2_ws/src/tutorial_interfaces/install/tutorial_interfaces/lib/python3.9/site-packages/tutorial_interfaces/_tutorial_interfaces_s.ep.rosidl_typesupport_fastrtps_c.c
-- Up-to-date: /home/robotserver/ros2_ws/src/tutorial_interfaces/install/tutorial_interfaces/lib/python3.9/site-packages/tutorial_interfaces/srv
-- Installing: /home/robotserver/ros2_ws/src/tutorial_interfaces/install/tutorial_interfaces/lib/python3.9/site-packages/tutorial_interfaces/srv/__init__.py
-- Installing: /home/robotserver/ros2_ws/src/tutorial_interfaces/install/tutorial_interfaces/lib/python3.9/site-packages/tutorial_interfaces/srv/_add_three_ints_s.c
-- Installing: /home/robotserver/ros2_ws/src/tutorial_interfaces/install/tutorial_interfaces/lib/python3.9/site-packages/tutorial_interfaces/srv/_add_three_ints.py
-- Installing: /home/robotserver/ros2_ws/src/tutorial_interfaces/install/tutorial_interfaces/lib/python3.9/site-packages/tutorial_interfaces/libtutorial_interfaces__rosidl_generator_py.so
-- Installing: /home/robotserver/ros2_ws/src/tutorial_interfaces/install/tutorial_interfaces/lib/python3.9/site-packages/tutorial_interfaces/tutorial_interfaces_s__rosidl_typesupport_c.cpython-39-x86_64-linux-gnu.so
-- Installing: /home/robotserver/ros2_ws/src/tutorial_interfaces/install/tutorial_interfaces/lib/python3.9/site-packages/tutorial_interfaces/tutorial_interfaces_s__rosidl_typesupport_introspection_c.cpython-39-x86_64-linux-gnu.so
Listing '/home/robotserver/ros2_ws/src/tutorial_interfaces/install/tutorial_interfaces/lib/python3.9/site-packages/tutorial_interfaces'...
Compiling '/home/robotserver/ros2_ws/src/tutorial_interfaces/install/tutorial_interfaces/lib/python3.9/site-packages/tutorial_interfaces/__init__.py'...
Listing '/home/robotserver/ros2_ws/src/tutorial_interfaces/install/tutorial_interfaces/lib/python3.9/site-packages/tutorial_interfaces/msg'...
Compiling '/home/robotserver/ros2_ws/src/tutorial_interfaces/install/tutorial_interfaces/lib/python3.9/site-packages/tutorial_interfaces/msg/__init__.py'...
Compiling '/home/robotserver/ros2_ws/src/tutorial_interfaces/install/tutorial_interfaces/lib/python3.9/site-packages/tutorial_interfaces/msg/_num.py'...
Compiling '/home/robotserver/ros2_ws/src/tutorial_interfaces/install/tutorial_interfaces/lib/python3.9/site-packages/tutorial_interfaces/msg/_sphere.py'...
Listing '/home/robotserver/ros2_ws/src/tutorial_interfaces/install/tutorial_interfaces/lib/python3.9/site-packages/tutorial_interfaces/srv'...
Compiling '/home/robotserver/ros2_ws/src/tutorial_interfaces/install/tutorial_interfaces/lib/python3.9/site-packages/tutorial_interfaces/srv/__init__.py'...
Compiling '/home/robotserver/ros2_ws/src/tutorial_interfaces/install/tutorial_interfaces/lib/python3.9/site-packages/tutorial_interfaces/srv/_add_three_ints.py'...
-- Installing: /home/robotserver/ros2_ws/src/tutorial_interfaces/install/tutorial_interfaces/lib/python3.9/site-packages/tutorial_interfaces/tutorial_interfaces_s__rosidl_typesupport_fastrtps_c.cpython-39-x86_64-linux-gnu.so
-- Set runtime path of "/home/robotserver/ros2_ws/src/tutorial_interfaces/install/tutorial_interfaces/lib/python3.9/site-packages/tutorial_interfaces/tutorial_interfaces_s__rosidl_typesupport_fastrtps_c.cpython-39-x86_64-linux-gnu.so" to ""
-- Installing: /home/robotserver/ros2_ws/src/tutorial_interfaces/install/tutorial_interfaces/lib/python3.9/site-packages/tutorial_interfaces/tutorial_interfaces_s__rosidl_typesupport_introspection_c.cpython-39-x86_64-linux-gnu.so
-- Set runtime path of "/home/robotserver/ros2_ws/src/tutorial_interfaces/install/tutorial_interfaces/lib/python3.9/site-packages/tutorial_interfaces/tutorial_interfaces_s__rosidl_typesupport_introspection_c.cpython-39-x86_64-linux-gnu.so" to ""
-- Installing: /home/robotserver/ros2_ws/src/tutorial_interfaces/install/tutorial_interfaces/lib/python3.9/site-packages/tutorial_interfaces/tutorial_interfaces_s__rosidl_typesupport_c.cpython-39-x86_64-linux-gnu.so
-- Set runtime path of "/home/robotserver/ros2_ws/src/tutorial_interfaces/install/tutorial_interfaces/lib/python3.9/site-packages/tutorial_interfaces/tutorial_interfaces_s__rosidl_typesupport_c.cpython-39-x86_64-linux-gnu.so" to ""
-- Installing: /home/robotserver/ros2_ws/src/tutorial_interfaces/install/tutorial_interfaces/lib/libtutorial_interfaces__rosidl_generator_py.so
-- Set runtime path of "/home/robotserver/ros2_ws/src/tutorial_interfaces/install/tutorial_interfaces/lib/libtutorial_interfaces__rosidl_generator_py.so" to ""
-- Up-to-date: /home/robotserver/ros2_ws/src/tutorial_interfaces/install/tutorial_interfaces/share/tutorial_interfaces/msg/Num.idl
-- Up-to-date: /home/robotserver/ros2_ws/src/tutorial_interfaces/install/tutorial_interfaces/share/tutorial_interfaces/msg/Sphere.idl
-- Up-to-date: /home/robotserver/ros2_ws/src/tutorial_interfaces/install/tutorial_interfaces/share/tutorial_interfaces/srv/AddThreeInts.idl
-- Up-to-date: /home/robotserver/ros2_ws/src/tutorial_interfaces/install/tutorial_interfaces/share/tutorial_interfaces/msg/Num.msg
-- Up-to-date: /home/robotserver/ros2_ws/src/tutorial_interfaces/install/tutorial_interfaces/share/tutorial_interfaces/msg/Sphere.msg
-- Up-to-date: /home/robotserver/ros2_ws/src/tutorial_interfaces/install/tutorial_interfaces/share/tutorial_interfaces/srv/AddThreeInts.srv
-- Up-to-date: /home/robotserver/ros2_ws/src/tutorial_interfaces/install/tutorial_interfaces/share/tutorial_interfaces/srv/AddThreeInts_Request.msg
-- Up-to-date: /home/robotserver/ros2_ws/src/tutorial_interfaces/install/tutorial_interfaces/share/tutorial_interfaces/srv/AddThreeInts_Response.msg
-- Up-to-date: /home/robotserver/ros2_ws/src/tutorial_interfaces/install/tutorial_interfaces/share/ament_index/resource_index/package_run_dependencies/tutorial_interfaces
-- Up-to-date: /home/robotserver/ros2_ws/src/tutorial_interfaces/install/tutorial_interfaces/share/ament_index/resource_index/parent_prefix_path/tutorial_interfaces
-- Up-to-date: /home/robotserver/ros2_ws/src/tutorial_interfaces/install/tutorial_interfaces/share/tutorial_interfaces/environment/ament_prefix_path.sh
-- Installing: /home/robotserver/ros2_ws/src/tutorial_interfaces/install/tutorial_interfaces/share/tutorial_interfaces/environment/ament_prefix_path.dsv
-- Up-to-date: /home/robotserver/ros2_ws/src/tutorial_interfaces/install/tutorial_interfaces/share/tutorial_interfaces/environment/path.sh
-- Installing: /home/robotserver/ros2_ws/src/tutorial_interfaces/install/tutorial_interfaces/share/tutorial_interfaces/environment/path.dsv
-- Up-to-date: /home/robotserver/ros2_ws/src/tutorial_interfaces/install/tutorial_interfaces/share/tutorial_interfaces/local_setup.bash
-- Up-to-date: /home/robotserver/ros2_ws/src/tutorial_interfaces/install/tutorial_interfaces/share/tutorial_interfaces/local_setup.sh
-- Up-to-date: /home/robotserver/ros2_ws/src/tutorial_interfaces/install/tutorial_interfaces/share/tutorial_interfaces/local_setup.zsh
-- Installing: /home/robotserver/ros2_ws/src/tutorial_interfaces/install/tutorial_interfaces/share/tutorial_interfaces/local_setup.dsv
-- Installing: /home/robotserver/ros2_ws/src/tutorial_interfaces/install/tutorial_interfaces/share/tutorial_interfaces/package.dsv
-- Up-to-date: /home/robotserver/ros2_ws/src/tutorial_interfaces/install/tutorial_interfaces/share/ament_index/resource_index/packages/tutorial_interfaces
-- Up-to-date: /home/robotserver/ros2_ws/src/tutorial_interfaces/install/tutorial_interfaces/share/tutorial_interfaces/cmake/export_tutorial_interfaces__rosidl_generator_cExport.cmake
-- Up-to-date: /home/robotserver/ros2_ws/src/tutorial_interfaces/install/tutorial_interfaces/share/tutorial_interfaces/cmake/export_tutorial_interfaces__rosidl_generator_cExport-noconfig.cmake
-- Up-to-date: /home/robotserver/ros2_ws/src/tutorial_interfaces/install/tutorial_interfaces/share/tutorial_interfaces/cmake/export_tutorial_interfaces__rosidl_typesupport_fastrtps_cExport.cmake
-- Up-to-date: /home/robotserver/ros2_ws/src/tutorial_interfaces/install/tutorial_interfaces/share/tutorial_interfaces/cmake/export_tutorial_interfaces__rosidl_typesupport_fastrtps_cExport-noconfig.cmake
-- Up-to-date: /home/robotserver/ros2_ws/src/tutorial_interfaces/install/tutorial_interfaces/share/tutorial_interfaces/cmake/export_tutorial_interfaces__rosidl_generator_cppExport.cmake
-- Up-to-date: /home/robotserver/ros2_ws/src/tutorial_interfaces/install/tutorial_interfaces/share/tutorial_interfaces/cmake/export_tutorial_interfaces__rosidl_typesupport_fastrtps_cppExport.cmake
-- Up-to-date: /home/robotserver/ros2_ws/src/tutorial_interfaces/install/tutorial_interfaces/share/tutorial_interfaces/cmake/export_tutorial_interfaces__rosidl_typesupport_fastrtps_cppExport-noconfig.cmake
-- Up-to-date: /home/robotserver/ros2_ws/src/tutorial_interfaces/install/tutorial_interfaces/share/tutorial_interfaces/cmake/tutorial_interfaces__rosidl_typesupport_introspection_cExport.cmake
-- Up-to-date: /home/robotserver/ros2_ws/src/tutorial_interfaces/install/tutorial_interfaces/share/tutorial_interfaces/cmake/tutorial_interfaces__rosidl_typesupport_introspection_cExport-noconfig.cmake
-- Up-to-date: /home/robotserver/ros2_ws/src/tutorial_interfaces/install/tutorial_interfaces/share/tutorial_interfaces/cmake/tutorial_interfaces__rosidl_typesupport_cExport.cmake
-- Up-to-date: /home/robotserver/ros2_ws/src/tutorial_interfaces/install/tutorial_interfaces/share/tutorial_interfaces/cmake/tutorial_interfaces__rosidl_typesupport_cExport-noconfig.cmake
-- Up-to-date: /home/robotserver/ros2_ws/src/tutorial_interfaces/install/tutorial_interfaces/share/tutorial_interfaces/cmake/tutorial_interfaces__rosidl_typesupport_introspection_cppExport.cmake
-- Up-to-date: /home/robotserver/ros2_ws/src/tutorial_interfaces/install/tutorial_interfaces/share/tutorial_interfaces/cmake/tutorial_interfaces__rosidl_typesupport_introspection_cppExport-noconfig.cmake
-- Up-to-date: /home/robotserver/ros2_ws/src/tutorial_interfaces/install/tutorial_interfaces/share/tutorial_interfaces/cmake/tutorial_interfaces__rosidl_typesupport_cppExport.cmake
-- Up-to-date: /home/robotserver/ros2_ws/src/tutorial_interfaces/install/tutorial_interfaces/share/tutorial_interfaces/cmake/tutorial_interfaces__rosidl_typesupport_cppExport-noconfig.cmake
-- Up-to-date: /home/robotserver/ros2_ws/src/tutorial_interfaces/install/tutorial_interfaces/share/tutorial_interfaces/cmake/export_tutorial_interfaces__rosidl_generator_pyExport.cmake
-- Up-to-date: /home/robotserver/ros2_ws/src/tutorial_interfaces/install/tutorial_interfaces/share/tutorial_interfaces/cmake/export_tutorial_interfaces__rosidl_generator_pyExport-noconfig.cmake
-- Up-to-date: /home/robotserver/ros2_ws/src/tutorial_interfaces/install/tutorial_interfaces/share/tutorial_interfaces/cmake/rosidl_cmake-extras.cmake
-- Up-to-date: /home/robotserver/ros2_ws/src/tutorial_interfaces/install/tutorial_interfaces/share/tutorial_interfaces/cmake/ament_cmake_export_dependencies-extras.cmake
-- Up-to-date: /home/robotserver/ros2_ws/src/tutorial_interfaces/install/tutorial_interfaces/share/tutorial_interfaces/cmake/ament_cmake_export_include_directories-extras.cmake
-- Up-to-date: /home/robotserver/ros2_ws/src/tutorial_interfaces/install/tutorial_interfaces/share/tutorial_interfaces/cmake/ament_cmake_export_libraries-extras.cmake
-- Up-to-date: /home/robotserver/ros2_ws/src/tutorial_interfaces/install/tutorial_interfaces/share/tutorial_interfaces/cmake/ament_cmake_export_targets-extras.cmake
-- Up-to-date: /home/robotserver/ros2_ws/src/tutorial_interfaces/install/tutorial_interfaces/share/tutorial_interfaces/cmake/rosidl_cmake_export_typesupport_targets-extras.cmake
-- Up-to-date: /home/robotserver/ros2_ws/src/tutorial_interfaces/install/tutorial_interfaces/share/tutorial_interfaces/cmake/rosidl_cmake_export_typesupport_libraries-extras.cmake
-- Up-to-date: /home/robotserver/ros2_ws/src/tutorial_interfaces/install/tutorial_interfaces/share/tutorial_interfaces/cmake/tutorial_interfacesConfig.cmake
-- Up-to-date: /home/robotserver/ros2_ws/src/tutorial_interfaces/install/tutorial_interfaces/share/tutorial_interfaces/cmake/tutorial_interfacesConfig-version.cmake
-- Up-to-date: /home/robotserver/ros2_ws/src/tutorial_interfaces/install/tutorial_interfaces/share/tutorial_interfaces/package.xml
