[0.009s] Invoking command in '/home/robotserver/ros2_ws/src/tutorial_interfaces/build/tutorial_interfaces': CMAKE_PREFIX_PATH=/home/robotserver/Desktop/git/create3_main/install/create3_teleop:/home/robotserver/Desktop/git/create3_main/install/create3_msg_transfer:/home/robotserver/Desktop/git/create3_main/install/create3_control:/opt/ros/humble CONDA_PROMPT_MODIFIER=(base) /usr/bin/cmake --build /home/robotserver/ros2_ws/src/tutorial_interfaces/build/tutorial_interfaces -- -j8 -l8
[0.028s] [0mPython executable: /home/robotserver/miniconda3/envs/ros2_env/bin/python[0m
[0.032s] -- Found ament_cmake: 1.3.9 (/opt/ros/humble/share/ament_cmake/cmake)
[0.143s] -- Found geometry_msgs: 4.2.4 (/opt/ros/humble/share/geometry_msgs/cmake)
[0.165s] -- Found rosidl_generator_c: 3.1.5 (/opt/ros/humble/share/rosidl_generator_c/cmake)
[0.167s] -- Found rosidl_adapter: 3.1.5 (/opt/ros/humble/share/rosidl_adapter/cmake)
[0.173s] -- Found rosidl_generator_cpp: 3.1.5 (/opt/ros/humble/share/rosidl_generator_cpp/cmake)
[0.183s] -- Using all available rosidl_typesupport_c: rosidl_typesupport_fastrtps_c;rosidl_typesupport_introspection_c
[0.198s] -- Using all available rosidl_typesupport_cpp: rosidl_typesupport_fastrtps_cpp;rosidl_typesupport_introspection_cpp
[0.311s] -- Found rosidl_default_generators: 1.2.0 (/opt/ros/humble/share/rosidl_default_generators/cmake)
[0.586s] -- Found ament_cmake_ros: 0.10.0 (/opt/ros/humble/share/ament_cmake_ros/cmake)
[0.928s] -- Using all available rosidl_typesupport_c: rosidl_typesupport_fastrtps_c;rosidl_typesupport_introspection_c
[1.073s] -- Using all available rosidl_typesupport_cpp: rosidl_typesupport_fastrtps_cpp;rosidl_typesupport_introspection_cpp
[1.088s] -- Found PythonInterp: /home/robotserver/miniconda3/envs/ros2_env/bin/python (found suitable version "3.9.12", minimum required is "3.6") 
[1.088s] -- Found python_cmake_module: 0.10.0 (/opt/ros/humble/share/python_cmake_module/cmake)
[1.105s] -- Using PYTHON_EXECUTABLE: /home/robotserver/miniconda3/envs/ros2_env/bin/python
[1.105s] -- Using PYTHON_INCLUDE_DIRS: /home/robotserver/miniconda3/envs/ros2_env/include/python3.9
[1.105s] -- Using PYTHON_LIBRARIES: /home/robotserver/miniconda3/envs/ros2_env/lib/libpython3.9.so
[1.234s] -- Using numpy include directory: /home/robotserver/miniconda3/envs/ros2_env/lib/python3.9/site-packages/numpy/core/include
[1.243s] -- Found ament_lint_auto: 0.12.11 (/opt/ros/humble/share/ament_lint_auto/cmake)
[1.281s] -- Added test 'cppcheck' to perform static code analysis on C / C++ code
[1.282s] -- Configured cppcheck include dirs: $<BUILD_INTERFACE:/home/robotserver/ros2_ws/src/tutorial_interfaces/build/tutorial_interfaces/rosidl_generator_c>;$<BUILD_INTERFACE:/home/robotserver/ros2_ws/src/tutorial_interfaces/build/tutorial_interfaces/rosidl_typesupport_fastrtps_c>;$<BUILD_INTERFACE:/home/robotserver/ros2_ws/src/tutorial_interfaces/build/tutorial_interfaces/rosidl_generator_cpp>;$<BUILD_INTERFACE:/home/robotserver/ros2_ws/src/tutorial_interfaces/build/tutorial_interfaces/rosidl_typesupport_fastrtps_cpp>;$<BUILD_INTERFACE:/home/robotserver/ros2_ws/src/tutorial_interfaces/build/tutorial_interfaces/rosidl_typesupport_introspection_c>;$<BUILD_INTERFACE:/home/robotserver/ros2_ws/src/tutorial_interfaces/build/tutorial_interfaces/rosidl_typesupport_introspection_cpp>;/home/robotserver/ros2_ws/src/tutorial_interfaces/build/tutorial_interfaces/rosidl_generator_c;/home/robotserver/ros2_ws/src/tutorial_interfaces/build/tutorial_interfaces/rosidl_generator_py
[1.282s] -- Configured cppcheck exclude dirs and/or files: 
[1.286s] -- Added test 'flake8' to check Python code syntax and style conventions
[1.294s] -- Added test 'lint_cmake' to check CMake code style
[1.298s] -- Added test 'pep257' to check Python code against some of the docstring style conventions in PEP 257
[1.330s] -- Added test 'uncrustify' to check C / C++ code style
[1.330s] -- Configured uncrustify additional arguments: 
[1.334s] -- Added test 'xmllint' to check XML markup files
[1.336s] -- Configuring done
[1.373s] -- Generating done
[1.376s] -- Build files have been written to: /home/robotserver/ros2_ws/src/tutorial_interfaces/build/tutorial_interfaces
[1.400s] [35m[1mConsolidate compiler generated dependencies of target tutorial_interfaces__rosidl_generator_c[0m
[1.409s] [  2%] Built target tutorial_interfaces__cpp
[1.411s] [ 12%] Built target tutorial_interfaces__rosidl_generator_c
[1.421s] [ 12%] Built target ament_cmake_python_copy_tutorial_interfaces
[1.421s] [35m[1mConsolidate compiler generated dependencies of target tutorial_interfaces__rosidl_typesupport_fastrtps_c[0m
[1.422s] [35m[1mConsolidate compiler generated dependencies of target tutorial_interfaces__rosidl_typesupport_cpp[0m
[1.422s] [35m[1mConsolidate compiler generated dependencies of target tutorial_interfaces__rosidl_typesupport_fastrtps_cpp[0m
[1.423s] [35m[1mConsolidate compiler generated dependencies of target tutorial_interfaces__rosidl_typesupport_introspection_cpp[0m
[1.423s] [35m[1mConsolidate compiler generated dependencies of target tutorial_interfaces__rosidl_typesupport_c[0m
[1.424s] [35m[1mConsolidate compiler generated dependencies of target tutorial_interfaces__rosidl_typesupport_introspection_c[0m
[1.440s] [ 42%] Built target tutorial_interfaces__rosidl_typesupport_c
[1.440s] [ 44%] Built target tutorial_interfaces__rosidl_typesupport_fastrtps_c
[1.440s] [ 44%] Built target tutorial_interfaces__rosidl_typesupport_introspection_cpp
[1.441s] [ 55%] Built target tutorial_interfaces__rosidl_typesupport_introspection_c
[1.441s] [ 65%] Built target tutorial_interfaces__rosidl_typesupport_cpp
[1.442s] [ 76%] Built target tutorial_interfaces__rosidl_typesupport_fastrtps_cpp
[1.461s] [ 76%] Built target tutorial_interfaces
[1.479s] [ 78%] [34m[1mGenerating Python code for ROS interfaces[0m
[1.601s] running egg_info
[1.611s] writing tutorial_interfaces.egg-info/PKG-INFO
[1.611s] writing dependency_links to tutorial_interfaces.egg-info/dependency_links.txt
[1.612s] writing top-level names to tutorial_interfaces.egg-info/top_level.txt
[1.641s] reading manifest file 'tutorial_interfaces.egg-info/SOURCES.txt'
[1.642s] writing manifest file 'tutorial_interfaces.egg-info/SOURCES.txt'
[1.671s] [ 78%] Built target ament_cmake_python_build_tutorial_interfaces_egg
[1.937s] [ 78%] Built target tutorial_interfaces__py
[1.948s] [35m[1mConsolidate compiler generated dependencies of target tutorial_interfaces__rosidl_generator_py[0m
[1.962s] [ 85%] [32mBuilding C object CMakeFiles/tutorial_interfaces__rosidl_generator_py.dir/rosidl_generator_py/tutorial_interfaces/srv/_add_three_ints_s.c.o[0m
[1.962s] [ 85%] [32mBuilding C object CMakeFiles/tutorial_interfaces__rosidl_generator_py.dir/rosidl_generator_py/tutorial_interfaces/msg/_sphere_s.c.o[0m
[1.962s] [ 85%] [32mBuilding C object CMakeFiles/tutorial_interfaces__rosidl_generator_py.dir/rosidl_generator_py/tutorial_interfaces/msg/_num_s.c.o[0m
[2.062s] [ 87%] [32m[1mLinking C shared library rosidl_generator_py/tutorial_interfaces/libtutorial_interfaces__rosidl_generator_py.so[0m
[2.098s] [ 87%] Built target tutorial_interfaces__rosidl_generator_py
[2.108s] [35m[1mConsolidate compiler generated dependencies of target tutorial_interfaces__rosidl_typesupport_fastrtps_c__pyext[0m
[2.108s] [35m[1mConsolidate compiler generated dependencies of target tutorial_interfaces__rosidl_typesupport_c__pyext[0m
[2.108s] [35m[1mConsolidate compiler generated dependencies of target tutorial_interfaces__rosidl_typesupport_introspection_c__pyext[0m
[2.120s] [ 93%] [32mBuilding C object CMakeFiles/tutorial_interfaces__rosidl_typesupport_c__pyext.dir/rosidl_generator_py/tutorial_interfaces/_tutorial_interfaces_s.ep.rosidl_typesupport_c.c.o[0m
[2.120s] [ 93%] [32mBuilding C object CMakeFiles/tutorial_interfaces__rosidl_typesupport_fastrtps_c__pyext.dir/rosidl_generator_py/tutorial_interfaces/_tutorial_interfaces_s.ep.rosidl_typesupport_fastrtps_c.c.o[0m
[2.121s] [ 93%] [32mBuilding C object CMakeFiles/tutorial_interfaces__rosidl_typesupport_introspection_c__pyext.dir/rosidl_generator_py/tutorial_interfaces/_tutorial_interfaces_s.ep.rosidl_typesupport_introspection_c.c.o[0m
[2.222s] [ 97%] [32m[1mLinking C shared library rosidl_generator_py/tutorial_interfaces/tutorial_interfaces_s__rosidl_typesupport_c.cpython-39-x86_64-linux-gnu.so[0m
[2.222s] [ 97%] [32m[1mLinking C shared library rosidl_generator_py/tutorial_interfaces/tutorial_interfaces_s__rosidl_typesupport_fastrtps_c.cpython-39-x86_64-linux-gnu.so[0m
[2.223s] [100%] [32m[1mLinking C shared library rosidl_generator_py/tutorial_interfaces/tutorial_interfaces_s__rosidl_typesupport_introspection_c.cpython-39-x86_64-linux-gnu.so[0m
[2.261s] [100%] Built target tutorial_interfaces__rosidl_typesupport_introspection_c__pyext
[2.261s] [100%] Built target tutorial_interfaces__rosidl_typesupport_c__pyext
[2.261s] [100%] Built target tutorial_interfaces__rosidl_typesupport_fastrtps_c__pyext
[2.271s] Invoked command in '/home/robotserver/ros2_ws/src/tutorial_interfaces/build/tutorial_interfaces' returned '0': CMAKE_PREFIX_PATH=/home/robotserver/Desktop/git/create3_main/install/create3_teleop:/home/robotserver/Desktop/git/create3_main/install/create3_msg_transfer:/home/robotserver/Desktop/git/create3_main/install/create3_control:/opt/ros/humble CONDA_PROMPT_MODIFIER=(base) /usr/bin/cmake --build /home/robotserver/ros2_ws/src/tutorial_interfaces/build/tutorial_interfaces -- -j8 -l8
[2.358s] Invoking command in '/home/robotserver/ros2_ws/src/tutorial_interfaces/build/tutorial_interfaces': CMAKE_PREFIX_PATH=/home/robotserver/Desktop/git/create3_main/install/create3_teleop:/home/robotserver/Desktop/git/create3_main/install/create3_msg_transfer:/home/robotserver/Desktop/git/create3_main/install/create3_control:/opt/ros/humble CONDA_PROMPT_MODIFIER=(base) /usr/bin/cmake --install /home/robotserver/ros2_ws/src/tutorial_interfaces/build/tutorial_interfaces
[2.365s] -- Install configuration: ""
[2.365s] -- Up-to-date: /home/robotserver/ros2_ws/src/tutorial_interfaces/install/tutorial_interfaces/share/ament_index/resource_index/rosidl_interfaces/tutorial_interfaces
[2.365s] -- Up-to-date: /home/robotserver/ros2_ws/src/tutorial_interfaces/install/tutorial_interfaces/include/tutorial_interfaces/tutorial_interfaces
[2.366s] -- Up-to-date: /home/robotserver/ros2_ws/src/tutorial_interfaces/install/tutorial_interfaces/include/tutorial_interfaces/tutorial_interfaces/msg
[2.366s] -- Up-to-date: /home/robotserver/ros2_ws/src/tutorial_interfaces/install/tutorial_interfaces/include/tutorial_interfaces/tutorial_interfaces/msg/num.h
[2.366s] -- Up-to-date: /home/robotserver/ros2_ws/src/tutorial_interfaces/install/tutorial_interfaces/include/tutorial_interfaces/tutorial_interfaces/msg/detail
[2.366s] -- Up-to-date: /home/robotserver/ros2_ws/src/tutorial_interfaces/install/tutorial_interfaces/include/tutorial_interfaces/tutorial_interfaces/msg/detail/sphere__functions.h
[2.366s] -- Up-to-date: /home/robotserver/ros2_ws/src/tutorial_interfaces/install/tutorial_interfaces/include/tutorial_interfaces/tutorial_interfaces/msg/detail/sphere__struct.h
[2.366s] -- Up-to-date: /home/robotserver/ros2_ws/src/tutorial_interfaces/install/tutorial_interfaces/include/tutorial_interfaces/tutorial_interfaces/msg/detail/num__functions.h
[2.366s] -- Up-to-date: /home/robotserver/ros2_ws/src/tutorial_interfaces/install/tutorial_interfaces/include/tutorial_interfaces/tutorial_interfaces/msg/detail/num__functions.c
[2.366s] -- Up-to-date: /home/robotserver/ros2_ws/src/tutorial_interfaces/install/tutorial_interfaces/include/tutorial_interfaces/tutorial_interfaces/msg/detail/num__type_support.h
[2.366s] -- Up-to-date: /home/robotserver/ros2_ws/src/tutorial_interfaces/install/tutorial_interfaces/include/tutorial_interfaces/tutorial_interfaces/msg/detail/sphere__type_support.h
[2.366s] -- Up-to-date: /home/robotserver/ros2_ws/src/tutorial_interfaces/install/tutorial_interfaces/include/tutorial_interfaces/tutorial_interfaces/msg/detail/sphere__functions.c
[2.366s] -- Up-to-date: /home/robotserver/ros2_ws/src/tutorial_interfaces/install/tutorial_interfaces/include/tutorial_interfaces/tutorial_interfaces/msg/detail/num__struct.h
[2.366s] -- Up-to-date: /home/robotserver/ros2_ws/src/tutorial_interfaces/install/tutorial_interfaces/include/tutorial_interfaces/tutorial_interfaces/msg/sphere.h
[2.367s] -- Up-to-date: /home/robotserver/ros2_ws/src/tutorial_interfaces/install/tutorial_interfaces/include/tutorial_interfaces/tutorial_interfaces/msg/rosidl_generator_c__visibility_control.h
[2.367s] -- Up-to-date: /home/robotserver/ros2_ws/src/tutorial_interfaces/install/tutorial_interfaces/include/tutorial_interfaces/tutorial_interfaces/srv
[2.367s] -- Up-to-date: /home/robotserver/ros2_ws/src/tutorial_interfaces/install/tutorial_interfaces/include/tutorial_interfaces/tutorial_interfaces/srv/add_three_ints.h
[2.367s] -- Up-to-date: /home/robotserver/ros2_ws/src/tutorial_interfaces/install/tutorial_interfaces/include/tutorial_interfaces/tutorial_interfaces/srv/detail
[2.367s] -- Up-to-date: /home/robotserver/ros2_ws/src/tutorial_interfaces/install/tutorial_interfaces/include/tutorial_interfaces/tutorial_interfaces/srv/detail/add_three_ints__functions.c
[2.367s] -- Up-to-date: /home/robotserver/ros2_ws/src/tutorial_interfaces/install/tutorial_interfaces/include/tutorial_interfaces/tutorial_interfaces/srv/detail/add_three_ints__functions.h
[2.367s] -- Up-to-date: /home/robotserver/ros2_ws/src/tutorial_interfaces/install/tutorial_interfaces/include/tutorial_interfaces/tutorial_interfaces/srv/detail/add_three_ints__type_support.h
[2.367s] -- Up-to-date: /home/robotserver/ros2_ws/src/tutorial_interfaces/install/tutorial_interfaces/include/tutorial_interfaces/tutorial_interfaces/srv/detail/add_three_ints__struct.h
[2.367s] -- Up-to-date: /home/robotserver/ros2_ws/src/tutorial_interfaces/install/tutorial_interfaces/share/tutorial_interfaces/environment/library_path.sh
[2.367s] -- Installing: /home/robotserver/ros2_ws/src/tutorial_interfaces/install/tutorial_interfaces/share/tutorial_interfaces/environment/library_path.dsv
[2.367s] -- Up-to-date: /home/robotserver/ros2_ws/src/tutorial_interfaces/install/tutorial_interfaces/lib/libtutorial_interfaces__rosidl_generator_c.so
[2.367s] -- Up-to-date: /home/robotserver/ros2_ws/src/tutorial_interfaces/install/tutorial_interfaces/include/tutorial_interfaces/tutorial_interfaces
[2.367s] -- Up-to-date: /home/robotserver/ros2_ws/src/tutorial_interfaces/install/tutorial_interfaces/include/tutorial_interfaces/tutorial_interfaces/msg
[2.368s] -- Up-to-date: /home/robotserver/ros2_ws/src/tutorial_interfaces/install/tutorial_interfaces/include/tutorial_interfaces/tutorial_interfaces/msg/rosidl_typesupport_fastrtps_c__visibility_control.h
[2.368s] -- Up-to-date: /home/robotserver/ros2_ws/src/tutorial_interfaces/install/tutorial_interfaces/include/tutorial_interfaces/tutorial_interfaces/msg/detail
[2.368s] -- Up-to-date: /home/robotserver/ros2_ws/src/tutorial_interfaces/install/tutorial_interfaces/include/tutorial_interfaces/tutorial_interfaces/msg/detail/sphere__rosidl_typesupport_fastrtps_c.h
[2.368s] -- Up-to-date: /home/robotserver/ros2_ws/src/tutorial_interfaces/install/tutorial_interfaces/include/tutorial_interfaces/tutorial_interfaces/msg/detail/num__rosidl_typesupport_fastrtps_c.h
[2.368s] -- Up-to-date: /home/robotserver/ros2_ws/src/tutorial_interfaces/install/tutorial_interfaces/include/tutorial_interfaces/tutorial_interfaces/srv
[2.368s] -- Up-to-date: /home/robotserver/ros2_ws/src/tutorial_interfaces/install/tutorial_interfaces/include/tutorial_interfaces/tutorial_interfaces/srv/detail
[2.368s] -- Up-to-date: /home/robotserver/ros2_ws/src/tutorial_interfaces/install/tutorial_interfaces/include/tutorial_interfaces/tutorial_interfaces/srv/detail/add_three_ints__rosidl_typesupport_fastrtps_c.h
[2.369s] -- Up-to-date: /home/robotserver/ros2_ws/src/tutorial_interfaces/install/tutorial_interfaces/lib/libtutorial_interfaces__rosidl_typesupport_fastrtps_c.so
[2.369s] -- Up-to-date: /home/robotserver/ros2_ws/src/tutorial_interfaces/install/tutorial_interfaces/include/tutorial_interfaces/tutorial_interfaces
[2.369s] -- Up-to-date: /home/robotserver/ros2_ws/src/tutorial_interfaces/install/tutorial_interfaces/include/tutorial_interfaces/tutorial_interfaces/msg
[2.369s] -- Up-to-date: /home/robotserver/ros2_ws/src/tutorial_interfaces/install/tutorial_interfaces/include/tutorial_interfaces/tutorial_interfaces/msg/detail
[2.369s] -- Up-to-date: /home/robotserver/ros2_ws/src/tutorial_interfaces/install/tutorial_interfaces/include/tutorial_interfaces/tutorial_interfaces/msg/detail/sphere__builder.hpp
[2.369s] -- Up-to-date: /home/robotserver/ros2_ws/src/tutorial_interfaces/install/tutorial_interfaces/include/tutorial_interfaces/tutorial_interfaces/msg/detail/sphere__traits.hpp
[2.369s] -- Up-to-date: /home/robotserver/ros2_ws/src/tutorial_interfaces/install/tutorial_interfaces/include/tutorial_interfaces/tutorial_interfaces/msg/detail/sphere__struct.hpp
[2.369s] -- Up-to-date: /home/robotserver/ros2_ws/src/tutorial_interfaces/install/tutorial_interfaces/include/tutorial_interfaces/tutorial_interfaces/msg/detail/num__traits.hpp
[2.369s] -- Up-to-date: /home/robotserver/ros2_ws/src/tutorial_interfaces/install/tutorial_interfaces/include/tutorial_interfaces/tutorial_interfaces/msg/detail/num__builder.hpp
[2.369s] -- Up-to-date: /home/robotserver/ros2_ws/src/tutorial_interfaces/install/tutorial_interfaces/include/tutorial_interfaces/tutorial_interfaces/msg/detail/num__struct.hpp
[2.369s] -- Up-to-date: /home/robotserver/ros2_ws/src/tutorial_interfaces/install/tutorial_interfaces/include/tutorial_interfaces/tutorial_interfaces/msg/num.hpp
[2.369s] -- Up-to-date: /home/robotserver/ros2_ws/src/tutorial_interfaces/install/tutorial_interfaces/include/tutorial_interfaces/tutorial_interfaces/msg/sphere.hpp
[2.369s] -- Up-to-date: /home/robotserver/ros2_ws/src/tutorial_interfaces/install/tutorial_interfaces/include/tutorial_interfaces/tutorial_interfaces/srv
[2.370s] -- Up-to-date: /home/robotserver/ros2_ws/src/tutorial_interfaces/install/tutorial_interfaces/include/tutorial_interfaces/tutorial_interfaces/srv/detail
[2.370s] -- Up-to-date: /home/robotserver/ros2_ws/src/tutorial_interfaces/install/tutorial_interfaces/include/tutorial_interfaces/tutorial_interfaces/srv/detail/add_three_ints__traits.hpp
[2.370s] -- Up-to-date: /home/robotserver/ros2_ws/src/tutorial_interfaces/install/tutorial_interfaces/include/tutorial_interfaces/tutorial_interfaces/srv/detail/add_three_ints__struct.hpp
[2.370s] -- Up-to-date: /home/robotserver/ros2_ws/src/tutorial_interfaces/install/tutorial_interfaces/include/tutorial_interfaces/tutorial_interfaces/srv/detail/add_three_ints__builder.hpp
[2.370s] -- Up-to-date: /home/robotserver/ros2_ws/src/tutorial_interfaces/install/tutorial_interfaces/include/tutorial_interfaces/tutorial_interfaces/srv/add_three_ints.hpp
[2.370s] -- Up-to-date: /home/robotserver/ros2_ws/src/tutorial_interfaces/install/tutorial_interfaces/include/tutorial_interfaces/tutorial_interfaces
[2.370s] -- Up-to-date: /home/robotserver/ros2_ws/src/tutorial_interfaces/install/tutorial_interfaces/include/tutorial_interfaces/tutorial_interfaces/msg
[2.370s] -- Up-to-date: /home/robotserver/ros2_ws/src/tutorial_interfaces/install/tutorial_interfaces/include/tutorial_interfaces/tutorial_interfaces/msg/detail
[2.370s] -- Up-to-date: /home/robotserver/ros2_ws/src/tutorial_interfaces/install/tutorial_interfaces/include/tutorial_interfaces/tutorial_interfaces/msg/detail/dds_fastrtps
[2.370s] -- Up-to-date: /home/robotserver/ros2_ws/src/tutorial_interfaces/install/tutorial_interfaces/include/tutorial_interfaces/tutorial_interfaces/msg/detail/sphere__rosidl_typesupport_fastrtps_cpp.hpp
[2.370s] -- Up-to-date: /home/robotserver/ros2_ws/src/tutorial_interfaces/install/tutorial_interfaces/include/tutorial_interfaces/tutorial_interfaces/msg/detail/num__rosidl_typesupport_fastrtps_cpp.hpp
[2.370s] -- Up-to-date: /home/robotserver/ros2_ws/src/tutorial_interfaces/install/tutorial_interfaces/include/tutorial_interfaces/tutorial_interfaces/msg/rosidl_typesupport_fastrtps_cpp__visibility_control.h
[2.371s] -- Up-to-date: /home/robotserver/ros2_ws/src/tutorial_interfaces/install/tutorial_interfaces/include/tutorial_interfaces/tutorial_interfaces/srv
[2.371s] -- Up-to-date: /home/robotserver/ros2_ws/src/tutorial_interfaces/install/tutorial_interfaces/include/tutorial_interfaces/tutorial_interfaces/srv/detail
[2.371s] -- Up-to-date: /home/robotserver/ros2_ws/src/tutorial_interfaces/install/tutorial_interfaces/include/tutorial_interfaces/tutorial_interfaces/srv/detail/dds_fastrtps
[2.371s] -- Up-to-date: /home/robotserver/ros2_ws/src/tutorial_interfaces/install/tutorial_interfaces/include/tutorial_interfaces/tutorial_interfaces/srv/detail/add_three_ints__rosidl_typesupport_fastrtps_cpp.hpp
[2.371s] -- Up-to-date: /home/robotserver/ros2_ws/src/tutorial_interfaces/install/tutorial_interfaces/lib/libtutorial_interfaces__rosidl_typesupport_fastrtps_cpp.so
[2.371s] -- Up-to-date: /home/robotserver/ros2_ws/src/tutorial_interfaces/install/tutorial_interfaces/include/tutorial_interfaces/tutorial_interfaces
[2.371s] -- Up-to-date: /home/robotserver/ros2_ws/src/tutorial_interfaces/install/tutorial_interfaces/include/tutorial_interfaces/tutorial_interfaces/msg
[2.371s] -- Up-to-date: /home/robotserver/ros2_ws/src/tutorial_interfaces/install/tutorial_interfaces/include/tutorial_interfaces/tutorial_interfaces/msg/rosidl_typesupport_introspection_c__visibility_control.h
[2.371s] -- Up-to-date: /home/robotserver/ros2_ws/src/tutorial_interfaces/install/tutorial_interfaces/include/tutorial_interfaces/tutorial_interfaces/msg/detail
[2.371s] -- Up-to-date: /home/robotserver/ros2_ws/src/tutorial_interfaces/install/tutorial_interfaces/include/tutorial_interfaces/tutorial_interfaces/msg/detail/sphere__type_support.c
[2.371s] -- Up-to-date: /home/robotserver/ros2_ws/src/tutorial_interfaces/install/tutorial_interfaces/include/tutorial_interfaces/tutorial_interfaces/msg/detail/num__rosidl_typesupport_introspection_c.h
[2.371s] -- Up-to-date: /home/robotserver/ros2_ws/src/tutorial_interfaces/install/tutorial_interfaces/include/tutorial_interfaces/tutorial_interfaces/msg/detail/sphere__rosidl_typesupport_introspection_c.h
[2.371s] -- Up-to-date: /home/robotserver/ros2_ws/src/tutorial_interfaces/install/tutorial_interfaces/include/tutorial_interfaces/tutorial_interfaces/msg/detail/num__type_support.c
[2.372s] -- Up-to-date: /home/robotserver/ros2_ws/src/tutorial_interfaces/install/tutorial_interfaces/include/tutorial_interfaces/tutorial_interfaces/srv
[2.372s] -- Up-to-date: /home/robotserver/ros2_ws/src/tutorial_interfaces/install/tutorial_interfaces/include/tutorial_interfaces/tutorial_interfaces/srv/detail
[2.372s] -- Up-to-date: /home/robotserver/ros2_ws/src/tutorial_interfaces/install/tutorial_interfaces/include/tutorial_interfaces/tutorial_interfaces/srv/detail/add_three_ints__type_support.c
[2.372s] -- Up-to-date: /home/robotserver/ros2_ws/src/tutorial_interfaces/install/tutorial_interfaces/include/tutorial_interfaces/tutorial_interfaces/srv/detail/add_three_ints__rosidl_typesupport_introspection_c.h
[2.372s] -- Up-to-date: /home/robotserver/ros2_ws/src/tutorial_interfaces/install/tutorial_interfaces/lib/libtutorial_interfaces__rosidl_typesupport_introspection_c.so
[2.372s] -- Up-to-date: /home/robotserver/ros2_ws/src/tutorial_interfaces/install/tutorial_interfaces/lib/libtutorial_interfaces__rosidl_typesupport_c.so
[2.372s] -- Up-to-date: /home/robotserver/ros2_ws/src/tutorial_interfaces/install/tutorial_interfaces/include/tutorial_interfaces/tutorial_interfaces
[2.372s] -- Up-to-date: /home/robotserver/ros2_ws/src/tutorial_interfaces/install/tutorial_interfaces/include/tutorial_interfaces/tutorial_interfaces/msg
[2.372s] -- Up-to-date: /home/robotserver/ros2_ws/src/tutorial_interfaces/install/tutorial_interfaces/include/tutorial_interfaces/tutorial_interfaces/msg/detail
[2.372s] -- Up-to-date: /home/robotserver/ros2_ws/src/tutorial_interfaces/install/tutorial_interfaces/include/tutorial_interfaces/tutorial_interfaces/msg/detail/sphere__type_support.cpp
[2.372s] -- Up-to-date: /home/robotserver/ros2_ws/src/tutorial_interfaces/install/tutorial_interfaces/include/tutorial_interfaces/tutorial_interfaces/msg/detail/num__type_support.cpp
[2.372s] -- Up-to-date: /home/robotserver/ros2_ws/src/tutorial_interfaces/install/tutorial_interfaces/include/tutorial_interfaces/tutorial_interfaces/msg/detail/num__rosidl_typesupport_introspection_cpp.hpp
[2.373s] -- Up-to-date: /home/robotserver/ros2_ws/src/tutorial_interfaces/install/tutorial_interfaces/include/tutorial_interfaces/tutorial_interfaces/msg/detail/sphere__rosidl_typesupport_introspection_cpp.hpp
[2.373s] -- Up-to-date: /home/robotserver/ros2_ws/src/tutorial_interfaces/install/tutorial_interfaces/include/tutorial_interfaces/tutorial_interfaces/srv
[2.373s] -- Up-to-date: /home/robotserver/ros2_ws/src/tutorial_interfaces/install/tutorial_interfaces/include/tutorial_interfaces/tutorial_interfaces/srv/detail
[2.373s] -- Up-to-date: /home/robotserver/ros2_ws/src/tutorial_interfaces/install/tutorial_interfaces/include/tutorial_interfaces/tutorial_interfaces/srv/detail/add_three_ints__type_support.cpp
[2.373s] -- Up-to-date: /home/robotserver/ros2_ws/src/tutorial_interfaces/install/tutorial_interfaces/include/tutorial_interfaces/tutorial_interfaces/srv/detail/add_three_ints__rosidl_typesupport_introspection_cpp.hpp
[2.373s] -- Up-to-date: /home/robotserver/ros2_ws/src/tutorial_interfaces/install/tutorial_interfaces/lib/libtutorial_interfaces__rosidl_typesupport_introspection_cpp.so
[2.373s] -- Up-to-date: /home/robotserver/ros2_ws/src/tutorial_interfaces/install/tutorial_interfaces/lib/libtutorial_interfaces__rosidl_typesupport_cpp.so
[2.373s] -- Up-to-date: /home/robotserver/ros2_ws/src/tutorial_interfaces/install/tutorial_interfaces/share/tutorial_interfaces/environment/pythonpath.sh
[2.373s] -- Installing: /home/robotserver/ros2_ws/src/tutorial_interfaces/install/tutorial_interfaces/share/tutorial_interfaces/environment/pythonpath.dsv
[2.373s] -- Up-to-date: /home/robotserver/ros2_ws/src/tutorial_interfaces/install/tutorial_interfaces/lib/python3.9/site-packages/tutorial_interfaces-0.0.0-py3.9.egg-info
[2.373s] -- Installing: /home/robotserver/ros2_ws/src/tutorial_interfaces/install/tutorial_interfaces/lib/python3.9/site-packages/tutorial_interfaces-0.0.0-py3.9.egg-info/top_level.txt
[2.373s] -- Installing: /home/robotserver/ros2_ws/src/tutorial_interfaces/install/tutorial_interfaces/lib/python3.9/site-packages/tutorial_interfaces-0.0.0-py3.9.egg-info/PKG-INFO
[2.373s] -- Installing: /home/robotserver/ros2_ws/src/tutorial_interfaces/install/tutorial_interfaces/lib/python3.9/site-packages/tutorial_interfaces-0.0.0-py3.9.egg-info/dependency_links.txt
[2.373s] -- Installing: /home/robotserver/ros2_ws/src/tutorial_interfaces/install/tutorial_interfaces/lib/python3.9/site-packages/tutorial_interfaces-0.0.0-py3.9.egg-info/SOURCES.txt
[2.373s] -- Up-to-date: /home/robotserver/ros2_ws/src/tutorial_interfaces/install/tutorial_interfaces/lib/python3.9/site-packages/tutorial_interfaces
[2.373s] -- Installing: /home/robotserver/ros2_ws/src/tutorial_interfaces/install/tutorial_interfaces/lib/python3.9/site-packages/tutorial_interfaces/_tutorial_interfaces_s.ep.rosidl_typesupport_introspection_c.c
[2.373s] -- Installing: /home/robotserver/ros2_ws/src/tutorial_interfaces/install/tutorial_interfaces/lib/python3.9/site-packages/tutorial_interfaces/_tutorial_interfaces_s.ep.rosidl_typesupport_c.c
[2.373s] -- Up-to-date: /home/robotserver/ros2_ws/src/tutorial_interfaces/install/tutorial_interfaces/lib/python3.9/site-packages/tutorial_interfaces/msg
[2.373s] -- Installing: /home/robotserver/ros2_ws/src/tutorial_interfaces/install/tutorial_interfaces/lib/python3.9/site-packages/tutorial_interfaces/msg/_num.py
[2.374s] -- Installing: /home/robotserver/ros2_ws/src/tutorial_interfaces/install/tutorial_interfaces/lib/python3.9/site-packages/tutorial_interfaces/msg/__init__.py
[2.374s] -- Installing: /home/robotserver/ros2_ws/src/tutorial_interfaces/install/tutorial_interfaces/lib/python3.9/site-packages/tutorial_interfaces/msg/_sphere.py
[2.374s] -- Installing: /home/robotserver/ros2_ws/src/tutorial_interfaces/install/tutorial_interfaces/lib/python3.9/site-packages/tutorial_interfaces/msg/_sphere_s.c
[2.374s] -- Installing: /home/robotserver/ros2_ws/src/tutorial_interfaces/install/tutorial_interfaces/lib/python3.9/site-packages/tutorial_interfaces/msg/_num_s.c
[2.374s] -- Installing: /home/robotserver/ros2_ws/src/tutorial_interfaces/install/tutorial_interfaces/lib/python3.9/site-packages/tutorial_interfaces/__init__.py
[2.374s] -- Installing: /home/robotserver/ros2_ws/src/tutorial_interfaces/install/tutorial_interfaces/lib/python3.9/site-packages/tutorial_interfaces/tutorial_interfaces_s__rosidl_typesupport_fastrtps_c.cpython-39-x86_64-linux-gnu.so
[2.374s] -- Installing: /home/robotserver/ros2_ws/src/tutorial_interfaces/install/tutorial_interfaces/lib/python3.9/site-packages/tutorial_interfaces/_tutorial_interfaces_s.ep.rosidl_typesupport_fastrtps_c.c
[2.374s] -- Up-to-date: /home/robotserver/ros2_ws/src/tutorial_interfaces/install/tutorial_interfaces/lib/python3.9/site-packages/tutorial_interfaces/srv
[2.374s] -- Installing: /home/robotserver/ros2_ws/src/tutorial_interfaces/install/tutorial_interfaces/lib/python3.9/site-packages/tutorial_interfaces/srv/__init__.py
[2.374s] -- Installing: /home/robotserver/ros2_ws/src/tutorial_interfaces/install/tutorial_interfaces/lib/python3.9/site-packages/tutorial_interfaces/srv/_add_three_ints_s.c
[2.374s] -- Installing: /home/robotserver/ros2_ws/src/tutorial_interfaces/install/tutorial_interfaces/lib/python3.9/site-packages/tutorial_interfaces/srv/_add_three_ints.py
[2.374s] -- Installing: /home/robotserver/ros2_ws/src/tutorial_interfaces/install/tutorial_interfaces/lib/python3.9/site-packages/tutorial_interfaces/libtutorial_interfaces__rosidl_generator_py.so
[2.374s] -- Installing: /home/robotserver/ros2_ws/src/tutorial_interfaces/install/tutorial_interfaces/lib/python3.9/site-packages/tutorial_interfaces/tutorial_interfaces_s__rosidl_typesupport_c.cpython-39-x86_64-linux-gnu.so
[2.374s] -- Installing: /home/robotserver/ros2_ws/src/tutorial_interfaces/install/tutorial_interfaces/lib/python3.9/site-packages/tutorial_interfaces/tutorial_interfaces_s__rosidl_typesupport_introspection_c.cpython-39-x86_64-linux-gnu.so
[2.409s] Listing '/home/robotserver/ros2_ws/src/tutorial_interfaces/install/tutorial_interfaces/lib/python3.9/site-packages/tutorial_interfaces'...
[2.409s] Compiling '/home/robotserver/ros2_ws/src/tutorial_interfaces/install/tutorial_interfaces/lib/python3.9/site-packages/tutorial_interfaces/__init__.py'...
[2.410s] Listing '/home/robotserver/ros2_ws/src/tutorial_interfaces/install/tutorial_interfaces/lib/python3.9/site-packages/tutorial_interfaces/msg'...
[2.410s] Compiling '/home/robotserver/ros2_ws/src/tutorial_interfaces/install/tutorial_interfaces/lib/python3.9/site-packages/tutorial_interfaces/msg/__init__.py'...
[2.410s] Compiling '/home/robotserver/ros2_ws/src/tutorial_interfaces/install/tutorial_interfaces/lib/python3.9/site-packages/tutorial_interfaces/msg/_num.py'...
[2.410s] Compiling '/home/robotserver/ros2_ws/src/tutorial_interfaces/install/tutorial_interfaces/lib/python3.9/site-packages/tutorial_interfaces/msg/_sphere.py'...
[2.410s] Listing '/home/robotserver/ros2_ws/src/tutorial_interfaces/install/tutorial_interfaces/lib/python3.9/site-packages/tutorial_interfaces/srv'...
[2.410s] Compiling '/home/robotserver/ros2_ws/src/tutorial_interfaces/install/tutorial_interfaces/lib/python3.9/site-packages/tutorial_interfaces/srv/__init__.py'...
[2.410s] Compiling '/home/robotserver/ros2_ws/src/tutorial_interfaces/install/tutorial_interfaces/lib/python3.9/site-packages/tutorial_interfaces/srv/_add_three_ints.py'...
[2.414s] -- Installing: /home/robotserver/ros2_ws/src/tutorial_interfaces/install/tutorial_interfaces/lib/python3.9/site-packages/tutorial_interfaces/tutorial_interfaces_s__rosidl_typesupport_fastrtps_c.cpython-39-x86_64-linux-gnu.so
[2.415s] -- Set runtime path of "/home/robotserver/ros2_ws/src/tutorial_interfaces/install/tutorial_interfaces/lib/python3.9/site-packages/tutorial_interfaces/tutorial_interfaces_s__rosidl_typesupport_fastrtps_c.cpython-39-x86_64-linux-gnu.so" to ""
[2.415s] -- Installing: /home/robotserver/ros2_ws/src/tutorial_interfaces/install/tutorial_interfaces/lib/python3.9/site-packages/tutorial_interfaces/tutorial_interfaces_s__rosidl_typesupport_introspection_c.cpython-39-x86_64-linux-gnu.so
[2.415s] -- Set runtime path of "/home/robotserver/ros2_ws/src/tutorial_interfaces/install/tutorial_interfaces/lib/python3.9/site-packages/tutorial_interfaces/tutorial_interfaces_s__rosidl_typesupport_introspection_c.cpython-39-x86_64-linux-gnu.so" to ""
[2.415s] -- Installing: /home/robotserver/ros2_ws/src/tutorial_interfaces/install/tutorial_interfaces/lib/python3.9/site-packages/tutorial_interfaces/tutorial_interfaces_s__rosidl_typesupport_c.cpython-39-x86_64-linux-gnu.so
[2.416s] -- Set runtime path of "/home/robotserver/ros2_ws/src/tutorial_interfaces/install/tutorial_interfaces/lib/python3.9/site-packages/tutorial_interfaces/tutorial_interfaces_s__rosidl_typesupport_c.cpython-39-x86_64-linux-gnu.so" to ""
[2.416s] -- Installing: /home/robotserver/ros2_ws/src/tutorial_interfaces/install/tutorial_interfaces/lib/libtutorial_interfaces__rosidl_generator_py.so
[2.416s] -- Set runtime path of "/home/robotserver/ros2_ws/src/tutorial_interfaces/install/tutorial_interfaces/lib/libtutorial_interfaces__rosidl_generator_py.so" to ""
[2.416s] -- Up-to-date: /home/robotserver/ros2_ws/src/tutorial_interfaces/install/tutorial_interfaces/share/tutorial_interfaces/msg/Num.idl
[2.417s] -- Up-to-date: /home/robotserver/ros2_ws/src/tutorial_interfaces/install/tutorial_interfaces/share/tutorial_interfaces/msg/Sphere.idl
[2.417s] -- Up-to-date: /home/robotserver/ros2_ws/src/tutorial_interfaces/install/tutorial_interfaces/share/tutorial_interfaces/srv/AddThreeInts.idl
[2.417s] -- Up-to-date: /home/robotserver/ros2_ws/src/tutorial_interfaces/install/tutorial_interfaces/share/tutorial_interfaces/msg/Num.msg
[2.417s] -- Up-to-date: /home/robotserver/ros2_ws/src/tutorial_interfaces/install/tutorial_interfaces/share/tutorial_interfaces/msg/Sphere.msg
[2.417s] -- Up-to-date: /home/robotserver/ros2_ws/src/tutorial_interfaces/install/tutorial_interfaces/share/tutorial_interfaces/srv/AddThreeInts.srv
[2.417s] -- Up-to-date: /home/robotserver/ros2_ws/src/tutorial_interfaces/install/tutorial_interfaces/share/tutorial_interfaces/srv/AddThreeInts_Request.msg
[2.417s] -- Up-to-date: /home/robotserver/ros2_ws/src/tutorial_interfaces/install/tutorial_interfaces/share/tutorial_interfaces/srv/AddThreeInts_Response.msg
[2.417s] -- Up-to-date: /home/robotserver/ros2_ws/src/tutorial_interfaces/install/tutorial_interfaces/share/ament_index/resource_index/package_run_dependencies/tutorial_interfaces
[2.417s] -- Up-to-date: /home/robotserver/ros2_ws/src/tutorial_interfaces/install/tutorial_interfaces/share/ament_index/resource_index/parent_prefix_path/tutorial_interfaces
[2.417s] -- Up-to-date: /home/robotserver/ros2_ws/src/tutorial_interfaces/install/tutorial_interfaces/share/tutorial_interfaces/environment/ament_prefix_path.sh
[2.417s] -- Installing: /home/robotserver/ros2_ws/src/tutorial_interfaces/install/tutorial_interfaces/share/tutorial_interfaces/environment/ament_prefix_path.dsv
[2.418s] -- Up-to-date: /home/robotserver/ros2_ws/src/tutorial_interfaces/install/tutorial_interfaces/share/tutorial_interfaces/environment/path.sh
[2.418s] -- Installing: /home/robotserver/ros2_ws/src/tutorial_interfaces/install/tutorial_interfaces/share/tutorial_interfaces/environment/path.dsv
[2.418s] -- Up-to-date: /home/robotserver/ros2_ws/src/tutorial_interfaces/install/tutorial_interfaces/share/tutorial_interfaces/local_setup.bash
[2.418s] -- Up-to-date: /home/robotserver/ros2_ws/src/tutorial_interfaces/install/tutorial_interfaces/share/tutorial_interfaces/local_setup.sh
[2.418s] -- Up-to-date: /home/robotserver/ros2_ws/src/tutorial_interfaces/install/tutorial_interfaces/share/tutorial_interfaces/local_setup.zsh
[2.418s] -- Installing: /home/robotserver/ros2_ws/src/tutorial_interfaces/install/tutorial_interfaces/share/tutorial_interfaces/local_setup.dsv
[2.418s] -- Installing: /home/robotserver/ros2_ws/src/tutorial_interfaces/install/tutorial_interfaces/share/tutorial_interfaces/package.dsv
[2.418s] -- Up-to-date: /home/robotserver/ros2_ws/src/tutorial_interfaces/install/tutorial_interfaces/share/ament_index/resource_index/packages/tutorial_interfaces
[2.418s] -- Up-to-date: /home/robotserver/ros2_ws/src/tutorial_interfaces/install/tutorial_interfaces/share/tutorial_interfaces/cmake/export_tutorial_interfaces__rosidl_generator_cExport.cmake
[2.418s] -- Up-to-date: /home/robotserver/ros2_ws/src/tutorial_interfaces/install/tutorial_interfaces/share/tutorial_interfaces/cmake/export_tutorial_interfaces__rosidl_generator_cExport-noconfig.cmake
[2.419s] -- Up-to-date: /home/robotserver/ros2_ws/src/tutorial_interfaces/install/tutorial_interfaces/share/tutorial_interfaces/cmake/export_tutorial_interfaces__rosidl_typesupport_fastrtps_cExport.cmake
[2.419s] -- Up-to-date: /home/robotserver/ros2_ws/src/tutorial_interfaces/install/tutorial_interfaces/share/tutorial_interfaces/cmake/export_tutorial_interfaces__rosidl_typesupport_fastrtps_cExport-noconfig.cmake
[2.419s] -- Up-to-date: /home/robotserver/ros2_ws/src/tutorial_interfaces/install/tutorial_interfaces/share/tutorial_interfaces/cmake/export_tutorial_interfaces__rosidl_generator_cppExport.cmake
[2.419s] -- Up-to-date: /home/robotserver/ros2_ws/src/tutorial_interfaces/install/tutorial_interfaces/share/tutorial_interfaces/cmake/export_tutorial_interfaces__rosidl_typesupport_fastrtps_cppExport.cmake
[2.419s] -- Up-to-date: /home/robotserver/ros2_ws/src/tutorial_interfaces/install/tutorial_interfaces/share/tutorial_interfaces/cmake/export_tutorial_interfaces__rosidl_typesupport_fastrtps_cppExport-noconfig.cmake
[2.419s] -- Up-to-date: /home/robotserver/ros2_ws/src/tutorial_interfaces/install/tutorial_interfaces/share/tutorial_interfaces/cmake/tutorial_interfaces__rosidl_typesupport_introspection_cExport.cmake
[2.419s] -- Up-to-date: /home/robotserver/ros2_ws/src/tutorial_interfaces/install/tutorial_interfaces/share/tutorial_interfaces/cmake/tutorial_interfaces__rosidl_typesupport_introspection_cExport-noconfig.cmake
[2.419s] -- Up-to-date: /home/robotserver/ros2_ws/src/tutorial_interfaces/install/tutorial_interfaces/share/tutorial_interfaces/cmake/tutorial_interfaces__rosidl_typesupport_cExport.cmake
[2.419s] -- Up-to-date: /home/robotserver/ros2_ws/src/tutorial_interfaces/install/tutorial_interfaces/share/tutorial_interfaces/cmake/tutorial_interfaces__rosidl_typesupport_cExport-noconfig.cmake
[2.419s] -- Up-to-date: /home/robotserver/ros2_ws/src/tutorial_interfaces/install/tutorial_interfaces/share/tutorial_interfaces/cmake/tutorial_interfaces__rosidl_typesupport_introspection_cppExport.cmake
[2.419s] -- Up-to-date: /home/robotserver/ros2_ws/src/tutorial_interfaces/install/tutorial_interfaces/share/tutorial_interfaces/cmake/tutorial_interfaces__rosidl_typesupport_introspection_cppExport-noconfig.cmake
[2.419s] -- Up-to-date: /home/robotserver/ros2_ws/src/tutorial_interfaces/install/tutorial_interfaces/share/tutorial_interfaces/cmake/tutorial_interfaces__rosidl_typesupport_cppExport.cmake
[2.419s] -- Up-to-date: /home/robotserver/ros2_ws/src/tutorial_interfaces/install/tutorial_interfaces/share/tutorial_interfaces/cmake/tutorial_interfaces__rosidl_typesupport_cppExport-noconfig.cmake
[2.419s] -- Up-to-date: /home/robotserver/ros2_ws/src/tutorial_interfaces/install/tutorial_interfaces/share/tutorial_interfaces/cmake/export_tutorial_interfaces__rosidl_generator_pyExport.cmake
[2.419s] -- Up-to-date: /home/robotserver/ros2_ws/src/tutorial_interfaces/install/tutorial_interfaces/share/tutorial_interfaces/cmake/export_tutorial_interfaces__rosidl_generator_pyExport-noconfig.cmake
[2.420s] -- Up-to-date: /home/robotserver/ros2_ws/src/tutorial_interfaces/install/tutorial_interfaces/share/tutorial_interfaces/cmake/rosidl_cmake-extras.cmake
[2.420s] -- Up-to-date: /home/robotserver/ros2_ws/src/tutorial_interfaces/install/tutorial_interfaces/share/tutorial_interfaces/cmake/ament_cmake_export_dependencies-extras.cmake
[2.420s] -- Up-to-date: /home/robotserver/ros2_ws/src/tutorial_interfaces/install/tutorial_interfaces/share/tutorial_interfaces/cmake/ament_cmake_export_include_directories-extras.cmake
[2.420s] -- Up-to-date: /home/robotserver/ros2_ws/src/tutorial_interfaces/install/tutorial_interfaces/share/tutorial_interfaces/cmake/ament_cmake_export_libraries-extras.cmake
[2.420s] -- Up-to-date: /home/robotserver/ros2_ws/src/tutorial_interfaces/install/tutorial_interfaces/share/tutorial_interfaces/cmake/ament_cmake_export_targets-extras.cmake
[2.420s] -- Up-to-date: /home/robotserver/ros2_ws/src/tutorial_interfaces/install/tutorial_interfaces/share/tutorial_interfaces/cmake/rosidl_cmake_export_typesupport_targets-extras.cmake
[2.420s] -- Up-to-date: /home/robotserver/ros2_ws/src/tutorial_interfaces/install/tutorial_interfaces/share/tutorial_interfaces/cmake/rosidl_cmake_export_typesupport_libraries-extras.cmake
[2.420s] -- Up-to-date: /home/robotserver/ros2_ws/src/tutorial_interfaces/install/tutorial_interfaces/share/tutorial_interfaces/cmake/tutorial_interfacesConfig.cmake
[2.420s] -- Up-to-date: /home/robotserver/ros2_ws/src/tutorial_interfaces/install/tutorial_interfaces/share/tutorial_interfaces/cmake/tutorial_interfacesConfig-version.cmake
[2.420s] -- Up-to-date: /home/robotserver/ros2_ws/src/tutorial_interfaces/install/tutorial_interfaces/share/tutorial_interfaces/package.xml
[2.421s] Invoked command in '/home/robotserver/ros2_ws/src/tutorial_interfaces/build/tutorial_interfaces' returned '0': CMAKE_PREFIX_PATH=/home/robotserver/Desktop/git/create3_main/install/create3_teleop:/home/robotserver/Desktop/git/create3_main/install/create3_msg_transfer:/home/robotserver/Desktop/git/create3_main/install/create3_control:/opt/ros/humble CONDA_PROMPT_MODIFIER=(base) /usr/bin/cmake --install /home/robotserver/ros2_ws/src/tutorial_interfaces/build/tutorial_interfaces
