-- Found ament_cmake: 1.3.9 (/opt/ros/humble/share/ament_cmake/cmake)
-- Found rosidl_default_generators: 1.2.0 (/opt/ros/humble/share/rosidl_default_generators/cmake)
-- Using all available rosidl_typesupport_c: rosidl_typesupport_fastrtps_c;rosidl_typesupport_introspection_c
-- Found rosidl_adapter: 3.1.5 (/opt/ros/humble/share/rosidl_adapter/cmake)
-- Using all available rosidl_typesupport_cpp: rosidl_typesupport_fastrtps_cpp;rosidl_typesupport_introspection_cpp
-- Found action_msgs: 1.2.1 (/opt/ros/humble/share/action_msgs/cmake)
-- Found ament_cmake_cppcheck: 0.12.11 (/opt/ros/humble/share/ament_cmake_cppcheck/cmake)
-- Found ament_cmake_cpplint: 0.12.11 (/opt/ros/humble/share/ament_cmake_cpplint/cmake)
-- Found ament_cmake_uncrustify: 0.12.11 (/opt/ros/humble/share/ament_cmake_uncrustify/cmake)
-- Found ament_cmake_ros: 0.10.0 (/opt/ros/humble/share/ament_cmake_ros/cmake)
-- Using all available rosidl_typesupport_c: rosidl_typesupport_fastrtps_c;rosidl_typesupport_introspection_c
-- Using all available rosidl_typesupport_cpp: rosidl_typesupport_fastrtps_cpp;rosidl_typesupport_introspection_cpp
-- Found PythonInterp: /home/robotserver/miniconda3/envs/ros2_env/bin/python3 (found suitable version "3.9.19", minimum required is "3.6") 
-- Found python_cmake_module: 0.10.0 (/opt/ros/humble/share/python_cmake_module/cmake)
-- Found PythonLibs: /home/robotserver/miniconda3/envs/ros2_env/lib/libpython3.9.so (found suitable version "3.9.19", minimum required is "3.5") 
-- Using PYTHON_EXECUTABLE: /home/robotserver/miniconda3/envs/ros2_env/bin/python3
-- Using PYTHON_INCLUDE_DIRS: /home/robotserver/miniconda3/envs/ros2_env/include/python3.9
-- Using PYTHON_LIBRARIES: /home/robotserver/miniconda3/envs/ros2_env/lib/libpython3.9.so
-- Found PythonExtra: .so  
Traceback (most recent call last):
  File "<string>", line 1, in <module>
ModuleNotFoundError: No module named 'numpy'
[31mCMake Error at /opt/ros/humble/share/rosidl_generator_py/cmake/rosidl_generator_py_generate_interfaces.cmake:204 (message):
  execute_process(/home/robotserver/miniconda3/envs/ros2_env/bin/python3 -c
  'import numpy;print(numpy.get_include())') returned error code 1
Call Stack (most recent call first):
  /opt/ros/humble/share/ament_cmake_core/cmake/core/ament_execute_extensions.cmake:48 (include)
  /opt/ros/humble/share/rosidl_cmake/cmake/rosidl_generate_interfaces.cmake:286 (ament_execute_extensions)
  CMakeLists.txt:23 (rosidl_generate_interfaces)

[0m
-- Configuring incomplete, errors occurred!
See also "/home/robotserver/Desktop/git/ROS/create3_examples_ws/build/create3_examples_msgs/CMakeFiles/CMakeOutput.log".
