[0.022s] Invoking command in '/home/robotserver/Desktop/git/ROS/create3_examples_ws/build/create3_examples_msgs': CMAKE_PREFIX_PATH=/opt/ros/humble CONDA_PROMPT_MODIFIER=(ros2_env) /usr/bin/cmake /home/robotserver/Desktop/git/ROS/create3_examples_ws/src/create3_examples/create3_examples_msgs -DCMAKE_INSTALL_PREFIX=/home/robotserver/Desktop/git/ROS/create3_examples_ws/install/create3_examples_msgs
[0.269s] -- Found ament_cmake: 1.3.9 (/opt/ros/humble/share/ament_cmake/cmake)
[0.269s] -- Found rosidl_default_generators: 1.2.0 (/opt/ros/humble/share/rosidl_default_generators/cmake)
[0.270s] -- Using all available rosidl_typesupport_c: rosidl_typesupport_fastrtps_c;rosidl_typesupport_introspection_c
[0.270s] -- Found rosidl_adapter: 3.1.5 (/opt/ros/humble/share/rosidl_adapter/cmake)
[0.270s] -- Using all available rosidl_typesupport_cpp: rosidl_typesupport_fastrtps_cpp;rosidl_typesupport_introspection_cpp
[0.270s] -- Found action_msgs: 1.2.1 (/opt/ros/humble/share/action_msgs/cmake)
[0.532s] -- Found ament_cmake_cppcheck: 0.12.11 (/opt/ros/humble/share/ament_cmake_cppcheck/cmake)
[0.536s] -- Found ament_cmake_cpplint: 0.12.11 (/opt/ros/humble/share/ament_cmake_cpplint/cmake)
[0.539s] -- Found ament_cmake_uncrustify: 0.12.11 (/opt/ros/humble/share/ament_cmake_uncrustify/cmake)
[0.543s] -- Found ament_cmake_ros: 0.10.0 (/opt/ros/humble/share/ament_cmake_ros/cmake)
[0.762s] -- Using all available rosidl_typesupport_c: rosidl_typesupport_fastrtps_c;rosidl_typesupport_introspection_c
[0.991s] -- Using all available rosidl_typesupport_cpp: rosidl_typesupport_fastrtps_cpp;rosidl_typesupport_introspection_cpp
[1.008s] -- Found PythonInterp: /home/robotserver/miniconda3/envs/ros2_env/bin/python3 (found suitable version "3.9.19", minimum required is "3.6") 
[1.010s] -- Found python_cmake_module: 0.10.0 (/opt/ros/humble/share/python_cmake_module/cmake)
[1.031s] -- Found PythonLibs: /home/robotserver/miniconda3/envs/ros2_env/lib/libpython3.9.so (found suitable version "3.9.19", minimum required is "3.5") 
[1.031s] -- Using PYTHON_EXECUTABLE: /home/robotserver/miniconda3/envs/ros2_env/bin/python3
[1.031s] -- Using PYTHON_INCLUDE_DIRS: /home/robotserver/miniconda3/envs/ros2_env/include/python3.9
[1.032s] -- Using PYTHON_LIBRARIES: /home/robotserver/miniconda3/envs/ros2_env/lib/libpython3.9.so
[1.047s] -- Found PythonExtra: .so  
[1.087s] Traceback (most recent call last):
[1.087s]   File "<string>", line 1, in <module>
[1.087s] ModuleNotFoundError: No module named 'numpy'
[1.089s] [31mCMake Error at /opt/ros/humble/share/rosidl_generator_py/cmake/rosidl_generator_py_generate_interfaces.cmake:204 (message):
[1.089s]   execute_process(/home/robotserver/miniconda3/envs/ros2_env/bin/python3 -c
[1.089s]   'import numpy;print(numpy.get_include())') returned error code 1
[1.089s] Call Stack (most recent call first):
[1.090s]   /opt/ros/humble/share/ament_cmake_core/cmake/core/ament_execute_extensions.cmake:48 (include)
[1.090s]   /opt/ros/humble/share/rosidl_cmake/cmake/rosidl_generate_interfaces.cmake:286 (ament_execute_extensions)
[1.090s]   CMakeLists.txt:23 (rosidl_generate_interfaces)
[1.090s] 
[1.090s] [0m
[1.090s] -- Configuring incomplete, errors occurred!
[1.090s] See also "/home/robotserver/Desktop/git/ROS/create3_examples_ws/build/create3_examples_msgs/CMakeFiles/CMakeOutput.log".
[1.097s] Invoked command in '/home/robotserver/Desktop/git/ROS/create3_examples_ws/build/create3_examples_msgs' returned '1': CMAKE_PREFIX_PATH=/opt/ros/humble CONDA_PROMPT_MODIFIER=(ros2_env) /usr/bin/cmake /home/robotserver/Desktop/git/ROS/create3_examples_ws/src/create3_examples/create3_examples_msgs -DCMAKE_INSTALL_PREFIX=/home/robotserver/Desktop/git/ROS/create3_examples_ws/install/create3_examples_msgs
