[0.906s] Invoking command in '/home/robotserver/ros2_ws/src/py_pubsub': CMAKE_PREFIX_PATH=/home/robotserver/ros2_ws/install/tutorial_interfaces:/home/robotserver/ros2_ws/install/my_robot_bringup:/home/robotserver/ros2_ws/install/my_cpp_pkg:/home/robotserver/ros2_ws/install/my_robot_interfaces:/home/robotserver/ros2_ws/src/tutorial_interfaces/install/tutorial_interfaces PYTHONPATH=/home/robotserver/ros2_ws/build/py_pubsub/prefix_override:/usr/lib/python3/dist-packages/colcon_core/task/python/colcon_distutils_commands:/home/robotserver/ros2_ws/install/py_pubsub/lib/python3.10/site-packages:${PYTHONPATH} /usr/bin/python3 -W ignore:setup.py install is deprecated setup.py egg_info --egg-base ../../build/py_pubsub build --build-base /home/robotserver/ros2_ws/build/py_pubsub/build install --record /home/robotserver/ros2_ws/build/py_pubsub/install.log --single-version-externally-managed install_data
[1.181s] running egg_info
[1.182s] writing ../../build/py_pubsub/py_pubsub.egg-info/PKG-INFO
[1.183s] writing dependency_links to ../../build/py_pubsub/py_pubsub.egg-info/dependency_links.txt
[1.183s] writing entry points to ../../build/py_pubsub/py_pubsub.egg-info/entry_points.txt
[1.183s] writing requirements to ../../build/py_pubsub/py_pubsub.egg-info/requires.txt
[1.183s] writing top-level names to ../../build/py_pubsub/py_pubsub.egg-info/top_level.txt
[1.185s] reading manifest file '../../build/py_pubsub/py_pubsub.egg-info/SOURCES.txt'
[1.186s] adding license file 'LICENSE'
[1.186s] writing manifest file '../../build/py_pubsub/py_pubsub.egg-info/SOURCES.txt'
[1.186s] running build
[1.187s] running build_py
[1.187s] running install
[1.187s] running install_lib
[1.189s] running install_data
[1.189s] running install_egg_info
[1.193s] removing '/home/robotserver/ros2_ws/install/py_pubsub/lib/python3.10/site-packages/py_pubsub-0.0.0-py3.10.egg-info' (and everything under it)
[1.193s] Copying ../../build/py_pubsub/py_pubsub.egg-info to /home/robotserver/ros2_ws/install/py_pubsub/lib/python3.10/site-packages/py_pubsub-0.0.0-py3.10.egg-info
[1.193s] running install_scripts
[1.214s] Installing listener script to /home/robotserver/ros2_ws/install/py_pubsub/lib/py_pubsub
[1.215s] Installing talker script to /home/robotserver/ros2_ws/install/py_pubsub/lib/py_pubsub
[1.215s] writing list of installed files to '/home/robotserver/ros2_ws/build/py_pubsub/install.log'
[1.248s] Invoked command in '/home/robotserver/ros2_ws/src/py_pubsub' returned '0': CMAKE_PREFIX_PATH=/home/robotserver/ros2_ws/install/tutorial_interfaces:/home/robotserver/ros2_ws/install/my_robot_bringup:/home/robotserver/ros2_ws/install/my_cpp_pkg:/home/robotserver/ros2_ws/install/my_robot_interfaces:/home/robotserver/ros2_ws/src/tutorial_interfaces/install/tutorial_interfaces PYTHONPATH=/home/robotserver/ros2_ws/build/py_pubsub/prefix_override:/usr/lib/python3/dist-packages/colcon_core/task/python/colcon_distutils_commands:/home/robotserver/ros2_ws/install/py_pubsub/lib/python3.10/site-packages:${PYTHONPATH} /usr/bin/python3 -W ignore:setup.py install is deprecated setup.py egg_info --egg-base ../../build/py_pubsub build --build-base /home/robotserver/ros2_ws/build/py_pubsub/build install --record /home/robotserver/ros2_ws/build/py_pubsub/install.log --single-version-externally-managed install_data
