[0.009s] Invoking command in '/home/robotserver/ros2_ws/src/tutorial_interfaces/build/tutorial_interfaces': CMAKE_PREFIX_PATH=/home/robotserver/Desktop/git/create3_main/install/create3_teleop:/home/robotserver/Desktop/git/create3_main/install/create3_msg_transfer:/home/robotserver/Desktop/git/create3_main/install/create3_control:/opt/ros/humble CONDA_PROMPT_MODIFIER=(ros2_env) /usr/bin/cmake --build /home/robotserver/ros2_ws/src/tutorial_interfaces/build/tutorial_interfaces -- -j8 -l8
[0.046s] [35m[1mConsolidate compiler generated dependencies of target tutorial_interfaces__rosidl_generator_c[0m
[0.055s] [  2%] Built target tutorial_interfaces__cpp
[0.056s] [ 12%] Built target tutorial_interfaces__rosidl_generator_c
[0.067s] [35m[1mConsolidate compiler generated dependencies of target tutorial_interfaces__rosidl_typesupport_fastrtps_c[0m
[0.067s] [ 12%] Built target ament_cmake_python_copy_tutorial_interfaces
[0.068s] [35m[1mConsolidate compiler generated dependencies of target tutorial_interfaces__rosidl_typesupport_cpp[0m
[0.069s] [35m[1mConsolidate compiler generated dependencies of target tutorial_interfaces__rosidl_typesupport_c[0m
[0.069s] [35m[1mConsolidate compiler generated dependencies of target tutorial_interfaces__rosidl_typesupport_introspection_c[0m
[0.069s] [35m[1mConsolidate compiler generated dependencies of target tutorial_interfaces__rosidl_typesupport_introspection_cpp[0m
[0.069s] [35m[1mConsolidate compiler generated dependencies of target tutorial_interfaces__rosidl_typesupport_fastrtps_cpp[0m
[0.084s] [ 25%] Built target tutorial_interfaces__rosidl_typesupport_introspection_c
[0.084s] [ 34%] Built target tutorial_interfaces__rosidl_typesupport_c
[0.086s] [ 46%] Built target tutorial_interfaces__rosidl_typesupport_cpp
[0.086s] [ 55%] Built target tutorial_interfaces__rosidl_typesupport_fastrtps_c
[0.087s] [ 65%] Built target tutorial_interfaces__rosidl_typesupport_introspection_cpp
[0.090s] [ 76%] Built target tutorial_interfaces__rosidl_typesupport_fastrtps_cpp
[0.108s] [ 76%] Built target tutorial_interfaces
[0.128s] [ 78%] Built target tutorial_interfaces__py
[0.139s] [35m[1mConsolidate compiler generated dependencies of target tutorial_interfaces__rosidl_generator_py[0m
[0.152s] [ 87%] Built target tutorial_interfaces__rosidl_generator_py
[0.162s] [35m[1mConsolidate compiler generated dependencies of target tutorial_interfaces__rosidl_typesupport_fastrtps_c__pyext[0m
[0.162s] [35m[1mConsolidate compiler generated dependencies of target tutorial_interfaces__rosidl_typesupport_c__pyext[0m
[0.162s] [35m[1mConsolidate compiler generated dependencies of target tutorial_interfaces__rosidl_typesupport_introspection_c__pyext[0m
[0.174s] [ 97%] Built target tutorial_interfaces__rosidl_typesupport_introspection_c__pyext
[0.175s] [ 97%] Built target tutorial_interfaces__rosidl_typesupport_fastrtps_c__pyext
[0.175s] [100%] Built target tutorial_interfaces__rosidl_typesupport_c__pyext
[0.244s] running egg_info
[0.253s] writing tutorial_interfaces.egg-info/PKG-INFO
[0.254s] writing dependency_links to tutorial_interfaces.egg-info/dependency_links.txt
[0.254s] writing top-level names to tutorial_interfaces.egg-info/top_level.txt
[0.281s] reading manifest file 'tutorial_interfaces.egg-info/SOURCES.txt'
[0.282s] writing manifest file 'tutorial_interfaces.egg-info/SOURCES.txt'
[0.306s] [100%] Built target ament_cmake_python_build_tutorial_interfaces_egg
[0.316s] Invoked command in '/home/robotserver/ros2_ws/src/tutorial_interfaces/build/tutorial_interfaces' returned '0': CMAKE_PREFIX_PATH=/home/robotserver/Desktop/git/create3_main/install/create3_teleop:/home/robotserver/Desktop/git/create3_main/install/create3_msg_transfer:/home/robotserver/Desktop/git/create3_main/install/create3_control:/opt/ros/humble CONDA_PROMPT_MODIFIER=(ros2_env) /usr/bin/cmake --build /home/robotserver/ros2_ws/src/tutorial_interfaces/build/tutorial_interfaces -- -j8 -l8
[0.404s] Invoking command in '/home/robotserver/ros2_ws/src/tutorial_interfaces/build/tutorial_interfaces': CMAKE_PREFIX_PATH=/home/robotserver/Desktop/git/create3_main/install/create3_teleop:/home/robotserver/Desktop/git/create3_main/install/create3_msg_transfer:/home/robotserver/Desktop/git/create3_main/install/create3_control:/opt/ros/humble CONDA_PROMPT_MODIFIER=(ros2_env) /usr/bin/cmake --install /home/robotserver/ros2_ws/src/tutorial_interfaces/build/tutorial_interfaces
[0.411s] -- Install configuration: ""
[0.411s] -- Up-to-date: /home/robotserver/ros2_ws/src/tutorial_interfaces/install/tutorial_interfaces/share/ament_index/resource_index/rosidl_interfaces/tutorial_interfaces
[0.411s] -- Up-to-date: /home/robotserver/ros2_ws/src/tutorial_interfaces/install/tutorial_interfaces/include/tutorial_interfaces/tutorial_interfaces
[0.412s] -- Up-to-date: /home/robotserver/ros2_ws/src/tutorial_interfaces/install/tutorial_interfaces/include/tutorial_interfaces/tutorial_interfaces/msg
[0.412s] -- Up-to-date: /home/robotserver/ros2_ws/src/tutorial_interfaces/install/tutorial_interfaces/include/tutorial_interfaces/tutorial_interfaces/msg/num.h
[0.412s] -- Up-to-date: /home/robotserver/ros2_ws/src/tutorial_interfaces/install/tutorial_interfaces/include/tutorial_interfaces/tutorial_interfaces/msg/detail
[0.412s] -- Up-to-date: /home/robotserver/ros2_ws/src/tutorial_interfaces/install/tutorial_interfaces/include/tutorial_interfaces/tutorial_interfaces/msg/detail/sphere__functions.h
[0.412s] -- Up-to-date: /home/robotserver/ros2_ws/src/tutorial_interfaces/install/tutorial_interfaces/include/tutorial_interfaces/tutorial_interfaces/msg/detail/sphere__struct.h
[0.412s] -- Up-to-date: /home/robotserver/ros2_ws/src/tutorial_interfaces/install/tutorial_interfaces/include/tutorial_interfaces/tutorial_interfaces/msg/detail/num__functions.h
[0.412s] -- Up-to-date: /home/robotserver/ros2_ws/src/tutorial_interfaces/install/tutorial_interfaces/include/tutorial_interfaces/tutorial_interfaces/msg/detail/num__functions.c
[0.412s] -- Up-to-date: /home/robotserver/ros2_ws/src/tutorial_interfaces/install/tutorial_interfaces/include/tutorial_interfaces/tutorial_interfaces/msg/detail/num__type_support.h
[0.412s] -- Up-to-date: /home/robotserver/ros2_ws/src/tutorial_interfaces/install/tutorial_interfaces/include/tutorial_interfaces/tutorial_interfaces/msg/detail/sphere__type_support.h
[0.412s] -- Up-to-date: /home/robotserver/ros2_ws/src/tutorial_interfaces/install/tutorial_interfaces/include/tutorial_interfaces/tutorial_interfaces/msg/detail/sphere__functions.c
[0.412s] -- Up-to-date: /home/robotserver/ros2_ws/src/tutorial_interfaces/install/tutorial_interfaces/include/tutorial_interfaces/tutorial_interfaces/msg/detail/num__struct.h
[0.412s] -- Up-to-date: /home/robotserver/ros2_ws/src/tutorial_interfaces/install/tutorial_interfaces/include/tutorial_interfaces/tutorial_interfaces/msg/sphere.h
[0.412s] -- Up-to-date: /home/robotserver/ros2_ws/src/tutorial_interfaces/install/tutorial_interfaces/include/tutorial_interfaces/tutorial_interfaces/msg/rosidl_generator_c__visibility_control.h
[0.412s] -- Up-to-date: /home/robotserver/ros2_ws/src/tutorial_interfaces/install/tutorial_interfaces/include/tutorial_interfaces/tutorial_interfaces/srv
[0.412s] -- Up-to-date: /home/robotserver/ros2_ws/src/tutorial_interfaces/install/tutorial_interfaces/include/tutorial_interfaces/tutorial_interfaces/srv/add_three_ints.h
[0.413s] -- Up-to-date: /home/robotserver/ros2_ws/src/tutorial_interfaces/install/tutorial_interfaces/include/tutorial_interfaces/tutorial_interfaces/srv/detail
[0.413s] -- Up-to-date: /home/robotserver/ros2_ws/src/tutorial_interfaces/install/tutorial_interfaces/include/tutorial_interfaces/tutorial_interfaces/srv/detail/add_three_ints__functions.c
[0.413s] -- Up-to-date: /home/robotserver/ros2_ws/src/tutorial_interfaces/install/tutorial_interfaces/include/tutorial_interfaces/tutorial_interfaces/srv/detail/add_three_ints__functions.h
[0.413s] -- Up-to-date: /home/robotserver/ros2_ws/src/tutorial_interfaces/install/tutorial_interfaces/include/tutorial_interfaces/tutorial_interfaces/srv/detail/add_three_ints__type_support.h
[0.413s] -- Up-to-date: /home/robotserver/ros2_ws/src/tutorial_interfaces/install/tutorial_interfaces/include/tutorial_interfaces/tutorial_interfaces/srv/detail/add_three_ints__struct.h
[0.413s] -- Up-to-date: /home/robotserver/ros2_ws/src/tutorial_interfaces/install/tutorial_interfaces/share/tutorial_interfaces/environment/library_path.sh
[0.413s] -- Up-to-date: /home/robotserver/ros2_ws/src/tutorial_interfaces/install/tutorial_interfaces/share/tutorial_interfaces/environment/library_path.dsv
[0.413s] -- Up-to-date: /home/robotserver/ros2_ws/src/tutorial_interfaces/install/tutorial_interfaces/lib/libtutorial_interfaces__rosidl_generator_c.so
[0.413s] -- Up-to-date: /home/robotserver/ros2_ws/src/tutorial_interfaces/install/tutorial_interfaces/include/tutorial_interfaces/tutorial_interfaces
[0.413s] -- Up-to-date: /home/robotserver/ros2_ws/src/tutorial_interfaces/install/tutorial_interfaces/include/tutorial_interfaces/tutorial_interfaces/msg
[0.413s] -- Up-to-date: /home/robotserver/ros2_ws/src/tutorial_interfaces/install/tutorial_interfaces/include/tutorial_interfaces/tutorial_interfaces/msg/rosidl_typesupport_fastrtps_c__visibility_control.h
[0.413s] -- Up-to-date: /home/robotserver/ros2_ws/src/tutorial_interfaces/install/tutorial_interfaces/include/tutorial_interfaces/tutorial_interfaces/msg/detail
[0.413s] -- Up-to-date: /home/robotserver/ros2_ws/src/tutorial_interfaces/install/tutorial_interfaces/include/tutorial_interfaces/tutorial_interfaces/msg/detail/sphere__rosidl_typesupport_fastrtps_c.h
[0.414s] -- Up-to-date: /home/robotserver/ros2_ws/src/tutorial_interfaces/install/tutorial_interfaces/include/tutorial_interfaces/tutorial_interfaces/msg/detail/num__rosidl_typesupport_fastrtps_c.h
[0.414s] -- Up-to-date: /home/robotserver/ros2_ws/src/tutorial_interfaces/install/tutorial_interfaces/include/tutorial_interfaces/tutorial_interfaces/srv
[0.414s] -- Up-to-date: /home/robotserver/ros2_ws/src/tutorial_interfaces/install/tutorial_interfaces/include/tutorial_interfaces/tutorial_interfaces/srv/detail
[0.414s] -- Up-to-date: /home/robotserver/ros2_ws/src/tutorial_interfaces/install/tutorial_interfaces/include/tutorial_interfaces/tutorial_interfaces/srv/detail/add_three_ints__rosidl_typesupport_fastrtps_c.h
[0.414s] -- Up-to-date: /home/robotserver/ros2_ws/src/tutorial_interfaces/install/tutorial_interfaces/lib/libtutorial_interfaces__rosidl_typesupport_fastrtps_c.so
[0.414s] -- Up-to-date: /home/robotserver/ros2_ws/src/tutorial_interfaces/install/tutorial_interfaces/include/tutorial_interfaces/tutorial_interfaces
[0.414s] -- Up-to-date: /home/robotserver/ros2_ws/src/tutorial_interfaces/install/tutorial_interfaces/include/tutorial_interfaces/tutorial_interfaces/msg
[0.414s] -- Up-to-date: /home/robotserver/ros2_ws/src/tutorial_interfaces/install/tutorial_interfaces/include/tutorial_interfaces/tutorial_interfaces/msg/detail
[0.414s] -- Up-to-date: /home/robotserver/ros2_ws/src/tutorial_interfaces/install/tutorial_interfaces/include/tutorial_interfaces/tutorial_interfaces/msg/detail/sphere__builder.hpp
[0.414s] -- Up-to-date: /home/robotserver/ros2_ws/src/tutorial_interfaces/install/tutorial_interfaces/include/tutorial_interfaces/tutorial_interfaces/msg/detail/sphere__traits.hpp
[0.414s] -- Up-to-date: /home/robotserver/ros2_ws/src/tutorial_interfaces/install/tutorial_interfaces/include/tutorial_interfaces/tutorial_interfaces/msg/detail/sphere__struct.hpp
[0.414s] -- Up-to-date: /home/robotserver/ros2_ws/src/tutorial_interfaces/install/tutorial_interfaces/include/tutorial_interfaces/tutorial_interfaces/msg/detail/num__traits.hpp
[0.414s] -- Up-to-date: /home/robotserver/ros2_ws/src/tutorial_interfaces/install/tutorial_interfaces/include/tutorial_interfaces/tutorial_interfaces/msg/detail/num__builder.hpp
[0.414s] -- Up-to-date: /home/robotserver/ros2_ws/src/tutorial_interfaces/install/tutorial_interfaces/include/tutorial_interfaces/tutorial_interfaces/msg/detail/num__struct.hpp
[0.415s] -- Up-to-date: /home/robotserver/ros2_ws/src/tutorial_interfaces/install/tutorial_interfaces/include/tutorial_interfaces/tutorial_interfaces/msg/num.hpp
[0.415s] -- Up-to-date: /home/robotserver/ros2_ws/src/tutorial_interfaces/install/tutorial_interfaces/include/tutorial_interfaces/tutorial_interfaces/msg/sphere.hpp
[0.415s] -- Up-to-date: /home/robotserver/ros2_ws/src/tutorial_interfaces/install/tutorial_interfaces/include/tutorial_interfaces/tutorial_interfaces/srv
[0.415s] -- Up-to-date: /home/robotserver/ros2_ws/src/tutorial_interfaces/install/tutorial_interfaces/include/tutorial_interfaces/tutorial_interfaces/srv/detail
[0.415s] -- Up-to-date: /home/robotserver/ros2_ws/src/tutorial_interfaces/install/tutorial_interfaces/include/tutorial_interfaces/tutorial_interfaces/srv/detail/add_three_ints__traits.hpp
[0.415s] -- Up-to-date: /home/robotserver/ros2_ws/src/tutorial_interfaces/install/tutorial_interfaces/include/tutorial_interfaces/tutorial_interfaces/srv/detail/add_three_ints__struct.hpp
[0.415s] -- Up-to-date: /home/robotserver/ros2_ws/src/tutorial_interfaces/install/tutorial_interfaces/include/tutorial_interfaces/tutorial_interfaces/srv/detail/add_three_ints__builder.hpp
[0.415s] -- Up-to-date: /home/robotserver/ros2_ws/src/tutorial_interfaces/install/tutorial_interfaces/include/tutorial_interfaces/tutorial_interfaces/srv/add_three_ints.hpp
[0.415s] -- Up-to-date: /home/robotserver/ros2_ws/src/tutorial_interfaces/install/tutorial_interfaces/include/tutorial_interfaces/tutorial_interfaces
[0.415s] -- Up-to-date: /home/robotserver/ros2_ws/src/tutorial_interfaces/install/tutorial_interfaces/include/tutorial_interfaces/tutorial_interfaces/msg
[0.416s] -- Up-to-date: /home/robotserver/ros2_ws/src/tutorial_interfaces/install/tutorial_interfaces/include/tutorial_interfaces/tutorial_interfaces/msg/detail
[0.416s] -- Up-to-date: /home/robotserver/ros2_ws/src/tutorial_interfaces/install/tutorial_interfaces/include/tutorial_interfaces/tutorial_interfaces/msg/detail/dds_fastrtps
[0.416s] -- Up-to-date: /home/robotserver/ros2_ws/src/tutorial_interfaces/install/tutorial_interfaces/include/tutorial_interfaces/tutorial_interfaces/msg/detail/sphere__rosidl_typesupport_fastrtps_cpp.hpp
[0.416s] -- Up-to-date: /home/robotserver/ros2_ws/src/tutorial_interfaces/install/tutorial_interfaces/include/tutorial_interfaces/tutorial_interfaces/msg/detail/num__rosidl_typesupport_fastrtps_cpp.hpp
[0.416s] -- Up-to-date: /home/robotserver/ros2_ws/src/tutorial_interfaces/install/tutorial_interfaces/include/tutorial_interfaces/tutorial_interfaces/msg/rosidl_typesupport_fastrtps_cpp__visibility_control.h
[0.416s] -- Up-to-date: /home/robotserver/ros2_ws/src/tutorial_interfaces/install/tutorial_interfaces/include/tutorial_interfaces/tutorial_interfaces/srv
[0.416s] -- Up-to-date: /home/robotserver/ros2_ws/src/tutorial_interfaces/install/tutorial_interfaces/include/tutorial_interfaces/tutorial_interfaces/srv/detail
[0.416s] -- Up-to-date: /home/robotserver/ros2_ws/src/tutorial_interfaces/install/tutorial_interfaces/include/tutorial_interfaces/tutorial_interfaces/srv/detail/dds_fastrtps
[0.416s] -- Up-to-date: /home/robotserver/ros2_ws/src/tutorial_interfaces/install/tutorial_interfaces/include/tutorial_interfaces/tutorial_interfaces/srv/detail/add_three_ints__rosidl_typesupport_fastrtps_cpp.hpp
[0.416s] -- Up-to-date: /home/robotserver/ros2_ws/src/tutorial_interfaces/install/tutorial_interfaces/lib/libtutorial_interfaces__rosidl_typesupport_fastrtps_cpp.so
[0.416s] -- Up-to-date: /home/robotserver/ros2_ws/src/tutorial_interfaces/install/tutorial_interfaces/include/tutorial_interfaces/tutorial_interfaces
[0.416s] -- Up-to-date: /home/robotserver/ros2_ws/src/tutorial_interfaces/install/tutorial_interfaces/include/tutorial_interfaces/tutorial_interfaces/msg
[0.416s] -- Up-to-date: /home/robotserver/ros2_ws/src/tutorial_interfaces/install/tutorial_interfaces/include/tutorial_interfaces/tutorial_interfaces/msg/rosidl_typesupport_introspection_c__visibility_control.h
[0.416s] -- Up-to-date: /home/robotserver/ros2_ws/src/tutorial_interfaces/install/tutorial_interfaces/include/tutorial_interfaces/tutorial_interfaces/msg/detail
[0.416s] -- Up-to-date: /home/robotserver/ros2_ws/src/tutorial_interfaces/install/tutorial_interfaces/include/tutorial_interfaces/tutorial_interfaces/msg/detail/sphere__type_support.c
[0.417s] -- Up-to-date: /home/robotserver/ros2_ws/src/tutorial_interfaces/install/tutorial_interfaces/include/tutorial_interfaces/tutorial_interfaces/msg/detail/num__rosidl_typesupport_introspection_c.h
[0.417s] -- Up-to-date: /home/robotserver/ros2_ws/src/tutorial_interfaces/install/tutorial_interfaces/include/tutorial_interfaces/tutorial_interfaces/msg/detail/sphere__rosidl_typesupport_introspection_c.h
[0.417s] -- Up-to-date: /home/robotserver/ros2_ws/src/tutorial_interfaces/install/tutorial_interfaces/include/tutorial_interfaces/tutorial_interfaces/msg/detail/num__type_support.c
[0.417s] -- Up-to-date: /home/robotserver/ros2_ws/src/tutorial_interfaces/install/tutorial_interfaces/include/tutorial_interfaces/tutorial_interfaces/srv
[0.417s] -- Up-to-date: /home/robotserver/ros2_ws/src/tutorial_interfaces/install/tutorial_interfaces/include/tutorial_interfaces/tutorial_interfaces/srv/detail
[0.417s] -- Up-to-date: /home/robotserver/ros2_ws/src/tutorial_interfaces/install/tutorial_interfaces/include/tutorial_interfaces/tutorial_interfaces/srv/detail/add_three_ints__type_support.c
[0.417s] -- Up-to-date: /home/robotserver/ros2_ws/src/tutorial_interfaces/install/tutorial_interfaces/include/tutorial_interfaces/tutorial_interfaces/srv/detail/add_three_ints__rosidl_typesupport_introspection_c.h
[0.417s] -- Up-to-date: /home/robotserver/ros2_ws/src/tutorial_interfaces/install/tutorial_interfaces/lib/libtutorial_interfaces__rosidl_typesupport_introspection_c.so
[0.417s] -- Up-to-date: /home/robotserver/ros2_ws/src/tutorial_interfaces/install/tutorial_interfaces/lib/libtutorial_interfaces__rosidl_typesupport_c.so
[0.417s] -- Up-to-date: /home/robotserver/ros2_ws/src/tutorial_interfaces/install/tutorial_interfaces/include/tutorial_interfaces/tutorial_interfaces
[0.417s] -- Up-to-date: /home/robotserver/ros2_ws/src/tutorial_interfaces/install/tutorial_interfaces/include/tutorial_interfaces/tutorial_interfaces/msg
[0.417s] -- Up-to-date: /home/robotserver/ros2_ws/src/tutorial_interfaces/install/tutorial_interfaces/include/tutorial_interfaces/tutorial_interfaces/msg/detail
[0.417s] -- Up-to-date: /home/robotserver/ros2_ws/src/tutorial_interfaces/install/tutorial_interfaces/include/tutorial_interfaces/tutorial_interfaces/msg/detail/sphere__type_support.cpp
[0.417s] -- Up-to-date: /home/robotserver/ros2_ws/src/tutorial_interfaces/install/tutorial_interfaces/include/tutorial_interfaces/tutorial_interfaces/msg/detail/num__type_support.cpp
[0.417s] -- Up-to-date: /home/robotserver/ros2_ws/src/tutorial_interfaces/install/tutorial_interfaces/include/tutorial_interfaces/tutorial_interfaces/msg/detail/num__rosidl_typesupport_introspection_cpp.hpp
[0.417s] -- Up-to-date: /home/robotserver/ros2_ws/src/tutorial_interfaces/install/tutorial_interfaces/include/tutorial_interfaces/tutorial_interfaces/msg/detail/sphere__rosidl_typesupport_introspection_cpp.hpp
[0.418s] -- Up-to-date: /home/robotserver/ros2_ws/src/tutorial_interfaces/install/tutorial_interfaces/include/tutorial_interfaces/tutorial_interfaces/srv
[0.418s] -- Up-to-date: /home/robotserver/ros2_ws/src/tutorial_interfaces/install/tutorial_interfaces/include/tutorial_interfaces/tutorial_interfaces/srv/detail
[0.418s] -- Up-to-date: /home/robotserver/ros2_ws/src/tutorial_interfaces/install/tutorial_interfaces/include/tutorial_interfaces/tutorial_interfaces/srv/detail/add_three_ints__type_support.cpp
[0.418s] -- Up-to-date: /home/robotserver/ros2_ws/src/tutorial_interfaces/install/tutorial_interfaces/include/tutorial_interfaces/tutorial_interfaces/srv/detail/add_three_ints__rosidl_typesupport_introspection_cpp.hpp
[0.418s] -- Up-to-date: /home/robotserver/ros2_ws/src/tutorial_interfaces/install/tutorial_interfaces/lib/libtutorial_interfaces__rosidl_typesupport_introspection_cpp.so
[0.418s] -- Up-to-date: /home/robotserver/ros2_ws/src/tutorial_interfaces/install/tutorial_interfaces/lib/libtutorial_interfaces__rosidl_typesupport_cpp.so
[0.418s] -- Up-to-date: /home/robotserver/ros2_ws/src/tutorial_interfaces/install/tutorial_interfaces/share/tutorial_interfaces/environment/pythonpath.sh
[0.418s] -- Up-to-date: /home/robotserver/ros2_ws/src/tutorial_interfaces/install/tutorial_interfaces/share/tutorial_interfaces/environment/pythonpath.dsv
[0.418s] -- Up-to-date: /home/robotserver/ros2_ws/src/tutorial_interfaces/install/tutorial_interfaces/lib/python3.9/site-packages/tutorial_interfaces-0.0.0-py3.9.egg-info
[0.418s] -- Installing: /home/robotserver/ros2_ws/src/tutorial_interfaces/install/tutorial_interfaces/lib/python3.9/site-packages/tutorial_interfaces-0.0.0-py3.9.egg-info/top_level.txt
[0.418s] -- Installing: /home/robotserver/ros2_ws/src/tutorial_interfaces/install/tutorial_interfaces/lib/python3.9/site-packages/tutorial_interfaces-0.0.0-py3.9.egg-info/PKG-INFO
[0.418s] -- Installing: /home/robotserver/ros2_ws/src/tutorial_interfaces/install/tutorial_interfaces/lib/python3.9/site-packages/tutorial_interfaces-0.0.0-py3.9.egg-info/dependency_links.txt
[0.418s] -- Installing: /home/robotserver/ros2_ws/src/tutorial_interfaces/install/tutorial_interfaces/lib/python3.9/site-packages/tutorial_interfaces-0.0.0-py3.9.egg-info/SOURCES.txt
[0.418s] -- Up-to-date: /home/robotserver/ros2_ws/src/tutorial_interfaces/install/tutorial_interfaces/lib/python3.9/site-packages/tutorial_interfaces
[0.418s] -- Up-to-date: /home/robotserver/ros2_ws/src/tutorial_interfaces/install/tutorial_interfaces/lib/python3.9/site-packages/tutorial_interfaces/_tutorial_interfaces_s.ep.rosidl_typesupport_introspection_c.c
[0.418s] -- Up-to-date: /home/robotserver/ros2_ws/src/tutorial_interfaces/install/tutorial_interfaces/lib/python3.9/site-packages/tutorial_interfaces/_tutorial_interfaces_s.ep.rosidl_typesupport_c.c
[0.418s] -- Up-to-date: /home/robotserver/ros2_ws/src/tutorial_interfaces/install/tutorial_interfaces/lib/python3.9/site-packages/tutorial_interfaces/msg
[0.418s] -- Up-to-date: /home/robotserver/ros2_ws/src/tutorial_interfaces/install/tutorial_interfaces/lib/python3.9/site-packages/tutorial_interfaces/msg/_num.py
[0.418s] -- Up-to-date: /home/robotserver/ros2_ws/src/tutorial_interfaces/install/tutorial_interfaces/lib/python3.9/site-packages/tutorial_interfaces/msg/__init__.py
[0.419s] -- Up-to-date: /home/robotserver/ros2_ws/src/tutorial_interfaces/install/tutorial_interfaces/lib/python3.9/site-packages/tutorial_interfaces/msg/_sphere.py
[0.419s] -- Up-to-date: /home/robotserver/ros2_ws/src/tutorial_interfaces/install/tutorial_interfaces/lib/python3.9/site-packages/tutorial_interfaces/msg/_sphere_s.c
[0.419s] -- Up-to-date: /home/robotserver/ros2_ws/src/tutorial_interfaces/install/tutorial_interfaces/lib/python3.9/site-packages/tutorial_interfaces/msg/_num_s.c
[0.419s] -- Up-to-date: /home/robotserver/ros2_ws/src/tutorial_interfaces/install/tutorial_interfaces/lib/python3.9/site-packages/tutorial_interfaces/__init__.py
[0.419s] -- Up-to-date: /home/robotserver/ros2_ws/src/tutorial_interfaces/install/tutorial_interfaces/lib/python3.9/site-packages/tutorial_interfaces/tutorial_interfaces_s__rosidl_typesupport_fastrtps_c.cpython-39-x86_64-linux-gnu.so
[0.419s] -- Up-to-date: /home/robotserver/ros2_ws/src/tutorial_interfaces/install/tutorial_interfaces/lib/python3.9/site-packages/tutorial_interfaces/_tutorial_interfaces_s.ep.rosidl_typesupport_fastrtps_c.c
[0.419s] -- Up-to-date: /home/robotserver/ros2_ws/src/tutorial_interfaces/install/tutorial_interfaces/lib/python3.9/site-packages/tutorial_interfaces/srv
[0.419s] -- Up-to-date: /home/robotserver/ros2_ws/src/tutorial_interfaces/install/tutorial_interfaces/lib/python3.9/site-packages/tutorial_interfaces/srv/__init__.py
[0.419s] -- Up-to-date: /home/robotserver/ros2_ws/src/tutorial_interfaces/install/tutorial_interfaces/lib/python3.9/site-packages/tutorial_interfaces/srv/_add_three_ints_s.c
[0.419s] -- Up-to-date: /home/robotserver/ros2_ws/src/tutorial_interfaces/install/tutorial_interfaces/lib/python3.9/site-packages/tutorial_interfaces/srv/_add_three_ints.py
[0.419s] -- Up-to-date: /home/robotserver/ros2_ws/src/tutorial_interfaces/install/tutorial_interfaces/lib/python3.9/site-packages/tutorial_interfaces/libtutorial_interfaces__rosidl_generator_py.so
[0.419s] -- Up-to-date: /home/robotserver/ros2_ws/src/tutorial_interfaces/install/tutorial_interfaces/lib/python3.9/site-packages/tutorial_interfaces/tutorial_interfaces_s__rosidl_typesupport_c.cpython-39-x86_64-linux-gnu.so
[0.419s] -- Up-to-date: /home/robotserver/ros2_ws/src/tutorial_interfaces/install/tutorial_interfaces/lib/python3.9/site-packages/tutorial_interfaces/tutorial_interfaces_s__rosidl_typesupport_introspection_c.cpython-39-x86_64-linux-gnu.so
[0.452s] Listing '/home/robotserver/ros2_ws/src/tutorial_interfaces/install/tutorial_interfaces/lib/python3.9/site-packages/tutorial_interfaces'...
[0.452s] Listing '/home/robotserver/ros2_ws/src/tutorial_interfaces/install/tutorial_interfaces/lib/python3.9/site-packages/tutorial_interfaces/msg'...
[0.452s] Listing '/home/robotserver/ros2_ws/src/tutorial_interfaces/install/tutorial_interfaces/lib/python3.9/site-packages/tutorial_interfaces/srv'...
[0.456s] -- Up-to-date: /home/robotserver/ros2_ws/src/tutorial_interfaces/install/tutorial_interfaces/lib/python3.9/site-packages/tutorial_interfaces/tutorial_interfaces_s__rosidl_typesupport_fastrtps_c.cpython-39-x86_64-linux-gnu.so
[0.456s] -- Up-to-date: /home/robotserver/ros2_ws/src/tutorial_interfaces/install/tutorial_interfaces/lib/python3.9/site-packages/tutorial_interfaces/tutorial_interfaces_s__rosidl_typesupport_introspection_c.cpython-39-x86_64-linux-gnu.so
[0.456s] -- Up-to-date: /home/robotserver/ros2_ws/src/tutorial_interfaces/install/tutorial_interfaces/lib/python3.9/site-packages/tutorial_interfaces/tutorial_interfaces_s__rosidl_typesupport_c.cpython-39-x86_64-linux-gnu.so
[0.457s] -- Up-to-date: /home/robotserver/ros2_ws/src/tutorial_interfaces/install/tutorial_interfaces/lib/libtutorial_interfaces__rosidl_generator_py.so
[0.457s] -- Up-to-date: /home/robotserver/ros2_ws/src/tutorial_interfaces/install/tutorial_interfaces/share/tutorial_interfaces/msg/Num.idl
[0.457s] -- Up-to-date: /home/robotserver/ros2_ws/src/tutorial_interfaces/install/tutorial_interfaces/share/tutorial_interfaces/msg/Sphere.idl
[0.457s] -- Up-to-date: /home/robotserver/ros2_ws/src/tutorial_interfaces/install/tutorial_interfaces/share/tutorial_interfaces/srv/AddThreeInts.idl
[0.457s] -- Up-to-date: /home/robotserver/ros2_ws/src/tutorial_interfaces/install/tutorial_interfaces/share/tutorial_interfaces/msg/Num.msg
[0.457s] -- Up-to-date: /home/robotserver/ros2_ws/src/tutorial_interfaces/install/tutorial_interfaces/share/tutorial_interfaces/msg/Sphere.msg
[0.457s] -- Up-to-date: /home/robotserver/ros2_ws/src/tutorial_interfaces/install/tutorial_interfaces/share/tutorial_interfaces/srv/AddThreeInts.srv
[0.457s] -- Up-to-date: /home/robotserver/ros2_ws/src/tutorial_interfaces/install/tutorial_interfaces/share/tutorial_interfaces/srv/AddThreeInts_Request.msg
[0.457s] -- Up-to-date: /home/robotserver/ros2_ws/src/tutorial_interfaces/install/tutorial_interfaces/share/tutorial_interfaces/srv/AddThreeInts_Response.msg
[0.457s] -- Up-to-date: /home/robotserver/ros2_ws/src/tutorial_interfaces/install/tutorial_interfaces/share/ament_index/resource_index/package_run_dependencies/tutorial_interfaces
[0.458s] -- Up-to-date: /home/robotserver/ros2_ws/src/tutorial_interfaces/install/tutorial_interfaces/share/ament_index/resource_index/parent_prefix_path/tutorial_interfaces
[0.458s] -- Up-to-date: /home/robotserver/ros2_ws/src/tutorial_interfaces/install/tutorial_interfaces/share/tutorial_interfaces/environment/ament_prefix_path.sh
[0.458s] -- Up-to-date: /home/robotserver/ros2_ws/src/tutorial_interfaces/install/tutorial_interfaces/share/tutorial_interfaces/environment/ament_prefix_path.dsv
[0.458s] -- Up-to-date: /home/robotserver/ros2_ws/src/tutorial_interfaces/install/tutorial_interfaces/share/tutorial_interfaces/environment/path.sh
[0.458s] -- Up-to-date: /home/robotserver/ros2_ws/src/tutorial_interfaces/install/tutorial_interfaces/share/tutorial_interfaces/environment/path.dsv
[0.458s] -- Up-to-date: /home/robotserver/ros2_ws/src/tutorial_interfaces/install/tutorial_interfaces/share/tutorial_interfaces/local_setup.bash
[0.458s] -- Up-to-date: /home/robotserver/ros2_ws/src/tutorial_interfaces/install/tutorial_interfaces/share/tutorial_interfaces/local_setup.sh
[0.458s] -- Up-to-date: /home/robotserver/ros2_ws/src/tutorial_interfaces/install/tutorial_interfaces/share/tutorial_interfaces/local_setup.zsh
[0.458s] -- Up-to-date: /home/robotserver/ros2_ws/src/tutorial_interfaces/install/tutorial_interfaces/share/tutorial_interfaces/local_setup.dsv
[0.458s] -- Installing: /home/robotserver/ros2_ws/src/tutorial_interfaces/install/tutorial_interfaces/share/tutorial_interfaces/package.dsv
[0.458s] -- Up-to-date: /home/robotserver/ros2_ws/src/tutorial_interfaces/install/tutorial_interfaces/share/ament_index/resource_index/packages/tutorial_interfaces
[0.458s] -- Up-to-date: /home/robotserver/ros2_ws/src/tutorial_interfaces/install/tutorial_interfaces/share/tutorial_interfaces/cmake/export_tutorial_interfaces__rosidl_generator_cExport.cmake
[0.458s] -- Up-to-date: /home/robotserver/ros2_ws/src/tutorial_interfaces/install/tutorial_interfaces/share/tutorial_interfaces/cmake/export_tutorial_interfaces__rosidl_generator_cExport-noconfig.cmake
[0.458s] -- Up-to-date: /home/robotserver/ros2_ws/src/tutorial_interfaces/install/tutorial_interfaces/share/tutorial_interfaces/cmake/export_tutorial_interfaces__rosidl_typesupport_fastrtps_cExport.cmake
[0.459s] -- Up-to-date: /home/robotserver/ros2_ws/src/tutorial_interfaces/install/tutorial_interfaces/share/tutorial_interfaces/cmake/export_tutorial_interfaces__rosidl_typesupport_fastrtps_cExport-noconfig.cmake
[0.459s] -- Up-to-date: /home/robotserver/ros2_ws/src/tutorial_interfaces/install/tutorial_interfaces/share/tutorial_interfaces/cmake/export_tutorial_interfaces__rosidl_generator_cppExport.cmake
[0.459s] -- Up-to-date: /home/robotserver/ros2_ws/src/tutorial_interfaces/install/tutorial_interfaces/share/tutorial_interfaces/cmake/export_tutorial_interfaces__rosidl_typesupport_fastrtps_cppExport.cmake
[0.459s] -- Up-to-date: /home/robotserver/ros2_ws/src/tutorial_interfaces/install/tutorial_interfaces/share/tutorial_interfaces/cmake/export_tutorial_interfaces__rosidl_typesupport_fastrtps_cppExport-noconfig.cmake
[0.459s] -- Up-to-date: /home/robotserver/ros2_ws/src/tutorial_interfaces/install/tutorial_interfaces/share/tutorial_interfaces/cmake/tutorial_interfaces__rosidl_typesupport_introspection_cExport.cmake
[0.459s] -- Up-to-date: /home/robotserver/ros2_ws/src/tutorial_interfaces/install/tutorial_interfaces/share/tutorial_interfaces/cmake/tutorial_interfaces__rosidl_typesupport_introspection_cExport-noconfig.cmake
[0.459s] -- Up-to-date: /home/robotserver/ros2_ws/src/tutorial_interfaces/install/tutorial_interfaces/share/tutorial_interfaces/cmake/tutorial_interfaces__rosidl_typesupport_cExport.cmake
[0.459s] -- Up-to-date: /home/robotserver/ros2_ws/src/tutorial_interfaces/install/tutorial_interfaces/share/tutorial_interfaces/cmake/tutorial_interfaces__rosidl_typesupport_cExport-noconfig.cmake
[0.459s] -- Up-to-date: /home/robotserver/ros2_ws/src/tutorial_interfaces/install/tutorial_interfaces/share/tutorial_interfaces/cmake/tutorial_interfaces__rosidl_typesupport_introspection_cppExport.cmake
[0.459s] -- Up-to-date: /home/robotserver/ros2_ws/src/tutorial_interfaces/install/tutorial_interfaces/share/tutorial_interfaces/cmake/tutorial_interfaces__rosidl_typesupport_introspection_cppExport-noconfig.cmake
[0.459s] -- Up-to-date: /home/robotserver/ros2_ws/src/tutorial_interfaces/install/tutorial_interfaces/share/tutorial_interfaces/cmake/tutorial_interfaces__rosidl_typesupport_cppExport.cmake
[0.459s] -- Up-to-date: /home/robotserver/ros2_ws/src/tutorial_interfaces/install/tutorial_interfaces/share/tutorial_interfaces/cmake/tutorial_interfaces__rosidl_typesupport_cppExport-noconfig.cmake
[0.459s] -- Up-to-date: /home/robotserver/ros2_ws/src/tutorial_interfaces/install/tutorial_interfaces/share/tutorial_interfaces/cmake/export_tutorial_interfaces__rosidl_generator_pyExport.cmake
[0.459s] -- Up-to-date: /home/robotserver/ros2_ws/src/tutorial_interfaces/install/tutorial_interfaces/share/tutorial_interfaces/cmake/export_tutorial_interfaces__rosidl_generator_pyExport-noconfig.cmake
[0.459s] -- Up-to-date: /home/robotserver/ros2_ws/src/tutorial_interfaces/install/tutorial_interfaces/share/tutorial_interfaces/cmake/rosidl_cmake-extras.cmake
[0.460s] -- Up-to-date: /home/robotserver/ros2_ws/src/tutorial_interfaces/install/tutorial_interfaces/share/tutorial_interfaces/cmake/ament_cmake_export_dependencies-extras.cmake
[0.460s] -- Up-to-date: /home/robotserver/ros2_ws/src/tutorial_interfaces/install/tutorial_interfaces/share/tutorial_interfaces/cmake/ament_cmake_export_include_directories-extras.cmake
[0.460s] -- Up-to-date: /home/robotserver/ros2_ws/src/tutorial_interfaces/install/tutorial_interfaces/share/tutorial_interfaces/cmake/ament_cmake_export_libraries-extras.cmake
[0.460s] -- Up-to-date: /home/robotserver/ros2_ws/src/tutorial_interfaces/install/tutorial_interfaces/share/tutorial_interfaces/cmake/ament_cmake_export_targets-extras.cmake
[0.460s] -- Up-to-date: /home/robotserver/ros2_ws/src/tutorial_interfaces/install/tutorial_interfaces/share/tutorial_interfaces/cmake/rosidl_cmake_export_typesupport_targets-extras.cmake
[0.460s] -- Up-to-date: /home/robotserver/ros2_ws/src/tutorial_interfaces/install/tutorial_interfaces/share/tutorial_interfaces/cmake/rosidl_cmake_export_typesupport_libraries-extras.cmake
[0.460s] -- Up-to-date: /home/robotserver/ros2_ws/src/tutorial_interfaces/install/tutorial_interfaces/share/tutorial_interfaces/cmake/tutorial_interfacesConfig.cmake
[0.460s] -- Up-to-date: /home/robotserver/ros2_ws/src/tutorial_interfaces/install/tutorial_interfaces/share/tutorial_interfaces/cmake/tutorial_interfacesConfig-version.cmake
[0.460s] -- Up-to-date: /home/robotserver/ros2_ws/src/tutorial_interfaces/install/tutorial_interfaces/share/tutorial_interfaces/package.xml
[0.462s] Invoked command in '/home/robotserver/ros2_ws/src/tutorial_interfaces/build/tutorial_interfaces' returned '0': CMAKE_PREFIX_PATH=/home/robotserver/Desktop/git/create3_main/install/create3_teleop:/home/robotserver/Desktop/git/create3_main/install/create3_msg_transfer:/home/robotserver/Desktop/git/create3_main/install/create3_control:/opt/ros/humble CONDA_PROMPT_MODIFIER=(ros2_env) /usr/bin/cmake --install /home/robotserver/ros2_ws/src/tutorial_interfaces/build/tutorial_interfaces
