-- Found ament_cmake: 1.3.9 (/opt/ros/humble/share/ament_cmake/cmake)
-- Found rosidl_default_generators: 1.2.0 (/opt/ros/humble/share/rosidl_default_generators/cmake)
-- Using all available rosidl_typesupport_c: rosidl_typesupport_fastrtps_c;rosidl_typesupport_introspection_c
-- Found rosidl_adapter: 3.1.5 (/opt/ros/humble/share/rosidl_adapter/cmake)
-- Using all available rosidl_typesupport_cpp: rosidl_typesupport_fastrtps_cpp;rosidl_typesupport_introspection_cpp
-- Found action_msgs: 1.2.1 (/opt/ros/humble/share/action_msgs/cmake)
-- Found ament_cmake_cppcheck: 0.12.11 (/opt/ros/humble/share/ament_cmake_cppcheck/cmake)
-- Found ament_cmake_cpplint: 0.12.11 (/opt/ros/humble/share/ament_cmake_cpplint/cmake)
-- Found ament_cmake_uncrustify: 0.12.11 (/opt/ros/humble/share/ament_cmake_uncrustify/cmake)
-- Found ament_cmake_ros: 0.10.0 (/opt/ros/humble/share/ament_cmake_ros/cmake)
-- Using all available rosidl_typesupport_c: rosidl_typesupport_fastrtps_c;rosidl_typesupport_introspection_c
-- Using all available rosidl_typesupport_cpp: rosidl_typesupport_fastrtps_cpp;rosidl_typesupport_introspection_cpp
-- Found python_cmake_module: 0.10.0 (/opt/ros/humble/share/python_cmake_module/cmake)
-- Using PYTHON_EXECUTABLE: /home/robotserver/miniconda3/envs/ros2_env/bin/python3
-- Using PYTHON_INCLUDE_DIRS: /home/robotserver/miniconda3/envs/ros2_env/include/python3.9
-- Using PYTHON_LIBRARIES: /home/robotserver/miniconda3/envs/ros2_env/lib/libpython3.9.so
-- Using numpy include directory: /home/robotserver/miniconda3/envs/ros2_env/lib/python3.9/site-packages/numpy/core/include
-- Found ament_cmake_flake8: 0.12.11 (/opt/ros/humble/share/ament_cmake_flake8/cmake)
-- Found ament_cmake_pep257: 0.12.11 (/opt/ros/humble/share/ament_cmake_pep257/cmake)
-- Configuring done
-- Generating done
-- Build files have been written to: /home/robotserver/Desktop/git/ROS/create3_examples_ws/build/create3_examples_msgs
[  3%] [34m[1mGenerating C code for ROS interfaces[0m
[  6%] [34m[1mGenerating C++ code for ROS interfaces[0m
[  6%] Built target ament_cmake_python_copy_create3_examples_msgs
running egg_info
creating create3_examples_msgs.egg-info
writing create3_examples_msgs.egg-info/PKG-INFO
writing dependency_links to create3_examples_msgs.egg-info/dependency_links.txt
writing top-level names to create3_examples_msgs.egg-info/top_level.txt
writing manifest file 'create3_examples_msgs.egg-info/SOURCES.txt'
reading manifest file 'create3_examples_msgs.egg-info/SOURCES.txt'
writing manifest file 'create3_examples_msgs.egg-info/SOURCES.txt'
[  6%] Built target ament_cmake_python_build_create3_examples_msgs_egg
