[0.096s] DEBUG:colcon:Command line arguments: ['/usr/bin/colcon', 'build']
[0.096s] DEBUG:colcon:Parsed command line arguments: Namespace(log_base=None, log_level=None, verb_name='build', build_base='build', install_base='install', merge_install=False, symlink_install=False, test_result_base=None, continue_on_error=False, executor='parallel', parallel_workers=8, event_handlers=None, ignore_user_meta=False, metas=['./colcon.meta'], base_paths=['.'], packages_ignore=None, packages_ignore_regex=None, paths=None, packages_up_to=None, packages_up_to_regex=None, packages_above=None, packages_above_and_dependencies=None, packages_above_depth=None, packages_select_by_dep=None, packages_skip_by_dep=None, packages_skip_up_to=None, packages_select_build_failed=False, packages_skip_build_finished=False, packages_select_test_failures=False, packages_skip_test_passed=False, packages_select=None, packages_skip=None, packages_select_regex=None, packages_skip_regex=None, packages_start=None, packages_end=None, allow_overriding=[], cmake_args=None, cmake_target=None, cmake_target_skip_unavailable=False, cmake_clean_cache=False, cmake_clean_first=False, cmake_force_configure=False, ament_cmake_args=None, catkin_cmake_args=None, catkin_skip_building_tests=False, verb_parser=<colcon_defaults.argument_parser.defaults.DefaultArgumentsDecorator object at 0x7dd3795fbfd0>, verb_extension=<colcon_core.verb.build.BuildVerb object at 0x7dd3795a18a0>, main=<bound method BuildVerb.main of <colcon_core.verb.build.BuildVerb object at 0x7dd3795a18a0>>)
[0.246s] Level 1:colcon.colcon_core.package_discovery:discover_packages(colcon_meta) check parameters
[0.246s] Level 1:colcon.colcon_core.package_discovery:discover_packages(recursive) check parameters
[0.246s] Level 1:colcon.colcon_core.package_discovery:discover_packages(ignore) check parameters
[0.246s] Level 1:colcon.colcon_core.package_discovery:discover_packages(path) check parameters
[0.246s] Level 1:colcon.colcon_core.package_discovery:discover_packages(colcon_meta) discover
[0.246s] Level 1:colcon.colcon_core.package_discovery:discover_packages(recursive) discover
[0.246s] INFO:colcon.colcon_core.package_discovery:Crawling recursively for packages in '/home/robotserver/Desktop/git/ROS/create3_examples_ws'
[0.246s] Level 1:colcon.colcon_core.package_identification:_identify(.) by extensions ['ignore', 'ignore_ament_install']
[0.246s] Level 1:colcon.colcon_core.package_identification:_identify(.) by extension 'ignore'
[0.247s] Level 1:colcon.colcon_core.package_identification:_identify(.) by extension 'ignore_ament_install'
[0.247s] Level 1:colcon.colcon_core.package_identification:_identify(.) by extensions ['colcon_pkg']
[0.247s] Level 1:colcon.colcon_core.package_identification:_identify(.) by extension 'colcon_pkg'
[0.247s] Level 1:colcon.colcon_core.package_identification:_identify(.) by extensions ['colcon_meta']
[0.247s] Level 1:colcon.colcon_core.package_identification:_identify(.) by extension 'colcon_meta'
[0.247s] Level 1:colcon.colcon_core.package_identification:_identify(.) by extensions ['ros']
[0.247s] Level 1:colcon.colcon_core.package_identification:_identify(.) by extension 'ros'
[0.257s] Level 1:colcon.colcon_core.package_identification:_identify(.) by extensions ['cmake', 'python']
[0.257s] Level 1:colcon.colcon_core.package_identification:_identify(.) by extension 'cmake'
[0.257s] Level 1:colcon.colcon_core.package_identification:_identify(.) by extension 'python'
[0.257s] Level 1:colcon.colcon_core.package_identification:_identify(.) by extensions ['python_setup_py']
[0.257s] Level 1:colcon.colcon_core.package_identification:_identify(.) by extension 'python_setup_py'
[0.257s] Level 1:colcon.colcon_core.package_identification:_identify(build) by extensions ['ignore', 'ignore_ament_install']
[0.257s] Level 1:colcon.colcon_core.package_identification:_identify(build) by extension 'ignore'
[0.257s] Level 1:colcon.colcon_core.package_identification:_identify(build) ignored
[0.257s] Level 1:colcon.colcon_core.package_identification:_identify(install) by extensions ['ignore', 'ignore_ament_install']
[0.257s] Level 1:colcon.colcon_core.package_identification:_identify(install) by extension 'ignore'
[0.258s] Level 1:colcon.colcon_core.package_identification:_identify(install) ignored
[0.258s] Level 1:colcon.colcon_core.package_identification:_identify(log) by extensions ['ignore', 'ignore_ament_install']
[0.258s] Level 1:colcon.colcon_core.package_identification:_identify(log) by extension 'ignore'
[0.258s] Level 1:colcon.colcon_core.package_identification:_identify(log) ignored
[0.258s] Level 1:colcon.colcon_core.package_identification:_identify(src) by extensions ['ignore', 'ignore_ament_install']
[0.258s] Level 1:colcon.colcon_core.package_identification:_identify(src) by extension 'ignore'
[0.258s] Level 1:colcon.colcon_core.package_identification:_identify(src) by extension 'ignore_ament_install'
[0.258s] Level 1:colcon.colcon_core.package_identification:_identify(src) by extensions ['colcon_pkg']
[0.258s] Level 1:colcon.colcon_core.package_identification:_identify(src) by extension 'colcon_pkg'
[0.258s] Level 1:colcon.colcon_core.package_identification:_identify(src) by extensions ['colcon_meta']
[0.258s] Level 1:colcon.colcon_core.package_identification:_identify(src) by extension 'colcon_meta'
[0.258s] Level 1:colcon.colcon_core.package_identification:_identify(src) by extensions ['ros']
[0.258s] Level 1:colcon.colcon_core.package_identification:_identify(src) by extension 'ros'
[0.258s] Level 1:colcon.colcon_core.package_identification:_identify(src) by extensions ['cmake', 'python']
[0.258s] Level 1:colcon.colcon_core.package_identification:_identify(src) by extension 'cmake'
[0.258s] Level 1:colcon.colcon_core.package_identification:_identify(src) by extension 'python'
[0.258s] Level 1:colcon.colcon_core.package_identification:_identify(src) by extensions ['python_setup_py']
[0.258s] Level 1:colcon.colcon_core.package_identification:_identify(src) by extension 'python_setup_py'
[0.258s] Level 1:colcon.colcon_core.package_identification:_identify(src/create3_examples) by extensions ['ignore', 'ignore_ament_install']
[0.259s] Level 1:colcon.colcon_core.package_identification:_identify(src/create3_examples) by extension 'ignore'
[0.259s] Level 1:colcon.colcon_core.package_identification:_identify(src/create3_examples) by extension 'ignore_ament_install'
[0.259s] Level 1:colcon.colcon_core.package_identification:_identify(src/create3_examples) by extensions ['colcon_pkg']
[0.259s] Level 1:colcon.colcon_core.package_identification:_identify(src/create3_examples) by extension 'colcon_pkg'
[0.259s] Level 1:colcon.colcon_core.package_identification:_identify(src/create3_examples) by extensions ['colcon_meta']
[0.259s] Level 1:colcon.colcon_core.package_identification:_identify(src/create3_examples) by extension 'colcon_meta'
[0.259s] Level 1:colcon.colcon_core.package_identification:_identify(src/create3_examples) by extensions ['ros']
[0.259s] Level 1:colcon.colcon_core.package_identification:_identify(src/create3_examples) by extension 'ros'
[0.259s] Level 1:colcon.colcon_core.package_identification:_identify(src/create3_examples) by extensions ['cmake', 'python']
[0.259s] Level 1:colcon.colcon_core.package_identification:_identify(src/create3_examples) by extension 'cmake'
[0.259s] Level 1:colcon.colcon_core.package_identification:_identify(src/create3_examples) by extension 'python'
[0.259s] Level 1:colcon.colcon_core.package_identification:_identify(src/create3_examples) by extensions ['python_setup_py']
[0.259s] Level 1:colcon.colcon_core.package_identification:_identify(src/create3_examples) by extension 'python_setup_py'
[0.259s] Level 1:colcon.colcon_core.package_identification:_identify(src/create3_examples/create3_coverage) by extensions ['ignore', 'ignore_ament_install']
[0.259s] Level 1:colcon.colcon_core.package_identification:_identify(src/create3_examples/create3_coverage) by extension 'ignore'
[0.259s] Level 1:colcon.colcon_core.package_identification:_identify(src/create3_examples/create3_coverage) by extension 'ignore_ament_install'
[0.259s] Level 1:colcon.colcon_core.package_identification:_identify(src/create3_examples/create3_coverage) by extensions ['colcon_pkg']
[0.259s] Level 1:colcon.colcon_core.package_identification:_identify(src/create3_examples/create3_coverage) by extension 'colcon_pkg'
[0.259s] Level 1:colcon.colcon_core.package_identification:_identify(src/create3_examples/create3_coverage) by extensions ['colcon_meta']
[0.259s] Level 1:colcon.colcon_core.package_identification:_identify(src/create3_examples/create3_coverage) by extension 'colcon_meta'
[0.259s] Level 1:colcon.colcon_core.package_identification:_identify(src/create3_examples/create3_coverage) by extensions ['ros']
[0.259s] Level 1:colcon.colcon_core.package_identification:_identify(src/create3_examples/create3_coverage) by extension 'ros'
[0.262s] DEBUG:colcon.colcon_core.package_identification:Package 'src/create3_examples/create3_coverage' with type 'ros.ament_cmake' and name 'create3_coverage'
[0.262s] Level 1:colcon.colcon_core.package_identification:_identify(src/create3_examples/create3_examples_msgs) by extensions ['ignore', 'ignore_ament_install']
[0.262s] Level 1:colcon.colcon_core.package_identification:_identify(src/create3_examples/create3_examples_msgs) by extension 'ignore'
[0.262s] Level 1:colcon.colcon_core.package_identification:_identify(src/create3_examples/create3_examples_msgs) by extension 'ignore_ament_install'
[0.262s] Level 1:colcon.colcon_core.package_identification:_identify(src/create3_examples/create3_examples_msgs) by extensions ['colcon_pkg']
[0.262s] Level 1:colcon.colcon_core.package_identification:_identify(src/create3_examples/create3_examples_msgs) by extension 'colcon_pkg'
[0.262s] Level 1:colcon.colcon_core.package_identification:_identify(src/create3_examples/create3_examples_msgs) by extensions ['colcon_meta']
[0.262s] Level 1:colcon.colcon_core.package_identification:_identify(src/create3_examples/create3_examples_msgs) by extension 'colcon_meta'
[0.262s] Level 1:colcon.colcon_core.package_identification:_identify(src/create3_examples/create3_examples_msgs) by extensions ['ros']
[0.262s] Level 1:colcon.colcon_core.package_identification:_identify(src/create3_examples/create3_examples_msgs) by extension 'ros'
[0.263s] DEBUG:colcon.colcon_core.package_identification:Package 'src/create3_examples/create3_examples_msgs' with type 'ros.ament_cmake' and name 'create3_examples_msgs'
[0.263s] Level 1:colcon.colcon_core.package_identification:_identify(src/create3_examples/create3_examples_py) by extensions ['ignore', 'ignore_ament_install']
[0.263s] Level 1:colcon.colcon_core.package_identification:_identify(src/create3_examples/create3_examples_py) by extension 'ignore'
[0.263s] Level 1:colcon.colcon_core.package_identification:_identify(src/create3_examples/create3_examples_py) by extension 'ignore_ament_install'
[0.263s] Level 1:colcon.colcon_core.package_identification:_identify(src/create3_examples/create3_examples_py) by extensions ['colcon_pkg']
[0.263s] Level 1:colcon.colcon_core.package_identification:_identify(src/create3_examples/create3_examples_py) by extension 'colcon_pkg'
[0.263s] Level 1:colcon.colcon_core.package_identification:_identify(src/create3_examples/create3_examples_py) by extensions ['colcon_meta']
[0.263s] Level 1:colcon.colcon_core.package_identification:_identify(src/create3_examples/create3_examples_py) by extension 'colcon_meta'
[0.263s] Level 1:colcon.colcon_core.package_identification:_identify(src/create3_examples/create3_examples_py) by extensions ['ros']
[0.263s] Level 1:colcon.colcon_core.package_identification:_identify(src/create3_examples/create3_examples_py) by extension 'ros'
[0.264s] DEBUG:colcon.colcon_core.package_identification:Package 'src/create3_examples/create3_examples_py' with type 'ros.ament_python' and name 'create3_examples_py'
[0.264s] Level 1:colcon.colcon_core.package_identification:_identify(src/create3_examples/create3_lidar_slam) by extensions ['ignore', 'ignore_ament_install']
[0.264s] Level 1:colcon.colcon_core.package_identification:_identify(src/create3_examples/create3_lidar_slam) by extension 'ignore'
[0.264s] Level 1:colcon.colcon_core.package_identification:_identify(src/create3_examples/create3_lidar_slam) by extension 'ignore_ament_install'
[0.264s] Level 1:colcon.colcon_core.package_identification:_identify(src/create3_examples/create3_lidar_slam) by extensions ['colcon_pkg']
[0.264s] Level 1:colcon.colcon_core.package_identification:_identify(src/create3_examples/create3_lidar_slam) by extension 'colcon_pkg'
[0.264s] Level 1:colcon.colcon_core.package_identification:_identify(src/create3_examples/create3_lidar_slam) by extensions ['colcon_meta']
[0.264s] Level 1:colcon.colcon_core.package_identification:_identify(src/create3_examples/create3_lidar_slam) by extension 'colcon_meta'
[0.265s] Level 1:colcon.colcon_core.package_identification:_identify(src/create3_examples/create3_lidar_slam) by extensions ['ros']
[0.265s] Level 1:colcon.colcon_core.package_identification:_identify(src/create3_examples/create3_lidar_slam) by extension 'ros'
[0.265s] DEBUG:colcon.colcon_core.package_identification:Package 'src/create3_examples/create3_lidar_slam' with type 'ros.ament_cmake' and name 'create3_lidar_slam'
[0.265s] Level 1:colcon.colcon_core.package_identification:_identify(src/create3_examples/create3_republisher) by extensions ['ignore', 'ignore_ament_install']
[0.265s] Level 1:colcon.colcon_core.package_identification:_identify(src/create3_examples/create3_republisher) by extension 'ignore'
[0.265s] Level 1:colcon.colcon_core.package_identification:_identify(src/create3_examples/create3_republisher) by extension 'ignore_ament_install'
[0.266s] Level 1:colcon.colcon_core.package_identification:_identify(src/create3_examples/create3_republisher) by extensions ['colcon_pkg']
[0.266s] Level 1:colcon.colcon_core.package_identification:_identify(src/create3_examples/create3_republisher) by extension 'colcon_pkg'
[0.266s] Level 1:colcon.colcon_core.package_identification:_identify(src/create3_examples/create3_republisher) by extensions ['colcon_meta']
[0.266s] Level 1:colcon.colcon_core.package_identification:_identify(src/create3_examples/create3_republisher) by extension 'colcon_meta'
[0.266s] Level 1:colcon.colcon_core.package_identification:_identify(src/create3_examples/create3_republisher) by extensions ['ros']
[0.266s] Level 1:colcon.colcon_core.package_identification:_identify(src/create3_examples/create3_republisher) by extension 'ros'
[0.267s] DEBUG:colcon.colcon_core.package_identification:Package 'src/create3_examples/create3_republisher' with type 'ros.ament_cmake' and name 'create3_republisher'
[0.267s] Level 1:colcon.colcon_core.package_identification:_identify(src/create3_examples/create3_teleop) by extensions ['ignore', 'ignore_ament_install']
[0.267s] Level 1:colcon.colcon_core.package_identification:_identify(src/create3_examples/create3_teleop) by extension 'ignore'
[0.267s] Level 1:colcon.colcon_core.package_identification:_identify(src/create3_examples/create3_teleop) by extension 'ignore_ament_install'
[0.267s] Level 1:colcon.colcon_core.package_identification:_identify(src/create3_examples/create3_teleop) by extensions ['colcon_pkg']
[0.267s] Level 1:colcon.colcon_core.package_identification:_identify(src/create3_examples/create3_teleop) by extension 'colcon_pkg'
[0.267s] Level 1:colcon.colcon_core.package_identification:_identify(src/create3_examples/create3_teleop) by extensions ['colcon_meta']
[0.267s] Level 1:colcon.colcon_core.package_identification:_identify(src/create3_examples/create3_teleop) by extension 'colcon_meta'
[0.267s] Level 1:colcon.colcon_core.package_identification:_identify(src/create3_examples/create3_teleop) by extensions ['ros']
[0.267s] Level 1:colcon.colcon_core.package_identification:_identify(src/create3_examples/create3_teleop) by extension 'ros'
[0.268s] DEBUG:colcon.colcon_core.package_identification:Package 'src/create3_examples/create3_teleop' with type 'ros.ament_python' and name 'create3_teleop'
[0.268s] Level 1:colcon.colcon_core.package_discovery:discover_packages(recursive) using defaults
[0.268s] Level 1:colcon.colcon_core.package_discovery:discover_packages(ignore) discover
[0.268s] Level 1:colcon.colcon_core.package_discovery:discover_packages(ignore) using defaults
[0.268s] Level 1:colcon.colcon_core.package_discovery:discover_packages(path) discover
[0.268s] Level 1:colcon.colcon_core.package_discovery:discover_packages(path) using defaults
[0.285s] Level 1:colcon.colcon_core.package_discovery:discover_packages(prefix_path) check parameters
[0.285s] Level 1:colcon.colcon_core.package_discovery:discover_packages(prefix_path) discover
[0.288s] DEBUG:colcon.colcon_installed_package_information.package_discovery:Found 305 installed packages in /opt/ros/humble
[0.289s] Level 1:colcon.colcon_core.package_discovery:discover_packages(prefix_path) using defaults
[0.342s] Level 5:colcon.colcon_core.verb:set package 'create3_examples_msgs' build argument 'cmake_args' from command line to 'None'
[0.342s] Level 5:colcon.colcon_core.verb:set package 'create3_examples_msgs' build argument 'cmake_target' from command line to 'None'
[0.342s] Level 5:colcon.colcon_core.verb:set package 'create3_examples_msgs' build argument 'cmake_target_skip_unavailable' from command line to 'False'
[0.342s] Level 5:colcon.colcon_core.verb:set package 'create3_examples_msgs' build argument 'cmake_clean_cache' from command line to 'False'
[0.342s] Level 5:colcon.colcon_core.verb:set package 'create3_examples_msgs' build argument 'cmake_clean_first' from command line to 'False'
[0.342s] Level 5:colcon.colcon_core.verb:set package 'create3_examples_msgs' build argument 'cmake_force_configure' from command line to 'False'
[0.342s] Level 5:colcon.colcon_core.verb:set package 'create3_examples_msgs' build argument 'ament_cmake_args' from command line to 'None'
[0.342s] Level 5:colcon.colcon_core.verb:set package 'create3_examples_msgs' build argument 'catkin_cmake_args' from command line to 'None'
[0.342s] Level 5:colcon.colcon_core.verb:set package 'create3_examples_msgs' build argument 'catkin_skip_building_tests' from command line to 'False'
[0.342s] DEBUG:colcon.colcon_core.verb:Building package 'create3_examples_msgs' with the following arguments: {'ament_cmake_args': None, 'build_base': '/home/robotserver/Desktop/git/ROS/create3_examples_ws/build/create3_examples_msgs', 'catkin_cmake_args': None, 'catkin_skip_building_tests': False, 'cmake_args': None, 'cmake_clean_cache': False, 'cmake_clean_first': False, 'cmake_force_configure': False, 'cmake_target': None, 'cmake_target_skip_unavailable': False, 'install_base': '/home/robotserver/Desktop/git/ROS/create3_examples_ws/install/create3_examples_msgs', 'merge_install': False, 'path': '/home/robotserver/Desktop/git/ROS/create3_examples_ws/src/create3_examples/create3_examples_msgs', 'symlink_install': False, 'test_result_base': None}
[0.343s] Level 5:colcon.colcon_core.verb:set package 'create3_examples_py' build argument 'cmake_args' from command line to 'None'
[0.343s] Level 5:colcon.colcon_core.verb:set package 'create3_examples_py' build argument 'cmake_target' from command line to 'None'
[0.343s] Level 5:colcon.colcon_core.verb:set package 'create3_examples_py' build argument 'cmake_target_skip_unavailable' from command line to 'False'
[0.343s] Level 5:colcon.colcon_core.verb:set package 'create3_examples_py' build argument 'cmake_clean_cache' from command line to 'False'
[0.343s] Level 5:colcon.colcon_core.verb:set package 'create3_examples_py' build argument 'cmake_clean_first' from command line to 'False'
[0.343s] Level 5:colcon.colcon_core.verb:set package 'create3_examples_py' build argument 'cmake_force_configure' from command line to 'False'
[0.343s] Level 5:colcon.colcon_core.verb:set package 'create3_examples_py' build argument 'ament_cmake_args' from command line to 'None'
[0.343s] Level 5:colcon.colcon_core.verb:set package 'create3_examples_py' build argument 'catkin_cmake_args' from command line to 'None'
[0.343s] Level 5:colcon.colcon_core.verb:set package 'create3_examples_py' build argument 'catkin_skip_building_tests' from command line to 'False'
[0.343s] DEBUG:colcon.colcon_core.verb:Building package 'create3_examples_py' with the following arguments: {'ament_cmake_args': None, 'build_base': '/home/robotserver/Desktop/git/ROS/create3_examples_ws/build/create3_examples_py', 'catkin_cmake_args': None, 'catkin_skip_building_tests': False, 'cmake_args': None, 'cmake_clean_cache': False, 'cmake_clean_first': False, 'cmake_force_configure': False, 'cmake_target': None, 'cmake_target_skip_unavailable': False, 'install_base': '/home/robotserver/Desktop/git/ROS/create3_examples_ws/install/create3_examples_py', 'merge_install': False, 'path': '/home/robotserver/Desktop/git/ROS/create3_examples_ws/src/create3_examples/create3_examples_py', 'symlink_install': False, 'test_result_base': None}
[0.343s] Level 5:colcon.colcon_core.verb:set package 'create3_lidar_slam' build argument 'cmake_args' from command line to 'None'
[0.343s] Level 5:colcon.colcon_core.verb:set package 'create3_lidar_slam' build argument 'cmake_target' from command line to 'None'
[0.343s] Level 5:colcon.colcon_core.verb:set package 'create3_lidar_slam' build argument 'cmake_target_skip_unavailable' from command line to 'False'
[0.343s] Level 5:colcon.colcon_core.verb:set package 'create3_lidar_slam' build argument 'cmake_clean_cache' from command line to 'False'
[0.343s] Level 5:colcon.colcon_core.verb:set package 'create3_lidar_slam' build argument 'cmake_clean_first' from command line to 'False'
[0.343s] Level 5:colcon.colcon_core.verb:set package 'create3_lidar_slam' build argument 'cmake_force_configure' from command line to 'False'
[0.343s] Level 5:colcon.colcon_core.verb:set package 'create3_lidar_slam' build argument 'ament_cmake_args' from command line to 'None'
[0.343s] Level 5:colcon.colcon_core.verb:set package 'create3_lidar_slam' build argument 'catkin_cmake_args' from command line to 'None'
[0.343s] Level 5:colcon.colcon_core.verb:set package 'create3_lidar_slam' build argument 'catkin_skip_building_tests' from command line to 'False'
[0.343s] DEBUG:colcon.colcon_core.verb:Building package 'create3_lidar_slam' with the following arguments: {'ament_cmake_args': None, 'build_base': '/home/robotserver/Desktop/git/ROS/create3_examples_ws/build/create3_lidar_slam', 'catkin_cmake_args': None, 'catkin_skip_building_tests': False, 'cmake_args': None, 'cmake_clean_cache': False, 'cmake_clean_first': False, 'cmake_force_configure': False, 'cmake_target': None, 'cmake_target_skip_unavailable': False, 'install_base': '/home/robotserver/Desktop/git/ROS/create3_examples_ws/install/create3_lidar_slam', 'merge_install': False, 'path': '/home/robotserver/Desktop/git/ROS/create3_examples_ws/src/create3_examples/create3_lidar_slam', 'symlink_install': False, 'test_result_base': None}
[0.344s] Level 5:colcon.colcon_core.verb:set package 'create3_republisher' build argument 'cmake_args' from command line to 'None'
[0.344s] Level 5:colcon.colcon_core.verb:set package 'create3_republisher' build argument 'cmake_target' from command line to 'None'
[0.344s] Level 5:colcon.colcon_core.verb:set package 'create3_republisher' build argument 'cmake_target_skip_unavailable' from command line to 'False'
[0.344s] Level 5:colcon.colcon_core.verb:set package 'create3_republisher' build argument 'cmake_clean_cache' from command line to 'False'
[0.344s] Level 5:colcon.colcon_core.verb:set package 'create3_republisher' build argument 'cmake_clean_first' from command line to 'False'
[0.344s] Level 5:colcon.colcon_core.verb:set package 'create3_republisher' build argument 'cmake_force_configure' from command line to 'False'
[0.344s] Level 5:colcon.colcon_core.verb:set package 'create3_republisher' build argument 'ament_cmake_args' from command line to 'None'
[0.344s] Level 5:colcon.colcon_core.verb:set package 'create3_republisher' build argument 'catkin_cmake_args' from command line to 'None'
[0.344s] Level 5:colcon.colcon_core.verb:set package 'create3_republisher' build argument 'catkin_skip_building_tests' from command line to 'False'
[0.344s] DEBUG:colcon.colcon_core.verb:Building package 'create3_republisher' with the following arguments: {'ament_cmake_args': None, 'build_base': '/home/robotserver/Desktop/git/ROS/create3_examples_ws/build/create3_republisher', 'catkin_cmake_args': None, 'catkin_skip_building_tests': False, 'cmake_args': None, 'cmake_clean_cache': False, 'cmake_clean_first': False, 'cmake_force_configure': False, 'cmake_target': None, 'cmake_target_skip_unavailable': False, 'install_base': '/home/robotserver/Desktop/git/ROS/create3_examples_ws/install/create3_republisher', 'merge_install': False, 'path': '/home/robotserver/Desktop/git/ROS/create3_examples_ws/src/create3_examples/create3_republisher', 'symlink_install': False, 'test_result_base': None}
[0.344s] Level 5:colcon.colcon_core.verb:set package 'create3_teleop' build argument 'cmake_args' from command line to 'None'
[0.344s] Level 5:colcon.colcon_core.verb:set package 'create3_teleop' build argument 'cmake_target' from command line to 'None'
[0.345s] Level 5:colcon.colcon_core.verb:set package 'create3_teleop' build argument 'cmake_target_skip_unavailable' from command line to 'False'
[0.345s] Level 5:colcon.colcon_core.verb:set package 'create3_teleop' build argument 'cmake_clean_cache' from command line to 'False'
[0.345s] Level 5:colcon.colcon_core.verb:set package 'create3_teleop' build argument 'cmake_clean_first' from command line to 'False'
[0.345s] Level 5:colcon.colcon_core.verb:set package 'create3_teleop' build argument 'cmake_force_configure' from command line to 'False'
[0.345s] Level 5:colcon.colcon_core.verb:set package 'create3_teleop' build argument 'ament_cmake_args' from command line to 'None'
[0.345s] Level 5:colcon.colcon_core.verb:set package 'create3_teleop' build argument 'catkin_cmake_args' from command line to 'None'
[0.345s] Level 5:colcon.colcon_core.verb:set package 'create3_teleop' build argument 'catkin_skip_building_tests' from command line to 'False'
[0.345s] DEBUG:colcon.colcon_core.verb:Building package 'create3_teleop' with the following arguments: {'ament_cmake_args': None, 'build_base': '/home/robotserver/Desktop/git/ROS/create3_examples_ws/build/create3_teleop', 'catkin_cmake_args': None, 'catkin_skip_building_tests': False, 'cmake_args': None, 'cmake_clean_cache': False, 'cmake_clean_first': False, 'cmake_force_configure': False, 'cmake_target': None, 'cmake_target_skip_unavailable': False, 'install_base': '/home/robotserver/Desktop/git/ROS/create3_examples_ws/install/create3_teleop', 'merge_install': False, 'path': '/home/robotserver/Desktop/git/ROS/create3_examples_ws/src/create3_examples/create3_teleop', 'symlink_install': False, 'test_result_base': None}
[0.345s] Level 5:colcon.colcon_core.verb:set package 'create3_coverage' build argument 'cmake_args' from command line to 'None'
[0.345s] Level 5:colcon.colcon_core.verb:set package 'create3_coverage' build argument 'cmake_target' from command line to 'None'
[0.345s] Level 5:colcon.colcon_core.verb:set package 'create3_coverage' build argument 'cmake_target_skip_unavailable' from command line to 'False'
[0.345s] Level 5:colcon.colcon_core.verb:set package 'create3_coverage' build argument 'cmake_clean_cache' from command line to 'False'
[0.345s] Level 5:colcon.colcon_core.verb:set package 'create3_coverage' build argument 'cmake_clean_first' from command line to 'False'
[0.345s] Level 5:colcon.colcon_core.verb:set package 'create3_coverage' build argument 'cmake_force_configure' from command line to 'False'
[0.345s] Level 5:colcon.colcon_core.verb:set package 'create3_coverage' build argument 'ament_cmake_args' from command line to 'None'
[0.345s] Level 5:colcon.colcon_core.verb:set package 'create3_coverage' build argument 'catkin_cmake_args' from command line to 'None'
[0.345s] Level 5:colcon.colcon_core.verb:set package 'create3_coverage' build argument 'catkin_skip_building_tests' from command line to 'False'
[0.345s] DEBUG:colcon.colcon_core.verb:Building package 'create3_coverage' with the following arguments: {'ament_cmake_args': None, 'build_base': '/home/robotserver/Desktop/git/ROS/create3_examples_ws/build/create3_coverage', 'catkin_cmake_args': None, 'catkin_skip_building_tests': False, 'cmake_args': None, 'cmake_clean_cache': False, 'cmake_clean_first': False, 'cmake_force_configure': False, 'cmake_target': None, 'cmake_target_skip_unavailable': False, 'install_base': '/home/robotserver/Desktop/git/ROS/create3_examples_ws/install/create3_coverage', 'merge_install': False, 'path': '/home/robotserver/Desktop/git/ROS/create3_examples_ws/src/create3_examples/create3_coverage', 'symlink_install': False, 'test_result_base': None}
[0.345s] INFO:colcon.colcon_core.executor:Executing jobs using 'parallel' executor
[0.346s] DEBUG:colcon.colcon_parallel_executor.executor.parallel:run_until_complete
[0.346s] INFO:colcon.colcon_ros.task.ament_cmake.build:Building ROS package in '/home/robotserver/Desktop/git/ROS/create3_examples_ws/src/create3_examples/create3_examples_msgs' with build type 'ament_cmake'
[0.346s] INFO:colcon.colcon_cmake.task.cmake.build:Building CMake package in '/home/robotserver/Desktop/git/ROS/create3_examples_ws/src/create3_examples/create3_examples_msgs'
[0.349s] INFO:colcon.colcon_core.plugin_system:Skipping extension 'colcon_core.shell.bat': Not used on non-Windows systems
[0.349s] INFO:colcon.colcon_core.shell:Skip shell extension 'powershell' for command environment: Not usable outside of PowerShell
[0.349s] DEBUG:colcon.colcon_core.shell:Skip shell extension 'dsv' for command environment
[0.351s] INFO:colcon.colcon_ros.task.ament_python.build:Building ROS package in '/home/robotserver/Desktop/git/ROS/create3_examples_ws/src/create3_examples/create3_examples_py' with build type 'ament_python'
[0.351s] Level 1:colcon.colcon_core.shell:create_environment_hook('create3_examples_py', 'ament_prefix_path')
[0.352s] INFO:colcon.colcon_core.shell:Creating environment hook '/home/robotserver/Desktop/git/ROS/create3_examples_ws/install/create3_examples_py/share/create3_examples_py/hook/ament_prefix_path.ps1'
[0.352s] INFO:colcon.colcon_core.shell:Creating environment descriptor '/home/robotserver/Desktop/git/ROS/create3_examples_ws/install/create3_examples_py/share/create3_examples_py/hook/ament_prefix_path.dsv'
[0.353s] INFO:colcon.colcon_core.shell:Creating environment hook '/home/robotserver/Desktop/git/ROS/create3_examples_ws/install/create3_examples_py/share/create3_examples_py/hook/ament_prefix_path.sh'
[0.353s] INFO:colcon.colcon_core.shell:Skip shell extension 'powershell' for command environment: Not usable outside of PowerShell
[0.353s] DEBUG:colcon.colcon_core.shell:Skip shell extension 'dsv' for command environment
[0.355s] INFO:colcon.colcon_ros.task.ament_cmake.build:Building ROS package in '/home/robotserver/Desktop/git/ROS/create3_examples_ws/src/create3_examples/create3_lidar_slam' with build type 'ament_cmake'
[0.355s] INFO:colcon.colcon_cmake.task.cmake.build:Building CMake package in '/home/robotserver/Desktop/git/ROS/create3_examples_ws/src/create3_examples/create3_lidar_slam'
[0.356s] INFO:colcon.colcon_core.shell:Skip shell extension 'powershell' for command environment: Not usable outside of PowerShell
[0.356s] DEBUG:colcon.colcon_core.shell:Skip shell extension 'dsv' for command environment
[0.358s] INFO:colcon.colcon_ros.task.ament_cmake.build:Building ROS package in '/home/robotserver/Desktop/git/ROS/create3_examples_ws/src/create3_examples/create3_republisher' with build type 'ament_cmake'
[0.358s] INFO:colcon.colcon_cmake.task.cmake.build:Building CMake package in '/home/robotserver/Desktop/git/ROS/create3_examples_ws/src/create3_examples/create3_republisher'
[0.358s] INFO:colcon.colcon_core.shell:Skip shell extension 'powershell' for command environment: Not usable outside of PowerShell
[0.358s] DEBUG:colcon.colcon_core.shell:Skip shell extension 'dsv' for command environment
[0.361s] INFO:colcon.colcon_ros.task.ament_python.build:Building ROS package in '/home/robotserver/Desktop/git/ROS/create3_examples_ws/src/create3_examples/create3_teleop' with build type 'ament_python'
[0.361s] Level 1:colcon.colcon_core.shell:create_environment_hook('create3_teleop', 'ament_prefix_path')
[0.362s] INFO:colcon.colcon_core.shell:Creating environment hook '/home/robotserver/Desktop/git/ROS/create3_examples_ws/install/create3_teleop/share/create3_teleop/hook/ament_prefix_path.ps1'
[0.362s] INFO:colcon.colcon_core.shell:Creating environment descriptor '/home/robotserver/Desktop/git/ROS/create3_examples_ws/install/create3_teleop/share/create3_teleop/hook/ament_prefix_path.dsv'
[0.363s] INFO:colcon.colcon_core.shell:Creating environment hook '/home/robotserver/Desktop/git/ROS/create3_examples_ws/install/create3_teleop/share/create3_teleop/hook/ament_prefix_path.sh'
[0.363s] INFO:colcon.colcon_core.shell:Skip shell extension 'powershell' for command environment: Not usable outside of PowerShell
[0.363s] DEBUG:colcon.colcon_core.shell:Skip shell extension 'dsv' for command environment
[0.370s] DEBUG:colcon.colcon_core.event_handler.log_command:Invoking command in '/home/robotserver/Desktop/git/ROS/create3_examples_ws/build/create3_examples_msgs': CMAKE_PREFIX_PATH=/opt/ros/humble CONDA_PROMPT_MODIFIER=(ros2_env) /usr/bin/cmake --build /home/robotserver/Desktop/git/ROS/create3_examples_ws/build/create3_examples_msgs -- -j8 -l8
[0.634s] INFO:colcon.colcon_core.task.python.build:Building Python package in '/home/robotserver/Desktop/git/ROS/create3_examples_ws/src/create3_examples/create3_examples_py'
[0.635s] INFO:colcon.colcon_core.shell:Skip shell extension 'powershell' for command environment: Not usable outside of PowerShell
[0.635s] DEBUG:colcon.colcon_core.shell:Skip shell extension 'dsv' for command environment
[0.644s] DEBUG:colcon.colcon_core.event_handler.log_command:Invoking command in '/home/robotserver/Desktop/git/ROS/create3_examples_ws/build/create3_lidar_slam': CMAKE_PREFIX_PATH=/opt/ros/humble CONDA_PROMPT_MODIFIER=(ros2_env) /usr/bin/cmake --build /home/robotserver/Desktop/git/ROS/create3_examples_ws/build/create3_lidar_slam -- -j8 -l8
[0.648s] DEBUG:colcon.colcon_core.event_handler.log_command:Invoking command in '/home/robotserver/Desktop/git/ROS/create3_examples_ws/build/create3_republisher': CMAKE_PREFIX_PATH=/opt/ros/humble CONDA_PROMPT_MODIFIER=(ros2_env) /usr/bin/cmake --build /home/robotserver/Desktop/git/ROS/create3_examples_ws/build/create3_republisher -- -j8 -l8
[0.938s] INFO:colcon.colcon_core.task.python.build:Building Python package in '/home/robotserver/Desktop/git/ROS/create3_examples_ws/src/create3_examples/create3_teleop'
[0.938s] INFO:colcon.colcon_core.shell:Skip shell extension 'powershell' for command environment: Not usable outside of PowerShell
[0.938s] DEBUG:colcon.colcon_core.shell:Skip shell extension 'dsv' for command environment
[0.944s] DEBUG:colcon.colcon_core.event_handler.log_command:Invoked command in '/home/robotserver/Desktop/git/ROS/create3_examples_ws/build/create3_lidar_slam' returned '0': CMAKE_PREFIX_PATH=/opt/ros/humble CONDA_PROMPT_MODIFIER=(ros2_env) /usr/bin/cmake --build /home/robotserver/Desktop/git/ROS/create3_examples_ws/build/create3_lidar_slam -- -j8 -l8
[0.950s] DEBUG:colcon.colcon_core.event_handler.log_command:Invoked command in '/home/robotserver/Desktop/git/ROS/create3_examples_ws/build/create3_republisher' returned '0': CMAKE_PREFIX_PATH=/opt/ros/humble CONDA_PROMPT_MODIFIER=(ros2_env) /usr/bin/cmake --build /home/robotserver/Desktop/git/ROS/create3_examples_ws/build/create3_republisher -- -j8 -l8
[1.004s] DEBUG:colcon.colcon_core.event_handler.log_command:Invoking command in '/home/robotserver/Desktop/git/ROS/create3_examples_ws/build/create3_lidar_slam': CMAKE_PREFIX_PATH=/opt/ros/humble CONDA_PROMPT_MODIFIER=(ros2_env) /usr/bin/cmake --install /home/robotserver/Desktop/git/ROS/create3_examples_ws/build/create3_lidar_slam
[1.007s] DEBUG:colcon.colcon_core.event_handler.log_command:Invoking command in '/home/robotserver/Desktop/git/ROS/create3_examples_ws/build/create3_republisher': CMAKE_PREFIX_PATH=/opt/ros/humble CONDA_PROMPT_MODIFIER=(ros2_env) /usr/bin/cmake --install /home/robotserver/Desktop/git/ROS/create3_examples_ws/build/create3_republisher
[1.021s] Level 1:colcon.colcon_core.environment:create_environment_scripts_only(create3_lidar_slam)
[1.022s] DEBUG:colcon.colcon_core.event_handler.log_command:Invoked command in '/home/robotserver/Desktop/git/ROS/create3_examples_ws/build/create3_lidar_slam' returned '0': CMAKE_PREFIX_PATH=/opt/ros/humble CONDA_PROMPT_MODIFIER=(ros2_env) /usr/bin/cmake --install /home/robotserver/Desktop/git/ROS/create3_examples_ws/build/create3_lidar_slam
[1.025s] Level 1:colcon.colcon_core.environment:checking '/home/robotserver/Desktop/git/ROS/create3_examples_ws/install/create3_lidar_slam' for CMake module files
[1.026s] Level 1:colcon.colcon_core.environment:checking '/home/robotserver/Desktop/git/ROS/create3_examples_ws/install/create3_lidar_slam' for CMake config files
[1.030s] Level 1:colcon.colcon_core.shell:create_environment_hook('create3_lidar_slam', 'cmake_prefix_path')
[1.030s] INFO:colcon.colcon_core.shell:Creating environment hook '/home/robotserver/Desktop/git/ROS/create3_examples_ws/install/create3_lidar_slam/share/create3_lidar_slam/hook/cmake_prefix_path.ps1'
[1.031s] INFO:colcon.colcon_core.shell:Creating environment descriptor '/home/robotserver/Desktop/git/ROS/create3_examples_ws/install/create3_lidar_slam/share/create3_lidar_slam/hook/cmake_prefix_path.dsv'
[1.031s] INFO:colcon.colcon_core.shell:Creating environment hook '/home/robotserver/Desktop/git/ROS/create3_examples_ws/install/create3_lidar_slam/share/create3_lidar_slam/hook/cmake_prefix_path.sh'
[1.032s] Level 1:colcon.colcon_core.environment:checking '/home/robotserver/Desktop/git/ROS/create3_examples_ws/install/create3_lidar_slam/bin'
[1.032s] Level 1:colcon.colcon_core.environment:checking '/home/robotserver/Desktop/git/ROS/create3_examples_ws/install/create3_lidar_slam/lib/pkgconfig/create3_lidar_slam.pc'
[1.033s] Level 1:colcon.colcon_core.environment:checking '/home/robotserver/Desktop/git/ROS/create3_examples_ws/install/create3_lidar_slam/lib/python3.10/site-packages'
[1.033s] Level 1:colcon.colcon_core.environment:checking '/home/robotserver/Desktop/git/ROS/create3_examples_ws/install/create3_lidar_slam/bin'
[1.034s] INFO:colcon.colcon_core.shell:Creating package script '/home/robotserver/Desktop/git/ROS/create3_examples_ws/install/create3_lidar_slam/share/create3_lidar_slam/package.ps1'
[1.035s] INFO:colcon.colcon_core.shell:Creating package descriptor '/home/robotserver/Desktop/git/ROS/create3_examples_ws/install/create3_lidar_slam/share/create3_lidar_slam/package.dsv'
[1.037s] INFO:colcon.colcon_core.shell:Creating package script '/home/robotserver/Desktop/git/ROS/create3_examples_ws/install/create3_lidar_slam/share/create3_lidar_slam/package.sh'
[1.038s] INFO:colcon.colcon_core.shell:Creating package script '/home/robotserver/Desktop/git/ROS/create3_examples_ws/install/create3_lidar_slam/share/create3_lidar_slam/package.bash'
[1.039s] INFO:colcon.colcon_core.shell:Creating package script '/home/robotserver/Desktop/git/ROS/create3_examples_ws/install/create3_lidar_slam/share/create3_lidar_slam/package.zsh'
[1.040s] Level 1:colcon.colcon_core.environment:create_file_with_runtime_dependencies(/home/robotserver/Desktop/git/ROS/create3_examples_ws/install/create3_lidar_slam/share/colcon-core/packages/create3_lidar_slam)
[1.042s] Level 1:colcon.colcon_core.environment:create_environment_scripts_only(create3_republisher)
[1.043s] Level 1:colcon.colcon_core.environment:checking '/home/robotserver/Desktop/git/ROS/create3_examples_ws/install/create3_republisher' for CMake module files
[1.044s] Level 1:colcon.colcon_core.environment:checking '/home/robotserver/Desktop/git/ROS/create3_examples_ws/install/create3_republisher' for CMake config files
[1.044s] Level 1:colcon.colcon_core.shell:create_environment_hook('create3_republisher', 'cmake_prefix_path')
[1.045s] INFO:colcon.colcon_core.shell:Creating environment hook '/home/robotserver/Desktop/git/ROS/create3_examples_ws/install/create3_republisher/share/create3_republisher/hook/cmake_prefix_path.ps1'
[1.045s] INFO:colcon.colcon_core.shell:Creating environment descriptor '/home/robotserver/Desktop/git/ROS/create3_examples_ws/install/create3_republisher/share/create3_republisher/hook/cmake_prefix_path.dsv'
[1.046s] INFO:colcon.colcon_core.shell:Creating environment hook '/home/robotserver/Desktop/git/ROS/create3_examples_ws/install/create3_republisher/share/create3_republisher/hook/cmake_prefix_path.sh'
[1.047s] Level 1:colcon.colcon_core.environment:checking '/home/robotserver/Desktop/git/ROS/create3_examples_ws/install/create3_republisher/lib'
[1.047s] Level 1:colcon.colcon_core.environment:checking '/home/robotserver/Desktop/git/ROS/create3_examples_ws/install/create3_republisher/bin'
[1.047s] Level 1:colcon.colcon_core.environment:checking '/home/robotserver/Desktop/git/ROS/create3_examples_ws/install/create3_republisher/lib/pkgconfig/create3_republisher.pc'
[1.048s] Level 1:colcon.colcon_core.environment:checking '/home/robotserver/Desktop/git/ROS/create3_examples_ws/install/create3_republisher/lib/python3.10/site-packages'
[1.048s] Level 1:colcon.colcon_core.environment:checking '/home/robotserver/Desktop/git/ROS/create3_examples_ws/install/create3_republisher/bin'
[1.049s] INFO:colcon.colcon_core.shell:Creating package script '/home/robotserver/Desktop/git/ROS/create3_examples_ws/install/create3_republisher/share/create3_republisher/package.ps1'
[1.049s] INFO:colcon.colcon_core.shell:Creating package descriptor '/home/robotserver/Desktop/git/ROS/create3_examples_ws/install/create3_republisher/share/create3_republisher/package.dsv'
[1.050s] INFO:colcon.colcon_core.shell:Creating package script '/home/robotserver/Desktop/git/ROS/create3_examples_ws/install/create3_republisher/share/create3_republisher/package.sh'
[1.051s] DEBUG:colcon.colcon_core.event_handler.log_command:Invoked command in '/home/robotserver/Desktop/git/ROS/create3_examples_ws/build/create3_republisher' returned '0': CMAKE_PREFIX_PATH=/opt/ros/humble CONDA_PROMPT_MODIFIER=(ros2_env) /usr/bin/cmake --install /home/robotserver/Desktop/git/ROS/create3_examples_ws/build/create3_republisher
[1.052s] INFO:colcon.colcon_core.shell:Creating package script '/home/robotserver/Desktop/git/ROS/create3_examples_ws/install/create3_republisher/share/create3_republisher/package.bash'
[1.052s] INFO:colcon.colcon_core.shell:Creating package script '/home/robotserver/Desktop/git/ROS/create3_examples_ws/install/create3_republisher/share/create3_republisher/package.zsh'
[1.053s] Level 1:colcon.colcon_core.environment:create_file_with_runtime_dependencies(/home/robotserver/Desktop/git/ROS/create3_examples_ws/install/create3_republisher/share/colcon-core/packages/create3_republisher)
[1.073s] Level 1:colcon.colcon_core.environment:create_environment_scripts_only(create3_lidar_slam)
[1.074s] Level 1:colcon.colcon_core.environment:checking '/home/robotserver/Desktop/git/ROS/create3_examples_ws/install/create3_lidar_slam' for CMake module files
[1.074s] Level 1:colcon.colcon_core.environment:checking '/home/robotserver/Desktop/git/ROS/create3_examples_ws/install/create3_lidar_slam' for CMake config files
[1.075s] Level 1:colcon.colcon_core.shell:create_environment_hook('create3_lidar_slam', 'cmake_prefix_path')
[1.075s] INFO:colcon.colcon_core.shell:Creating environment hook '/home/robotserver/Desktop/git/ROS/create3_examples_ws/install/create3_lidar_slam/share/create3_lidar_slam/hook/cmake_prefix_path.ps1'
[1.076s] INFO:colcon.colcon_core.shell:Creating environment descriptor '/home/robotserver/Desktop/git/ROS/create3_examples_ws/install/create3_lidar_slam/share/create3_lidar_slam/hook/cmake_prefix_path.dsv'
[1.077s] INFO:colcon.colcon_core.shell:Creating environment hook '/home/robotserver/Desktop/git/ROS/create3_examples_ws/install/create3_lidar_slam/share/create3_lidar_slam/hook/cmake_prefix_path.sh'
[1.080s] Level 1:colcon.colcon_core.environment:checking '/home/robotserver/Desktop/git/ROS/create3_examples_ws/install/create3_lidar_slam/bin'
[1.080s] Level 1:colcon.colcon_core.environment:checking '/home/robotserver/Desktop/git/ROS/create3_examples_ws/install/create3_lidar_slam/lib/pkgconfig/create3_lidar_slam.pc'
[1.080s] Level 1:colcon.colcon_core.environment:checking '/home/robotserver/Desktop/git/ROS/create3_examples_ws/install/create3_lidar_slam/lib/python3.10/site-packages'
[1.081s] Level 1:colcon.colcon_core.environment:checking '/home/robotserver/Desktop/git/ROS/create3_examples_ws/install/create3_lidar_slam/bin'
[1.082s] INFO:colcon.colcon_core.shell:Creating package script '/home/robotserver/Desktop/git/ROS/create3_examples_ws/install/create3_lidar_slam/share/create3_lidar_slam/package.ps1'
[1.083s] INFO:colcon.colcon_core.shell:Creating package descriptor '/home/robotserver/Desktop/git/ROS/create3_examples_ws/install/create3_lidar_slam/share/create3_lidar_slam/package.dsv'
[1.084s] INFO:colcon.colcon_core.shell:Creating package script '/home/robotserver/Desktop/git/ROS/create3_examples_ws/install/create3_lidar_slam/share/create3_lidar_slam/package.sh'
[1.084s] INFO:colcon.colcon_core.shell:Creating package script '/home/robotserver/Desktop/git/ROS/create3_examples_ws/install/create3_lidar_slam/share/create3_lidar_slam/package.bash'
[1.085s] INFO:colcon.colcon_core.shell:Creating package script '/home/robotserver/Desktop/git/ROS/create3_examples_ws/install/create3_lidar_slam/share/create3_lidar_slam/package.zsh'
[1.086s] Level 1:colcon.colcon_core.environment:create_file_with_runtime_dependencies(/home/robotserver/Desktop/git/ROS/create3_examples_ws/install/create3_lidar_slam/share/colcon-core/packages/create3_lidar_slam)
[1.095s] Level 1:colcon.colcon_core.environment:create_environment_scripts_only(create3_republisher)
[1.096s] Level 1:colcon.colcon_core.environment:checking '/home/robotserver/Desktop/git/ROS/create3_examples_ws/install/create3_republisher' for CMake module files
[1.097s] Level 1:colcon.colcon_core.environment:checking '/home/robotserver/Desktop/git/ROS/create3_examples_ws/install/create3_republisher' for CMake config files
[1.097s] Level 1:colcon.colcon_core.shell:create_environment_hook('create3_republisher', 'cmake_prefix_path')
[1.098s] INFO:colcon.colcon_core.shell:Creating environment hook '/home/robotserver/Desktop/git/ROS/create3_examples_ws/install/create3_republisher/share/create3_republisher/hook/cmake_prefix_path.ps1'
[1.098s] INFO:colcon.colcon_core.shell:Creating environment descriptor '/home/robotserver/Desktop/git/ROS/create3_examples_ws/install/create3_republisher/share/create3_republisher/hook/cmake_prefix_path.dsv'
[1.099s] INFO:colcon.colcon_core.shell:Creating environment hook '/home/robotserver/Desktop/git/ROS/create3_examples_ws/install/create3_republisher/share/create3_republisher/hook/cmake_prefix_path.sh'
[1.100s] Level 1:colcon.colcon_core.environment:checking '/home/robotserver/Desktop/git/ROS/create3_examples_ws/install/create3_republisher/lib'
[1.100s] Level 1:colcon.colcon_core.environment:checking '/home/robotserver/Desktop/git/ROS/create3_examples_ws/install/create3_republisher/bin'
[1.100s] Level 1:colcon.colcon_core.environment:checking '/home/robotserver/Desktop/git/ROS/create3_examples_ws/install/create3_republisher/lib/pkgconfig/create3_republisher.pc'
[1.100s] Level 1:colcon.colcon_core.environment:checking '/home/robotserver/Desktop/git/ROS/create3_examples_ws/install/create3_republisher/lib/python3.10/site-packages'
[1.101s] Level 1:colcon.colcon_core.environment:checking '/home/robotserver/Desktop/git/ROS/create3_examples_ws/install/create3_republisher/bin'
[1.101s] INFO:colcon.colcon_core.shell:Creating package script '/home/robotserver/Desktop/git/ROS/create3_examples_ws/install/create3_republisher/share/create3_republisher/package.ps1'
[1.102s] INFO:colcon.colcon_core.shell:Creating package descriptor '/home/robotserver/Desktop/git/ROS/create3_examples_ws/install/create3_republisher/share/create3_republisher/package.dsv'
[1.103s] INFO:colcon.colcon_core.shell:Creating package script '/home/robotserver/Desktop/git/ROS/create3_examples_ws/install/create3_republisher/share/create3_republisher/package.sh'
[1.103s] INFO:colcon.colcon_core.shell:Creating package script '/home/robotserver/Desktop/git/ROS/create3_examples_ws/install/create3_republisher/share/create3_republisher/package.bash'
[1.104s] INFO:colcon.colcon_core.shell:Creating package script '/home/robotserver/Desktop/git/ROS/create3_examples_ws/install/create3_republisher/share/create3_republisher/package.zsh'
[1.105s] Level 1:colcon.colcon_core.environment:create_file_with_runtime_dependencies(/home/robotserver/Desktop/git/ROS/create3_examples_ws/install/create3_republisher/share/colcon-core/packages/create3_republisher)
[1.496s] DEBUG:colcon.colcon_core.event_handler.log_command:Invoking command in '/home/robotserver/Desktop/git/ROS/create3_examples_ws/src/create3_examples/create3_examples_py': CONDA_PROMPT_MODIFIER=(ros2_env) PYTHONPATH=/home/robotserver/Desktop/git/ROS/create3_examples_ws/build/create3_examples_py/prefix_override:/usr/lib/python3/dist-packages/colcon_core/task/python/colcon_distutils_commands:/home/robotserver/Desktop/git/ROS/create3_examples_ws/install/create3_examples_py/lib/python3.10/site-packages:${PYTHONPATH} /usr/bin/python3 -W ignore:setup.py install is deprecated setup.py egg_info --egg-base ../../../build/create3_examples_py build --build-base /home/robotserver/Desktop/git/ROS/create3_examples_ws/build/create3_examples_py/build install --record /home/robotserver/Desktop/git/ROS/create3_examples_ws/build/create3_examples_py/install.log --single-version-externally-managed install_data
[1.510s] DEBUG:colcon.colcon_core.event_handler.log_command:Invoking command in '/home/robotserver/Desktop/git/ROS/create3_examples_ws/src/create3_examples/create3_teleop': CONDA_PROMPT_MODIFIER=(ros2_env) PYTHONPATH=/home/robotserver/Desktop/git/ROS/create3_examples_ws/build/create3_teleop/prefix_override:/usr/lib/python3/dist-packages/colcon_core/task/python/colcon_distutils_commands:/home/robotserver/Desktop/git/ROS/create3_examples_ws/install/create3_teleop/lib/python3.10/site-packages:${PYTHONPATH} /usr/bin/python3 -W ignore:setup.py install is deprecated setup.py egg_info --egg-base ../../../build/create3_teleop build --build-base /home/robotserver/Desktop/git/ROS/create3_examples_ws/build/create3_teleop/build install --record /home/robotserver/Desktop/git/ROS/create3_examples_ws/build/create3_teleop/install.log --single-version-externally-managed install_data
[2.017s] Level 1:colcon.colcon_core.environment:checking '/home/robotserver/Desktop/git/ROS/create3_examples_ws/install/create3_examples_py' for CMake module files
[2.018s] Level 1:colcon.colcon_core.environment:checking '/home/robotserver/Desktop/git/ROS/create3_examples_ws/install/create3_examples_py' for CMake config files
[2.019s] Level 1:colcon.colcon_core.environment:checking '/home/robotserver/Desktop/git/ROS/create3_examples_ws/install/create3_examples_py/lib'
[2.020s] Level 1:colcon.colcon_core.environment:checking '/home/robotserver/Desktop/git/ROS/create3_examples_ws/install/create3_examples_py/bin'
[2.020s] Level 1:colcon.colcon_core.environment:checking '/home/robotserver/Desktop/git/ROS/create3_examples_ws/install/create3_examples_py/lib/pkgconfig/create3_examples_py.pc'
[2.020s] Level 1:colcon.colcon_core.environment:checking '/home/robotserver/Desktop/git/ROS/create3_examples_ws/install/create3_examples_py/lib/python3.10/site-packages'
[2.020s] Level 1:colcon.colcon_core.shell:create_environment_hook('create3_examples_py', 'pythonpath')
[2.021s] INFO:colcon.colcon_core.shell:Creating environment hook '/home/robotserver/Desktop/git/ROS/create3_examples_ws/install/create3_examples_py/share/create3_examples_py/hook/pythonpath.ps1'
[2.021s] INFO:colcon.colcon_core.shell:Creating environment descriptor '/home/robotserver/Desktop/git/ROS/create3_examples_ws/install/create3_examples_py/share/create3_examples_py/hook/pythonpath.dsv'
[2.022s] INFO:colcon.colcon_core.shell:Creating environment hook '/home/robotserver/Desktop/git/ROS/create3_examples_ws/install/create3_examples_py/share/create3_examples_py/hook/pythonpath.sh'
[2.023s] Level 1:colcon.colcon_core.environment:checking '/home/robotserver/Desktop/git/ROS/create3_examples_ws/install/create3_examples_py/bin'
[2.023s] Level 1:colcon.colcon_core.environment:create_environment_scripts_only(create3_examples_py)
[2.023s] INFO:colcon.colcon_core.shell:Creating package script '/home/robotserver/Desktop/git/ROS/create3_examples_ws/install/create3_examples_py/share/create3_examples_py/package.ps1'
[2.025s] DEBUG:colcon.colcon_core.event_handler.log_command:Invoked command in '/home/robotserver/Desktop/git/ROS/create3_examples_ws/src/create3_examples/create3_examples_py' returned '0': CONDA_PROMPT_MODIFIER=(ros2_env) PYTHONPATH=/home/robotserver/Desktop/git/ROS/create3_examples_ws/build/create3_examples_py/prefix_override:/usr/lib/python3/dist-packages/colcon_core/task/python/colcon_distutils_commands:/home/robotserver/Desktop/git/ROS/create3_examples_ws/install/create3_examples_py/lib/python3.10/site-packages:${PYTHONPATH} /usr/bin/python3 -W ignore:setup.py install is deprecated setup.py egg_info --egg-base ../../../build/create3_examples_py build --build-base /home/robotserver/Desktop/git/ROS/create3_examples_ws/build/create3_examples_py/build install --record /home/robotserver/Desktop/git/ROS/create3_examples_ws/build/create3_examples_py/install.log --single-version-externally-managed install_data
[2.025s] INFO:colcon.colcon_core.shell:Creating package descriptor '/home/robotserver/Desktop/git/ROS/create3_examples_ws/install/create3_examples_py/share/create3_examples_py/package.dsv'
[2.026s] INFO:colcon.colcon_core.shell:Creating package script '/home/robotserver/Desktop/git/ROS/create3_examples_ws/install/create3_examples_py/share/create3_examples_py/package.sh'
[2.026s] INFO:colcon.colcon_core.shell:Creating package script '/home/robotserver/Desktop/git/ROS/create3_examples_ws/install/create3_examples_py/share/create3_examples_py/package.bash'
[2.027s] INFO:colcon.colcon_core.shell:Creating package script '/home/robotserver/Desktop/git/ROS/create3_examples_ws/install/create3_examples_py/share/create3_examples_py/package.zsh'
[2.027s] Level 1:colcon.colcon_core.environment:create_file_with_runtime_dependencies(/home/robotserver/Desktop/git/ROS/create3_examples_ws/install/create3_examples_py/share/colcon-core/packages/create3_examples_py)
[2.068s] Level 1:colcon.colcon_core.environment:checking '/home/robotserver/Desktop/git/ROS/create3_examples_ws/install/create3_teleop' for CMake module files
[2.069s] DEBUG:colcon.colcon_core.event_handler.log_command:Invoked command in '/home/robotserver/Desktop/git/ROS/create3_examples_ws/src/create3_examples/create3_teleop' returned '0': CONDA_PROMPT_MODIFIER=(ros2_env) PYTHONPATH=/home/robotserver/Desktop/git/ROS/create3_examples_ws/build/create3_teleop/prefix_override:/usr/lib/python3/dist-packages/colcon_core/task/python/colcon_distutils_commands:/home/robotserver/Desktop/git/ROS/create3_examples_ws/install/create3_teleop/lib/python3.10/site-packages:${PYTHONPATH} /usr/bin/python3 -W ignore:setup.py install is deprecated setup.py egg_info --egg-base ../../../build/create3_teleop build --build-base /home/robotserver/Desktop/git/ROS/create3_examples_ws/build/create3_teleop/build install --record /home/robotserver/Desktop/git/ROS/create3_examples_ws/build/create3_teleop/install.log --single-version-externally-managed install_data
[2.069s] Level 1:colcon.colcon_core.environment:checking '/home/robotserver/Desktop/git/ROS/create3_examples_ws/install/create3_teleop' for CMake config files
[2.070s] Level 1:colcon.colcon_core.environment:checking '/home/robotserver/Desktop/git/ROS/create3_examples_ws/install/create3_teleop/lib'
[2.070s] Level 1:colcon.colcon_core.environment:checking '/home/robotserver/Desktop/git/ROS/create3_examples_ws/install/create3_teleop/bin'
[2.070s] Level 1:colcon.colcon_core.environment:checking '/home/robotserver/Desktop/git/ROS/create3_examples_ws/install/create3_teleop/lib/pkgconfig/create3_teleop.pc'
[2.070s] Level 1:colcon.colcon_core.environment:checking '/home/robotserver/Desktop/git/ROS/create3_examples_ws/install/create3_teleop/lib/python3.10/site-packages'
[2.070s] Level 1:colcon.colcon_core.shell:create_environment_hook('create3_teleop', 'pythonpath')
[2.071s] INFO:colcon.colcon_core.shell:Creating environment hook '/home/robotserver/Desktop/git/ROS/create3_examples_ws/install/create3_teleop/share/create3_teleop/hook/pythonpath.ps1'
[2.071s] INFO:colcon.colcon_core.shell:Creating environment descriptor '/home/robotserver/Desktop/git/ROS/create3_examples_ws/install/create3_teleop/share/create3_teleop/hook/pythonpath.dsv'
[2.072s] INFO:colcon.colcon_core.shell:Creating environment hook '/home/robotserver/Desktop/git/ROS/create3_examples_ws/install/create3_teleop/share/create3_teleop/hook/pythonpath.sh'
[2.073s] Level 1:colcon.colcon_core.environment:checking '/home/robotserver/Desktop/git/ROS/create3_examples_ws/install/create3_teleop/bin'
[2.073s] Level 1:colcon.colcon_core.environment:create_environment_scripts_only(create3_teleop)
[2.073s] INFO:colcon.colcon_core.shell:Creating package script '/home/robotserver/Desktop/git/ROS/create3_examples_ws/install/create3_teleop/share/create3_teleop/package.ps1'
[2.074s] INFO:colcon.colcon_core.shell:Creating package descriptor '/home/robotserver/Desktop/git/ROS/create3_examples_ws/install/create3_teleop/share/create3_teleop/package.dsv'
[2.074s] INFO:colcon.colcon_core.shell:Creating package script '/home/robotserver/Desktop/git/ROS/create3_examples_ws/install/create3_teleop/share/create3_teleop/package.sh'
[2.074s] INFO:colcon.colcon_core.shell:Creating package script '/home/robotserver/Desktop/git/ROS/create3_examples_ws/install/create3_teleop/share/create3_teleop/package.bash'
[2.075s] INFO:colcon.colcon_core.shell:Creating package script '/home/robotserver/Desktop/git/ROS/create3_examples_ws/install/create3_teleop/share/create3_teleop/package.zsh'
[2.075s] Level 1:colcon.colcon_core.environment:create_file_with_runtime_dependencies(/home/robotserver/Desktop/git/ROS/create3_examples_ws/install/create3_teleop/share/colcon-core/packages/create3_teleop)
[3.721s] DEBUG:colcon.colcon_core.event_handler.log_command:Invoked command in '/home/robotserver/Desktop/git/ROS/create3_examples_ws/build/create3_examples_msgs' returned '0': CMAKE_PREFIX_PATH=/opt/ros/humble CONDA_PROMPT_MODIFIER=(ros2_env) /usr/bin/cmake --build /home/robotserver/Desktop/git/ROS/create3_examples_ws/build/create3_examples_msgs -- -j8 -l8
[3.772s] DEBUG:colcon.colcon_core.event_handler.log_command:Invoking command in '/home/robotserver/Desktop/git/ROS/create3_examples_ws/build/create3_examples_msgs': CMAKE_PREFIX_PATH=/opt/ros/humble CONDA_PROMPT_MODIFIER=(ros2_env) /usr/bin/cmake --install /home/robotserver/Desktop/git/ROS/create3_examples_ws/build/create3_examples_msgs
[3.842s] Level 1:colcon.colcon_core.environment:create_environment_scripts_only(create3_examples_msgs)
[3.842s] Level 1:colcon.colcon_core.environment:checking '/home/robotserver/Desktop/git/ROS/create3_examples_ws/install/create3_examples_msgs' for CMake module files
[3.843s] DEBUG:colcon.colcon_core.event_handler.log_command:Invoked command in '/home/robotserver/Desktop/git/ROS/create3_examples_ws/build/create3_examples_msgs' returned '0': CMAKE_PREFIX_PATH=/opt/ros/humble CONDA_PROMPT_MODIFIER=(ros2_env) /usr/bin/cmake --install /home/robotserver/Desktop/git/ROS/create3_examples_ws/build/create3_examples_msgs
[3.843s] Level 1:colcon.colcon_core.environment:checking '/home/robotserver/Desktop/git/ROS/create3_examples_ws/install/create3_examples_msgs' for CMake config files
[3.844s] Level 1:colcon.colcon_core.shell:create_environment_hook('create3_examples_msgs', 'cmake_prefix_path')
[3.844s] INFO:colcon.colcon_core.shell:Creating environment hook '/home/robotserver/Desktop/git/ROS/create3_examples_ws/install/create3_examples_msgs/share/create3_examples_msgs/hook/cmake_prefix_path.ps1'
[3.844s] INFO:colcon.colcon_core.shell:Creating environment descriptor '/home/robotserver/Desktop/git/ROS/create3_examples_ws/install/create3_examples_msgs/share/create3_examples_msgs/hook/cmake_prefix_path.dsv'
[3.845s] INFO:colcon.colcon_core.shell:Creating environment hook '/home/robotserver/Desktop/git/ROS/create3_examples_ws/install/create3_examples_msgs/share/create3_examples_msgs/hook/cmake_prefix_path.sh'
[3.845s] Level 1:colcon.colcon_core.environment:checking '/home/robotserver/Desktop/git/ROS/create3_examples_ws/install/create3_examples_msgs/lib'
[3.845s] Level 1:colcon.colcon_core.shell:create_environment_hook('create3_examples_msgs', 'ld_library_path_lib')
[3.845s] INFO:colcon.colcon_core.shell:Creating environment hook '/home/robotserver/Desktop/git/ROS/create3_examples_ws/install/create3_examples_msgs/share/create3_examples_msgs/hook/ld_library_path_lib.ps1'
[3.846s] INFO:colcon.colcon_core.shell:Creating environment descriptor '/home/robotserver/Desktop/git/ROS/create3_examples_ws/install/create3_examples_msgs/share/create3_examples_msgs/hook/ld_library_path_lib.dsv'
[3.846s] INFO:colcon.colcon_core.shell:Creating environment hook '/home/robotserver/Desktop/git/ROS/create3_examples_ws/install/create3_examples_msgs/share/create3_examples_msgs/hook/ld_library_path_lib.sh'
[3.846s] Level 1:colcon.colcon_core.environment:checking '/home/robotserver/Desktop/git/ROS/create3_examples_ws/install/create3_examples_msgs/bin'
[3.846s] Level 1:colcon.colcon_core.environment:checking '/home/robotserver/Desktop/git/ROS/create3_examples_ws/install/create3_examples_msgs/lib/pkgconfig/create3_examples_msgs.pc'
[3.846s] Level 1:colcon.colcon_core.environment:checking '/home/robotserver/Desktop/git/ROS/create3_examples_ws/install/create3_examples_msgs/lib/python3.10/site-packages'
[3.847s] Level 1:colcon.colcon_core.environment:checking '/home/robotserver/Desktop/git/ROS/create3_examples_ws/install/create3_examples_msgs/bin'
[3.847s] INFO:colcon.colcon_core.shell:Creating package script '/home/robotserver/Desktop/git/ROS/create3_examples_ws/install/create3_examples_msgs/share/create3_examples_msgs/package.ps1'
[3.847s] INFO:colcon.colcon_core.shell:Creating package descriptor '/home/robotserver/Desktop/git/ROS/create3_examples_ws/install/create3_examples_msgs/share/create3_examples_msgs/package.dsv'
[3.848s] INFO:colcon.colcon_core.shell:Creating package script '/home/robotserver/Desktop/git/ROS/create3_examples_ws/install/create3_examples_msgs/share/create3_examples_msgs/package.sh'
[3.848s] INFO:colcon.colcon_core.shell:Creating package script '/home/robotserver/Desktop/git/ROS/create3_examples_ws/install/create3_examples_msgs/share/create3_examples_msgs/package.bash'
[3.848s] INFO:colcon.colcon_core.shell:Creating package script '/home/robotserver/Desktop/git/ROS/create3_examples_ws/install/create3_examples_msgs/share/create3_examples_msgs/package.zsh'
[3.849s] Level 1:colcon.colcon_core.environment:create_file_with_runtime_dependencies(/home/robotserver/Desktop/git/ROS/create3_examples_ws/install/create3_examples_msgs/share/colcon-core/packages/create3_examples_msgs)
[3.900s] Level 1:colcon.colcon_core.environment:create_environment_scripts_only(create3_examples_msgs)
[3.901s] Level 1:colcon.colcon_core.environment:checking '/home/robotserver/Desktop/git/ROS/create3_examples_ws/install/create3_examples_msgs' for CMake module files
[3.901s] Level 1:colcon.colcon_core.environment:checking '/home/robotserver/Desktop/git/ROS/create3_examples_ws/install/create3_examples_msgs' for CMake config files
[3.901s] Level 1:colcon.colcon_core.shell:create_environment_hook('create3_examples_msgs', 'cmake_prefix_path')
[3.902s] INFO:colcon.colcon_core.shell:Creating environment hook '/home/robotserver/Desktop/git/ROS/create3_examples_ws/install/create3_examples_msgs/share/create3_examples_msgs/hook/cmake_prefix_path.ps1'
[3.902s] INFO:colcon.colcon_core.shell:Creating environment descriptor '/home/robotserver/Desktop/git/ROS/create3_examples_ws/install/create3_examples_msgs/share/create3_examples_msgs/hook/cmake_prefix_path.dsv'
[3.902s] INFO:colcon.colcon_core.shell:Creating environment hook '/home/robotserver/Desktop/git/ROS/create3_examples_ws/install/create3_examples_msgs/share/create3_examples_msgs/hook/cmake_prefix_path.sh'
[3.903s] Level 1:colcon.colcon_core.environment:checking '/home/robotserver/Desktop/git/ROS/create3_examples_ws/install/create3_examples_msgs/lib'
[3.903s] Level 1:colcon.colcon_core.shell:create_environment_hook('create3_examples_msgs', 'ld_library_path_lib')
[3.903s] INFO:colcon.colcon_core.shell:Creating environment hook '/home/robotserver/Desktop/git/ROS/create3_examples_ws/install/create3_examples_msgs/share/create3_examples_msgs/hook/ld_library_path_lib.ps1'
[3.903s] INFO:colcon.colcon_core.shell:Creating environment descriptor '/home/robotserver/Desktop/git/ROS/create3_examples_ws/install/create3_examples_msgs/share/create3_examples_msgs/hook/ld_library_path_lib.dsv'
[3.904s] INFO:colcon.colcon_core.shell:Creating environment hook '/home/robotserver/Desktop/git/ROS/create3_examples_ws/install/create3_examples_msgs/share/create3_examples_msgs/hook/ld_library_path_lib.sh'
[3.904s] Level 1:colcon.colcon_core.environment:checking '/home/robotserver/Desktop/git/ROS/create3_examples_ws/install/create3_examples_msgs/bin'
[3.904s] Level 1:colcon.colcon_core.environment:checking '/home/robotserver/Desktop/git/ROS/create3_examples_ws/install/create3_examples_msgs/lib/pkgconfig/create3_examples_msgs.pc'
[3.904s] Level 1:colcon.colcon_core.environment:checking '/home/robotserver/Desktop/git/ROS/create3_examples_ws/install/create3_examples_msgs/lib/python3.10/site-packages'
[3.905s] Level 1:colcon.colcon_core.environment:checking '/home/robotserver/Desktop/git/ROS/create3_examples_ws/install/create3_examples_msgs/bin'
[3.905s] INFO:colcon.colcon_core.shell:Creating package script '/home/robotserver/Desktop/git/ROS/create3_examples_ws/install/create3_examples_msgs/share/create3_examples_msgs/package.ps1'
[3.905s] INFO:colcon.colcon_core.shell:Creating package descriptor '/home/robotserver/Desktop/git/ROS/create3_examples_ws/install/create3_examples_msgs/share/create3_examples_msgs/package.dsv'
[3.906s] INFO:colcon.colcon_core.shell:Creating package script '/home/robotserver/Desktop/git/ROS/create3_examples_ws/install/create3_examples_msgs/share/create3_examples_msgs/package.sh'
[3.906s] INFO:colcon.colcon_core.shell:Creating package script '/home/robotserver/Desktop/git/ROS/create3_examples_ws/install/create3_examples_msgs/share/create3_examples_msgs/package.bash'
[3.906s] INFO:colcon.colcon_core.shell:Creating package script '/home/robotserver/Desktop/git/ROS/create3_examples_ws/install/create3_examples_msgs/share/create3_examples_msgs/package.zsh'
[3.907s] Level 1:colcon.colcon_core.environment:create_file_with_runtime_dependencies(/home/robotserver/Desktop/git/ROS/create3_examples_ws/install/create3_examples_msgs/share/colcon-core/packages/create3_examples_msgs)
[3.907s] INFO:colcon.colcon_ros.task.ament_cmake.build:Building ROS package in '/home/robotserver/Desktop/git/ROS/create3_examples_ws/src/create3_examples/create3_coverage' with build type 'ament_cmake'
[3.907s] INFO:colcon.colcon_cmake.task.cmake.build:Building CMake package in '/home/robotserver/Desktop/git/ROS/create3_examples_ws/src/create3_examples/create3_coverage'
[3.908s] INFO:colcon.colcon_core.shell:Skip shell extension 'powershell' for command environment: Not usable outside of PowerShell
[3.908s] DEBUG:colcon.colcon_core.shell:Skip shell extension 'dsv' for command environment
[3.916s] DEBUG:colcon.colcon_core.event_handler.log_command:Invoking command in '/home/robotserver/Desktop/git/ROS/create3_examples_ws/build/create3_coverage': AMENT_PREFIX_PATH=/home/robotserver/Desktop/git/ROS/create3_examples_ws/install/create3_examples_msgs:${AMENT_PREFIX_PATH} CMAKE_PREFIX_PATH=/home/robotserver/Desktop/git/ROS/create3_examples_ws/install/create3_examples_msgs:/opt/ros/humble CONDA_PROMPT_MODIFIER=(ros2_env) LD_LIBRARY_PATH=/home/robotserver/Desktop/git/ROS/create3_examples_ws/install/create3_examples_msgs/lib:${LD_LIBRARY_PATH} PYTHONPATH=/home/robotserver/Desktop/git/ROS/create3_examples_ws/install/create3_examples_msgs/lib/python3.9/site-packages:${PYTHONPATH} /usr/bin/cmake /home/robotserver/Desktop/git/ROS/create3_examples_ws/src/create3_examples/create3_coverage -DCMAKE_INSTALL_PREFIX=/home/robotserver/Desktop/git/ROS/create3_examples_ws/install/create3_coverage
[6.072s] DEBUG:colcon.colcon_core.event_handler.log_command:Invoked command in '/home/robotserver/Desktop/git/ROS/create3_examples_ws/build/create3_coverage' returned '0': AMENT_PREFIX_PATH=/home/robotserver/Desktop/git/ROS/create3_examples_ws/install/create3_examples_msgs:${AMENT_PREFIX_PATH} CMAKE_PREFIX_PATH=/home/robotserver/Desktop/git/ROS/create3_examples_ws/install/create3_examples_msgs:/opt/ros/humble CONDA_PROMPT_MODIFIER=(ros2_env) LD_LIBRARY_PATH=/home/robotserver/Desktop/git/ROS/create3_examples_ws/install/create3_examples_msgs/lib:${LD_LIBRARY_PATH} PYTHONPATH=/home/robotserver/Desktop/git/ROS/create3_examples_ws/install/create3_examples_msgs/lib/python3.9/site-packages:${PYTHONPATH} /usr/bin/cmake /home/robotserver/Desktop/git/ROS/create3_examples_ws/src/create3_examples/create3_coverage -DCMAKE_INSTALL_PREFIX=/home/robotserver/Desktop/git/ROS/create3_examples_ws/install/create3_coverage
[6.074s] DEBUG:colcon.colcon_core.event_handler.log_command:Invoking command in '/home/robotserver/Desktop/git/ROS/create3_examples_ws/build/create3_coverage': AMENT_PREFIX_PATH=/home/robotserver/Desktop/git/ROS/create3_examples_ws/install/create3_examples_msgs:${AMENT_PREFIX_PATH} CMAKE_PREFIX_PATH=/home/robotserver/Desktop/git/ROS/create3_examples_ws/install/create3_examples_msgs:/opt/ros/humble CONDA_PROMPT_MODIFIER=(ros2_env) LD_LIBRARY_PATH=/home/robotserver/Desktop/git/ROS/create3_examples_ws/install/create3_examples_msgs/lib:${LD_LIBRARY_PATH} PYTHONPATH=/home/robotserver/Desktop/git/ROS/create3_examples_ws/install/create3_examples_msgs/lib/python3.9/site-packages:${PYTHONPATH} /usr/bin/cmake --build /home/robotserver/Desktop/git/ROS/create3_examples_ws/build/create3_coverage -- -j8 -l8
[35.189s] DEBUG:colcon.colcon_core.event_handler.log_command:Invoked command in '/home/robotserver/Desktop/git/ROS/create3_examples_ws/build/create3_coverage' returned '0': AMENT_PREFIX_PATH=/home/robotserver/Desktop/git/ROS/create3_examples_ws/install/create3_examples_msgs:${AMENT_PREFIX_PATH} CMAKE_PREFIX_PATH=/home/robotserver/Desktop/git/ROS/create3_examples_ws/install/create3_examples_msgs:/opt/ros/humble CONDA_PROMPT_MODIFIER=(ros2_env) LD_LIBRARY_PATH=/home/robotserver/Desktop/git/ROS/create3_examples_ws/install/create3_examples_msgs/lib:${LD_LIBRARY_PATH} PYTHONPATH=/home/robotserver/Desktop/git/ROS/create3_examples_ws/install/create3_examples_msgs/lib/python3.9/site-packages:${PYTHONPATH} /usr/bin/cmake --build /home/robotserver/Desktop/git/ROS/create3_examples_ws/build/create3_coverage -- -j8 -l8
[35.229s] DEBUG:colcon.colcon_core.event_handler.log_command:Invoking command in '/home/robotserver/Desktop/git/ROS/create3_examples_ws/build/create3_coverage': AMENT_PREFIX_PATH=/home/robotserver/Desktop/git/ROS/create3_examples_ws/install/create3_examples_msgs:${AMENT_PREFIX_PATH} CMAKE_PREFIX_PATH=/home/robotserver/Desktop/git/ROS/create3_examples_ws/install/create3_examples_msgs:/opt/ros/humble CONDA_PROMPT_MODIFIER=(ros2_env) LD_LIBRARY_PATH=/home/robotserver/Desktop/git/ROS/create3_examples_ws/install/create3_examples_msgs/lib:${LD_LIBRARY_PATH} PYTHONPATH=/home/robotserver/Desktop/git/ROS/create3_examples_ws/install/create3_examples_msgs/lib/python3.9/site-packages:${PYTHONPATH} /usr/bin/cmake --install /home/robotserver/Desktop/git/ROS/create3_examples_ws/build/create3_coverage
[35.263s] Level 1:colcon.colcon_core.environment:create_environment_scripts_only(create3_coverage)
[35.263s] Level 1:colcon.colcon_core.environment:checking '/home/robotserver/Desktop/git/ROS/create3_examples_ws/install/create3_coverage' for CMake module files
[35.263s] DEBUG:colcon.colcon_core.event_handler.log_command:Invoked command in '/home/robotserver/Desktop/git/ROS/create3_examples_ws/build/create3_coverage' returned '0': AMENT_PREFIX_PATH=/home/robotserver/Desktop/git/ROS/create3_examples_ws/install/create3_examples_msgs:${AMENT_PREFIX_PATH} CMAKE_PREFIX_PATH=/home/robotserver/Desktop/git/ROS/create3_examples_ws/install/create3_examples_msgs:/opt/ros/humble CONDA_PROMPT_MODIFIER=(ros2_env) LD_LIBRARY_PATH=/home/robotserver/Desktop/git/ROS/create3_examples_ws/install/create3_examples_msgs/lib:${LD_LIBRARY_PATH} PYTHONPATH=/home/robotserver/Desktop/git/ROS/create3_examples_ws/install/create3_examples_msgs/lib/python3.9/site-packages:${PYTHONPATH} /usr/bin/cmake --install /home/robotserver/Desktop/git/ROS/create3_examples_ws/build/create3_coverage
[35.264s] Level 1:colcon.colcon_core.environment:checking '/home/robotserver/Desktop/git/ROS/create3_examples_ws/install/create3_coverage' for CMake config files
[35.264s] Level 1:colcon.colcon_core.shell:create_environment_hook('create3_coverage', 'cmake_prefix_path')
[35.264s] INFO:colcon.colcon_core.shell:Creating environment hook '/home/robotserver/Desktop/git/ROS/create3_examples_ws/install/create3_coverage/share/create3_coverage/hook/cmake_prefix_path.ps1'
[35.265s] INFO:colcon.colcon_core.shell:Creating environment descriptor '/home/robotserver/Desktop/git/ROS/create3_examples_ws/install/create3_coverage/share/create3_coverage/hook/cmake_prefix_path.dsv'
[35.265s] INFO:colcon.colcon_core.shell:Creating environment hook '/home/robotserver/Desktop/git/ROS/create3_examples_ws/install/create3_coverage/share/create3_coverage/hook/cmake_prefix_path.sh'
[35.265s] Level 1:colcon.colcon_core.environment:checking '/home/robotserver/Desktop/git/ROS/create3_examples_ws/install/create3_coverage/lib'
[35.266s] Level 1:colcon.colcon_core.shell:create_environment_hook('create3_coverage', 'ld_library_path_lib')
[35.266s] INFO:colcon.colcon_core.shell:Creating environment hook '/home/robotserver/Desktop/git/ROS/create3_examples_ws/install/create3_coverage/share/create3_coverage/hook/ld_library_path_lib.ps1'
[35.266s] INFO:colcon.colcon_core.shell:Creating environment descriptor '/home/robotserver/Desktop/git/ROS/create3_examples_ws/install/create3_coverage/share/create3_coverage/hook/ld_library_path_lib.dsv'
[35.266s] INFO:colcon.colcon_core.shell:Creating environment hook '/home/robotserver/Desktop/git/ROS/create3_examples_ws/install/create3_coverage/share/create3_coverage/hook/ld_library_path_lib.sh'
[35.267s] Level 1:colcon.colcon_core.environment:checking '/home/robotserver/Desktop/git/ROS/create3_examples_ws/install/create3_coverage/bin'
[35.267s] Level 1:colcon.colcon_core.environment:checking '/home/robotserver/Desktop/git/ROS/create3_examples_ws/install/create3_coverage/lib/pkgconfig/create3_coverage.pc'
[35.267s] Level 1:colcon.colcon_core.environment:checking '/home/robotserver/Desktop/git/ROS/create3_examples_ws/install/create3_coverage/lib/python3.10/site-packages'
[35.267s] Level 1:colcon.colcon_core.environment:checking '/home/robotserver/Desktop/git/ROS/create3_examples_ws/install/create3_coverage/bin'
[35.267s] INFO:colcon.colcon_core.shell:Creating package script '/home/robotserver/Desktop/git/ROS/create3_examples_ws/install/create3_coverage/share/create3_coverage/package.ps1'
[35.268s] INFO:colcon.colcon_core.shell:Creating package descriptor '/home/robotserver/Desktop/git/ROS/create3_examples_ws/install/create3_coverage/share/create3_coverage/package.dsv'
[35.268s] INFO:colcon.colcon_core.shell:Creating package script '/home/robotserver/Desktop/git/ROS/create3_examples_ws/install/create3_coverage/share/create3_coverage/package.sh'
[35.268s] INFO:colcon.colcon_core.shell:Creating package script '/home/robotserver/Desktop/git/ROS/create3_examples_ws/install/create3_coverage/share/create3_coverage/package.bash'
[35.269s] INFO:colcon.colcon_core.shell:Creating package script '/home/robotserver/Desktop/git/ROS/create3_examples_ws/install/create3_coverage/share/create3_coverage/package.zsh'
[35.269s] Level 1:colcon.colcon_core.environment:create_file_with_runtime_dependencies(/home/robotserver/Desktop/git/ROS/create3_examples_ws/install/create3_coverage/share/colcon-core/packages/create3_coverage)
[35.310s] Level 1:colcon.colcon_core.environment:create_environment_scripts_only(create3_coverage)
[35.310s] Level 1:colcon.colcon_core.environment:checking '/home/robotserver/Desktop/git/ROS/create3_examples_ws/install/create3_coverage' for CMake module files
[35.310s] Level 1:colcon.colcon_core.environment:checking '/home/robotserver/Desktop/git/ROS/create3_examples_ws/install/create3_coverage' for CMake config files
[35.311s] Level 1:colcon.colcon_core.shell:create_environment_hook('create3_coverage', 'cmake_prefix_path')
[35.311s] INFO:colcon.colcon_core.shell:Creating environment hook '/home/robotserver/Desktop/git/ROS/create3_examples_ws/install/create3_coverage/share/create3_coverage/hook/cmake_prefix_path.ps1'
[35.311s] INFO:colcon.colcon_core.shell:Creating environment descriptor '/home/robotserver/Desktop/git/ROS/create3_examples_ws/install/create3_coverage/share/create3_coverage/hook/cmake_prefix_path.dsv'
[35.312s] INFO:colcon.colcon_core.shell:Creating environment hook '/home/robotserver/Desktop/git/ROS/create3_examples_ws/install/create3_coverage/share/create3_coverage/hook/cmake_prefix_path.sh'
[35.312s] Level 1:colcon.colcon_core.environment:checking '/home/robotserver/Desktop/git/ROS/create3_examples_ws/install/create3_coverage/lib'
[35.312s] Level 1:colcon.colcon_core.shell:create_environment_hook('create3_coverage', 'ld_library_path_lib')
[35.312s] INFO:colcon.colcon_core.shell:Creating environment hook '/home/robotserver/Desktop/git/ROS/create3_examples_ws/install/create3_coverage/share/create3_coverage/hook/ld_library_path_lib.ps1'
[35.313s] INFO:colcon.colcon_core.shell:Creating environment descriptor '/home/robotserver/Desktop/git/ROS/create3_examples_ws/install/create3_coverage/share/create3_coverage/hook/ld_library_path_lib.dsv'
[35.313s] INFO:colcon.colcon_core.shell:Creating environment hook '/home/robotserver/Desktop/git/ROS/create3_examples_ws/install/create3_coverage/share/create3_coverage/hook/ld_library_path_lib.sh'
[35.314s] Level 1:colcon.colcon_core.environment:checking '/home/robotserver/Desktop/git/ROS/create3_examples_ws/install/create3_coverage/bin'
[35.314s] Level 1:colcon.colcon_core.environment:checking '/home/robotserver/Desktop/git/ROS/create3_examples_ws/install/create3_coverage/lib/pkgconfig/create3_coverage.pc'
[35.314s] Level 1:colcon.colcon_core.environment:checking '/home/robotserver/Desktop/git/ROS/create3_examples_ws/install/create3_coverage/lib/python3.10/site-packages'
[35.314s] Level 1:colcon.colcon_core.environment:checking '/home/robotserver/Desktop/git/ROS/create3_examples_ws/install/create3_coverage/bin'
[35.314s] INFO:colcon.colcon_core.shell:Creating package script '/home/robotserver/Desktop/git/ROS/create3_examples_ws/install/create3_coverage/share/create3_coverage/package.ps1'
[35.315s] INFO:colcon.colcon_core.shell:Creating package descriptor '/home/robotserver/Desktop/git/ROS/create3_examples_ws/install/create3_coverage/share/create3_coverage/package.dsv'
[35.315s] INFO:colcon.colcon_core.shell:Creating package script '/home/robotserver/Desktop/git/ROS/create3_examples_ws/install/create3_coverage/share/create3_coverage/package.sh'
[35.316s] INFO:colcon.colcon_core.shell:Creating package script '/home/robotserver/Desktop/git/ROS/create3_examples_ws/install/create3_coverage/share/create3_coverage/package.bash'
[35.316s] INFO:colcon.colcon_core.shell:Creating package script '/home/robotserver/Desktop/git/ROS/create3_examples_ws/install/create3_coverage/share/create3_coverage/package.zsh'
[35.316s] Level 1:colcon.colcon_core.environment:create_file_with_runtime_dependencies(/home/robotserver/Desktop/git/ROS/create3_examples_ws/install/create3_coverage/share/colcon-core/packages/create3_coverage)
[35.317s] DEBUG:colcon.colcon_parallel_executor.executor.parallel:closing loop
[35.317s] DEBUG:colcon.colcon_parallel_executor.executor.parallel:loop closed
[35.317s] DEBUG:colcon.colcon_parallel_executor.executor.parallel:run_until_complete finished with '0'
[35.317s] DEBUG:colcon.colcon_core.event_reactor:joining thread
[35.322s] INFO:colcon.colcon_core.plugin_system:Skipping extension 'colcon_notification.desktop_notification.terminal_notifier': Not used on non-Darwin systems
[35.322s] INFO:colcon.colcon_core.plugin_system:Skipping extension 'colcon_notification.desktop_notification.win32': Not used on non-Windows systems
[35.322s] INFO:colcon.colcon_notification.desktop_notification:Sending desktop notification using 'notify2'
[35.334s] DEBUG:colcon.colcon_core.event_reactor:joined thread
[35.335s] INFO:colcon.colcon_core.shell:Creating prefix script '/home/robotserver/Desktop/git/ROS/create3_examples_ws/install/local_setup.ps1'
[35.336s] INFO:colcon.colcon_core.shell:Creating prefix util module '/home/robotserver/Desktop/git/ROS/create3_examples_ws/install/_local_setup_util_ps1.py'
[35.337s] INFO:colcon.colcon_core.shell:Creating prefix chain script '/home/robotserver/Desktop/git/ROS/create3_examples_ws/install/setup.ps1'
[35.338s] INFO:colcon.colcon_core.shell:Creating prefix script '/home/robotserver/Desktop/git/ROS/create3_examples_ws/install/local_setup.sh'
[35.338s] INFO:colcon.colcon_core.shell:Creating prefix util module '/home/robotserver/Desktop/git/ROS/create3_examples_ws/install/_local_setup_util_sh.py'
[35.339s] INFO:colcon.colcon_core.shell:Creating prefix chain script '/home/robotserver/Desktop/git/ROS/create3_examples_ws/install/setup.sh'
[35.340s] INFO:colcon.colcon_core.shell:Creating prefix script '/home/robotserver/Desktop/git/ROS/create3_examples_ws/install/local_setup.bash'
[35.340s] INFO:colcon.colcon_core.shell:Creating prefix chain script '/home/robotserver/Desktop/git/ROS/create3_examples_ws/install/setup.bash'
[35.341s] INFO:colcon.colcon_core.shell:Creating prefix script '/home/robotserver/Desktop/git/ROS/create3_examples_ws/install/local_setup.zsh'
[35.341s] INFO:colcon.colcon_core.shell:Creating prefix chain script '/home/robotserver/Desktop/git/ROS/create3_examples_ws/install/setup.zsh'
