[1.079s] Invoking command in '/home/robotserver/ros2_ws/src/py_pubsub': PYTHONPATH=/home/robotserver/ros2_ws/build/py_pubsub/prefix_override:/usr/lib/python3/dist-packages/colcon_core/task/python/colcon_distutils_commands:/home/robotserver/ros2_ws/install/py_pubsub/lib/python3.10/site-packages:/home/robotserver/ros2_ws/install/tutorial_interfaces/local/lib/python3.10/dist-packages:${PYTHONPATH} /usr/bin/python3 -W ignore:setup.py install is deprecated setup.py egg_info --egg-base ../../build/py_pubsub build --build-base /home/robotserver/ros2_ws/build/py_pubsub/build install --record /home/robotserver/ros2_ws/build/py_pubsub/install.log --single-version-externally-managed install_data
[1.330s] running egg_info
[1.331s] creating ../../build/py_pubsub/py_pubsub.egg-info
[1.332s] writing ../../build/py_pubsub/py_pubsub.egg-info/PKG-INFO
[1.332s] writing dependency_links to ../../build/py_pubsub/py_pubsub.egg-info/dependency_links.txt
[1.332s] writing entry points to ../../build/py_pubsub/py_pubsub.egg-info/entry_points.txt
[1.332s] writing requirements to ../../build/py_pubsub/py_pubsub.egg-info/requires.txt
[1.332s] writing top-level names to ../../build/py_pubsub/py_pubsub.egg-info/top_level.txt
[1.332s] writing manifest file '../../build/py_pubsub/py_pubsub.egg-info/SOURCES.txt'
[1.335s] reading manifest file '../../build/py_pubsub/py_pubsub.egg-info/SOURCES.txt'
[1.336s] adding license file 'LICENSE'
[1.336s] writing manifest file '../../build/py_pubsub/py_pubsub.egg-info/SOURCES.txt'
[1.336s] running build
[1.336s] running build_py
[1.337s] creating /home/robotserver/ros2_ws/build/py_pubsub/build
[1.337s] creating /home/robotserver/ros2_ws/build/py_pubsub/build/lib
[1.337s] creating /home/robotserver/ros2_ws/build/py_pubsub/build/lib/py_pubsub
[1.337s] copying py_pubsub/publisher_member_function.py -> /home/robotserver/ros2_ws/build/py_pubsub/build/lib/py_pubsub
[1.337s] copying py_pubsub/__init__.py -> /home/robotserver/ros2_ws/build/py_pubsub/build/lib/py_pubsub
[1.337s] copying py_pubsub/subscriber_member_function.py -> /home/robotserver/ros2_ws/build/py_pubsub/build/lib/py_pubsub
[1.338s] running install
[1.338s] running install_lib
[1.339s] creating /home/robotserver/ros2_ws/install/py_pubsub/lib/python3.10/site-packages/py_pubsub
[1.339s] copying /home/robotserver/ros2_ws/build/py_pubsub/build/lib/py_pubsub/publisher_member_function.py -> /home/robotserver/ros2_ws/install/py_pubsub/lib/python3.10/site-packages/py_pubsub
[1.339s] copying /home/robotserver/ros2_ws/build/py_pubsub/build/lib/py_pubsub/__init__.py -> /home/robotserver/ros2_ws/install/py_pubsub/lib/python3.10/site-packages/py_pubsub
[1.339s] copying /home/robotserver/ros2_ws/build/py_pubsub/build/lib/py_pubsub/subscriber_member_function.py -> /home/robotserver/ros2_ws/install/py_pubsub/lib/python3.10/site-packages/py_pubsub
[1.340s] byte-compiling /home/robotserver/ros2_ws/install/py_pubsub/lib/python3.10/site-packages/py_pubsub/publisher_member_function.py to publisher_member_function.cpython-310.pyc
[1.340s] byte-compiling /home/robotserver/ros2_ws/install/py_pubsub/lib/python3.10/site-packages/py_pubsub/__init__.py to __init__.cpython-310.pyc
[1.341s] byte-compiling /home/robotserver/ros2_ws/install/py_pubsub/lib/python3.10/site-packages/py_pubsub/subscriber_member_function.py to subscriber_member_function.cpython-310.pyc
[1.341s] running install_data
[1.341s] creating /home/robotserver/ros2_ws/install/py_pubsub/share/ament_index
[1.341s] creating /home/robotserver/ros2_ws/install/py_pubsub/share/ament_index/resource_index
[1.341s] creating /home/robotserver/ros2_ws/install/py_pubsub/share/ament_index/resource_index/packages
[1.341s] copying resource/py_pubsub -> /home/robotserver/ros2_ws/install/py_pubsub/share/ament_index/resource_index/packages
[1.341s] copying package.xml -> /home/robotserver/ros2_ws/install/py_pubsub/share/py_pubsub
[1.341s] running install_egg_info
[1.342s] Copying ../../build/py_pubsub/py_pubsub.egg-info to /home/robotserver/ros2_ws/install/py_pubsub/lib/python3.10/site-packages/py_pubsub-0.0.0-py3.10.egg-info
[1.343s] running install_scripts
[1.365s] Installing listener script to /home/robotserver/ros2_ws/install/py_pubsub/lib/py_pubsub
[1.366s] Installing talker script to /home/robotserver/ros2_ws/install/py_pubsub/lib/py_pubsub
[1.366s] writing list of installed files to '/home/robotserver/ros2_ws/build/py_pubsub/install.log'
[1.409s] Invoked command in '/home/robotserver/ros2_ws/src/py_pubsub' returned '0': PYTHONPATH=/home/robotserver/ros2_ws/build/py_pubsub/prefix_override:/usr/lib/python3/dist-packages/colcon_core/task/python/colcon_distutils_commands:/home/robotserver/ros2_ws/install/py_pubsub/lib/python3.10/site-packages:/home/robotserver/ros2_ws/install/tutorial_interfaces/local/lib/python3.10/dist-packages:${PYTHONPATH} /usr/bin/python3 -W ignore:setup.py install is deprecated setup.py egg_info --egg-base ../../build/py_pubsub build --build-base /home/robotserver/ros2_ws/build/py_pubsub/build install --record /home/robotserver/ros2_ws/build/py_pubsub/install.log --single-version-externally-managed install_data
