[0.023s] Invoking command in '/home/robotserver/ros2_ws/build/my_cpp_pkg': CMAKE_PREFIX_PATH=/home/robotserver/ros2_ws/install/my_robot_interfaces:/home/robotserver/ros2_ws/install/my_robot_bringup:/home/robotserver/ros2_ws/install/tutorial_interfaces:/home/robotserver/ros2_ws/install/my_cpp_pkg:/home/robotserver/ros2_ws/src/tutorial_interfaces/install/tutorial_interfaces:/home/robotserver/ros2_ws/install/py_srvcli:/home/robotserver/ros2_ws/install/py_pubsub:/home/robotserver/ros2_ws/install/my_py_pkg:/home/robotserver/Desktop/git/create3_main/install/create3_teleop:/home/robotserver/Desktop/git/create3_main/install/create3_msg_transfer:/home/robotserver/Desktop/git/create3_main/install/create3_control:/opt/ros/humble LD_LIBRARY_PATH=/home/robotserver/ros2_ws/install/my_robot_interfaces/lib:/home/robotserver/ros2_ws/install/tutorial_interfaces/lib:/home/robotserver/ros2_ws/src/tutorial_interfaces/install/tutorial_interfaces/lib:/opt/ros/humble/opt/rviz_ogre_vendor/lib:/opt/ros/humble/lib/x86_64-linux-gnu:/opt/ros/humble/lib /usr/bin/cmake --build /home/robotserver/ros2_ws/build/my_cpp_pkg -- -j8 -l8
[0.067s] [35m[1mConsolidate compiler generated dependencies of target smartphone[0m
[0.068s] [35m[1mConsolidate compiler generated dependencies of target cpp_node[0m
[0.069s] [35m[1mConsolidate compiler generated dependencies of target robot_news_station[0m
[0.074s] [35m[1mConsolidate compiler generated dependencies of target number_publisher[0m
[0.074s] [35m[1mConsolidate compiler generated dependencies of target number_counter[0m
[0.084s] [35m[1mConsolidate compiler generated dependencies of target add_two_ints_server[0m
[0.093s] [35m[1mConsolidate compiler generated dependencies of target hardware_status_publisher[0m
[0.093s] [35m[1mConsolidate compiler generated dependencies of target add_two_ints_client[0m
[0.104s] [ 10%] Built target smartphone
[0.108s] [ 20%] Built target cpp_node
[0.112s] [ 30%] Built target number_counter
[0.121s] [ 40%] Built target robot_news_station
[0.121s] [ 50%] Built target number_publisher
[0.127s] [ 60%] Built target add_two_ints_server
[0.128s] [ 70%] Built target hardware_status_publisher
[0.133s] [ 80%] Built target add_two_ints_client
[0.134s] [35m[1mConsolidate compiler generated dependencies of target led_panel[0m
[0.135s] [35m[1mConsolidate compiler generated dependencies of target battery[0m
[0.158s] [ 90%] Built target led_panel
[0.159s] [100%] Built target battery
[0.346s] Invoked command in '/home/robotserver/ros2_ws/build/my_cpp_pkg' returned '0': CMAKE_PREFIX_PATH=/home/robotserver/ros2_ws/install/my_robot_interfaces:/home/robotserver/ros2_ws/install/my_robot_bringup:/home/robotserver/ros2_ws/install/tutorial_interfaces:/home/robotserver/ros2_ws/install/my_cpp_pkg:/home/robotserver/ros2_ws/src/tutorial_interfaces/install/tutorial_interfaces:/home/robotserver/ros2_ws/install/py_srvcli:/home/robotserver/ros2_ws/install/py_pubsub:/home/robotserver/ros2_ws/install/my_py_pkg:/home/robotserver/Desktop/git/create3_main/install/create3_teleop:/home/robotserver/Desktop/git/create3_main/install/create3_msg_transfer:/home/robotserver/Desktop/git/create3_main/install/create3_control:/opt/ros/humble LD_LIBRARY_PATH=/home/robotserver/ros2_ws/install/my_robot_interfaces/lib:/home/robotserver/ros2_ws/install/tutorial_interfaces/lib:/home/robotserver/ros2_ws/src/tutorial_interfaces/install/tutorial_interfaces/lib:/opt/ros/humble/opt/rviz_ogre_vendor/lib:/opt/ros/humble/lib/x86_64-linux-gnu:/opt/ros/humble/lib /usr/bin/cmake --build /home/robotserver/ros2_ws/build/my_cpp_pkg -- -j8 -l8
[0.417s] Invoking command in '/home/robotserver/ros2_ws/build/my_cpp_pkg': CMAKE_PREFIX_PATH=/home/robotserver/ros2_ws/install/my_robot_interfaces:/home/robotserver/ros2_ws/install/my_robot_bringup:/home/robotserver/ros2_ws/install/tutorial_interfaces:/home/robotserver/ros2_ws/install/my_cpp_pkg:/home/robotserver/ros2_ws/src/tutorial_interfaces/install/tutorial_interfaces:/home/robotserver/ros2_ws/install/py_srvcli:/home/robotserver/ros2_ws/install/py_pubsub:/home/robotserver/ros2_ws/install/my_py_pkg:/home/robotserver/Desktop/git/create3_main/install/create3_teleop:/home/robotserver/Desktop/git/create3_main/install/create3_msg_transfer:/home/robotserver/Desktop/git/create3_main/install/create3_control:/opt/ros/humble LD_LIBRARY_PATH=/home/robotserver/ros2_ws/install/my_robot_interfaces/lib:/home/robotserver/ros2_ws/install/tutorial_interfaces/lib:/home/robotserver/ros2_ws/src/tutorial_interfaces/install/tutorial_interfaces/lib:/opt/ros/humble/opt/rviz_ogre_vendor/lib:/opt/ros/humble/lib/x86_64-linux-gnu:/opt/ros/humble/lib /usr/bin/cmake --install /home/robotserver/ros2_ws/build/my_cpp_pkg
[0.430s] -- Install configuration: ""
[0.431s] -- Up-to-date: /home/robotserver/ros2_ws/install/my_cpp_pkg/lib/my_cpp_pkg/cpp_node
[0.431s] -- Up-to-date: /home/robotserver/ros2_ws/install/my_cpp_pkg/lib/my_cpp_pkg/robot_news_station
[0.431s] -- Up-to-date: /home/robotserver/ros2_ws/install/my_cpp_pkg/lib/my_cpp_pkg/smartphone
[0.431s] -- Up-to-date: /home/robotserver/ros2_ws/install/my_cpp_pkg/lib/my_cpp_pkg/number_publisher
[0.432s] -- Up-to-date: /home/robotserver/ros2_ws/install/my_cpp_pkg/lib/my_cpp_pkg/number_counter
[0.432s] -- Up-to-date: /home/robotserver/ros2_ws/install/my_cpp_pkg/lib/my_cpp_pkg/add_two_ints_server
[0.432s] -- Up-to-date: /home/robotserver/ros2_ws/install/my_cpp_pkg/lib/my_cpp_pkg/add_two_ints_client
[0.432s] -- Up-to-date: /home/robotserver/ros2_ws/install/my_cpp_pkg/lib/my_cpp_pkg/hardware_status_publisher
[0.433s] -- Up-to-date: /home/robotserver/ros2_ws/install/my_cpp_pkg/lib/my_cpp_pkg/led_panel
[0.433s] -- Up-to-date: /home/robotserver/ros2_ws/install/my_cpp_pkg/lib/my_cpp_pkg/battery
[0.433s] -- Up-to-date: /home/robotserver/ros2_ws/install/my_cpp_pkg/share/ament_index/resource_index/package_run_dependencies/my_cpp_pkg
[0.433s] -- Up-to-date: /home/robotserver/ros2_ws/install/my_cpp_pkg/share/ament_index/resource_index/parent_prefix_path/my_cpp_pkg
[0.433s] -- Up-to-date: /home/robotserver/ros2_ws/install/my_cpp_pkg/share/my_cpp_pkg/environment/ament_prefix_path.sh
[0.433s] -- Up-to-date: /home/robotserver/ros2_ws/install/my_cpp_pkg/share/my_cpp_pkg/environment/ament_prefix_path.dsv
[0.433s] -- Up-to-date: /home/robotserver/ros2_ws/install/my_cpp_pkg/share/my_cpp_pkg/environment/path.sh
[0.433s] -- Up-to-date: /home/robotserver/ros2_ws/install/my_cpp_pkg/share/my_cpp_pkg/environment/path.dsv
[0.434s] -- Up-to-date: /home/robotserver/ros2_ws/install/my_cpp_pkg/share/my_cpp_pkg/local_setup.bash
[0.434s] -- Up-to-date: /home/robotserver/ros2_ws/install/my_cpp_pkg/share/my_cpp_pkg/local_setup.sh
[0.434s] -- Up-to-date: /home/robotserver/ros2_ws/install/my_cpp_pkg/share/my_cpp_pkg/local_setup.zsh
[0.434s] -- Up-to-date: /home/robotserver/ros2_ws/install/my_cpp_pkg/share/my_cpp_pkg/local_setup.dsv
[0.434s] -- Installing: /home/robotserver/ros2_ws/install/my_cpp_pkg/share/my_cpp_pkg/package.dsv
[0.434s] -- Up-to-date: /home/robotserver/ros2_ws/install/my_cpp_pkg/share/ament_index/resource_index/packages/my_cpp_pkg
[0.434s] -- Up-to-date: /home/robotserver/ros2_ws/install/my_cpp_pkg/share/my_cpp_pkg/cmake/my_cpp_pkgConfig.cmake
[0.434s] -- Up-to-date: /home/robotserver/ros2_ws/install/my_cpp_pkg/share/my_cpp_pkg/cmake/my_cpp_pkgConfig-version.cmake
[0.434s] -- Up-to-date: /home/robotserver/ros2_ws/install/my_cpp_pkg/share/my_cpp_pkg/package.xml
[0.437s] Invoked command in '/home/robotserver/ros2_ws/build/my_cpp_pkg' returned '0': CMAKE_PREFIX_PATH=/home/robotserver/ros2_ws/install/my_robot_interfaces:/home/robotserver/ros2_ws/install/my_robot_bringup:/home/robotserver/ros2_ws/install/tutorial_interfaces:/home/robotserver/ros2_ws/install/my_cpp_pkg:/home/robotserver/ros2_ws/src/tutorial_interfaces/install/tutorial_interfaces:/home/robotserver/ros2_ws/install/py_srvcli:/home/robotserver/ros2_ws/install/py_pubsub:/home/robotserver/ros2_ws/install/my_py_pkg:/home/robotserver/Desktop/git/create3_main/install/create3_teleop:/home/robotserver/Desktop/git/create3_main/install/create3_msg_transfer:/home/robotserver/Desktop/git/create3_main/install/create3_control:/opt/ros/humble LD_LIBRARY_PATH=/home/robotserver/ros2_ws/install/my_robot_interfaces/lib:/home/robotserver/ros2_ws/install/tutorial_interfaces/lib:/home/robotserver/ros2_ws/src/tutorial_interfaces/install/tutorial_interfaces/lib:/opt/ros/humble/opt/rviz_ogre_vendor/lib:/opt/ros/humble/lib/x86_64-linux-gnu:/opt/ros/humble/lib /usr/bin/cmake --install /home/robotserver/ros2_ws/build/my_cpp_pkg
