[0.013s] Invoking command in '/home/robotserver/ROS2_Nav2_Course/turtlebot3_ws/build/turtlebot3_gazebo': /usr/bin/cmake /home/robotserver/ROS2_Nav2_Course/turtlebot3_ws/src/turtlebot3_gazebo -DCATKIN_INSTALL_INTO_PREFIX_ROOT=0 -DCMAKE_INSTALL_PREFIX=/home/robotserver/ROS2_Nav2_Course/turtlebot3_ws/install/turtlebot3_gazebo
[0.064s] -- The C compiler identification is GNU 11.4.0
[0.123s] -- The CXX compiler identification is GNU 11.4.0
[0.131s] -- Detecting C compiler ABI info
[0.193s] -- Detecting C compiler ABI info - done
[0.202s] -- Check for working C compiler: /usr/bin/cc - skipped
[0.203s] -- Detecting C compile features
[0.203s] -- Detecting C compile features - done
[0.206s] -- Detecting CXX compiler ABI info
[0.280s] -- Detecting CXX compiler ABI info - done
[0.288s] -- Check for working CXX compiler: /usr/bin/c++ - skipped
[0.289s] -- Detecting CXX compile features
[0.289s] -- Detecting CXX compile features - done
[0.300s] [31mCMake Error at CMakeLists.txt:14 (find_package):
[0.300s]   By not providing "Findcatkin.cmake" in CMAKE_MODULE_PATH this project has
[0.300s]   asked CMake to find a package configuration file provided by "catkin", but
[0.300s]   CMake did not find one.
[0.300s] 
[0.300s]   Could not find a package configuration file provided by "catkin" with any
[0.300s]   of the following names:
[0.301s] 
[0.301s]     catkinConfig.cmake
[0.301s]     catkin-config.cmake
[0.301s] 
[0.301s]   Add the installation prefix of "catkin" to CMAKE_PREFIX_PATH or set
[0.301s]   "catkin_DIR" to a directory containing one of the above files.  If "catkin"
[0.301s]   provides a separate development package or SDK, be sure it has been
[0.301s]   installed.
[0.301s] 
[0.301s] -- Configuring incomplete, errors occurred!
[0.301s] See also "/home/robotserver/ROS2_Nav2_Course/turtlebot3_ws/build/turtlebot3_gazebo/CMakeFiles/CMakeOutput.log".
[0.301s] [0m
[0.303s] Invoked command in '/home/robotserver/ROS2_Nav2_Course/turtlebot3_ws/build/turtlebot3_gazebo' returned '1': /usr/bin/cmake /home/robotserver/ROS2_Nav2_Course/turtlebot3_ws/src/turtlebot3_gazebo -DCATKIN_INSTALL_INTO_PREFIX_ROOT=0 -DCMAKE_INSTALL_PREFIX=/home/robotserver/ROS2_Nav2_Course/turtlebot3_ws/install/turtlebot3_gazebo
