[0.030s] Invoking command in '/home/robotserver/ros2_ws/build/my_cpp_pkg': CMAKE_PREFIX_PATH=${CMAKE_PREFIX_PATH}:/home/robotserver/ros2_ws/install/py_srvcli:/home/robotserver/ros2_ws/install/py_pubsub:/home/robotserver/ros2_ws/install/my_py_pkg:/home/robotserver/Desktop/git/create3_main/install/create3_teleop:/home/robotserver/Desktop/git/create3_main/install/create3_msg_transfer:/home/robotserver/Desktop/git/create3_main/install/create3_control:/opt/ros/humble CONDA_PROMPT_MODIFIER=(base) /usr/bin/cmake --build /home/robotserver/ros2_ws/build/my_cpp_pkg -- -j8 -l8
[0.091s] [35m[1mConsolidate compiler generated dependencies of target cpp_node[0m
[0.128s] [ 50%] [32mBuilding CXX object CMakeFiles/cpp_node.dir/src/my_first_node.cpp.o[0m
[5.212s] [100%] [32m[1mLinking CXX executable cpp_node[0m
[5.398s] [100%] Built target cpp_node
[5.410s] Invoked command in '/home/robotserver/ros2_ws/build/my_cpp_pkg' returned '0': CMAKE_PREFIX_PATH=${CMAKE_PREFIX_PATH}:/home/robotserver/ros2_ws/install/py_srvcli:/home/robotserver/ros2_ws/install/py_pubsub:/home/robotserver/ros2_ws/install/my_py_pkg:/home/robotserver/Desktop/git/create3_main/install/create3_teleop:/home/robotserver/Desktop/git/create3_main/install/create3_msg_transfer:/home/robotserver/Desktop/git/create3_main/install/create3_control:/opt/ros/humble CONDA_PROMPT_MODIFIER=(base) /usr/bin/cmake --build /home/robotserver/ros2_ws/build/my_cpp_pkg -- -j8 -l8
[5.438s] Invoking command in '/home/robotserver/ros2_ws/build/my_cpp_pkg': CMAKE_PREFIX_PATH=${CMAKE_PREFIX_PATH}:/home/robotserver/ros2_ws/install/py_srvcli:/home/robotserver/ros2_ws/install/py_pubsub:/home/robotserver/ros2_ws/install/my_py_pkg:/home/robotserver/Desktop/git/create3_main/install/create3_teleop:/home/robotserver/Desktop/git/create3_main/install/create3_msg_transfer:/home/robotserver/Desktop/git/create3_main/install/create3_control:/opt/ros/humble CONDA_PROMPT_MODIFIER=(base) /usr/bin/cmake --install /home/robotserver/ros2_ws/build/my_cpp_pkg
[5.449s] -- Install configuration: ""
[5.449s] -- Installing: /home/robotserver/ros2_ws/install/my_cpp_pkg/lib/my_cpp_pkg/cpp_node
[5.450s] -- Set runtime path of "/home/robotserver/ros2_ws/install/my_cpp_pkg/lib/my_cpp_pkg/cpp_node" to ""
[5.451s] -- Up-to-date: /home/robotserver/ros2_ws/install/my_cpp_pkg/share/ament_index/resource_index/package_run_dependencies/my_cpp_pkg
[5.451s] -- Up-to-date: /home/robotserver/ros2_ws/install/my_cpp_pkg/share/ament_index/resource_index/parent_prefix_path/my_cpp_pkg
[5.451s] -- Up-to-date: /home/robotserver/ros2_ws/install/my_cpp_pkg/share/my_cpp_pkg/environment/ament_prefix_path.sh
[5.451s] -- Up-to-date: /home/robotserver/ros2_ws/install/my_cpp_pkg/share/my_cpp_pkg/environment/ament_prefix_path.dsv
[5.451s] -- Up-to-date: /home/robotserver/ros2_ws/install/my_cpp_pkg/share/my_cpp_pkg/environment/path.sh
[5.451s] -- Up-to-date: /home/robotserver/ros2_ws/install/my_cpp_pkg/share/my_cpp_pkg/environment/path.dsv
[5.451s] -- Up-to-date: /home/robotserver/ros2_ws/install/my_cpp_pkg/share/my_cpp_pkg/local_setup.bash
[5.451s] -- Up-to-date: /home/robotserver/ros2_ws/install/my_cpp_pkg/share/my_cpp_pkg/local_setup.sh
[5.451s] -- Up-to-date: /home/robotserver/ros2_ws/install/my_cpp_pkg/share/my_cpp_pkg/local_setup.zsh
[5.451s] -- Up-to-date: /home/robotserver/ros2_ws/install/my_cpp_pkg/share/my_cpp_pkg/local_setup.dsv
[5.452s] -- Installing: /home/robotserver/ros2_ws/install/my_cpp_pkg/share/my_cpp_pkg/package.dsv
[5.452s] -- Up-to-date: /home/robotserver/ros2_ws/install/my_cpp_pkg/share/ament_index/resource_index/packages/my_cpp_pkg
[5.452s] -- Up-to-date: /home/robotserver/ros2_ws/install/my_cpp_pkg/share/my_cpp_pkg/cmake/my_cpp_pkgConfig.cmake
[5.452s] -- Up-to-date: /home/robotserver/ros2_ws/install/my_cpp_pkg/share/my_cpp_pkg/cmake/my_cpp_pkgConfig-version.cmake
[5.452s] -- Up-to-date: /home/robotserver/ros2_ws/install/my_cpp_pkg/share/my_cpp_pkg/package.xml
[5.455s] Invoked command in '/home/robotserver/ros2_ws/build/my_cpp_pkg' returned '0': CMAKE_PREFIX_PATH=${CMAKE_PREFIX_PATH}:/home/robotserver/ros2_ws/install/py_srvcli:/home/robotserver/ros2_ws/install/py_pubsub:/home/robotserver/ros2_ws/install/my_py_pkg:/home/robotserver/Desktop/git/create3_main/install/create3_teleop:/home/robotserver/Desktop/git/create3_main/install/create3_msg_transfer:/home/robotserver/Desktop/git/create3_main/install/create3_control:/opt/ros/humble CONDA_PROMPT_MODIFIER=(base) /usr/bin/cmake --install /home/robotserver/ros2_ws/build/my_cpp_pkg
