[0.010s] Invoking command in '/home/robotserver/ROS2_Nav2_Course/turtlebot3_ws/build/turtlebot3_simulations': AMENT_PREFIX_PATH=/home/robotserver/ROS2_Nav2_Course/turtlebot3_ws/install/turtlebot3_gazebo:/home/robotserver/ROS2_Nav2_Course/turtlebot3_ws/install/turtlebot3_fake_node:${AMENT_PREFIX_PATH} CMAKE_PREFIX_PATH=/home/robotserver/ros2_ws/install/py_srvcli:/home/robotserver/ros2_ws/install/py_pubsub:/home/robotserver/ros2_ws/install/my_py_pkg:/home/robotserver/Desktop/git/create3_main/install/create3_teleop:/home/robotserver/Desktop/git/create3_main/install/create3_msg_transfer:/home/robotserver/Desktop/git/create3_main/install/create3_control:/opt/ros/humble:/home/robotserver/ROS2_Nav2_Course/turtlebot3_ws/install/turtlebot3_gazebo:/home/robotserver/ROS2_Nav2_Course/turtlebot3_ws/install/turtlebot3_fake_node:${CMAKE_PREFIX_PATH} /usr/bin/cmake /home/robotserver/ROS2_Nav2_Course/turtlebot3_ws/src/turtlebot3_simulations -DCMAKE_INSTALL_PREFIX=/home/robotserver/ROS2_Nav2_Course/turtlebot3_ws/install/turtlebot3_simulations
[0.061s] -- The C compiler identification is GNU 11.4.0
[0.117s] -- The CXX compiler identification is GNU 11.4.0
[0.123s] -- Detecting C compiler ABI info
[0.191s] -- Detecting C compiler ABI info - done
[0.198s] -- Check for working C compiler: /usr/bin/cc - skipped
[0.199s] -- Detecting C compile features
[0.199s] -- Detecting C compile features - done
[0.202s] -- Detecting CXX compiler ABI info
[0.279s] -- Detecting CXX compiler ABI info - done
[0.287s] -- Check for working CXX compiler: /usr/bin/c++ - skipped
[0.287s] -- Detecting CXX compile features
[0.288s] -- Detecting CXX compile features - done
[0.291s] -- Found ament_cmake: 1.3.9 (/opt/ros/humble/share/ament_cmake/cmake)
[0.457s] -- Found Python3: /usr/bin/python3 (found version "3.10.12") found components: Interpreter 
[0.629s] -- Configuring done
[0.632s] -- Generating done
[0.633s] -- Build files have been written to: /home/robotserver/ROS2_Nav2_Course/turtlebot3_ws/build/turtlebot3_simulations
[0.638s] Invoked command in '/home/robotserver/ROS2_Nav2_Course/turtlebot3_ws/build/turtlebot3_simulations' returned '0': AMENT_PREFIX_PATH=/home/robotserver/ROS2_Nav2_Course/turtlebot3_ws/install/turtlebot3_gazebo:/home/robotserver/ROS2_Nav2_Course/turtlebot3_ws/install/turtlebot3_fake_node:${AMENT_PREFIX_PATH} CMAKE_PREFIX_PATH=/home/robotserver/ros2_ws/install/py_srvcli:/home/robotserver/ros2_ws/install/py_pubsub:/home/robotserver/ros2_ws/install/my_py_pkg:/home/robotserver/Desktop/git/create3_main/install/create3_teleop:/home/robotserver/Desktop/git/create3_main/install/create3_msg_transfer:/home/robotserver/Desktop/git/create3_main/install/create3_control:/opt/ros/humble:/home/robotserver/ROS2_Nav2_Course/turtlebot3_ws/install/turtlebot3_gazebo:/home/robotserver/ROS2_Nav2_Course/turtlebot3_ws/install/turtlebot3_fake_node:${CMAKE_PREFIX_PATH} /usr/bin/cmake /home/robotserver/ROS2_Nav2_Course/turtlebot3_ws/src/turtlebot3_simulations -DCMAKE_INSTALL_PREFIX=/home/robotserver/ROS2_Nav2_Course/turtlebot3_ws/install/turtlebot3_simulations
[0.640s] Invoking command in '/home/robotserver/ROS2_Nav2_Course/turtlebot3_ws/build/turtlebot3_simulations': AMENT_PREFIX_PATH=/home/robotserver/ROS2_Nav2_Course/turtlebot3_ws/install/turtlebot3_gazebo:/home/robotserver/ROS2_Nav2_Course/turtlebot3_ws/install/turtlebot3_fake_node:${AMENT_PREFIX_PATH} CMAKE_PREFIX_PATH=/home/robotserver/ros2_ws/install/py_srvcli:/home/robotserver/ros2_ws/install/py_pubsub:/home/robotserver/ros2_ws/install/my_py_pkg:/home/robotserver/Desktop/git/create3_main/install/create3_teleop:/home/robotserver/Desktop/git/create3_main/install/create3_msg_transfer:/home/robotserver/Desktop/git/create3_main/install/create3_control:/opt/ros/humble:/home/robotserver/ROS2_Nav2_Course/turtlebot3_ws/install/turtlebot3_gazebo:/home/robotserver/ROS2_Nav2_Course/turtlebot3_ws/install/turtlebot3_fake_node:${CMAKE_PREFIX_PATH} /usr/bin/cmake --build /home/robotserver/ROS2_Nav2_Course/turtlebot3_ws/build/turtlebot3_simulations -- -j8 -l8
[0.681s] Invoked command in '/home/robotserver/ROS2_Nav2_Course/turtlebot3_ws/build/turtlebot3_simulations' returned '0': AMENT_PREFIX_PATH=/home/robotserver/ROS2_Nav2_Course/turtlebot3_ws/install/turtlebot3_gazebo:/home/robotserver/ROS2_Nav2_Course/turtlebot3_ws/install/turtlebot3_fake_node:${AMENT_PREFIX_PATH} CMAKE_PREFIX_PATH=/home/robotserver/ros2_ws/install/py_srvcli:/home/robotserver/ros2_ws/install/py_pubsub:/home/robotserver/ros2_ws/install/my_py_pkg:/home/robotserver/Desktop/git/create3_main/install/create3_teleop:/home/robotserver/Desktop/git/create3_main/install/create3_msg_transfer:/home/robotserver/Desktop/git/create3_main/install/create3_control:/opt/ros/humble:/home/robotserver/ROS2_Nav2_Course/turtlebot3_ws/install/turtlebot3_gazebo:/home/robotserver/ROS2_Nav2_Course/turtlebot3_ws/install/turtlebot3_fake_node:${CMAKE_PREFIX_PATH} /usr/bin/cmake --build /home/robotserver/ROS2_Nav2_Course/turtlebot3_ws/build/turtlebot3_simulations -- -j8 -l8
[0.704s] Invoking command in '/home/robotserver/ROS2_Nav2_Course/turtlebot3_ws/build/turtlebot3_simulations': AMENT_PREFIX_PATH=/home/robotserver/ROS2_Nav2_Course/turtlebot3_ws/install/turtlebot3_gazebo:/home/robotserver/ROS2_Nav2_Course/turtlebot3_ws/install/turtlebot3_fake_node:${AMENT_PREFIX_PATH} CMAKE_PREFIX_PATH=/home/robotserver/ros2_ws/install/py_srvcli:/home/robotserver/ros2_ws/install/py_pubsub:/home/robotserver/ros2_ws/install/my_py_pkg:/home/robotserver/Desktop/git/create3_main/install/create3_teleop:/home/robotserver/Desktop/git/create3_main/install/create3_msg_transfer:/home/robotserver/Desktop/git/create3_main/install/create3_control:/opt/ros/humble:/home/robotserver/ROS2_Nav2_Course/turtlebot3_ws/install/turtlebot3_gazebo:/home/robotserver/ROS2_Nav2_Course/turtlebot3_ws/install/turtlebot3_fake_node:${CMAKE_PREFIX_PATH} /usr/bin/cmake --install /home/robotserver/ROS2_Nav2_Course/turtlebot3_ws/build/turtlebot3_simulations
[0.712s] -- Install configuration: ""
[0.712s] -- Installing: /home/robotserver/ROS2_Nav2_Course/turtlebot3_ws/install/turtlebot3_simulations/share/ament_index/resource_index/package_run_dependencies/turtlebot3_simulations
[0.712s] -- Installing: /home/robotserver/ROS2_Nav2_Course/turtlebot3_ws/install/turtlebot3_simulations/share/ament_index/resource_index/parent_prefix_path/turtlebot3_simulations
[0.712s] -- Installing: /home/robotserver/ROS2_Nav2_Course/turtlebot3_ws/install/turtlebot3_simulations/share/turtlebot3_simulations/environment/ament_prefix_path.sh
[0.712s] -- Installing: /home/robotserver/ROS2_Nav2_Course/turtlebot3_ws/install/turtlebot3_simulations/share/turtlebot3_simulations/environment/ament_prefix_path.dsv
[0.713s] -- Installing: /home/robotserver/ROS2_Nav2_Course/turtlebot3_ws/install/turtlebot3_simulations/share/turtlebot3_simulations/environment/path.sh
[0.713s] -- Installing: /home/robotserver/ROS2_Nav2_Course/turtlebot3_ws/install/turtlebot3_simulations/share/turtlebot3_simulations/environment/path.dsv
[0.713s] -- Installing: /home/robotserver/ROS2_Nav2_Course/turtlebot3_ws/install/turtlebot3_simulations/share/turtlebot3_simulations/local_setup.bash
[0.713s] -- Installing: /home/robotserver/ROS2_Nav2_Course/turtlebot3_ws/install/turtlebot3_simulations/share/turtlebot3_simulations/local_setup.sh
[0.713s] -- Installing: /home/robotserver/ROS2_Nav2_Course/turtlebot3_ws/install/turtlebot3_simulations/share/turtlebot3_simulations/local_setup.zsh
[0.713s] -- Installing: /home/robotserver/ROS2_Nav2_Course/turtlebot3_ws/install/turtlebot3_simulations/share/turtlebot3_simulations/local_setup.dsv
[0.714s] -- Installing: /home/robotserver/ROS2_Nav2_Course/turtlebot3_ws/install/turtlebot3_simulations/share/turtlebot3_simulations/package.dsv
[0.714s] -- Installing: /home/robotserver/ROS2_Nav2_Course/turtlebot3_ws/install/turtlebot3_simulations/share/ament_index/resource_index/packages/turtlebot3_simulations
[0.714s] -- Installing: /home/robotserver/ROS2_Nav2_Course/turtlebot3_ws/install/turtlebot3_simulations/share/turtlebot3_simulations/cmake/turtlebot3_simulationsConfig.cmake
[0.714s] -- Installing: /home/robotserver/ROS2_Nav2_Course/turtlebot3_ws/install/turtlebot3_simulations/share/turtlebot3_simulations/cmake/turtlebot3_simulationsConfig-version.cmake
[0.714s] -- Installing: /home/robotserver/ROS2_Nav2_Course/turtlebot3_ws/install/turtlebot3_simulations/share/turtlebot3_simulations/package.xml
[0.718s] Invoked command in '/home/robotserver/ROS2_Nav2_Course/turtlebot3_ws/build/turtlebot3_simulations' returned '0': AMENT_PREFIX_PATH=/home/robotserver/ROS2_Nav2_Course/turtlebot3_ws/install/turtlebot3_gazebo:/home/robotserver/ROS2_Nav2_Course/turtlebot3_ws/install/turtlebot3_fake_node:${AMENT_PREFIX_PATH} CMAKE_PREFIX_PATH=/home/robotserver/ros2_ws/install/py_srvcli:/home/robotserver/ros2_ws/install/py_pubsub:/home/robotserver/ros2_ws/install/my_py_pkg:/home/robotserver/Desktop/git/create3_main/install/create3_teleop:/home/robotserver/Desktop/git/create3_main/install/create3_msg_transfer:/home/robotserver/Desktop/git/create3_main/install/create3_control:/opt/ros/humble:/home/robotserver/ROS2_Nav2_Course/turtlebot3_ws/install/turtlebot3_gazebo:/home/robotserver/ROS2_Nav2_Course/turtlebot3_ws/install/turtlebot3_fake_node:${CMAKE_PREFIX_PATH} /usr/bin/cmake --install /home/robotserver/ROS2_Nav2_Course/turtlebot3_ws/build/turtlebot3_simulations
