[0.600s] Invoking command in '/home/robotserver/ros2_ws/build/MIT': CONDA_PROMPT_MODIFIER=(base) PYTHONPATH=/home/robotserver/ros2_ws/build/MIT/prefix_override:/usr/lib/python3/dist-packages/colcon_core/task/python/colcon_distutils_commands:/home/robotserver/ros2_ws/install/MIT/lib/python3.10/site-packages:${PYTHONPATH} /usr/bin/python3 -W ignore:setup.py install is deprecated setup.py develop --editable --build-directory /home/robotserver/ros2_ws/build/MIT/build --no-deps symlink_data
[0.844s] running develop
[0.844s] /usr/lib/python3/dist-packages/setuptools/command/easy_install.py:158: EasyInstallDeprecationWarning: easy_install command is deprecated. Use build and pip and other standards-based tools.
[0.845s]   warnings.warn(
[0.992s] running egg_info
[0.992s] creating my_package.egg-info
[0.992s] writing my_package.egg-info/PKG-INFO
[0.992s] writing dependency_links to my_package.egg-info/dependency_links.txt
[0.992s] writing entry points to my_package.egg-info/entry_points.txt
[0.993s] writing requirements to my_package.egg-info/requires.txt
[0.993s] writing top-level names to my_package.egg-info/top_level.txt
[0.993s] writing manifest file 'my_package.egg-info/SOURCES.txt'
[0.995s] reading manifest file 'my_package.egg-info/SOURCES.txt'
[0.996s] writing manifest file 'my_package.egg-info/SOURCES.txt'
[0.997s] running build_ext
[0.997s] Creating /home/robotserver/ros2_ws/install/MIT/lib/python3.10/site-packages/my-package.egg-link (link to .)
[0.998s] Installing listener script to /home/robotserver/ros2_ws/install/MIT/lib/my_package
[0.999s] Installing talker script to /home/robotserver/ros2_ws/install/MIT/lib/my_package
[0.999s] 
[0.999s] Installed /home/robotserver/ros2_ws/build/MIT
[0.999s] running symlink_data
[0.999s] symbolically linking /home/robotserver/ros2_ws/build/MIT/resource/my_package -> /home/robotserver/ros2_ws/install/MIT/share/ament_index/resource_index/packages
[0.999s] creating /home/robotserver/ros2_ws/install/MIT/share/my_package
[1.000s] symbolically linking /home/robotserver/ros2_ws/build/MIT/package.xml -> /home/robotserver/ros2_ws/install/MIT/share/my_package
[1.037s] Invoked command in '/home/robotserver/ros2_ws/build/MIT' returned '0': CONDA_PROMPT_MODIFIER=(base) PYTHONPATH=/home/robotserver/ros2_ws/build/MIT/prefix_override:/usr/lib/python3/dist-packages/colcon_core/task/python/colcon_distutils_commands:/home/robotserver/ros2_ws/install/MIT/lib/python3.10/site-packages:${PYTHONPATH} /usr/bin/python3 -W ignore:setup.py install is deprecated setup.py develop --editable --build-directory /home/robotserver/ros2_ws/build/MIT/build --no-deps symlink_data
