[0.886s] Invoking command in '/home/robotserver/Desktop/git/ROS/create3_examples_ws/src/create3_examples/create3_examples_py': CONDA_PROMPT_MODIFIER=(ros2_env) PYTHONPATH=/home/robotserver/Desktop/git/ROS/create3_examples_ws/build/create3_examples_py/prefix_override:/usr/lib/python3/dist-packages/colcon_core/task/python/colcon_distutils_commands:/home/robotserver/Desktop/git/ROS/create3_examples_ws/install/create3_examples_py/lib/python3.10/site-packages:${PYTHONPATH} /usr/bin/python3 -W ignore:setup.py install is deprecated setup.py egg_info --egg-base ../../../build/create3_examples_py build --build-base /home/robotserver/Desktop/git/ROS/create3_examples_ws/build/create3_examples_py/build install --record /home/robotserver/Desktop/git/ROS/create3_examples_ws/build/create3_examples_py/install.log --single-version-externally-managed install_data
[1.115s] running egg_info
[1.116s] writing ../../../build/create3_examples_py/create3_examples_py.egg-info/PKG-INFO
[1.116s] writing dependency_links to ../../../build/create3_examples_py/create3_examples_py.egg-info/dependency_links.txt
[1.116s] writing entry points to ../../../build/create3_examples_py/create3_examples_py.egg-info/entry_points.txt
[1.117s] writing requirements to ../../../build/create3_examples_py/create3_examples_py.egg-info/requires.txt
[1.117s] writing top-level names to ../../../build/create3_examples_py/create3_examples_py.egg-info/top_level.txt
[1.118s] reading manifest file '../../../build/create3_examples_py/create3_examples_py.egg-info/SOURCES.txt'
[1.119s] writing manifest file '../../../build/create3_examples_py/create3_examples_py.egg-info/SOURCES.txt'
[1.119s] running build
[1.119s] running build_py
[1.120s] running install
[1.120s] running install_lib
[1.121s] running install_data
[1.121s] running install_egg_info
[1.123s] removing '/home/robotserver/Desktop/git/ROS/create3_examples_ws/install/create3_examples_py/lib/python3.10/site-packages/create3_examples_py-0.0.5-py3.10.egg-info' (and everything under it)
[1.123s] Copying ../../../build/create3_examples_py/create3_examples_py.egg-info to /home/robotserver/Desktop/git/ROS/create3_examples_ws/install/create3_examples_py/lib/python3.10/site-packages/create3_examples_py-0.0.5-py3.10.egg-info
[1.124s] running install_scripts
[1.146s] Installing create3_dance script to /home/robotserver/Desktop/git/ROS/create3_examples_ws/install/create3_examples_py/lib/create3_examples_py
[1.146s] writing list of installed files to '/home/robotserver/Desktop/git/ROS/create3_examples_ws/build/create3_examples_py/install.log'
