[0.953s] Invoking command in '/home/robotserver/ros2_ws/src/my_py_pkg': CMAKE_PREFIX_PATH=/home/robotserver/ros2_ws/install/my_robot_interfaces:/home/robotserver/ros2_ws/install/my_robot_bringup:/home/robotserver/ros2_ws/install/tutorial_interfaces:/home/robotserver/ros2_ws/install/my_cpp_pkg:/home/robotserver/ros2_ws/src/tutorial_interfaces/install/tutorial_interfaces LD_LIBRARY_PATH=/home/robotserver/ros2_ws/install/my_robot_interfaces/lib:/home/robotserver/ros2_ws/install/tutorial_interfaces/lib:/home/robotserver/ros2_ws/src/tutorial_interfaces/install/tutorial_interfaces/lib:/opt/ros/humble/opt/rviz_ogre_vendor/lib:/opt/ros/humble/lib/x86_64-linux-gnu:/opt/ros/humble/lib PYTHONPATH=/home/robotserver/ros2_ws/build/my_py_pkg/prefix_override:/usr/lib/python3/dist-packages/colcon_core/task/python/colcon_distutils_commands:/home/robotserver/ros2_ws/install/my_py_pkg/lib/python3.10/site-packages:${PYTHONPATH} /usr/bin/python3 -W ignore:setup.py install is deprecated setup.py egg_info --egg-base ../../build/my_py_pkg build --build-base /home/robotserver/ros2_ws/build/my_py_pkg/build install --record /home/robotserver/ros2_ws/build/my_py_pkg/install.log --install-scripts $base/lib/my_py_pkg --single-version-externally-managed install_data
[1.346s] /usr/lib/python3/dist-packages/setuptools/dist.py:723: UserWarning: Usage of dash-separated 'script-dir' will not be supported in future versions. Please use the underscore name 'script_dir' instead
[1.346s]   warnings.warn(
[1.359s] running egg_info
[1.360s] creating ../../build/my_py_pkg/my_py_pkg.egg-info
[1.360s] writing ../../build/my_py_pkg/my_py_pkg.egg-info/PKG-INFO
[1.361s] writing dependency_links to ../../build/my_py_pkg/my_py_pkg.egg-info/dependency_links.txt
[1.361s] writing entry points to ../../build/my_py_pkg/my_py_pkg.egg-info/entry_points.txt
[1.361s] writing requirements to ../../build/my_py_pkg/my_py_pkg.egg-info/requires.txt
[1.361s] writing top-level names to ../../build/my_py_pkg/my_py_pkg.egg-info/top_level.txt
[1.361s] writing manifest file '../../build/my_py_pkg/my_py_pkg.egg-info/SOURCES.txt'
[1.364s] reading manifest file '../../build/my_py_pkg/my_py_pkg.egg-info/SOURCES.txt'
[1.365s] writing manifest file '../../build/my_py_pkg/my_py_pkg.egg-info/SOURCES.txt'
[1.366s] running build
[1.366s] running build_py
[1.366s] creating /home/robotserver/ros2_ws/build/my_py_pkg/build
[1.366s] creating /home/robotserver/ros2_ws/build/my_py_pkg/build/lib
[1.366s] creating /home/robotserver/ros2_ws/build/my_py_pkg/build/lib/my_py_pkg
[1.366s] copying my_py_pkg/my_first_node.py -> /home/robotserver/ros2_ws/build/my_py_pkg/build/lib/my_py_pkg
[1.366s] copying my_py_pkg/template_python_node.py -> /home/robotserver/ros2_ws/build/my_py_pkg/build/lib/my_py_pkg
[1.367s] copying my_py_pkg/number_counter.py -> /home/robotserver/ros2_ws/build/my_py_pkg/build/lib/my_py_pkg
[1.367s] copying my_py_pkg/add_two_ints_client_no_oop.py -> /home/robotserver/ros2_ws/build/my_py_pkg/build/lib/my_py_pkg
[1.367s] copying my_py_pkg/number_publisher.py -> /home/robotserver/ros2_ws/build/my_py_pkg/build/lib/my_py_pkg
[1.367s] copying my_py_pkg/smartphone.py -> /home/robotserver/ros2_ws/build/my_py_pkg/build/lib/my_py_pkg
[1.367s] copying my_py_pkg/add_two_ints_client.py -> /home/robotserver/ros2_ws/build/my_py_pkg/build/lib/my_py_pkg
[1.367s] copying my_py_pkg/hw_status_publisher.py -> /home/robotserver/ros2_ws/build/my_py_pkg/build/lib/my_py_pkg
[1.367s] copying my_py_pkg/__init__.py -> /home/robotserver/ros2_ws/build/my_py_pkg/build/lib/my_py_pkg
[1.368s] copying my_py_pkg/robot_news_station.py -> /home/robotserver/ros2_ws/build/my_py_pkg/build/lib/my_py_pkg
[1.368s] copying my_py_pkg/battery.py -> /home/robotserver/ros2_ws/build/my_py_pkg/build/lib/my_py_pkg
[1.368s] copying my_py_pkg/add_two_ints_server.py -> /home/robotserver/ros2_ws/build/my_py_pkg/build/lib/my_py_pkg
[1.368s] copying my_py_pkg/led_panel.py -> /home/robotserver/ros2_ws/build/my_py_pkg/build/lib/my_py_pkg
[1.368s] running install
[1.369s] running install_lib
[1.370s] creating /home/robotserver/ros2_ws/install/my_py_pkg/lib/python3.10/site-packages/my_py_pkg
[1.370s] copying /home/robotserver/ros2_ws/build/my_py_pkg/build/lib/my_py_pkg/my_first_node.py -> /home/robotserver/ros2_ws/install/my_py_pkg/lib/python3.10/site-packages/my_py_pkg
[1.370s] copying /home/robotserver/ros2_ws/build/my_py_pkg/build/lib/my_py_pkg/template_python_node.py -> /home/robotserver/ros2_ws/install/my_py_pkg/lib/python3.10/site-packages/my_py_pkg
[1.371s] copying /home/robotserver/ros2_ws/build/my_py_pkg/build/lib/my_py_pkg/number_counter.py -> /home/robotserver/ros2_ws/install/my_py_pkg/lib/python3.10/site-packages/my_py_pkg
[1.371s] copying /home/robotserver/ros2_ws/build/my_py_pkg/build/lib/my_py_pkg/add_two_ints_client_no_oop.py -> /home/robotserver/ros2_ws/install/my_py_pkg/lib/python3.10/site-packages/my_py_pkg
[1.371s] copying /home/robotserver/ros2_ws/build/my_py_pkg/build/lib/my_py_pkg/number_publisher.py -> /home/robotserver/ros2_ws/install/my_py_pkg/lib/python3.10/site-packages/my_py_pkg
[1.371s] copying /home/robotserver/ros2_ws/build/my_py_pkg/build/lib/my_py_pkg/smartphone.py -> /home/robotserver/ros2_ws/install/my_py_pkg/lib/python3.10/site-packages/my_py_pkg
[1.373s] copying /home/robotserver/ros2_ws/build/my_py_pkg/build/lib/my_py_pkg/add_two_ints_client.py -> /home/robotserver/ros2_ws/install/my_py_pkg/lib/python3.10/site-packages/my_py_pkg
[1.373s] copying /home/robotserver/ros2_ws/build/my_py_pkg/build/lib/my_py_pkg/hw_status_publisher.py -> /home/robotserver/ros2_ws/install/my_py_pkg/lib/python3.10/site-packages/my_py_pkg
[1.373s] copying /home/robotserver/ros2_ws/build/my_py_pkg/build/lib/my_py_pkg/__init__.py -> /home/robotserver/ros2_ws/install/my_py_pkg/lib/python3.10/site-packages/my_py_pkg
[1.373s] copying /home/robotserver/ros2_ws/build/my_py_pkg/build/lib/my_py_pkg/robot_news_station.py -> /home/robotserver/ros2_ws/install/my_py_pkg/lib/python3.10/site-packages/my_py_pkg
[1.373s] copying /home/robotserver/ros2_ws/build/my_py_pkg/build/lib/my_py_pkg/battery.py -> /home/robotserver/ros2_ws/install/my_py_pkg/lib/python3.10/site-packages/my_py_pkg
[1.373s] copying /home/robotserver/ros2_ws/build/my_py_pkg/build/lib/my_py_pkg/add_two_ints_server.py -> /home/robotserver/ros2_ws/install/my_py_pkg/lib/python3.10/site-packages/my_py_pkg
[1.373s] copying /home/robotserver/ros2_ws/build/my_py_pkg/build/lib/my_py_pkg/led_panel.py -> /home/robotserver/ros2_ws/install/my_py_pkg/lib/python3.10/site-packages/my_py_pkg
[1.373s] byte-compiling /home/robotserver/ros2_ws/install/my_py_pkg/lib/python3.10/site-packages/my_py_pkg/my_first_node.py to my_first_node.cpython-310.pyc
[1.374s] byte-compiling /home/robotserver/ros2_ws/install/my_py_pkg/lib/python3.10/site-packages/my_py_pkg/template_python_node.py to template_python_node.cpython-310.pyc
[1.374s] byte-compiling /home/robotserver/ros2_ws/install/my_py_pkg/lib/python3.10/site-packages/my_py_pkg/number_counter.py to number_counter.cpython-310.pyc
[1.375s] byte-compiling /home/robotserver/ros2_ws/install/my_py_pkg/lib/python3.10/site-packages/my_py_pkg/add_two_ints_client_no_oop.py to add_two_ints_client_no_oop.cpython-310.pyc
[1.375s] byte-compiling /home/robotserver/ros2_ws/install/my_py_pkg/lib/python3.10/site-packages/my_py_pkg/number_publisher.py to number_publisher.cpython-310.pyc
[1.376s] byte-compiling /home/robotserver/ros2_ws/install/my_py_pkg/lib/python3.10/site-packages/my_py_pkg/smartphone.py to smartphone.cpython-310.pyc
[1.376s] byte-compiling /home/robotserver/ros2_ws/install/my_py_pkg/lib/python3.10/site-packages/my_py_pkg/add_two_ints_client.py to add_two_ints_client.cpython-310.pyc
[1.377s] byte-compiling /home/robotserver/ros2_ws/install/my_py_pkg/lib/python3.10/site-packages/my_py_pkg/hw_status_publisher.py to hw_status_publisher.cpython-310.pyc
[1.377s] byte-compiling /home/robotserver/ros2_ws/install/my_py_pkg/lib/python3.10/site-packages/my_py_pkg/__init__.py to __init__.cpython-310.pyc
[1.377s] byte-compiling /home/robotserver/ros2_ws/install/my_py_pkg/lib/python3.10/site-packages/my_py_pkg/robot_news_station.py to robot_news_station.cpython-310.pyc
[1.378s] byte-compiling /home/robotserver/ros2_ws/install/my_py_pkg/lib/python3.10/site-packages/my_py_pkg/battery.py to battery.cpython-310.pyc
[1.379s] byte-compiling /home/robotserver/ros2_ws/install/my_py_pkg/lib/python3.10/site-packages/my_py_pkg/add_two_ints_server.py to add_two_ints_server.cpython-310.pyc
[1.379s] byte-compiling /home/robotserver/ros2_ws/install/my_py_pkg/lib/python3.10/site-packages/my_py_pkg/led_panel.py to led_panel.cpython-310.pyc
[1.380s] running install_data
[1.380s] creating /home/robotserver/ros2_ws/install/my_py_pkg/share/ament_index
[1.380s] creating /home/robotserver/ros2_ws/install/my_py_pkg/share/ament_index/resource_index
[1.380s] creating /home/robotserver/ros2_ws/install/my_py_pkg/share/ament_index/resource_index/packages
[1.380s] copying resource/my_py_pkg -> /home/robotserver/ros2_ws/install/my_py_pkg/share/ament_index/resource_index/packages
[1.380s] copying package.xml -> /home/robotserver/ros2_ws/install/my_py_pkg/share/my_py_pkg
[1.381s] running install_egg_info
[1.383s] Copying ../../build/my_py_pkg/my_py_pkg.egg-info to /home/robotserver/ros2_ws/install/my_py_pkg/lib/python3.10/site-packages/my_py_pkg-0.0.0-py3.10.egg-info
[1.384s] running install_scripts
[1.419s] Installing add_two_ints_client script to /home/robotserver/ros2_ws/install/my_py_pkg/lib/my_py_pkg
[1.419s] Installing add_two_ints_client_no_oop script to /home/robotserver/ros2_ws/install/my_py_pkg/lib/my_py_pkg
[1.419s] Installing add_two_ints_server script to /home/robotserver/ros2_ws/install/my_py_pkg/lib/my_py_pkg
[1.419s] Installing battery script to /home/robotserver/ros2_ws/install/my_py_pkg/lib/my_py_pkg
[1.419s] Installing hw_status_publisher script to /home/robotserver/ros2_ws/install/my_py_pkg/lib/my_py_pkg
[1.419s] Installing led_panel script to /home/robotserver/ros2_ws/install/my_py_pkg/lib/my_py_pkg
[1.419s] Installing number_counter script to /home/robotserver/ros2_ws/install/my_py_pkg/lib/my_py_pkg
[1.420s] Installing number_publisher script to /home/robotserver/ros2_ws/install/my_py_pkg/lib/my_py_pkg
[1.420s] Installing py_node script to /home/robotserver/ros2_ws/install/my_py_pkg/lib/my_py_pkg
[1.420s] Installing robot_news_station script to /home/robotserver/ros2_ws/install/my_py_pkg/lib/my_py_pkg
[1.420s] Installing smartphone script to /home/robotserver/ros2_ws/install/my_py_pkg/lib/my_py_pkg
[1.420s] writing list of installed files to '/home/robotserver/ros2_ws/build/my_py_pkg/install.log'
[1.471s] Invoked command in '/home/robotserver/ros2_ws/src/my_py_pkg' returned '0': CMAKE_PREFIX_PATH=/home/robotserver/ros2_ws/install/my_robot_interfaces:/home/robotserver/ros2_ws/install/my_robot_bringup:/home/robotserver/ros2_ws/install/tutorial_interfaces:/home/robotserver/ros2_ws/install/my_cpp_pkg:/home/robotserver/ros2_ws/src/tutorial_interfaces/install/tutorial_interfaces LD_LIBRARY_PATH=/home/robotserver/ros2_ws/install/my_robot_interfaces/lib:/home/robotserver/ros2_ws/install/tutorial_interfaces/lib:/home/robotserver/ros2_ws/src/tutorial_interfaces/install/tutorial_interfaces/lib:/opt/ros/humble/opt/rviz_ogre_vendor/lib:/opt/ros/humble/lib/x86_64-linux-gnu:/opt/ros/humble/lib PYTHONPATH=/home/robotserver/ros2_ws/build/my_py_pkg/prefix_override:/usr/lib/python3/dist-packages/colcon_core/task/python/colcon_distutils_commands:/home/robotserver/ros2_ws/install/my_py_pkg/lib/python3.10/site-packages:${PYTHONPATH} /usr/bin/python3 -W ignore:setup.py install is deprecated setup.py egg_info --egg-base ../../build/my_py_pkg build --build-base /home/robotserver/ros2_ws/build/my_py_pkg/build install --record /home/robotserver/ros2_ws/build/my_py_pkg/install.log --install-scripts $base/lib/my_py_pkg --single-version-externally-managed install_data
