[0.011s] Invoking command in '/home/robotserver/ros2_ws/build/action_tutorials_interfaces': CMAKE_PREFIX_PATH=${CMAKE_PREFIX_PATH}:/home/robotserver/ros2_ws/install/py_srvcli:/home/robotserver/ros2_ws/install/py_pubsub:/home/robotserver/ros2_ws/install/my_py_pkg:/home/robotserver/Desktop/git/create3_main/install/create3_teleop:/home/robotserver/Desktop/git/create3_main/install/create3_msg_transfer:/home/robotserver/Desktop/git/create3_main/install/create3_control:/opt/ros/humble /usr/bin/cmake --build /home/robotserver/ros2_ws/build/action_tutorials_interfaces -- -j8 -l8
[0.034s] -- Found ament_cmake: 1.3.9 (/opt/ros/humble/share/ament_cmake/cmake)
[0.171s] -- Found rosidl_default_generators: 1.2.0 (/opt/ros/humble/share/rosidl_default_generators/cmake)
[0.176s] -- Using all available rosidl_typesupport_c: rosidl_typesupport_fastrtps_c;rosidl_typesupport_introspection_c
[0.181s] -- Found rosidl_adapter: 3.1.5 (/opt/ros/humble/share/rosidl_adapter/cmake)
[0.225s] -- Using all available rosidl_typesupport_cpp: rosidl_typesupport_fastrtps_cpp;rosidl_typesupport_introspection_cpp
[0.677s] -- Found ament_cmake_ros: 0.10.0 (/opt/ros/humble/share/ament_cmake_ros/cmake)
[0.863s] -- Using all available rosidl_typesupport_c: rosidl_typesupport_fastrtps_c;rosidl_typesupport_introspection_c
[1.115s] -- Using all available rosidl_typesupport_cpp: rosidl_typesupport_fastrtps_cpp;rosidl_typesupport_introspection_cpp
[1.141s] -- Found python_cmake_module: 0.10.0 (/opt/ros/humble/share/python_cmake_module/cmake)
[1.164s] -- Using PYTHON_EXECUTABLE: /usr/bin/python3
[1.165s] -- Using PYTHON_INCLUDE_DIRS: /usr/include/python3.10
[1.165s] -- Using PYTHON_LIBRARIES: /usr/lib/x86_64-linux-gnu/libpython3.10.so
[1.196s] -- Configuring done
[1.231s] -- Generating done
[1.234s] -- Build files have been written to: /home/robotserver/ros2_ws/build/action_tutorials_interfaces
[1.261s] [35m[1mConsolidate compiler generated dependencies of target action_tutorials_interfaces__rosidl_generator_c[0m
[1.271s] [  3%] Built target action_tutorials_interfaces__cpp
[1.271s] [ 12%] Built target action_tutorials_interfaces__rosidl_generator_c
[1.281s] [35m[1mConsolidate compiler generated dependencies of target action_tutorials_interfaces__rosidl_typesupport_introspection_c[0m
[1.281s] [35m[1mConsolidate compiler generated dependencies of target action_tutorials_interfaces__rosidl_typesupport_cpp[0m
[1.282s] [ 12%] Built target ament_cmake_python_copy_action_tutorials_interfaces
[1.285s] [35m[1mConsolidate compiler generated dependencies of target action_tutorials_interfaces__rosidl_typesupport_introspection_cpp[0m
[1.285s] [35m[1mConsolidate compiler generated dependencies of target action_tutorials_interfaces__rosidl_typesupport_fastrtps_c[0m
[1.285s] [35m[1mConsolidate compiler generated dependencies of target action_tutorials_interfaces__rosidl_typesupport_fastrtps_cpp[0m
[1.297s] [35m[1mConsolidate compiler generated dependencies of target action_tutorials_interfaces__rosidl_typesupport_c[0m
[1.297s] [ 22%] Built target action_tutorials_interfaces__rosidl_typesupport_introspection_c
[1.300s] [ 32%] Built target action_tutorials_interfaces__rosidl_typesupport_cpp
[1.300s] [ 41%] Built target action_tutorials_interfaces__rosidl_typesupport_introspection_cpp
[1.302s] [ 51%] Built target action_tutorials_interfaces__rosidl_typesupport_fastrtps_cpp
[1.302s] [ 61%] Built target action_tutorials_interfaces__rosidl_typesupport_fastrtps_c
[1.310s] [ 70%] Built target action_tutorials_interfaces__rosidl_typesupport_c
[1.330s] [ 70%] Built target action_tutorials_interfaces
[1.353s] [ 74%] Built target action_tutorials_interfaces__py
[1.364s] [35m[1mConsolidate compiler generated dependencies of target action_tutorials_interfaces__rosidl_generator_py[0m
[1.376s] [ 80%] Built target action_tutorials_interfaces__rosidl_generator_py
[1.387s] [35m[1mConsolidate compiler generated dependencies of target action_tutorials_interfaces__rosidl_typesupport_c__pyext[0m
[1.389s] [35m[1mConsolidate compiler generated dependencies of target action_tutorials_interfaces__rosidl_typesupport_fastrtps_c__pyext[0m
[1.390s] [35m[1mConsolidate compiler generated dependencies of target action_tutorials_interfaces__rosidl_typesupport_introspection_c__pyext[0m
[1.403s] [ 93%] Built target action_tutorials_interfaces__rosidl_typesupport_c__pyext
[1.403s] [ 93%] Built target action_tutorials_interfaces__rosidl_typesupport_fastrtps_c__pyext
[1.407s] [100%] Built target action_tutorials_interfaces__rosidl_typesupport_introspection_c__pyext
[1.504s] running egg_info
[1.517s] writing action_tutorials_interfaces.egg-info/PKG-INFO
[1.518s] writing dependency_links to action_tutorials_interfaces.egg-info/dependency_links.txt
[1.518s] writing top-level names to action_tutorials_interfaces.egg-info/top_level.txt
[1.559s] reading manifest file 'action_tutorials_interfaces.egg-info/SOURCES.txt'
[1.559s] writing manifest file 'action_tutorials_interfaces.egg-info/SOURCES.txt'
[1.591s] [100%] Built target ament_cmake_python_build_action_tutorials_interfaces_egg
[1.602s] Invoked command in '/home/robotserver/ros2_ws/build/action_tutorials_interfaces' returned '0': CMAKE_PREFIX_PATH=${CMAKE_PREFIX_PATH}:/home/robotserver/ros2_ws/install/py_srvcli:/home/robotserver/ros2_ws/install/py_pubsub:/home/robotserver/ros2_ws/install/my_py_pkg:/home/robotserver/Desktop/git/create3_main/install/create3_teleop:/home/robotserver/Desktop/git/create3_main/install/create3_msg_transfer:/home/robotserver/Desktop/git/create3_main/install/create3_control:/opt/ros/humble /usr/bin/cmake --build /home/robotserver/ros2_ws/build/action_tutorials_interfaces -- -j8 -l8
[1.667s] Invoking command in '/home/robotserver/ros2_ws/build/action_tutorials_interfaces': CMAKE_PREFIX_PATH=${CMAKE_PREFIX_PATH}:/home/robotserver/ros2_ws/install/py_srvcli:/home/robotserver/ros2_ws/install/py_pubsub:/home/robotserver/ros2_ws/install/my_py_pkg:/home/robotserver/Desktop/git/create3_main/install/create3_teleop:/home/robotserver/Desktop/git/create3_main/install/create3_msg_transfer:/home/robotserver/Desktop/git/create3_main/install/create3_control:/opt/ros/humble /usr/bin/cmake --install /home/robotserver/ros2_ws/build/action_tutorials_interfaces
[1.675s] -- Install configuration: ""
[1.675s] -- Up-to-date: /home/robotserver/ros2_ws/install/action_tutorials_interfaces/share/ament_index/resource_index/rosidl_interfaces/action_tutorials_interfaces
[1.675s] -- Up-to-date: /home/robotserver/ros2_ws/install/action_tutorials_interfaces/include/action_tutorials_interfaces/action_tutorials_interfaces
[1.675s] -- Up-to-date: /home/robotserver/ros2_ws/install/action_tutorials_interfaces/include/action_tutorials_interfaces/action_tutorials_interfaces/action
[1.675s] -- Up-to-date: /home/robotserver/ros2_ws/install/action_tutorials_interfaces/include/action_tutorials_interfaces/action_tutorials_interfaces/action/fibonacci.h
[1.675s] -- Up-to-date: /home/robotserver/ros2_ws/install/action_tutorials_interfaces/include/action_tutorials_interfaces/action_tutorials_interfaces/action/detail
[1.675s] -- Up-to-date: /home/robotserver/ros2_ws/install/action_tutorials_interfaces/include/action_tutorials_interfaces/action_tutorials_interfaces/action/detail/fibonacci__functions.h
[1.675s] -- Up-to-date: /home/robotserver/ros2_ws/install/action_tutorials_interfaces/include/action_tutorials_interfaces/action_tutorials_interfaces/action/detail/fibonacci__struct.h
[1.675s] -- Up-to-date: /home/robotserver/ros2_ws/install/action_tutorials_interfaces/include/action_tutorials_interfaces/action_tutorials_interfaces/action/detail/fibonacci__type_support.h
[1.675s] -- Up-to-date: /home/robotserver/ros2_ws/install/action_tutorials_interfaces/include/action_tutorials_interfaces/action_tutorials_interfaces/action/detail/fibonacci__functions.c
[1.676s] -- Up-to-date: /home/robotserver/ros2_ws/install/action_tutorials_interfaces/include/action_tutorials_interfaces/action_tutorials_interfaces/msg
[1.676s] -- Up-to-date: /home/robotserver/ros2_ws/install/action_tutorials_interfaces/include/action_tutorials_interfaces/action_tutorials_interfaces/msg/rosidl_generator_c__visibility_control.h
[1.676s] -- Up-to-date: /home/robotserver/ros2_ws/install/action_tutorials_interfaces/share/action_tutorials_interfaces/environment/library_path.sh
[1.676s] -- Installing: /home/robotserver/ros2_ws/install/action_tutorials_interfaces/share/action_tutorials_interfaces/environment/library_path.dsv
[1.676s] -- Up-to-date: /home/robotserver/ros2_ws/install/action_tutorials_interfaces/lib/libaction_tutorials_interfaces__rosidl_generator_c.so
[1.676s] -- Up-to-date: /home/robotserver/ros2_ws/install/action_tutorials_interfaces/include/action_tutorials_interfaces/action_tutorials_interfaces
[1.676s] -- Up-to-date: /home/robotserver/ros2_ws/install/action_tutorials_interfaces/include/action_tutorials_interfaces/action_tutorials_interfaces/action
[1.676s] -- Up-to-date: /home/robotserver/ros2_ws/install/action_tutorials_interfaces/include/action_tutorials_interfaces/action_tutorials_interfaces/action/detail
[1.676s] -- Up-to-date: /home/robotserver/ros2_ws/install/action_tutorials_interfaces/include/action_tutorials_interfaces/action_tutorials_interfaces/action/detail/fibonacci__rosidl_typesupport_fastrtps_c.h
[1.676s] -- Up-to-date: /home/robotserver/ros2_ws/install/action_tutorials_interfaces/include/action_tutorials_interfaces/action_tutorials_interfaces/msg
[1.676s] -- Up-to-date: /home/robotserver/ros2_ws/install/action_tutorials_interfaces/include/action_tutorials_interfaces/action_tutorials_interfaces/msg/rosidl_typesupport_fastrtps_c__visibility_control.h
[1.677s] -- Up-to-date: /home/robotserver/ros2_ws/install/action_tutorials_interfaces/lib/libaction_tutorials_interfaces__rosidl_typesupport_fastrtps_c.so
[1.677s] -- Up-to-date: /home/robotserver/ros2_ws/install/action_tutorials_interfaces/include/action_tutorials_interfaces/action_tutorials_interfaces
[1.677s] -- Up-to-date: /home/robotserver/ros2_ws/install/action_tutorials_interfaces/include/action_tutorials_interfaces/action_tutorials_interfaces/action
[1.677s] -- Up-to-date: /home/robotserver/ros2_ws/install/action_tutorials_interfaces/include/action_tutorials_interfaces/action_tutorials_interfaces/action/detail
[1.677s] -- Up-to-date: /home/robotserver/ros2_ws/install/action_tutorials_interfaces/include/action_tutorials_interfaces/action_tutorials_interfaces/action/detail/fibonacci__type_support.c
[1.677s] -- Up-to-date: /home/robotserver/ros2_ws/install/action_tutorials_interfaces/include/action_tutorials_interfaces/action_tutorials_interfaces/action/detail/fibonacci__rosidl_typesupport_introspection_c.h
[1.677s] -- Up-to-date: /home/robotserver/ros2_ws/install/action_tutorials_interfaces/include/action_tutorials_interfaces/action_tutorials_interfaces/msg
[1.677s] -- Up-to-date: /home/robotserver/ros2_ws/install/action_tutorials_interfaces/include/action_tutorials_interfaces/action_tutorials_interfaces/msg/rosidl_typesupport_introspection_c__visibility_control.h
[1.677s] -- Up-to-date: /home/robotserver/ros2_ws/install/action_tutorials_interfaces/lib/libaction_tutorials_interfaces__rosidl_typesupport_introspection_c.so
[1.677s] -- Up-to-date: /home/robotserver/ros2_ws/install/action_tutorials_interfaces/lib/libaction_tutorials_interfaces__rosidl_typesupport_c.so
[1.677s] -- Up-to-date: /home/robotserver/ros2_ws/install/action_tutorials_interfaces/include/action_tutorials_interfaces/action_tutorials_interfaces
[1.677s] -- Up-to-date: /home/robotserver/ros2_ws/install/action_tutorials_interfaces/include/action_tutorials_interfaces/action_tutorials_interfaces/action
[1.677s] -- Up-to-date: /home/robotserver/ros2_ws/install/action_tutorials_interfaces/include/action_tutorials_interfaces/action_tutorials_interfaces/action/fibonacci.hpp
[1.678s] -- Up-to-date: /home/robotserver/ros2_ws/install/action_tutorials_interfaces/include/action_tutorials_interfaces/action_tutorials_interfaces/action/detail
[1.678s] -- Up-to-date: /home/robotserver/ros2_ws/install/action_tutorials_interfaces/include/action_tutorials_interfaces/action_tutorials_interfaces/action/detail/fibonacci__traits.hpp
[1.678s] -- Up-to-date: /home/robotserver/ros2_ws/install/action_tutorials_interfaces/include/action_tutorials_interfaces/action_tutorials_interfaces/action/detail/fibonacci__struct.hpp
[1.678s] -- Up-to-date: /home/robotserver/ros2_ws/install/action_tutorials_interfaces/include/action_tutorials_interfaces/action_tutorials_interfaces/action/detail/fibonacci__builder.hpp
[1.678s] -- Up-to-date: /home/robotserver/ros2_ws/install/action_tutorials_interfaces/include/action_tutorials_interfaces/action_tutorials_interfaces
[1.678s] -- Up-to-date: /home/robotserver/ros2_ws/install/action_tutorials_interfaces/include/action_tutorials_interfaces/action_tutorials_interfaces/action
[1.678s] -- Up-to-date: /home/robotserver/ros2_ws/install/action_tutorials_interfaces/include/action_tutorials_interfaces/action_tutorials_interfaces/action/detail
[1.678s] -- Up-to-date: /home/robotserver/ros2_ws/install/action_tutorials_interfaces/include/action_tutorials_interfaces/action_tutorials_interfaces/action/detail/dds_fastrtps
[1.678s] -- Up-to-date: /home/robotserver/ros2_ws/install/action_tutorials_interfaces/include/action_tutorials_interfaces/action_tutorials_interfaces/action/detail/fibonacci__rosidl_typesupport_fastrtps_cpp.hpp
[1.678s] -- Up-to-date: /home/robotserver/ros2_ws/install/action_tutorials_interfaces/include/action_tutorials_interfaces/action_tutorials_interfaces/msg
[1.678s] -- Up-to-date: /home/robotserver/ros2_ws/install/action_tutorials_interfaces/include/action_tutorials_interfaces/action_tutorials_interfaces/msg/rosidl_typesupport_fastrtps_cpp__visibility_control.h
[1.678s] -- Up-to-date: /home/robotserver/ros2_ws/install/action_tutorials_interfaces/lib/libaction_tutorials_interfaces__rosidl_typesupport_fastrtps_cpp.so
[1.678s] -- Up-to-date: /home/robotserver/ros2_ws/install/action_tutorials_interfaces/include/action_tutorials_interfaces/action_tutorials_interfaces
[1.679s] -- Up-to-date: /home/robotserver/ros2_ws/install/action_tutorials_interfaces/include/action_tutorials_interfaces/action_tutorials_interfaces/action
[1.679s] -- Up-to-date: /home/robotserver/ros2_ws/install/action_tutorials_interfaces/include/action_tutorials_interfaces/action_tutorials_interfaces/action/detail
[1.679s] -- Up-to-date: /home/robotserver/ros2_ws/install/action_tutorials_interfaces/include/action_tutorials_interfaces/action_tutorials_interfaces/action/detail/fibonacci__type_support.cpp
[1.679s] -- Up-to-date: /home/robotserver/ros2_ws/install/action_tutorials_interfaces/include/action_tutorials_interfaces/action_tutorials_interfaces/action/detail/fibonacci__rosidl_typesupport_introspection_cpp.hpp
[1.679s] -- Up-to-date: /home/robotserver/ros2_ws/install/action_tutorials_interfaces/lib/libaction_tutorials_interfaces__rosidl_typesupport_introspection_cpp.so
[1.679s] -- Up-to-date: /home/robotserver/ros2_ws/install/action_tutorials_interfaces/lib/libaction_tutorials_interfaces__rosidl_typesupport_cpp.so
[1.679s] -- Up-to-date: /home/robotserver/ros2_ws/install/action_tutorials_interfaces/share/action_tutorials_interfaces/environment/pythonpath.sh
[1.679s] -- Installing: /home/robotserver/ros2_ws/install/action_tutorials_interfaces/share/action_tutorials_interfaces/environment/pythonpath.dsv
[1.679s] -- Up-to-date: /home/robotserver/ros2_ws/install/action_tutorials_interfaces/lib/python3.12/site-packages/action_tutorials_interfaces-0.0.0-py3.12.egg-info
[1.679s] -- Installing: /home/robotserver/ros2_ws/install/action_tutorials_interfaces/lib/python3.12/site-packages/action_tutorials_interfaces-0.0.0-py3.12.egg-info/top_level.txt
[1.679s] -- Installing: /home/robotserver/ros2_ws/install/action_tutorials_interfaces/lib/python3.12/site-packages/action_tutorials_interfaces-0.0.0-py3.12.egg-info/PKG-INFO
[1.680s] -- Installing: /home/robotserver/ros2_ws/install/action_tutorials_interfaces/lib/python3.12/site-packages/action_tutorials_interfaces-0.0.0-py3.12.egg-info/dependency_links.txt
[1.680s] -- Installing: /home/robotserver/ros2_ws/install/action_tutorials_interfaces/lib/python3.12/site-packages/action_tutorials_interfaces-0.0.0-py3.12.egg-info/SOURCES.txt
[1.680s] -- Up-to-date: /home/robotserver/ros2_ws/install/action_tutorials_interfaces/lib/python3.12/site-packages/action_tutorials_interfaces
[1.680s] -- Up-to-date: /home/robotserver/ros2_ws/install/action_tutorials_interfaces/lib/python3.12/site-packages/action_tutorials_interfaces/_action_tutorials_interfaces_s.ep.rosidl_typesupport_fastrtps_c.c
[1.680s] -- Up-to-date: /home/robotserver/ros2_ws/install/action_tutorials_interfaces/lib/python3.12/site-packages/action_tutorials_interfaces/action_tutorials_interfaces_s__rosidl_typesupport_introspection_c.cpython-310-x86_64-linux-gnu.so
[1.680s] -- Up-to-date: /home/robotserver/ros2_ws/install/action_tutorials_interfaces/lib/python3.12/site-packages/action_tutorials_interfaces/_action_tutorials_interfaces_s.ep.rosidl_typesupport_introspection_c.c
[1.680s] -- Up-to-date: /home/robotserver/ros2_ws/install/action_tutorials_interfaces/lib/python3.12/site-packages/action_tutorials_interfaces/action
[1.680s] -- Up-to-date: /home/robotserver/ros2_ws/install/action_tutorials_interfaces/lib/python3.12/site-packages/action_tutorials_interfaces/action/_fibonacci.py
[1.680s] -- Up-to-date: /home/robotserver/ros2_ws/install/action_tutorials_interfaces/lib/python3.12/site-packages/action_tutorials_interfaces/action/__init__.py
[1.680s] -- Up-to-date: /home/robotserver/ros2_ws/install/action_tutorials_interfaces/lib/python3.12/site-packages/action_tutorials_interfaces/action/_fibonacci_s.c
[1.680s] -- Up-to-date: /home/robotserver/ros2_ws/install/action_tutorials_interfaces/lib/python3.12/site-packages/action_tutorials_interfaces/_action_tutorials_interfaces_s.ep.rosidl_typesupport_c.c
[1.680s] -- Installing: /home/robotserver/ros2_ws/install/action_tutorials_interfaces/lib/python3.12/site-packages/action_tutorials_interfaces/__init__.py
[1.680s] -- Up-to-date: /home/robotserver/ros2_ws/install/action_tutorials_interfaces/lib/python3.12/site-packages/action_tutorials_interfaces/action_tutorials_interfaces_s__rosidl_typesupport_fastrtps_c.cpython-310-x86_64-linux-gnu.so
[1.680s] -- Up-to-date: /home/robotserver/ros2_ws/install/action_tutorials_interfaces/lib/python3.12/site-packages/action_tutorials_interfaces/action_tutorials_interfaces_s__rosidl_typesupport_c.cpython-310-x86_64-linux-gnu.so
[1.680s] -- Up-to-date: /home/robotserver/ros2_ws/install/action_tutorials_interfaces/lib/python3.12/site-packages/action_tutorials_interfaces/libaction_tutorials_interfaces__rosidl_generator_py.so
[1.714s] Listing '/home/robotserver/ros2_ws/install/action_tutorials_interfaces/lib/python3.12/site-packages/action_tutorials_interfaces'...
[1.714s] Compiling '/home/robotserver/ros2_ws/install/action_tutorials_interfaces/lib/python3.12/site-packages/action_tutorials_interfaces/__init__.py'...
[1.714s] Listing '/home/robotserver/ros2_ws/install/action_tutorials_interfaces/lib/python3.12/site-packages/action_tutorials_interfaces/action'...
[1.719s] -- Up-to-date: /home/robotserver/ros2_ws/install/action_tutorials_interfaces/lib/python3.12/site-packages/action_tutorials_interfaces/action_tutorials_interfaces_s__rosidl_typesupport_fastrtps_c.cpython-310-x86_64-linux-gnu.so
[1.719s] -- Up-to-date: /home/robotserver/ros2_ws/install/action_tutorials_interfaces/lib/python3.12/site-packages/action_tutorials_interfaces/action_tutorials_interfaces_s__rosidl_typesupport_introspection_c.cpython-310-x86_64-linux-gnu.so
[1.719s] -- Up-to-date: /home/robotserver/ros2_ws/install/action_tutorials_interfaces/lib/python3.12/site-packages/action_tutorials_interfaces/action_tutorials_interfaces_s__rosidl_typesupport_c.cpython-310-x86_64-linux-gnu.so
[1.720s] -- Up-to-date: /home/robotserver/ros2_ws/install/action_tutorials_interfaces/lib/libaction_tutorials_interfaces__rosidl_generator_py.so
[1.720s] -- Up-to-date: /home/robotserver/ros2_ws/install/action_tutorials_interfaces/share/action_tutorials_interfaces/action/Fibonacci.idl
[1.720s] -- Up-to-date: /home/robotserver/ros2_ws/install/action_tutorials_interfaces/share/action_tutorials_interfaces/action/Fibonacci.action
[1.720s] -- Up-to-date: /home/robotserver/ros2_ws/install/action_tutorials_interfaces/share/ament_index/resource_index/package_run_dependencies/action_tutorials_interfaces
[1.721s] -- Up-to-date: /home/robotserver/ros2_ws/install/action_tutorials_interfaces/share/ament_index/resource_index/parent_prefix_path/action_tutorials_interfaces
[1.721s] -- Up-to-date: /home/robotserver/ros2_ws/install/action_tutorials_interfaces/share/action_tutorials_interfaces/environment/ament_prefix_path.sh
[1.721s] -- Installing: /home/robotserver/ros2_ws/install/action_tutorials_interfaces/share/action_tutorials_interfaces/environment/ament_prefix_path.dsv
[1.721s] -- Up-to-date: /home/robotserver/ros2_ws/install/action_tutorials_interfaces/share/action_tutorials_interfaces/environment/path.sh
[1.721s] -- Installing: /home/robotserver/ros2_ws/install/action_tutorials_interfaces/share/action_tutorials_interfaces/environment/path.dsv
[1.721s] -- Up-to-date: /home/robotserver/ros2_ws/install/action_tutorials_interfaces/share/action_tutorials_interfaces/local_setup.bash
[1.721s] -- Up-to-date: /home/robotserver/ros2_ws/install/action_tutorials_interfaces/share/action_tutorials_interfaces/local_setup.sh
[1.721s] -- Up-to-date: /home/robotserver/ros2_ws/install/action_tutorials_interfaces/share/action_tutorials_interfaces/local_setup.zsh
[1.721s] -- Installing: /home/robotserver/ros2_ws/install/action_tutorials_interfaces/share/action_tutorials_interfaces/local_setup.dsv
[1.721s] -- Installing: /home/robotserver/ros2_ws/install/action_tutorials_interfaces/share/action_tutorials_interfaces/package.dsv
[1.721s] -- Up-to-date: /home/robotserver/ros2_ws/install/action_tutorials_interfaces/share/ament_index/resource_index/packages/action_tutorials_interfaces
[1.722s] -- Up-to-date: /home/robotserver/ros2_ws/install/action_tutorials_interfaces/share/action_tutorials_interfaces/cmake/export_action_tutorials_interfaces__rosidl_generator_cExport.cmake
[1.722s] -- Up-to-date: /home/robotserver/ros2_ws/install/action_tutorials_interfaces/share/action_tutorials_interfaces/cmake/export_action_tutorials_interfaces__rosidl_generator_cExport-noconfig.cmake
[1.722s] -- Up-to-date: /home/robotserver/ros2_ws/install/action_tutorials_interfaces/share/action_tutorials_interfaces/cmake/export_action_tutorials_interfaces__rosidl_typesupport_fastrtps_cExport.cmake
[1.722s] -- Up-to-date: /home/robotserver/ros2_ws/install/action_tutorials_interfaces/share/action_tutorials_interfaces/cmake/export_action_tutorials_interfaces__rosidl_typesupport_fastrtps_cExport-noconfig.cmake
[1.722s] -- Up-to-date: /home/robotserver/ros2_ws/install/action_tutorials_interfaces/share/action_tutorials_interfaces/cmake/action_tutorials_interfaces__rosidl_typesupport_introspection_cExport.cmake
[1.722s] -- Up-to-date: /home/robotserver/ros2_ws/install/action_tutorials_interfaces/share/action_tutorials_interfaces/cmake/action_tutorials_interfaces__rosidl_typesupport_introspection_cExport-noconfig.cmake
[1.722s] -- Up-to-date: /home/robotserver/ros2_ws/install/action_tutorials_interfaces/share/action_tutorials_interfaces/cmake/action_tutorials_interfaces__rosidl_typesupport_cExport.cmake
[1.722s] -- Up-to-date: /home/robotserver/ros2_ws/install/action_tutorials_interfaces/share/action_tutorials_interfaces/cmake/action_tutorials_interfaces__rosidl_typesupport_cExport-noconfig.cmake
[1.722s] -- Up-to-date: /home/robotserver/ros2_ws/install/action_tutorials_interfaces/share/action_tutorials_interfaces/cmake/export_action_tutorials_interfaces__rosidl_generator_cppExport.cmake
[1.722s] -- Up-to-date: /home/robotserver/ros2_ws/install/action_tutorials_interfaces/share/action_tutorials_interfaces/cmake/export_action_tutorials_interfaces__rosidl_typesupport_fastrtps_cppExport.cmake
[1.722s] -- Up-to-date: /home/robotserver/ros2_ws/install/action_tutorials_interfaces/share/action_tutorials_interfaces/cmake/export_action_tutorials_interfaces__rosidl_typesupport_fastrtps_cppExport-noconfig.cmake
[1.722s] -- Up-to-date: /home/robotserver/ros2_ws/install/action_tutorials_interfaces/share/action_tutorials_interfaces/cmake/action_tutorials_interfaces__rosidl_typesupport_introspection_cppExport.cmake
[1.723s] -- Up-to-date: /home/robotserver/ros2_ws/install/action_tutorials_interfaces/share/action_tutorials_interfaces/cmake/action_tutorials_interfaces__rosidl_typesupport_introspection_cppExport-noconfig.cmake
[1.723s] -- Up-to-date: /home/robotserver/ros2_ws/install/action_tutorials_interfaces/share/action_tutorials_interfaces/cmake/action_tutorials_interfaces__rosidl_typesupport_cppExport.cmake
[1.723s] -- Up-to-date: /home/robotserver/ros2_ws/install/action_tutorials_interfaces/share/action_tutorials_interfaces/cmake/action_tutorials_interfaces__rosidl_typesupport_cppExport-noconfig.cmake
[1.723s] -- Up-to-date: /home/robotserver/ros2_ws/install/action_tutorials_interfaces/share/action_tutorials_interfaces/cmake/export_action_tutorials_interfaces__rosidl_generator_pyExport.cmake
[1.723s] -- Up-to-date: /home/robotserver/ros2_ws/install/action_tutorials_interfaces/share/action_tutorials_interfaces/cmake/export_action_tutorials_interfaces__rosidl_generator_pyExport-noconfig.cmake
[1.723s] -- Up-to-date: /home/robotserver/ros2_ws/install/action_tutorials_interfaces/share/action_tutorials_interfaces/cmake/rosidl_cmake-extras.cmake
[1.723s] -- Up-to-date: /home/robotserver/ros2_ws/install/action_tutorials_interfaces/share/action_tutorials_interfaces/cmake/ament_cmake_export_dependencies-extras.cmake
[1.723s] -- Up-to-date: /home/robotserver/ros2_ws/install/action_tutorials_interfaces/share/action_tutorials_interfaces/cmake/ament_cmake_export_include_directories-extras.cmake
[1.723s] -- Up-to-date: /home/robotserver/ros2_ws/install/action_tutorials_interfaces/share/action_tutorials_interfaces/cmake/ament_cmake_export_libraries-extras.cmake
[1.723s] -- Up-to-date: /home/robotserver/ros2_ws/install/action_tutorials_interfaces/share/action_tutorials_interfaces/cmake/ament_cmake_export_targets-extras.cmake
[1.723s] -- Up-to-date: /home/robotserver/ros2_ws/install/action_tutorials_interfaces/share/action_tutorials_interfaces/cmake/rosidl_cmake_export_typesupport_targets-extras.cmake
[1.723s] -- Up-to-date: /home/robotserver/ros2_ws/install/action_tutorials_interfaces/share/action_tutorials_interfaces/cmake/rosidl_cmake_export_typesupport_libraries-extras.cmake
[1.723s] -- Up-to-date: /home/robotserver/ros2_ws/install/action_tutorials_interfaces/share/action_tutorials_interfaces/cmake/action_tutorials_interfacesConfig.cmake
[1.723s] -- Up-to-date: /home/robotserver/ros2_ws/install/action_tutorials_interfaces/share/action_tutorials_interfaces/cmake/action_tutorials_interfacesConfig-version.cmake
[1.723s] -- Installing: /home/robotserver/ros2_ws/install/action_tutorials_interfaces/share/action_tutorials_interfaces/package.xml
[1.726s] Invoked command in '/home/robotserver/ros2_ws/build/action_tutorials_interfaces' returned '0': CMAKE_PREFIX_PATH=${CMAKE_PREFIX_PATH}:/home/robotserver/ros2_ws/install/py_srvcli:/home/robotserver/ros2_ws/install/py_pubsub:/home/robotserver/ros2_ws/install/my_py_pkg:/home/robotserver/Desktop/git/create3_main/install/create3_teleop:/home/robotserver/Desktop/git/create3_main/install/create3_msg_transfer:/home/robotserver/Desktop/git/create3_main/install/create3_control:/opt/ros/humble /usr/bin/cmake --install /home/robotserver/ros2_ws/build/action_tutorials_interfaces
