[0.962s] Invoking command in '/home/robotserver/ros2_ws/src/py_pubsub': CMAKE_PREFIX_PATH=/home/robotserver/ros2_ws/install/tutorial_interfaces:/home/robotserver/ros2_ws/install/my_robot_bringup:/home/robotserver/ros2_ws/install/my_cpp_pkg:/home/robotserver/ros2_ws/install/my_robot_interfaces:/home/robotserver/ros2_ws/src/tutorial_interfaces/install/tutorial_interfaces PYTHONPATH=/home/robotserver/ros2_ws/build/py_pubsub/prefix_override:/usr/lib/python3/dist-packages/colcon_core/task/python/colcon_distutils_commands:/home/robotserver/ros2_ws/install/py_pubsub/lib/python3.10/site-packages:${PYTHONPATH} /usr/bin/python3 -W ignore:setup.py install is deprecated setup.py egg_info --egg-base ../../build/py_pubsub build --build-base /home/robotserver/ros2_ws/build/py_pubsub/build install --record /home/robotserver/ros2_ws/build/py_pubsub/install.log --single-version-externally-managed install_data
[1.228s] running egg_info
[1.229s] creating ../../build/py_pubsub/py_pubsub.egg-info
[1.229s] writing ../../build/py_pubsub/py_pubsub.egg-info/PKG-INFO
[1.229s] writing dependency_links to ../../build/py_pubsub/py_pubsub.egg-info/dependency_links.txt
[1.229s] writing entry points to ../../build/py_pubsub/py_pubsub.egg-info/entry_points.txt
[1.230s] writing requirements to ../../build/py_pubsub/py_pubsub.egg-info/requires.txt
[1.230s] writing top-level names to ../../build/py_pubsub/py_pubsub.egg-info/top_level.txt
[1.230s] writing manifest file '../../build/py_pubsub/py_pubsub.egg-info/SOURCES.txt'
[1.232s] reading manifest file '../../build/py_pubsub/py_pubsub.egg-info/SOURCES.txt'
[1.232s] adding license file 'LICENSE'
[1.233s] writing manifest file '../../build/py_pubsub/py_pubsub.egg-info/SOURCES.txt'
[1.233s] running build
[1.233s] running build_py
[1.233s] creating /home/robotserver/ros2_ws/build/py_pubsub/build
[1.234s] creating /home/robotserver/ros2_ws/build/py_pubsub/build/lib
[1.234s] creating /home/robotserver/ros2_ws/build/py_pubsub/build/lib/py_pubsub
[1.234s] copying py_pubsub/publisher_member_function.py -> /home/robotserver/ros2_ws/build/py_pubsub/build/lib/py_pubsub
[1.234s] copying py_pubsub/__init__.py -> /home/robotserver/ros2_ws/build/py_pubsub/build/lib/py_pubsub
[1.234s] copying py_pubsub/subscriber_member_function.py -> /home/robotserver/ros2_ws/build/py_pubsub/build/lib/py_pubsub
[1.234s] running install
[1.235s] running install_lib
[1.236s] creating /home/robotserver/ros2_ws/install/py_pubsub/lib/python3.10/site-packages/py_pubsub
[1.236s] copying /home/robotserver/ros2_ws/build/py_pubsub/build/lib/py_pubsub/publisher_member_function.py -> /home/robotserver/ros2_ws/install/py_pubsub/lib/python3.10/site-packages/py_pubsub
[1.236s] copying /home/robotserver/ros2_ws/build/py_pubsub/build/lib/py_pubsub/__init__.py -> /home/robotserver/ros2_ws/install/py_pubsub/lib/python3.10/site-packages/py_pubsub
[1.236s] copying /home/robotserver/ros2_ws/build/py_pubsub/build/lib/py_pubsub/subscriber_member_function.py -> /home/robotserver/ros2_ws/install/py_pubsub/lib/python3.10/site-packages/py_pubsub
[1.237s] byte-compiling /home/robotserver/ros2_ws/install/py_pubsub/lib/python3.10/site-packages/py_pubsub/publisher_member_function.py to publisher_member_function.cpython-310.pyc
[1.237s] byte-compiling /home/robotserver/ros2_ws/install/py_pubsub/lib/python3.10/site-packages/py_pubsub/__init__.py to __init__.cpython-310.pyc
[1.237s] byte-compiling /home/robotserver/ros2_ws/install/py_pubsub/lib/python3.10/site-packages/py_pubsub/subscriber_member_function.py to subscriber_member_function.cpython-310.pyc
[1.238s] running install_data
[1.238s] creating /home/robotserver/ros2_ws/install/py_pubsub/share/ament_index
[1.238s] creating /home/robotserver/ros2_ws/install/py_pubsub/share/ament_index/resource_index
[1.238s] creating /home/robotserver/ros2_ws/install/py_pubsub/share/ament_index/resource_index/packages
[1.238s] copying resource/py_pubsub -> /home/robotserver/ros2_ws/install/py_pubsub/share/ament_index/resource_index/packages
[1.239s] copying package.xml -> /home/robotserver/ros2_ws/install/py_pubsub/share/py_pubsub
[1.239s] running install_egg_info
[1.240s] Copying ../../build/py_pubsub/py_pubsub.egg-info to /home/robotserver/ros2_ws/install/py_pubsub/lib/python3.10/site-packages/py_pubsub-0.0.0-py3.10.egg-info
[1.241s] running install_scripts
[1.264s] Installing listener script to /home/robotserver/ros2_ws/install/py_pubsub/lib/py_pubsub
[1.264s] Installing talker script to /home/robotserver/ros2_ws/install/py_pubsub/lib/py_pubsub
[1.264s] writing list of installed files to '/home/robotserver/ros2_ws/build/py_pubsub/install.log'
[1.296s] Invoked command in '/home/robotserver/ros2_ws/src/py_pubsub' returned '0': CMAKE_PREFIX_PATH=/home/robotserver/ros2_ws/install/tutorial_interfaces:/home/robotserver/ros2_ws/install/my_robot_bringup:/home/robotserver/ros2_ws/install/my_cpp_pkg:/home/robotserver/ros2_ws/install/my_robot_interfaces:/home/robotserver/ros2_ws/src/tutorial_interfaces/install/tutorial_interfaces PYTHONPATH=/home/robotserver/ros2_ws/build/py_pubsub/prefix_override:/usr/lib/python3/dist-packages/colcon_core/task/python/colcon_distutils_commands:/home/robotserver/ros2_ws/install/py_pubsub/lib/python3.10/site-packages:${PYTHONPATH} /usr/bin/python3 -W ignore:setup.py install is deprecated setup.py egg_info --egg-base ../../build/py_pubsub build --build-base /home/robotserver/ros2_ws/build/py_pubsub/build install --record /home/robotserver/ros2_ws/build/py_pubsub/install.log --single-version-externally-managed install_data
