-- The C compiler identification is GNU 11.4.0
-- The CXX compiler identification is GNU 11.4.0
-- Detecting C compiler ABI info
-- Detecting C compiler ABI info - done
-- Check for working C compiler: /usr/bin/cc - skipped
-- Detecting C compile features
-- Detecting C compile features - done
-- Detecting CXX compiler ABI info
-- Detecting CXX compiler ABI info - done
-- Check for working CXX compiler: /usr/bin/c++ - skipped
-- Detecting CXX compile features
-- Detecting CXX compile features - done
-- Found ament_cmake: 1.3.9 (/opt/ros/humble/share/ament_cmake/cmake)
-- Found Python3: /home/robotserver/miniconda3/envs/ros2_env/bin/python3 (found version "3.9.19") found components: Interpreter 
-- Found create3_examples_msgs: 0.0.5 (/home/robotserver/Desktop/git/ROS/create3_examples_ws/install/create3_examples_msgs/share/create3_examples_msgs/cmake)
-- Found rosidl_generator_c: 3.1.5 (/opt/ros/humble/share/rosidl_generator_c/cmake)
-- Found rosidl_adapter: 3.1.5 (/opt/ros/humble/share/rosidl_adapter/cmake)
-- Found rosidl_generator_cpp: 3.1.5 (/opt/ros/humble/share/rosidl_generator_cpp/cmake)
-- Using all available rosidl_typesupport_c: rosidl_typesupport_fastrtps_c;rosidl_typesupport_introspection_c
-- Using all available rosidl_typesupport_cpp: rosidl_typesupport_fastrtps_cpp;rosidl_typesupport_introspection_cpp
-- Found geometry_msgs: 4.2.4 (/opt/ros/humble/share/geometry_msgs/cmake)
-- Found irobot_create_msgs: 2.1.0 (/opt/ros/humble/share/irobot_create_msgs/cmake)
-- Found nav_msgs: 4.2.4 (/opt/ros/humble/share/nav_msgs/cmake)
-- Found rclcpp: 16.0.9 (/opt/ros/humble/share/rclcpp/cmake)
-- Found rmw_implementation_cmake: 6.1.2 (/opt/ros/humble/share/rmw_implementation_cmake/cmake)
-- Found rmw_fastrtps_cpp: 6.2.6 (/opt/ros/humble/share/rmw_fastrtps_cpp/cmake)
-- Found OpenSSL: /usr/lib/x86_64-linux-gnu/libcrypto.so (found version "3.0.2")  
-- Found FastRTPS: /opt/ros/humble/include  
-- Using RMW implementation 'rmw_fastrtps_cpp' as default
-- Looking for pthread.h
-- Looking for pthread.h - found
-- Performing Test CMAKE_HAVE_LIBC_PTHREAD
-- Performing Test CMAKE_HAVE_LIBC_PTHREAD - Success
-- Found Threads: TRUE  
-- Found rclcpp_action: 16.0.9 (/opt/ros/humble/share/rclcpp_action/cmake)
-- Found tf2_geometry_msgs: 0.25.7 (/opt/ros/humble/share/tf2_geometry_msgs/cmake)
-- Found eigen3_cmake_module: 0.1.1 (/opt/ros/humble/share/eigen3_cmake_module/cmake)
-- Found Eigen3: TRUE (found version "3.4.0") 
-- Ensuring Eigen3 include directory is part of orocos-kdl CMake target
-- Found ament_lint_auto: 0.12.11 (/opt/ros/humble/share/ament_lint_auto/cmake)
-- Added test 'cppcheck' to perform static code analysis on C / C++ code
-- Configured cppcheck include dirs: /home/robotserver/Desktop/git/ROS/create3_examples_ws/src/create3_examples/create3_coverage/include
-- Configured cppcheck exclude dirs and/or files: 
-- Added test 'lint_cmake' to check CMake code style
-- Added test 'uncrustify' to check C / C++ code style
-- Configured uncrustify additional arguments: 
-- Added test 'xmllint' to check XML markup files
-- Configuring done
-- Generating done
-- Build files have been written to: /home/robotserver/Desktop/git/ROS/create3_examples_ws/build/create3_coverage
[ 16%] [32mBuilding CXX object CMakeFiles/create3_coverage_core.dir/src/behaviors/drive-straight-behavior.cpp.o[0m
[ 41%] [32mBuilding CXX object CMakeFiles/create3_coverage_core.dir/src/behaviors/spiral-behavior.cpp.o[0m
[ 41%] [32mBuilding CXX object CMakeFiles/create3_coverage_core.dir/src/behaviors/rotate-behavior.cpp.o[0m
[ 41%] [32mBuilding CXX object CMakeFiles/create3_coverage_core.dir/src/behaviors/reflex-behavior.cpp.o[0m
[ 50%] [32mBuilding CXX object CMakeFiles/create3_coverage_core.dir/src/behaviors/undock-behavior.cpp.o[0m
[ 58%] [32mBuilding CXX object CMakeFiles/create3_coverage_core.dir/src/behaviors/utils.cpp.o[0m
[ 16%] [32mBuilding CXX object CMakeFiles/create3_coverage_core.dir/src/behaviors/dock-behavior.cpp.o[0m
[ 66%] [32mBuilding CXX object CMakeFiles/create3_coverage_core.dir/src/coverage_state_machine.cpp.o[0m
[ 75%] [32mBuilding CXX object CMakeFiles/create3_coverage_core.dir/src/create3_coverage_node.cpp.o[0m
[ 83%] [32m[1mLinking CXX shared library libcreate3_coverage_core.so[0m
[ 83%] Built target create3_coverage_core
[ 91%] [32mBuilding CXX object CMakeFiles/create3_coverage.dir/src/main.cpp.o[0m
[100%] [32m[1mLinking CXX executable create3_coverage[0m
[100%] Built target create3_coverage
-- Install configuration: ""
-- Installing: /home/robotserver/Desktop/git/ROS/create3_examples_ws/install/create3_coverage/lib/libcreate3_coverage_core.so
-- Set runtime path of "/home/robotserver/Desktop/git/ROS/create3_examples_ws/install/create3_coverage/lib/libcreate3_coverage_core.so" to ""
-- Installing: /home/robotserver/Desktop/git/ROS/create3_examples_ws/install/create3_coverage/lib/create3_coverage/create3_coverage
-- Set runtime path of "/home/robotserver/Desktop/git/ROS/create3_examples_ws/install/create3_coverage/lib/create3_coverage/create3_coverage" to ""
-- Installing: /home/robotserver/Desktop/git/ROS/create3_examples_ws/install/create3_coverage/include/
-- Installing: /home/robotserver/Desktop/git/ROS/create3_examples_ws/install/create3_coverage/include//create3_coverage
-- Installing: /home/robotserver/Desktop/git/ROS/create3_examples_ws/install/create3_coverage/include//create3_coverage/behaviors
-- Installing: /home/robotserver/Desktop/git/ROS/create3_examples_ws/install/create3_coverage/include//create3_coverage/behaviors/undock-behavior.hpp
-- Installing: /home/robotserver/Desktop/git/ROS/create3_examples_ws/install/create3_coverage/include//create3_coverage/behaviors/reflex-behavior.hpp
-- Installing: /home/robotserver/Desktop/git/ROS/create3_examples_ws/install/create3_coverage/include//create3_coverage/behaviors/behavior.hpp
-- Installing: /home/robotserver/Desktop/git/ROS/create3_examples_ws/install/create3_coverage/include//create3_coverage/behaviors/dock-behavior.hpp
-- Installing: /home/robotserver/Desktop/git/ROS/create3_examples_ws/install/create3_coverage/include//create3_coverage/behaviors/rotate-behavior.hpp
-- Installing: /home/robotserver/Desktop/git/ROS/create3_examples_ws/install/create3_coverage/include//create3_coverage/behaviors/drive-straight-behavior.hpp
-- Installing: /home/robotserver/Desktop/git/ROS/create3_examples_ws/install/create3_coverage/include//create3_coverage/behaviors/spiral-behavior.hpp
-- Installing: /home/robotserver/Desktop/git/ROS/create3_examples_ws/install/create3_coverage/include//create3_coverage/coverage_state_machine.hpp
-- Installing: /home/robotserver/Desktop/git/ROS/create3_examples_ws/install/create3_coverage/include//create3_coverage/create3_coverage_node.hpp
-- Installing: /home/robotserver/Desktop/git/ROS/create3_examples_ws/install/create3_coverage/include//create3_coverage/state.hpp
-- Installing: /home/robotserver/Desktop/git/ROS/create3_examples_ws/install/create3_coverage/share/create3_coverage/environment/library_path.sh
-- Installing: /home/robotserver/Desktop/git/ROS/create3_examples_ws/install/create3_coverage/share/create3_coverage/environment/library_path.dsv
-- Installing: /home/robotserver/Desktop/git/ROS/create3_examples_ws/install/create3_coverage/share/ament_index/resource_index/package_run_dependencies/create3_coverage
-- Installing: /home/robotserver/Desktop/git/ROS/create3_examples_ws/install/create3_coverage/share/ament_index/resource_index/parent_prefix_path/create3_coverage
-- Installing: /home/robotserver/Desktop/git/ROS/create3_examples_ws/install/create3_coverage/share/create3_coverage/environment/ament_prefix_path.sh
-- Installing: /home/robotserver/Desktop/git/ROS/create3_examples_ws/install/create3_coverage/share/create3_coverage/environment/ament_prefix_path.dsv
-- Installing: /home/robotserver/Desktop/git/ROS/create3_examples_ws/install/create3_coverage/share/create3_coverage/environment/path.sh
-- Installing: /home/robotserver/Desktop/git/ROS/create3_examples_ws/install/create3_coverage/share/create3_coverage/environment/path.dsv
-- Installing: /home/robotserver/Desktop/git/ROS/create3_examples_ws/install/create3_coverage/share/create3_coverage/local_setup.bash
-- Installing: /home/robotserver/Desktop/git/ROS/create3_examples_ws/install/create3_coverage/share/create3_coverage/local_setup.sh
-- Installing: /home/robotserver/Desktop/git/ROS/create3_examples_ws/install/create3_coverage/share/create3_coverage/local_setup.zsh
-- Installing: /home/robotserver/Desktop/git/ROS/create3_examples_ws/install/create3_coverage/share/create3_coverage/local_setup.dsv
-- Installing: /home/robotserver/Desktop/git/ROS/create3_examples_ws/install/create3_coverage/share/create3_coverage/package.dsv
-- Installing: /home/robotserver/Desktop/git/ROS/create3_examples_ws/install/create3_coverage/share/ament_index/resource_index/packages/create3_coverage
-- Installing: /home/robotserver/Desktop/git/ROS/create3_examples_ws/install/create3_coverage/share/create3_coverage/cmake/ament_cmake_export_include_directories-extras.cmake
-- Installing: /home/robotserver/Desktop/git/ROS/create3_examples_ws/install/create3_coverage/share/create3_coverage/cmake/ament_cmake_export_libraries-extras.cmake
-- Installing: /home/robotserver/Desktop/git/ROS/create3_examples_ws/install/create3_coverage/share/create3_coverage/cmake/ament_cmake_export_dependencies-extras.cmake
-- Installing: /home/robotserver/Desktop/git/ROS/create3_examples_ws/install/create3_coverage/share/create3_coverage/cmake/create3_coverageConfig.cmake
-- Installing: /home/robotserver/Desktop/git/ROS/create3_examples_ws/install/create3_coverage/share/create3_coverage/cmake/create3_coverageConfig-version.cmake
-- Installing: /home/robotserver/Desktop/git/ROS/create3_examples_ws/install/create3_coverage/share/create3_coverage/package.xml
