[0.007s] Invoking command in '/home/robotserver/Desktop/git/ROS/create3_examples_ws/build/create3_coverage': AMENT_PREFIX_PATH=/home/robotserver/Desktop/git/ROS/create3_examples_ws/install/create3_examples_msgs:${AMENT_PREFIX_PATH} CMAKE_PREFIX_PATH=/home/robotserver/Desktop/git/ROS/create3_examples_ws/install/create3_examples_msgs:/opt/ros/humble CONDA_PROMPT_MODIFIER=(ros2_env) LD_LIBRARY_PATH=/home/robotserver/Desktop/git/ROS/create3_examples_ws/install/create3_examples_msgs/lib:${LD_LIBRARY_PATH} PYTHONPATH=/home/robotserver/Desktop/git/ROS/create3_examples_ws/install/create3_examples_msgs/lib/python3.9/site-packages:${PYTHONPATH} /usr/bin/cmake /home/robotserver/Desktop/git/ROS/create3_examples_ws/src/create3_examples/create3_coverage -DCMAKE_INSTALL_PREFIX=/home/robotserver/Desktop/git/ROS/create3_examples_ws/install/create3_coverage
[0.056s] -- The C compiler identification is GNU 11.4.0
[0.109s] -- The CXX compiler identification is GNU 11.4.0
[0.115s] -- Detecting C compiler ABI info
[0.178s] -- Detecting C compiler ABI info - done
[0.185s] -- Check for working C compiler: /usr/bin/cc - skipped
[0.185s] -- Detecting C compile features
[0.186s] -- Detecting C compile features - done
[0.189s] -- Detecting CXX compiler ABI info
[0.262s] -- Detecting CXX compiler ABI info - done
[0.269s] -- Check for working CXX compiler: /usr/bin/c++ - skipped
[0.269s] -- Detecting CXX compile features
[0.269s] -- Detecting CXX compile features - done
[0.271s] -- Found ament_cmake: 1.3.9 (/opt/ros/humble/share/ament_cmake/cmake)
[0.572s] -- Found Python3: /home/robotserver/miniconda3/envs/ros2_env/bin/python3 (found version "3.9.19") found components: Interpreter 
[0.647s] -- Found create3_examples_msgs: 0.0.5 (/home/robotserver/Desktop/git/ROS/create3_examples_ws/install/create3_examples_msgs/share/create3_examples_msgs/cmake)
[0.679s] -- Found rosidl_generator_c: 3.1.5 (/opt/ros/humble/share/rosidl_generator_c/cmake)
[0.683s] -- Found rosidl_adapter: 3.1.5 (/opt/ros/humble/share/rosidl_adapter/cmake)
[0.691s] -- Found rosidl_generator_cpp: 3.1.5 (/opt/ros/humble/share/rosidl_generator_cpp/cmake)
[0.703s] -- Using all available rosidl_typesupport_c: rosidl_typesupport_fastrtps_c;rosidl_typesupport_introspection_c
[0.721s] -- Using all available rosidl_typesupport_cpp: rosidl_typesupport_fastrtps_cpp;rosidl_typesupport_introspection_cpp
[0.897s] -- Found geometry_msgs: 4.2.4 (/opt/ros/humble/share/geometry_msgs/cmake)
[0.994s] -- Found irobot_create_msgs: 2.1.0 (/opt/ros/humble/share/irobot_create_msgs/cmake)
[1.126s] -- Found nav_msgs: 4.2.4 (/opt/ros/humble/share/nav_msgs/cmake)
[1.215s] -- Found rclcpp: 16.0.9 (/opt/ros/humble/share/rclcpp/cmake)
[1.270s] -- Found rmw_implementation_cmake: 6.1.2 (/opt/ros/humble/share/rmw_implementation_cmake/cmake)
[1.272s] -- Found rmw_fastrtps_cpp: 6.2.6 (/opt/ros/humble/share/rmw_fastrtps_cpp/cmake)
[1.357s] -- Found OpenSSL: /usr/lib/x86_64-linux-gnu/libcrypto.so (found version "3.0.2")  
[1.382s] -- Found FastRTPS: /opt/ros/humble/include  
[1.423s] -- Using RMW implementation 'rmw_fastrtps_cpp' as default
[1.432s] -- Looking for pthread.h
[1.503s] -- Looking for pthread.h - found
[1.503s] -- Performing Test CMAKE_HAVE_LIBC_PTHREAD
[1.570s] -- Performing Test CMAKE_HAVE_LIBC_PTHREAD - Success
[1.571s] -- Found Threads: TRUE  
[1.698s] -- Found rclcpp_action: 16.0.9 (/opt/ros/humble/share/rclcpp_action/cmake)
[1.728s] -- Found tf2_geometry_msgs: 0.25.7 (/opt/ros/humble/share/tf2_geometry_msgs/cmake)
[1.744s] -- Found eigen3_cmake_module: 0.1.1 (/opt/ros/humble/share/eigen3_cmake_module/cmake)
[1.746s] -- Found Eigen3: TRUE (found version "3.4.0") 
[1.747s] -- Ensuring Eigen3 include directory is part of orocos-kdl CMake target
[2.031s] -- Found ament_lint_auto: 0.12.11 (/opt/ros/humble/share/ament_lint_auto/cmake)
[2.123s] -- Added test 'cppcheck' to perform static code analysis on C / C++ code
[2.124s] -- Configured cppcheck include dirs: /home/robotserver/Desktop/git/ROS/create3_examples_ws/src/create3_examples/create3_coverage/include
[2.124s] -- Configured cppcheck exclude dirs and/or files: 
[2.125s] -- Added test 'lint_cmake' to check CMake code style
[2.127s] -- Added test 'uncrustify' to check C / C++ code style
[2.127s] -- Configured uncrustify additional arguments: 
[2.128s] -- Added test 'xmllint' to check XML markup files
[2.130s] -- Configuring done
[2.149s] -- Generating done
[2.151s] -- Build files have been written to: /home/robotserver/Desktop/git/ROS/create3_examples_ws/build/create3_coverage
[2.163s] Invoked command in '/home/robotserver/Desktop/git/ROS/create3_examples_ws/build/create3_coverage' returned '0': AMENT_PREFIX_PATH=/home/robotserver/Desktop/git/ROS/create3_examples_ws/install/create3_examples_msgs:${AMENT_PREFIX_PATH} CMAKE_PREFIX_PATH=/home/robotserver/Desktop/git/ROS/create3_examples_ws/install/create3_examples_msgs:/opt/ros/humble CONDA_PROMPT_MODIFIER=(ros2_env) LD_LIBRARY_PATH=/home/robotserver/Desktop/git/ROS/create3_examples_ws/install/create3_examples_msgs/lib:${LD_LIBRARY_PATH} PYTHONPATH=/home/robotserver/Desktop/git/ROS/create3_examples_ws/install/create3_examples_msgs/lib/python3.9/site-packages:${PYTHONPATH} /usr/bin/cmake /home/robotserver/Desktop/git/ROS/create3_examples_ws/src/create3_examples/create3_coverage -DCMAKE_INSTALL_PREFIX=/home/robotserver/Desktop/git/ROS/create3_examples_ws/install/create3_coverage
[2.164s] Invoking command in '/home/robotserver/Desktop/git/ROS/create3_examples_ws/build/create3_coverage': AMENT_PREFIX_PATH=/home/robotserver/Desktop/git/ROS/create3_examples_ws/install/create3_examples_msgs:${AMENT_PREFIX_PATH} CMAKE_PREFIX_PATH=/home/robotserver/Desktop/git/ROS/create3_examples_ws/install/create3_examples_msgs:/opt/ros/humble CONDA_PROMPT_MODIFIER=(ros2_env) LD_LIBRARY_PATH=/home/robotserver/Desktop/git/ROS/create3_examples_ws/install/create3_examples_msgs/lib:${LD_LIBRARY_PATH} PYTHONPATH=/home/robotserver/Desktop/git/ROS/create3_examples_ws/install/create3_examples_msgs/lib/python3.9/site-packages:${PYTHONPATH} /usr/bin/cmake --build /home/robotserver/Desktop/git/ROS/create3_examples_ws/build/create3_coverage -- -j8 -l8
[2.217s] [ 16%] [32mBuilding CXX object CMakeFiles/create3_coverage_core.dir/src/behaviors/drive-straight-behavior.cpp.o[0m
[2.218s] [ 41%] [32mBuilding CXX object CMakeFiles/create3_coverage_core.dir/src/behaviors/spiral-behavior.cpp.o[0m
[2.218s] [ 41%] [32mBuilding CXX object CMakeFiles/create3_coverage_core.dir/src/behaviors/rotate-behavior.cpp.o[0m
[2.218s] [ 41%] [32mBuilding CXX object CMakeFiles/create3_coverage_core.dir/src/behaviors/reflex-behavior.cpp.o[0m
[2.218s] [ 50%] [32mBuilding CXX object CMakeFiles/create3_coverage_core.dir/src/behaviors/undock-behavior.cpp.o[0m
[2.218s] [ 58%] [32mBuilding CXX object CMakeFiles/create3_coverage_core.dir/src/behaviors/utils.cpp.o[0m
[2.218s] [ 16%] [32mBuilding CXX object CMakeFiles/create3_coverage_core.dir/src/behaviors/dock-behavior.cpp.o[0m
[2.218s] [ 66%] [32mBuilding CXX object CMakeFiles/create3_coverage_core.dir/src/coverage_state_machine.cpp.o[0m
[3.402s] [ 75%] [32mBuilding CXX object CMakeFiles/create3_coverage_core.dir/src/create3_coverage_node.cpp.o[0m
[25.678s] [ 83%] [32m[1mLinking CXX shared library libcreate3_coverage_core.so[0m
[27.453s] [ 83%] Built target create3_coverage_core
[27.473s] [ 91%] [32mBuilding CXX object CMakeFiles/create3_coverage.dir/src/main.cpp.o[0m
[30.601s] [100%] [32m[1mLinking CXX executable create3_coverage[0m
[31.269s] [100%] Built target create3_coverage
[31.279s] Invoked command in '/home/robotserver/Desktop/git/ROS/create3_examples_ws/build/create3_coverage' returned '0': AMENT_PREFIX_PATH=/home/robotserver/Desktop/git/ROS/create3_examples_ws/install/create3_examples_msgs:${AMENT_PREFIX_PATH} CMAKE_PREFIX_PATH=/home/robotserver/Desktop/git/ROS/create3_examples_ws/install/create3_examples_msgs:/opt/ros/humble CONDA_PROMPT_MODIFIER=(ros2_env) LD_LIBRARY_PATH=/home/robotserver/Desktop/git/ROS/create3_examples_ws/install/create3_examples_msgs/lib:${LD_LIBRARY_PATH} PYTHONPATH=/home/robotserver/Desktop/git/ROS/create3_examples_ws/install/create3_examples_msgs/lib/python3.9/site-packages:${PYTHONPATH} /usr/bin/cmake --build /home/robotserver/Desktop/git/ROS/create3_examples_ws/build/create3_coverage -- -j8 -l8
[31.320s] Invoking command in '/home/robotserver/Desktop/git/ROS/create3_examples_ws/build/create3_coverage': AMENT_PREFIX_PATH=/home/robotserver/Desktop/git/ROS/create3_examples_ws/install/create3_examples_msgs:${AMENT_PREFIX_PATH} CMAKE_PREFIX_PATH=/home/robotserver/Desktop/git/ROS/create3_examples_ws/install/create3_examples_msgs:/opt/ros/humble CONDA_PROMPT_MODIFIER=(ros2_env) LD_LIBRARY_PATH=/home/robotserver/Desktop/git/ROS/create3_examples_ws/install/create3_examples_msgs/lib:${LD_LIBRARY_PATH} PYTHONPATH=/home/robotserver/Desktop/git/ROS/create3_examples_ws/install/create3_examples_msgs/lib/python3.9/site-packages:${PYTHONPATH} /usr/bin/cmake --install /home/robotserver/Desktop/git/ROS/create3_examples_ws/build/create3_coverage
[31.327s] -- Install configuration: ""
[31.327s] -- Installing: /home/robotserver/Desktop/git/ROS/create3_examples_ws/install/create3_coverage/lib/libcreate3_coverage_core.so
[31.347s] -- Set runtime path of "/home/robotserver/Desktop/git/ROS/create3_examples_ws/install/create3_coverage/lib/libcreate3_coverage_core.so" to ""
[31.347s] -- Installing: /home/robotserver/Desktop/git/ROS/create3_examples_ws/install/create3_coverage/lib/create3_coverage/create3_coverage
[31.348s] -- Set runtime path of "/home/robotserver/Desktop/git/ROS/create3_examples_ws/install/create3_coverage/lib/create3_coverage/create3_coverage" to ""
[31.348s] -- Installing: /home/robotserver/Desktop/git/ROS/create3_examples_ws/install/create3_coverage/include/
[31.348s] -- Installing: /home/robotserver/Desktop/git/ROS/create3_examples_ws/install/create3_coverage/include//create3_coverage
[31.348s] -- Installing: /home/robotserver/Desktop/git/ROS/create3_examples_ws/install/create3_coverage/include//create3_coverage/behaviors
[31.348s] -- Installing: /home/robotserver/Desktop/git/ROS/create3_examples_ws/install/create3_coverage/include//create3_coverage/behaviors/undock-behavior.hpp
[31.348s] -- Installing: /home/robotserver/Desktop/git/ROS/create3_examples_ws/install/create3_coverage/include//create3_coverage/behaviors/reflex-behavior.hpp
[31.348s] -- Installing: /home/robotserver/Desktop/git/ROS/create3_examples_ws/install/create3_coverage/include//create3_coverage/behaviors/behavior.hpp
[31.348s] -- Installing: /home/robotserver/Desktop/git/ROS/create3_examples_ws/install/create3_coverage/include//create3_coverage/behaviors/dock-behavior.hpp
[31.349s] -- Installing: /home/robotserver/Desktop/git/ROS/create3_examples_ws/install/create3_coverage/include//create3_coverage/behaviors/rotate-behavior.hpp
[31.349s] -- Installing: /home/robotserver/Desktop/git/ROS/create3_examples_ws/install/create3_coverage/include//create3_coverage/behaviors/drive-straight-behavior.hpp
[31.349s] -- Installing: /home/robotserver/Desktop/git/ROS/create3_examples_ws/install/create3_coverage/include//create3_coverage/behaviors/spiral-behavior.hpp
[31.349s] -- Installing: /home/robotserver/Desktop/git/ROS/create3_examples_ws/install/create3_coverage/include//create3_coverage/coverage_state_machine.hpp
[31.349s] -- Installing: /home/robotserver/Desktop/git/ROS/create3_examples_ws/install/create3_coverage/include//create3_coverage/create3_coverage_node.hpp
[31.349s] -- Installing: /home/robotserver/Desktop/git/ROS/create3_examples_ws/install/create3_coverage/include//create3_coverage/state.hpp
[31.349s] -- Installing: /home/robotserver/Desktop/git/ROS/create3_examples_ws/install/create3_coverage/share/create3_coverage/environment/library_path.sh
[31.349s] -- Installing: /home/robotserver/Desktop/git/ROS/create3_examples_ws/install/create3_coverage/share/create3_coverage/environment/library_path.dsv
[31.349s] -- Installing: /home/robotserver/Desktop/git/ROS/create3_examples_ws/install/create3_coverage/share/ament_index/resource_index/package_run_dependencies/create3_coverage
[31.349s] -- Installing: /home/robotserver/Desktop/git/ROS/create3_examples_ws/install/create3_coverage/share/ament_index/resource_index/parent_prefix_path/create3_coverage
[31.350s] -- Installing: /home/robotserver/Desktop/git/ROS/create3_examples_ws/install/create3_coverage/share/create3_coverage/environment/ament_prefix_path.sh
[31.350s] -- Installing: /home/robotserver/Desktop/git/ROS/create3_examples_ws/install/create3_coverage/share/create3_coverage/environment/ament_prefix_path.dsv
[31.350s] -- Installing: /home/robotserver/Desktop/git/ROS/create3_examples_ws/install/create3_coverage/share/create3_coverage/environment/path.sh
[31.350s] -- Installing: /home/robotserver/Desktop/git/ROS/create3_examples_ws/install/create3_coverage/share/create3_coverage/environment/path.dsv
[31.350s] -- Installing: /home/robotserver/Desktop/git/ROS/create3_examples_ws/install/create3_coverage/share/create3_coverage/local_setup.bash
[31.350s] -- Installing: /home/robotserver/Desktop/git/ROS/create3_examples_ws/install/create3_coverage/share/create3_coverage/local_setup.sh
[31.350s] -- Installing: /home/robotserver/Desktop/git/ROS/create3_examples_ws/install/create3_coverage/share/create3_coverage/local_setup.zsh
[31.351s] -- Installing: /home/robotserver/Desktop/git/ROS/create3_examples_ws/install/create3_coverage/share/create3_coverage/local_setup.dsv
[31.351s] -- Installing: /home/robotserver/Desktop/git/ROS/create3_examples_ws/install/create3_coverage/share/create3_coverage/package.dsv
[31.351s] -- Installing: /home/robotserver/Desktop/git/ROS/create3_examples_ws/install/create3_coverage/share/ament_index/resource_index/packages/create3_coverage
[31.351s] -- Installing: /home/robotserver/Desktop/git/ROS/create3_examples_ws/install/create3_coverage/share/create3_coverage/cmake/ament_cmake_export_include_directories-extras.cmake
[31.351s] -- Installing: /home/robotserver/Desktop/git/ROS/create3_examples_ws/install/create3_coverage/share/create3_coverage/cmake/ament_cmake_export_libraries-extras.cmake
[31.351s] -- Installing: /home/robotserver/Desktop/git/ROS/create3_examples_ws/install/create3_coverage/share/create3_coverage/cmake/ament_cmake_export_dependencies-extras.cmake
[31.352s] -- Installing: /home/robotserver/Desktop/git/ROS/create3_examples_ws/install/create3_coverage/share/create3_coverage/cmake/create3_coverageConfig.cmake
[31.352s] -- Installing: /home/robotserver/Desktop/git/ROS/create3_examples_ws/install/create3_coverage/share/create3_coverage/cmake/create3_coverageConfig-version.cmake
[31.352s] -- Installing: /home/robotserver/Desktop/git/ROS/create3_examples_ws/install/create3_coverage/share/create3_coverage/package.xml
[31.354s] Invoked command in '/home/robotserver/Desktop/git/ROS/create3_examples_ws/build/create3_coverage' returned '0': AMENT_PREFIX_PATH=/home/robotserver/Desktop/git/ROS/create3_examples_ws/install/create3_examples_msgs:${AMENT_PREFIX_PATH} CMAKE_PREFIX_PATH=/home/robotserver/Desktop/git/ROS/create3_examples_ws/install/create3_examples_msgs:/opt/ros/humble CONDA_PROMPT_MODIFIER=(ros2_env) LD_LIBRARY_PATH=/home/robotserver/Desktop/git/ROS/create3_examples_ws/install/create3_examples_msgs/lib:${LD_LIBRARY_PATH} PYTHONPATH=/home/robotserver/Desktop/git/ROS/create3_examples_ws/install/create3_examples_msgs/lib/python3.9/site-packages:${PYTHONPATH} /usr/bin/cmake --install /home/robotserver/Desktop/git/ROS/create3_examples_ws/build/create3_coverage
