[0.636s] Invoking command in '/home/robotserver/ros2_ws/build/my_py_pkg': CONDA_PROMPT_MODIFIER=(base) PYTHONPATH=/home/robotserver/ros2_ws/build/my_py_pkg/prefix_override:/usr/lib/python3/dist-packages/colcon_core/task/python/colcon_distutils_commands:/home/robotserver/ros2_ws/install/my_py_pkg/lib/python3.10/site-packages:${PYTHONPATH} /usr/bin/python3 -W ignore:setup.py install is deprecated setup.py develop --editable --build-directory /home/robotserver/ros2_ws/build/my_py_pkg/build --no-deps symlink_data
[0.914s] running develop
[0.915s] /usr/lib/python3/dist-packages/setuptools/command/easy_install.py:158: EasyInstallDeprecationWarning: easy_install command is deprecated. Use build and pip and other standards-based tools.
[0.915s]   warnings.warn(
[1.083s] running egg_info
[1.083s] writing my_py_pkg.egg-info/PKG-INFO
[1.084s] writing dependency_links to my_py_pkg.egg-info/dependency_links.txt
[1.084s] writing entry points to my_py_pkg.egg-info/entry_points.txt
[1.084s] writing requirements to my_py_pkg.egg-info/requires.txt
[1.084s] writing top-level names to my_py_pkg.egg-info/top_level.txt
[1.087s] reading manifest file 'my_py_pkg.egg-info/SOURCES.txt'
[1.087s] writing manifest file 'my_py_pkg.egg-info/SOURCES.txt'
[1.089s] running build_ext
[1.089s] Creating /home/robotserver/ros2_ws/install/my_py_pkg/lib/python3.10/site-packages/my-py-pkg.egg-link (link to .)
[1.090s] Installing py_node script to /home/robotserver/ros2_ws/install/my_py_pkg/lib/my_py_pkg
[1.091s] Installing robot_news_station script to /home/robotserver/ros2_ws/install/my_py_pkg/lib/my_py_pkg
[1.091s] 
[1.091s] Installed /home/robotserver/ros2_ws/build/my_py_pkg
[1.091s] running symlink_data
[1.124s] Invoked command in '/home/robotserver/ros2_ws/build/my_py_pkg' returned '0': CONDA_PROMPT_MODIFIER=(base) PYTHONPATH=/home/robotserver/ros2_ws/build/my_py_pkg/prefix_override:/usr/lib/python3/dist-packages/colcon_core/task/python/colcon_distutils_commands:/home/robotserver/ros2_ws/install/my_py_pkg/lib/python3.10/site-packages:${PYTHONPATH} /usr/bin/python3 -W ignore:setup.py install is deprecated setup.py develop --editable --build-directory /home/robotserver/ros2_ws/build/my_py_pkg/build --no-deps symlink_data
