[0.016s] Invoking command in '/home/robotserver/ROS2_Nav2_Course/turtlebot3_ws/build/turtlebot3_gazebo': CMAKE_PREFIX_PATH=/home/robotserver/ROS2_Nav2_Course/turtlebot3_ws/install/turtlebot3_simulations:/home/robotserver/ros2_ws/install/py_srvcli:/home/robotserver/ros2_ws/install/py_pubsub:/home/robotserver/ros2_ws/install/my_py_pkg:/home/robotserver/Desktop/git/create3_main/install/create3_teleop:/home/robotserver/Desktop/git/create3_main/install/create3_msg_transfer:/home/robotserver/Desktop/git/create3_main/install/create3_control:/opt/ros/humble:/home/robotserver/ROS2_Nav2_Course/turtlebot3_ws/install/turtlebot3_gazebo:/home/robotserver/ROS2_Nav2_Course/turtlebot3_ws/install/turtlebot3_fake_node:/home/robotserver/ros2_ws/install/tutorial_interfaces:/home/robotserver/ros2_ws/install/polygon_plugins:/home/robotserver/ros2_ws/install/polygon_base:/home/robotserver/ros2_ws/install/my_robot_bringup:/home/robotserver/ros2_ws/install/my_cpp_pkg:/home/robotserver/ros2_ws/install/my_robot_interfaces:/home/robotserver/ros2_ws/install/action_tutorials_interfaces:/home/robotserver/ros2_ws/src/tutorial_interfaces/install/tutorial_interfaces /usr/bin/cmake --build /home/robotserver/ROS2_Nav2_Course/turtlebot3_ws/build/turtlebot3_gazebo -- -j8 -l8
[0.063s] [35m[1mConsolidate compiler generated dependencies of target turtlebot3_drive[0m
[0.063s] [35m[1mConsolidate compiler generated dependencies of target obstacle2[0m
[0.065s] [35m[1mConsolidate compiler generated dependencies of target obstacles[0m
[0.066s] [35m[1mConsolidate compiler generated dependencies of target obstacle1[0m
[0.087s] [ 25%] Built target turtlebot3_drive
[0.097s] [ 50%] Built target obstacle2
[0.100s] [ 75%] Built target obstacle1
[0.105s] [100%] Built target obstacles
[0.129s] Invoked command in '/home/robotserver/ROS2_Nav2_Course/turtlebot3_ws/build/turtlebot3_gazebo' returned '0': CMAKE_PREFIX_PATH=/home/robotserver/ROS2_Nav2_Course/turtlebot3_ws/install/turtlebot3_simulations:/home/robotserver/ros2_ws/install/py_srvcli:/home/robotserver/ros2_ws/install/py_pubsub:/home/robotserver/ros2_ws/install/my_py_pkg:/home/robotserver/Desktop/git/create3_main/install/create3_teleop:/home/robotserver/Desktop/git/create3_main/install/create3_msg_transfer:/home/robotserver/Desktop/git/create3_main/install/create3_control:/opt/ros/humble:/home/robotserver/ROS2_Nav2_Course/turtlebot3_ws/install/turtlebot3_gazebo:/home/robotserver/ROS2_Nav2_Course/turtlebot3_ws/install/turtlebot3_fake_node:/home/robotserver/ros2_ws/install/tutorial_interfaces:/home/robotserver/ros2_ws/install/polygon_plugins:/home/robotserver/ros2_ws/install/polygon_base:/home/robotserver/ros2_ws/install/my_robot_bringup:/home/robotserver/ros2_ws/install/my_cpp_pkg:/home/robotserver/ros2_ws/install/my_robot_interfaces:/home/robotserver/ros2_ws/install/action_tutorials_interfaces:/home/robotserver/ros2_ws/src/tutorial_interfaces/install/tutorial_interfaces /usr/bin/cmake --build /home/robotserver/ROS2_Nav2_Course/turtlebot3_ws/build/turtlebot3_gazebo -- -j8 -l8
[0.167s] Invoking command in '/home/robotserver/ROS2_Nav2_Course/turtlebot3_ws/build/turtlebot3_gazebo': CMAKE_PREFIX_PATH=/home/robotserver/ROS2_Nav2_Course/turtlebot3_ws/install/turtlebot3_simulations:/home/robotserver/ros2_ws/install/py_srvcli:/home/robotserver/ros2_ws/install/py_pubsub:/home/robotserver/ros2_ws/install/my_py_pkg:/home/robotserver/Desktop/git/create3_main/install/create3_teleop:/home/robotserver/Desktop/git/create3_main/install/create3_msg_transfer:/home/robotserver/Desktop/git/create3_main/install/create3_control:/opt/ros/humble:/home/robotserver/ROS2_Nav2_Course/turtlebot3_ws/install/turtlebot3_gazebo:/home/robotserver/ROS2_Nav2_Course/turtlebot3_ws/install/turtlebot3_fake_node:/home/robotserver/ros2_ws/install/tutorial_interfaces:/home/robotserver/ros2_ws/install/polygon_plugins:/home/robotserver/ros2_ws/install/polygon_base:/home/robotserver/ros2_ws/install/my_robot_bringup:/home/robotserver/ros2_ws/install/my_cpp_pkg:/home/robotserver/ros2_ws/install/my_robot_interfaces:/home/robotserver/ros2_ws/install/action_tutorials_interfaces:/home/robotserver/ros2_ws/src/tutorial_interfaces/install/tutorial_interfaces /usr/bin/cmake --install /home/robotserver/ROS2_Nav2_Course/turtlebot3_ws/build/turtlebot3_gazebo
[0.176s] -- Install configuration: ""
[0.176s] -- Up-to-date: /home/robotserver/ROS2_Nav2_Course/turtlebot3_ws/install/turtlebot3_gazebo/lib/turtlebot3_gazebo/turtlebot3_drive
[0.176s] -- Up-to-date: /home/robotserver/ROS2_Nav2_Course/turtlebot3_ws/install/turtlebot3_gazebo/share/turtlebot3_gazebo//launch
[0.176s] -- Up-to-date: /home/robotserver/ROS2_Nav2_Course/turtlebot3_ws/install/turtlebot3_gazebo/share/turtlebot3_gazebo//launch/empty_world.launch.py
[0.176s] -- Up-to-date: /home/robotserver/ROS2_Nav2_Course/turtlebot3_ws/install/turtlebot3_gazebo/share/turtlebot3_gazebo//launch/spawn_turtlebot3.launch.py
[0.176s] -- Up-to-date: /home/robotserver/ROS2_Nav2_Course/turtlebot3_ws/install/turtlebot3_gazebo/share/turtlebot3_gazebo//launch/robot_state_publisher.launch.py
[0.177s] -- Up-to-date: /home/robotserver/ROS2_Nav2_Course/turtlebot3_ws/install/turtlebot3_gazebo/share/turtlebot3_gazebo//launch/turtlebot3_dqn_stage2.launch.py
[0.177s] -- Up-to-date: /home/robotserver/ROS2_Nav2_Course/turtlebot3_ws/install/turtlebot3_gazebo/share/turtlebot3_gazebo//launch/turtlebot3_world.launch.py
[0.177s] -- Up-to-date: /home/robotserver/ROS2_Nav2_Course/turtlebot3_ws/install/turtlebot3_gazebo/share/turtlebot3_gazebo//launch/turtlebot3_dqn_stage1.launch.py
[0.177s] -- Installing: /home/robotserver/ROS2_Nav2_Course/turtlebot3_ws/install/turtlebot3_gazebo/share/turtlebot3_gazebo//launch/turtlebot3_my_world.launch.py
[0.177s] -- Up-to-date: /home/robotserver/ROS2_Nav2_Course/turtlebot3_ws/install/turtlebot3_gazebo/share/turtlebot3_gazebo//launch/turtlebot3_dqn_stage3.launch.py
[0.177s] -- Up-to-date: /home/robotserver/ROS2_Nav2_Course/turtlebot3_ws/install/turtlebot3_gazebo/share/turtlebot3_gazebo//launch/turtlebot3_house.launch.py
[0.177s] -- Up-to-date: /home/robotserver/ROS2_Nav2_Course/turtlebot3_ws/install/turtlebot3_gazebo/share/turtlebot3_gazebo//launch/turtlebot3_dqn_stage4.launch.py
[0.177s] -- Up-to-date: /home/robotserver/ROS2_Nav2_Course/turtlebot3_ws/install/turtlebot3_gazebo/share/turtlebot3_gazebo//models
[0.178s] -- Up-to-date: /home/robotserver/ROS2_Nav2_Course/turtlebot3_ws/install/turtlebot3_gazebo/share/turtlebot3_gazebo//models/turtlebot3_waffle_pi
[0.178s] -- Up-to-date: /home/robotserver/ROS2_Nav2_Course/turtlebot3_ws/install/turtlebot3_gazebo/share/turtlebot3_gazebo//models/turtlebot3_waffle_pi/model.sdf
[0.178s] -- Up-to-date: /home/robotserver/ROS2_Nav2_Course/turtlebot3_ws/install/turtlebot3_gazebo/share/turtlebot3_gazebo//models/turtlebot3_waffle_pi/model.config
[0.178s] -- Up-to-date: /home/robotserver/ROS2_Nav2_Course/turtlebot3_ws/install/turtlebot3_gazebo/share/turtlebot3_gazebo//models/turtlebot3_waffle_pi/model-1_4_.sdf
[0.178s] -- Up-to-date: /home/robotserver/ROS2_Nav2_Course/turtlebot3_ws/install/turtlebot3_gazebo/share/turtlebot3_gazebo//models/turtlebot3_burger
[0.178s] -- Up-to-date: /home/robotserver/ROS2_Nav2_Course/turtlebot3_ws/install/turtlebot3_gazebo/share/turtlebot3_gazebo//models/turtlebot3_burger/model.sdf
[0.178s] -- Up-to-date: /home/robotserver/ROS2_Nav2_Course/turtlebot3_ws/install/turtlebot3_gazebo/share/turtlebot3_gazebo//models/turtlebot3_burger/model.config
[0.178s] -- Up-to-date: /home/robotserver/ROS2_Nav2_Course/turtlebot3_ws/install/turtlebot3_gazebo/share/turtlebot3_gazebo//models/turtlebot3_burger/model-1_4.sdf
[0.178s] -- Up-to-date: /home/robotserver/ROS2_Nav2_Course/turtlebot3_ws/install/turtlebot3_gazebo/share/turtlebot3_gazebo//models/turtlebot3_dqn_world
[0.178s] -- Up-to-date: /home/robotserver/ROS2_Nav2_Course/turtlebot3_ws/install/turtlebot3_gazebo/share/turtlebot3_gazebo//models/turtlebot3_dqn_world/goal_box
[0.178s] -- Up-to-date: /home/robotserver/ROS2_Nav2_Course/turtlebot3_ws/install/turtlebot3_gazebo/share/turtlebot3_gazebo//models/turtlebot3_dqn_world/goal_box/model.sdf
[0.178s] -- Up-to-date: /home/robotserver/ROS2_Nav2_Course/turtlebot3_ws/install/turtlebot3_gazebo/share/turtlebot3_gazebo//models/turtlebot3_dqn_world/goal_box/model.config
[0.179s] -- Up-to-date: /home/robotserver/ROS2_Nav2_Course/turtlebot3_ws/install/turtlebot3_gazebo/share/turtlebot3_gazebo//models/turtlebot3_dqn_world/inner_walls
[0.179s] -- Up-to-date: /home/robotserver/ROS2_Nav2_Course/turtlebot3_ws/install/turtlebot3_gazebo/share/turtlebot3_gazebo//models/turtlebot3_dqn_world/inner_walls/model.sdf
[0.179s] -- Up-to-date: /home/robotserver/ROS2_Nav2_Course/turtlebot3_ws/install/turtlebot3_gazebo/share/turtlebot3_gazebo//models/turtlebot3_dqn_world/inner_walls/model.config
[0.179s] -- Up-to-date: /home/robotserver/ROS2_Nav2_Course/turtlebot3_ws/install/turtlebot3_gazebo/share/turtlebot3_gazebo//models/turtlebot3_dqn_world/model.sdf
[0.179s] -- Up-to-date: /home/robotserver/ROS2_Nav2_Course/turtlebot3_ws/install/turtlebot3_gazebo/share/turtlebot3_gazebo//models/turtlebot3_dqn_world/obstacles
[0.179s] -- Up-to-date: /home/robotserver/ROS2_Nav2_Course/turtlebot3_ws/install/turtlebot3_gazebo/share/turtlebot3_gazebo//models/turtlebot3_dqn_world/obstacles/model.sdf
[0.179s] -- Up-to-date: /home/robotserver/ROS2_Nav2_Course/turtlebot3_ws/install/turtlebot3_gazebo/share/turtlebot3_gazebo//models/turtlebot3_dqn_world/obstacles/model.config
[0.179s] -- Up-to-date: /home/robotserver/ROS2_Nav2_Course/turtlebot3_ws/install/turtlebot3_gazebo/share/turtlebot3_gazebo//models/turtlebot3_dqn_world/model.config
[0.179s] -- Up-to-date: /home/robotserver/ROS2_Nav2_Course/turtlebot3_ws/install/turtlebot3_gazebo/share/turtlebot3_gazebo//models/turtlebot3_dqn_world/obstacle_plugin
[0.179s] -- Up-to-date: /home/robotserver/ROS2_Nav2_Course/turtlebot3_ws/install/turtlebot3_gazebo/share/turtlebot3_gazebo//models/turtlebot3_dqn_world/obstacle_plugin/obstacles.cc
[0.180s] -- Up-to-date: /home/robotserver/ROS2_Nav2_Course/turtlebot3_ws/install/turtlebot3_gazebo/share/turtlebot3_gazebo//models/turtlebot3_dqn_world/obstacle_plugin/CMakeLists.txt
[0.180s] -- Up-to-date: /home/robotserver/ROS2_Nav2_Course/turtlebot3_ws/install/turtlebot3_gazebo/share/turtlebot3_gazebo//models/turtlebot3_dqn_world/obstacle_plugin/obstacle1.cc
[0.180s] -- Up-to-date: /home/robotserver/ROS2_Nav2_Course/turtlebot3_ws/install/turtlebot3_gazebo/share/turtlebot3_gazebo//models/turtlebot3_dqn_world/obstacle_plugin/obstacle2.cc
[0.180s] -- Up-to-date: /home/robotserver/ROS2_Nav2_Course/turtlebot3_ws/install/turtlebot3_gazebo/share/turtlebot3_gazebo//models/turtlebot3_dqn_world/obstacle2
[0.180s] -- Up-to-date: /home/robotserver/ROS2_Nav2_Course/turtlebot3_ws/install/turtlebot3_gazebo/share/turtlebot3_gazebo//models/turtlebot3_dqn_world/obstacle2/model.sdf
[0.180s] -- Up-to-date: /home/robotserver/ROS2_Nav2_Course/turtlebot3_ws/install/turtlebot3_gazebo/share/turtlebot3_gazebo//models/turtlebot3_dqn_world/obstacle2/model.config
[0.180s] -- Up-to-date: /home/robotserver/ROS2_Nav2_Course/turtlebot3_ws/install/turtlebot3_gazebo/share/turtlebot3_gazebo//models/turtlebot3_dqn_world/obstacle1
[0.180s] -- Up-to-date: /home/robotserver/ROS2_Nav2_Course/turtlebot3_ws/install/turtlebot3_gazebo/share/turtlebot3_gazebo//models/turtlebot3_dqn_world/obstacle1/model.sdf
[0.180s] -- Up-to-date: /home/robotserver/ROS2_Nav2_Course/turtlebot3_ws/install/turtlebot3_gazebo/share/turtlebot3_gazebo//models/turtlebot3_dqn_world/obstacle1/model.config
[0.180s] -- Up-to-date: /home/robotserver/ROS2_Nav2_Course/turtlebot3_ws/install/turtlebot3_gazebo/share/turtlebot3_gazebo//models/turtlebot3_waffle
[0.181s] -- Up-to-date: /home/robotserver/ROS2_Nav2_Course/turtlebot3_ws/install/turtlebot3_gazebo/share/turtlebot3_gazebo//models/turtlebot3_waffle/model.sdf
[0.181s] -- Up-to-date: /home/robotserver/ROS2_Nav2_Course/turtlebot3_ws/install/turtlebot3_gazebo/share/turtlebot3_gazebo//models/turtlebot3_waffle/model.config
[0.181s] -- Up-to-date: /home/robotserver/ROS2_Nav2_Course/turtlebot3_ws/install/turtlebot3_gazebo/share/turtlebot3_gazebo//models/turtlebot3_waffle/model-1_4.sdf
[0.181s] -- Up-to-date: /home/robotserver/ROS2_Nav2_Course/turtlebot3_ws/install/turtlebot3_gazebo/share/turtlebot3_gazebo//models/turtlebot3_common
[0.181s] -- Up-to-date: /home/robotserver/ROS2_Nav2_Course/turtlebot3_ws/install/turtlebot3_gazebo/share/turtlebot3_gazebo//models/turtlebot3_common/meshes
[0.181s] -- Up-to-date: /home/robotserver/ROS2_Nav2_Course/turtlebot3_ws/install/turtlebot3_gazebo/share/turtlebot3_gazebo//models/turtlebot3_common/meshes/burger_base.dae
[0.181s] -- Up-to-date: /home/robotserver/ROS2_Nav2_Course/turtlebot3_ws/install/turtlebot3_gazebo/share/turtlebot3_gazebo//models/turtlebot3_common/meshes/tire.dae
[0.181s] -- Up-to-date: /home/robotserver/ROS2_Nav2_Course/turtlebot3_ws/install/turtlebot3_gazebo/share/turtlebot3_gazebo//models/turtlebot3_common/meshes/waffle_pi_base.dae
[0.181s] -- Up-to-date: /home/robotserver/ROS2_Nav2_Course/turtlebot3_ws/install/turtlebot3_gazebo/share/turtlebot3_gazebo//models/turtlebot3_common/meshes/waffle_base.dae
[0.182s] -- Up-to-date: /home/robotserver/ROS2_Nav2_Course/turtlebot3_ws/install/turtlebot3_gazebo/share/turtlebot3_gazebo//models/turtlebot3_common/meshes/lds.dae
[0.182s] -- Up-to-date: /home/robotserver/ROS2_Nav2_Course/turtlebot3_ws/install/turtlebot3_gazebo/share/turtlebot3_gazebo//models/turtlebot3_common/meshes/r200.dae
[0.182s] -- Up-to-date: /home/robotserver/ROS2_Nav2_Course/turtlebot3_ws/install/turtlebot3_gazebo/share/turtlebot3_gazebo//models/turtlebot3_common/model.config
[0.182s] -- Up-to-date: /home/robotserver/ROS2_Nav2_Course/turtlebot3_ws/install/turtlebot3_gazebo/share/turtlebot3_gazebo//models/turtlebot3_house
[0.182s] -- Up-to-date: /home/robotserver/ROS2_Nav2_Course/turtlebot3_ws/install/turtlebot3_gazebo/share/turtlebot3_gazebo//models/turtlebot3_house/model.sdf
[0.182s] -- Up-to-date: /home/robotserver/ROS2_Nav2_Course/turtlebot3_ws/install/turtlebot3_gazebo/share/turtlebot3_gazebo//models/turtlebot3_house/model.config
[0.182s] -- Up-to-date: /home/robotserver/ROS2_Nav2_Course/turtlebot3_ws/install/turtlebot3_gazebo/share/turtlebot3_gazebo//models/turtlebot3_world
[0.182s] -- Up-to-date: /home/robotserver/ROS2_Nav2_Course/turtlebot3_ws/install/turtlebot3_gazebo/share/turtlebot3_gazebo//models/turtlebot3_world/meshes
[0.182s] -- Up-to-date: /home/robotserver/ROS2_Nav2_Course/turtlebot3_ws/install/turtlebot3_gazebo/share/turtlebot3_gazebo//models/turtlebot3_world/meshes/hexagon.dae
[0.182s] -- Up-to-date: /home/robotserver/ROS2_Nav2_Course/turtlebot3_ws/install/turtlebot3_gazebo/share/turtlebot3_gazebo//models/turtlebot3_world/meshes/wall.dae
[0.182s] -- Up-to-date: /home/robotserver/ROS2_Nav2_Course/turtlebot3_ws/install/turtlebot3_gazebo/share/turtlebot3_gazebo//models/turtlebot3_world/model.sdf
[0.182s] -- Up-to-date: /home/robotserver/ROS2_Nav2_Course/turtlebot3_ws/install/turtlebot3_gazebo/share/turtlebot3_gazebo//models/turtlebot3_world/model.config
[0.182s] -- Up-to-date: /home/robotserver/ROS2_Nav2_Course/turtlebot3_ws/install/turtlebot3_gazebo/share/turtlebot3_gazebo//models/turtlebot3_world/model-1_4.sdf
[0.183s] -- Up-to-date: /home/robotserver/ROS2_Nav2_Course/turtlebot3_ws/install/turtlebot3_gazebo/share/turtlebot3_gazebo//rviz
[0.183s] -- Up-to-date: /home/robotserver/ROS2_Nav2_Course/turtlebot3_ws/install/turtlebot3_gazebo/share/turtlebot3_gazebo//rviz/tb3_gazebo.rviz
[0.183s] -- Up-to-date: /home/robotserver/ROS2_Nav2_Course/turtlebot3_ws/install/turtlebot3_gazebo/share/turtlebot3_gazebo//urdf
[0.183s] -- Up-to-date: /home/robotserver/ROS2_Nav2_Course/turtlebot3_ws/install/turtlebot3_gazebo/share/turtlebot3_gazebo//urdf/turtlebot3_waffle_pi.urdf
[0.183s] -- Up-to-date: /home/robotserver/ROS2_Nav2_Course/turtlebot3_ws/install/turtlebot3_gazebo/share/turtlebot3_gazebo//urdf/turtlebot3_burger.urdf
[0.183s] -- Up-to-date: /home/robotserver/ROS2_Nav2_Course/turtlebot3_ws/install/turtlebot3_gazebo/share/turtlebot3_gazebo//urdf/common_properties.urdf
[0.183s] -- Up-to-date: /home/robotserver/ROS2_Nav2_Course/turtlebot3_ws/install/turtlebot3_gazebo/share/turtlebot3_gazebo//urdf/turtlebot3_waffle.urdf
[0.183s] -- Up-to-date: /home/robotserver/ROS2_Nav2_Course/turtlebot3_ws/install/turtlebot3_gazebo/share/turtlebot3_gazebo//worlds
[0.183s] -- Up-to-date: /home/robotserver/ROS2_Nav2_Course/turtlebot3_ws/install/turtlebot3_gazebo/share/turtlebot3_gazebo//worlds/turtlebot3_dqn_stage3.world
[0.183s] -- Up-to-date: /home/robotserver/ROS2_Nav2_Course/turtlebot3_ws/install/turtlebot3_gazebo/share/turtlebot3_gazebo//worlds/turtlebot3_world.world
[0.183s] -- Up-to-date: /home/robotserver/ROS2_Nav2_Course/turtlebot3_ws/install/turtlebot3_gazebo/share/turtlebot3_gazebo//worlds/empty_world.world
[0.183s] -- Up-to-date: /home/robotserver/ROS2_Nav2_Course/turtlebot3_ws/install/turtlebot3_gazebo/share/turtlebot3_gazebo//worlds/turtlebot3_dqn_stage1.world
[0.183s] -- Installing: /home/robotserver/ROS2_Nav2_Course/turtlebot3_ws/install/turtlebot3_gazebo/share/turtlebot3_gazebo//worlds/my_world.world
[0.183s] -- Up-to-date: /home/robotserver/ROS2_Nav2_Course/turtlebot3_ws/install/turtlebot3_gazebo/share/turtlebot3_gazebo//worlds/turtlebot3_dqn_stage4.world
[0.183s] -- Up-to-date: /home/robotserver/ROS2_Nav2_Course/turtlebot3_ws/install/turtlebot3_gazebo/share/turtlebot3_gazebo//worlds/turtlebot3_dqn_stage2.world
[0.183s] -- Up-to-date: /home/robotserver/ROS2_Nav2_Course/turtlebot3_ws/install/turtlebot3_gazebo/share/turtlebot3_gazebo//worlds/turtlebot3_house.world
[0.184s] -- Up-to-date: /home/robotserver/ROS2_Nav2_Course/turtlebot3_ws/install/turtlebot3_gazebo/include/
[0.184s] -- Up-to-date: /home/robotserver/ROS2_Nav2_Course/turtlebot3_ws/install/turtlebot3_gazebo/include//turtlebot3_gazebo
[0.184s] -- Up-to-date: /home/robotserver/ROS2_Nav2_Course/turtlebot3_ws/install/turtlebot3_gazebo/include//turtlebot3_gazebo/turtlebot3_drive.hpp
[0.184s] -- Up-to-date: /home/robotserver/ROS2_Nav2_Course/turtlebot3_ws/install/turtlebot3_gazebo/share/ament_index/resource_index/package_run_dependencies/turtlebot3_gazebo
[0.184s] -- Up-to-date: /home/robotserver/ROS2_Nav2_Course/turtlebot3_ws/install/turtlebot3_gazebo/share/ament_index/resource_index/parent_prefix_path/turtlebot3_gazebo
[0.184s] -- Up-to-date: /home/robotserver/ROS2_Nav2_Course/turtlebot3_ws/install/turtlebot3_gazebo/share/turtlebot3_gazebo/environment/ament_prefix_path.sh
[0.184s] -- Up-to-date: /home/robotserver/ROS2_Nav2_Course/turtlebot3_ws/install/turtlebot3_gazebo/share/turtlebot3_gazebo/environment/ament_prefix_path.dsv
[0.184s] -- Up-to-date: /home/robotserver/ROS2_Nav2_Course/turtlebot3_ws/install/turtlebot3_gazebo/share/turtlebot3_gazebo/environment/path.sh
[0.184s] -- Up-to-date: /home/robotserver/ROS2_Nav2_Course/turtlebot3_ws/install/turtlebot3_gazebo/share/turtlebot3_gazebo/environment/path.dsv
[0.184s] -- Up-to-date: /home/robotserver/ROS2_Nav2_Course/turtlebot3_ws/install/turtlebot3_gazebo/share/turtlebot3_gazebo/local_setup.bash
[0.184s] -- Up-to-date: /home/robotserver/ROS2_Nav2_Course/turtlebot3_ws/install/turtlebot3_gazebo/share/turtlebot3_gazebo/local_setup.sh
[0.184s] -- Up-to-date: /home/robotserver/ROS2_Nav2_Course/turtlebot3_ws/install/turtlebot3_gazebo/share/turtlebot3_gazebo/local_setup.zsh
[0.184s] -- Up-to-date: /home/robotserver/ROS2_Nav2_Course/turtlebot3_ws/install/turtlebot3_gazebo/share/turtlebot3_gazebo/local_setup.dsv
[0.184s] -- Installing: /home/robotserver/ROS2_Nav2_Course/turtlebot3_ws/install/turtlebot3_gazebo/share/turtlebot3_gazebo/package.dsv
[0.184s] -- Up-to-date: /home/robotserver/ROS2_Nav2_Course/turtlebot3_ws/install/turtlebot3_gazebo/share/ament_index/resource_index/packages/turtlebot3_gazebo
[0.184s] -- Up-to-date: /home/robotserver/ROS2_Nav2_Course/turtlebot3_ws/install/turtlebot3_gazebo/share/turtlebot3_gazebo/cmake/ament_cmake_export_include_directories-extras.cmake
[0.185s] -- Up-to-date: /home/robotserver/ROS2_Nav2_Course/turtlebot3_ws/install/turtlebot3_gazebo/share/turtlebot3_gazebo/cmake/ament_cmake_export_dependencies-extras.cmake
[0.185s] -- Up-to-date: /home/robotserver/ROS2_Nav2_Course/turtlebot3_ws/install/turtlebot3_gazebo/share/turtlebot3_gazebo/cmake/turtlebot3_gazeboConfig.cmake
[0.185s] -- Up-to-date: /home/robotserver/ROS2_Nav2_Course/turtlebot3_ws/install/turtlebot3_gazebo/share/turtlebot3_gazebo/cmake/turtlebot3_gazeboConfig-version.cmake
[0.185s] -- Up-to-date: /home/robotserver/ROS2_Nav2_Course/turtlebot3_ws/install/turtlebot3_gazebo/share/turtlebot3_gazebo/package.xml
[0.191s] Invoked command in '/home/robotserver/ROS2_Nav2_Course/turtlebot3_ws/build/turtlebot3_gazebo' returned '0': CMAKE_PREFIX_PATH=/home/robotserver/ROS2_Nav2_Course/turtlebot3_ws/install/turtlebot3_simulations:/home/robotserver/ros2_ws/install/py_srvcli:/home/robotserver/ros2_ws/install/py_pubsub:/home/robotserver/ros2_ws/install/my_py_pkg:/home/robotserver/Desktop/git/create3_main/install/create3_teleop:/home/robotserver/Desktop/git/create3_main/install/create3_msg_transfer:/home/robotserver/Desktop/git/create3_main/install/create3_control:/opt/ros/humble:/home/robotserver/ROS2_Nav2_Course/turtlebot3_ws/install/turtlebot3_gazebo:/home/robotserver/ROS2_Nav2_Course/turtlebot3_ws/install/turtlebot3_fake_node:/home/robotserver/ros2_ws/install/tutorial_interfaces:/home/robotserver/ros2_ws/install/polygon_plugins:/home/robotserver/ros2_ws/install/polygon_base:/home/robotserver/ros2_ws/install/my_robot_bringup:/home/robotserver/ros2_ws/install/my_cpp_pkg:/home/robotserver/ros2_ws/install/my_robot_interfaces:/home/robotserver/ros2_ws/install/action_tutorials_interfaces:/home/robotserver/ros2_ws/src/tutorial_interfaces/install/tutorial_interfaces /usr/bin/cmake --install /home/robotserver/ROS2_Nav2_Course/turtlebot3_ws/build/turtlebot3_gazebo
