[1.144s] Invoking command in '/home/robotserver/Desktop/git/ROS/create3_examples_ws/src/create3_examples/create3_examples_py': CONDA_PROMPT_MODIFIER=(ros2_env) PYTHONPATH=/home/robotserver/Desktop/git/ROS/create3_examples_ws/build/create3_examples_py/prefix_override:/usr/lib/python3/dist-packages/colcon_core/task/python/colcon_distutils_commands:/home/robotserver/Desktop/git/ROS/create3_examples_ws/install/create3_examples_py/lib/python3.10/site-packages:${PYTHONPATH} /usr/bin/python3 -W ignore:setup.py install is deprecated setup.py egg_info --egg-base ../../../build/create3_examples_py build --build-base /home/robotserver/Desktop/git/ROS/create3_examples_ws/build/create3_examples_py/build install --record /home/robotserver/Desktop/git/ROS/create3_examples_ws/build/create3_examples_py/install.log --single-version-externally-managed install_data
[1.554s] running egg_info
[1.556s] writing ../../../build/create3_examples_py/create3_examples_py.egg-info/PKG-INFO
[1.556s] writing dependency_links to ../../../build/create3_examples_py/create3_examples_py.egg-info/dependency_links.txt
[1.557s] writing entry points to ../../../build/create3_examples_py/create3_examples_py.egg-info/entry_points.txt
[1.557s] writing requirements to ../../../build/create3_examples_py/create3_examples_py.egg-info/requires.txt
[1.557s] writing top-level names to ../../../build/create3_examples_py/create3_examples_py.egg-info/top_level.txt
[1.560s] reading manifest file '../../../build/create3_examples_py/create3_examples_py.egg-info/SOURCES.txt'
[1.562s] writing manifest file '../../../build/create3_examples_py/create3_examples_py.egg-info/SOURCES.txt'
[1.562s] running build
[1.562s] running build_py
[1.563s] running install
[1.564s] running install_lib
[1.567s] running install_data
[1.567s] running install_egg_info
[1.570s] removing '/home/robotserver/Desktop/git/ROS/create3_examples_ws/install/create3_examples_py/lib/python3.10/site-packages/create3_examples_py-0.0.5-py3.10.egg-info' (and everything under it)
[1.570s] Copying ../../../build/create3_examples_py/create3_examples_py.egg-info to /home/robotserver/Desktop/git/ROS/create3_examples_ws/install/create3_examples_py/lib/python3.10/site-packages/create3_examples_py-0.0.5-py3.10.egg-info
[1.572s] running install_scripts
[1.606s] Installing create3_dance script to /home/robotserver/Desktop/git/ROS/create3_examples_ws/install/create3_examples_py/lib/create3_examples_py
[1.607s] writing list of installed files to '/home/robotserver/Desktop/git/ROS/create3_examples_ws/build/create3_examples_py/install.log'
[1.673s] Invoked command in '/home/robotserver/Desktop/git/ROS/create3_examples_ws/src/create3_examples/create3_examples_py' returned '0': CONDA_PROMPT_MODIFIER=(ros2_env) PYTHONPATH=/home/robotserver/Desktop/git/ROS/create3_examples_ws/build/create3_examples_py/prefix_override:/usr/lib/python3/dist-packages/colcon_core/task/python/colcon_distutils_commands:/home/robotserver/Desktop/git/ROS/create3_examples_ws/install/create3_examples_py/lib/python3.10/site-packages:${PYTHONPATH} /usr/bin/python3 -W ignore:setup.py install is deprecated setup.py egg_info --egg-base ../../../build/create3_examples_py build --build-base /home/robotserver/Desktop/git/ROS/create3_examples_ws/build/create3_examples_py/build install --record /home/robotserver/Desktop/git/ROS/create3_examples_ws/build/create3_examples_py/install.log --single-version-externally-managed install_data
