-- Install configuration: ""
-- Installing: /home/robotserver/Desktop/git/ROS/create3_examples_ws/install/create3_lidar_slam/share/create3_lidar_slam/launch
-- Installing: /home/robotserver/Desktop/git/ROS/create3_examples_ws/install/create3_lidar_slam/share/create3_lidar_slam/launch/sensors_launch.py
-- Installing: /home/robotserver/Desktop/git/ROS/create3_examples_ws/install/create3_lidar_slam/share/create3_lidar_slam/launch/rviz_launch.py
-- Installing: /home/robotserver/Desktop/git/ROS/create3_examples_ws/install/create3_lidar_slam/share/create3_lidar_slam/launch/slam_toolbox_launch.py
-- Installing: /home/robotserver/Desktop/git/ROS/create3_examples_ws/install/create3_lidar_slam/share/create3_lidar_slam/config
-- Installing: /home/robotserver/Desktop/git/ROS/create3_examples_ws/install/create3_lidar_slam/share/create3_lidar_slam/config/mapper_params_online_async.yaml
-- Installing: /home/robotserver/Desktop/git/ROS/create3_examples_ws/install/create3_lidar_slam/share/create3_lidar_slam/config/rplidar_node.yaml
-- Installing: /home/robotserver/Desktop/git/ROS/create3_examples_ws/install/create3_lidar_slam/share/create3_lidar_slam/rviz
-- Installing: /home/robotserver/Desktop/git/ROS/create3_examples_ws/install/create3_lidar_slam/share/create3_lidar_slam/rviz/create3_lidar_slam.rviz
-- Installing: /home/robotserver/Desktop/git/ROS/create3_examples_ws/install/create3_lidar_slam/share/ament_index/resource_index/package_run_dependencies/create3_lidar_slam
-- Installing: /home/robotserver/Desktop/git/ROS/create3_examples_ws/install/create3_lidar_slam/share/ament_index/resource_index/parent_prefix_path/create3_lidar_slam
-- Installing: /home/robotserver/Desktop/git/ROS/create3_examples_ws/install/create3_lidar_slam/share/create3_lidar_slam/environment/ament_prefix_path.sh
-- Installing: /home/robotserver/Desktop/git/ROS/create3_examples_ws/install/create3_lidar_slam/share/create3_lidar_slam/environment/ament_prefix_path.dsv
-- Installing: /home/robotserver/Desktop/git/ROS/create3_examples_ws/install/create3_lidar_slam/share/create3_lidar_slam/environment/path.sh
-- Installing: /home/robotserver/Desktop/git/ROS/create3_examples_ws/install/create3_lidar_slam/share/create3_lidar_slam/environment/path.dsv
-- Installing: /home/robotserver/Desktop/git/ROS/create3_examples_ws/install/create3_lidar_slam/share/create3_lidar_slam/local_setup.bash
-- Installing: /home/robotserver/Desktop/git/ROS/create3_examples_ws/install/create3_lidar_slam/share/create3_lidar_slam/local_setup.sh
-- Installing: /home/robotserver/Desktop/git/ROS/create3_examples_ws/install/create3_lidar_slam/share/create3_lidar_slam/local_setup.zsh
-- Installing: /home/robotserver/Desktop/git/ROS/create3_examples_ws/install/create3_lidar_slam/share/create3_lidar_slam/local_setup.dsv
-- Installing: /home/robotserver/Desktop/git/ROS/create3_examples_ws/install/create3_lidar_slam/share/create3_lidar_slam/package.dsv
-- Installing: /home/robotserver/Desktop/git/ROS/create3_examples_ws/install/create3_lidar_slam/share/ament_index/resource_index/packages/create3_lidar_slam
-- Installing: /home/robotserver/Desktop/git/ROS/create3_examples_ws/install/create3_lidar_slam/share/create3_lidar_slam/cmake/create3_lidar_slamConfig.cmake
-- Installing: /home/robotserver/Desktop/git/ROS/create3_examples_ws/install/create3_lidar_slam/share/create3_lidar_slam/cmake/create3_lidar_slamConfig-version.cmake
-- Installing: /home/robotserver/Desktop/git/ROS/create3_examples_ws/install/create3_lidar_slam/share/create3_lidar_slam/package.xml
