[  3%] [34m[1mGenerating C code for ROS interfaces[0m
[  6%] [34m[1mGenerating C++ code for ROS interfaces[0m
[  6%] Built target ament_cmake_python_copy_create3_examples_msgs
running egg_info
writing create3_examples_msgs.egg-info/PKG-INFO
writing dependency_links to create3_examples_msgs.egg-info/dependency_links.txt
writing top-level names to create3_examples_msgs.egg-info/top_level.txt
reading manifest file 'create3_examples_msgs.egg-info/SOURCES.txt'
writing manifest file 'create3_examples_msgs.egg-info/SOURCES.txt'
[  6%] Built target ament_cmake_python_build_create3_examples_msgs_egg
[  6%] Built target create3_examples_msgs__cpp
[  9%] [34m[1mGenerating C++ introspection for ROS interfaces[0m
[ 12%] [34m[1mGenerating C++ type support for eProsima Fast-RTPS[0m
[ 16%] [34m[1mGenerating C++ type support dispatch for ROS interfaces[0m
[ 19%] [32mBuilding C object CMakeFiles/create3_examples_msgs__rosidl_generator_c.dir/rosidl_generator_c/create3_examples_msgs/action/detail/coverage__functions.c.o[0m
[ 22%] [32m[1mLinking C shared library libcreate3_examples_msgs__rosidl_generator_c.so[0m
[ 22%] Built target create3_examples_msgs__rosidl_generator_c
[ 29%] [34m[1mGenerating C introspection for ROS interfaces[0m
[ 29%] [34m[1mGenerating C type support for eProsima Fast-RTPS[0m
[ 32%] [34m[1mGenerating C type support dispatch for ROS interfaces[0m
[ 35%] [32mBuilding CXX object CMakeFiles/create3_examples_msgs__rosidl_typesupport_cpp.dir/rosidl_typesupport_cpp/create3_examples_msgs/action/coverage__type_support.cpp.o[0m
[ 38%] [32mBuilding CXX object CMakeFiles/create3_examples_msgs__rosidl_typesupport_introspection_cpp.dir/rosidl_typesupport_introspection_cpp/create3_examples_msgs/action/detail/coverage__type_support.cpp.o[0m
[ 41%] [32mBuilding CXX object CMakeFiles/create3_examples_msgs__rosidl_typesupport_fastrtps_cpp.dir/rosidl_typesupport_fastrtps_cpp/create3_examples_msgs/action/detail/dds_fastrtps/coverage__type_support.cpp.o[0m
[ 45%] [32mBuilding CXX object CMakeFiles/create3_examples_msgs__rosidl_typesupport_c.dir/rosidl_typesupport_c/create3_examples_msgs/action/coverage__type_support.cpp.o[0m
[ 48%] [32m[1mLinking CXX shared library libcreate3_examples_msgs__rosidl_typesupport_c.so[0m
[ 48%] Built target create3_examples_msgs__rosidl_typesupport_c
[ 51%] [32mBuilding C object CMakeFiles/create3_examples_msgs__rosidl_typesupport_introspection_c.dir/rosidl_typesupport_introspection_c/create3_examples_msgs/action/detail/coverage__type_support.c.o[0m
[ 54%] [32mBuilding CXX object CMakeFiles/create3_examples_msgs__rosidl_typesupport_fastrtps_c.dir/rosidl_typesupport_fastrtps_c/create3_examples_msgs/action/detail/coverage__type_support_c.cpp.o[0m
[ 58%] [32m[1mLinking CXX shared library libcreate3_examples_msgs__rosidl_typesupport_cpp.so[0m
[ 61%] [32m[1mLinking C shared library libcreate3_examples_msgs__rosidl_typesupport_introspection_c.so[0m
[ 61%] Built target create3_examples_msgs__rosidl_typesupport_introspection_c
[ 61%] Built target create3_examples_msgs__rosidl_typesupport_cpp
[ 64%] [32m[1mLinking CXX shared library libcreate3_examples_msgs__rosidl_typesupport_introspection_cpp.so[0m
[ 67%] [32m[1mLinking CXX shared library libcreate3_examples_msgs__rosidl_typesupport_fastrtps_cpp.so[0m
[ 67%] Built target create3_examples_msgs__rosidl_typesupport_introspection_cpp
[ 70%] [32m[1mLinking CXX shared library libcreate3_examples_msgs__rosidl_typesupport_fastrtps_c.so[0m
[ 70%] Built target create3_examples_msgs__rosidl_typesupport_fastrtps_cpp
[ 70%] Built target create3_examples_msgs__rosidl_typesupport_fastrtps_c
[ 70%] Built target create3_examples_msgs
[ 74%] [34m[1mGenerating Python code for ROS interfaces[0m
[ 74%] Built target create3_examples_msgs__py
[ 77%] [32mBuilding C object CMakeFiles/create3_examples_msgs__rosidl_generator_py.dir/rosidl_generator_py/create3_examples_msgs/action/_coverage_s.c.o[0m
[ 80%] [32m[1mLinking C shared library rosidl_generator_py/create3_examples_msgs/libcreate3_examples_msgs__rosidl_generator_py.so[0m
[ 80%] Built target create3_examples_msgs__rosidl_generator_py
[ 90%] [32mBuilding C object CMakeFiles/create3_examples_msgs__rosidl_typesupport_introspection_c__pyext.dir/rosidl_generator_py/create3_examples_msgs/_create3_examples_msgs_s.ep.rosidl_typesupport_introspection_c.c.o[0m
[ 90%] [32mBuilding C object CMakeFiles/create3_examples_msgs__rosidl_typesupport_c__pyext.dir/rosidl_generator_py/create3_examples_msgs/_create3_examples_msgs_s.ep.rosidl_typesupport_c.c.o[0m
[ 90%] [32mBuilding C object CMakeFiles/create3_examples_msgs__rosidl_typesupport_fastrtps_c__pyext.dir/rosidl_generator_py/create3_examples_msgs/_create3_examples_msgs_s.ep.rosidl_typesupport_fastrtps_c.c.o[0m
[100%] [32m[1mLinking C shared library rosidl_generator_py/create3_examples_msgs/create3_examples_msgs_s__rosidl_typesupport_fastrtps_c.cpython-39-x86_64-linux-gnu.so[0m
[100%] [32m[1mLinking C shared library rosidl_generator_py/create3_examples_msgs/create3_examples_msgs_s__rosidl_typesupport_introspection_c.cpython-39-x86_64-linux-gnu.so[0m
[100%] [32m[1mLinking C shared library rosidl_generator_py/create3_examples_msgs/create3_examples_msgs_s__rosidl_typesupport_c.cpython-39-x86_64-linux-gnu.so[0m
[100%] Built target create3_examples_msgs__rosidl_typesupport_c__pyext
[100%] Built target create3_examples_msgs__rosidl_typesupport_introspection_c__pyext
[100%] Built target create3_examples_msgs__rosidl_typesupport_fastrtps_c__pyext
-- Install configuration: ""
-- Installing: /home/robotserver/Desktop/git/ROS/create3_examples_ws/install/create3_examples_msgs/share/ament_index/resource_index/rosidl_interfaces/create3_examples_msgs
-- Installing: /home/robotserver/Desktop/git/ROS/create3_examples_ws/install/create3_examples_msgs/include/create3_examples_msgs/create3_examples_msgs
-- Installing: /home/robotserver/Desktop/git/ROS/create3_examples_ws/install/create3_examples_msgs/include/create3_examples_msgs/create3_examples_msgs/action
-- Installing: /home/robotserver/Desktop/git/ROS/create3_examples_ws/install/create3_examples_msgs/include/create3_examples_msgs/create3_examples_msgs/action/detail
-- Installing: /home/robotserver/Desktop/git/ROS/create3_examples_ws/install/create3_examples_msgs/include/create3_examples_msgs/create3_examples_msgs/action/detail/coverage__functions.h
-- Installing: /home/robotserver/Desktop/git/ROS/create3_examples_ws/install/create3_examples_msgs/include/create3_examples_msgs/create3_examples_msgs/action/detail/coverage__type_support.h
-- Installing: /home/robotserver/Desktop/git/ROS/create3_examples_ws/install/create3_examples_msgs/include/create3_examples_msgs/create3_examples_msgs/action/detail/coverage__struct.h
-- Installing: /home/robotserver/Desktop/git/ROS/create3_examples_ws/install/create3_examples_msgs/include/create3_examples_msgs/create3_examples_msgs/action/detail/coverage__functions.c
-- Installing: /home/robotserver/Desktop/git/ROS/create3_examples_ws/install/create3_examples_msgs/include/create3_examples_msgs/create3_examples_msgs/action/coverage.h
-- Installing: /home/robotserver/Desktop/git/ROS/create3_examples_ws/install/create3_examples_msgs/include/create3_examples_msgs/create3_examples_msgs/msg
-- Installing: /home/robotserver/Desktop/git/ROS/create3_examples_ws/install/create3_examples_msgs/include/create3_examples_msgs/create3_examples_msgs/msg/rosidl_generator_c__visibility_control.h
-- Installing: /home/robotserver/Desktop/git/ROS/create3_examples_ws/install/create3_examples_msgs/share/create3_examples_msgs/environment/library_path.sh
-- Installing: /home/robotserver/Desktop/git/ROS/create3_examples_ws/install/create3_examples_msgs/share/create3_examples_msgs/environment/library_path.dsv
-- Installing: /home/robotserver/Desktop/git/ROS/create3_examples_ws/install/create3_examples_msgs/lib/libcreate3_examples_msgs__rosidl_generator_c.so
-- Set runtime path of "/home/robotserver/Desktop/git/ROS/create3_examples_ws/install/create3_examples_msgs/lib/libcreate3_examples_msgs__rosidl_generator_c.so" to ""
-- Up-to-date: /home/robotserver/Desktop/git/ROS/create3_examples_ws/install/create3_examples_msgs/include/create3_examples_msgs/create3_examples_msgs
-- Up-to-date: /home/robotserver/Desktop/git/ROS/create3_examples_ws/install/create3_examples_msgs/include/create3_examples_msgs/create3_examples_msgs/action
-- Up-to-date: /home/robotserver/Desktop/git/ROS/create3_examples_ws/install/create3_examples_msgs/include/create3_examples_msgs/create3_examples_msgs/action/detail
-- Installing: /home/robotserver/Desktop/git/ROS/create3_examples_ws/install/create3_examples_msgs/include/create3_examples_msgs/create3_examples_msgs/action/detail/coverage__rosidl_typesupport_fastrtps_c.h
-- Up-to-date: /home/robotserver/Desktop/git/ROS/create3_examples_ws/install/create3_examples_msgs/include/create3_examples_msgs/create3_examples_msgs/msg
-- Installing: /home/robotserver/Desktop/git/ROS/create3_examples_ws/install/create3_examples_msgs/include/create3_examples_msgs/create3_examples_msgs/msg/rosidl_typesupport_fastrtps_c__visibility_control.h
-- Installing: /home/robotserver/Desktop/git/ROS/create3_examples_ws/install/create3_examples_msgs/lib/libcreate3_examples_msgs__rosidl_typesupport_fastrtps_c.so
-- Set runtime path of "/home/robotserver/Desktop/git/ROS/create3_examples_ws/install/create3_examples_msgs/lib/libcreate3_examples_msgs__rosidl_typesupport_fastrtps_c.so" to ""
-- Up-to-date: /home/robotserver/Desktop/git/ROS/create3_examples_ws/install/create3_examples_msgs/include/create3_examples_msgs/create3_examples_msgs
-- Up-to-date: /home/robotserver/Desktop/git/ROS/create3_examples_ws/install/create3_examples_msgs/include/create3_examples_msgs/create3_examples_msgs/action
-- Up-to-date: /home/robotserver/Desktop/git/ROS/create3_examples_ws/install/create3_examples_msgs/include/create3_examples_msgs/create3_examples_msgs/action/detail
-- Installing: /home/robotserver/Desktop/git/ROS/create3_examples_ws/install/create3_examples_msgs/include/create3_examples_msgs/create3_examples_msgs/action/detail/coverage__type_support.c
-- Installing: /home/robotserver/Desktop/git/ROS/create3_examples_ws/install/create3_examples_msgs/include/create3_examples_msgs/create3_examples_msgs/action/detail/coverage__rosidl_typesupport_introspection_c.h
-- Up-to-date: /home/robotserver/Desktop/git/ROS/create3_examples_ws/install/create3_examples_msgs/include/create3_examples_msgs/create3_examples_msgs/msg
-- Installing: /home/robotserver/Desktop/git/ROS/create3_examples_ws/install/create3_examples_msgs/include/create3_examples_msgs/create3_examples_msgs/msg/rosidl_typesupport_introspection_c__visibility_control.h
-- Installing: /home/robotserver/Desktop/git/ROS/create3_examples_ws/install/create3_examples_msgs/lib/libcreate3_examples_msgs__rosidl_typesupport_introspection_c.so
-- Set runtime path of "/home/robotserver/Desktop/git/ROS/create3_examples_ws/install/create3_examples_msgs/lib/libcreate3_examples_msgs__rosidl_typesupport_introspection_c.so" to ""
-- Installing: /home/robotserver/Desktop/git/ROS/create3_examples_ws/install/create3_examples_msgs/lib/libcreate3_examples_msgs__rosidl_typesupport_c.so
-- Set runtime path of "/home/robotserver/Desktop/git/ROS/create3_examples_ws/install/create3_examples_msgs/lib/libcreate3_examples_msgs__rosidl_typesupport_c.so" to ""
-- Up-to-date: /home/robotserver/Desktop/git/ROS/create3_examples_ws/install/create3_examples_msgs/include/create3_examples_msgs/create3_examples_msgs
-- Up-to-date: /home/robotserver/Desktop/git/ROS/create3_examples_ws/install/create3_examples_msgs/include/create3_examples_msgs/create3_examples_msgs/action
-- Installing: /home/robotserver/Desktop/git/ROS/create3_examples_ws/install/create3_examples_msgs/include/create3_examples_msgs/create3_examples_msgs/action/coverage.hpp
-- Up-to-date: /home/robotserver/Desktop/git/ROS/create3_examples_ws/install/create3_examples_msgs/include/create3_examples_msgs/create3_examples_msgs/action/detail
-- Installing: /home/robotserver/Desktop/git/ROS/create3_examples_ws/install/create3_examples_msgs/include/create3_examples_msgs/create3_examples_msgs/action/detail/coverage__struct.hpp
-- Installing: /home/robotserver/Desktop/git/ROS/create3_examples_ws/install/create3_examples_msgs/include/create3_examples_msgs/create3_examples_msgs/action/detail/coverage__builder.hpp
-- Installing: /home/robotserver/Desktop/git/ROS/create3_examples_ws/install/create3_examples_msgs/include/create3_examples_msgs/create3_examples_msgs/action/detail/coverage__traits.hpp
-- Up-to-date: /home/robotserver/Desktop/git/ROS/create3_examples_ws/install/create3_examples_msgs/include/create3_examples_msgs/create3_examples_msgs
-- Up-to-date: /home/robotserver/Desktop/git/ROS/create3_examples_ws/install/create3_examples_msgs/include/create3_examples_msgs/create3_examples_msgs/action
-- Up-to-date: /home/robotserver/Desktop/git/ROS/create3_examples_ws/install/create3_examples_msgs/include/create3_examples_msgs/create3_examples_msgs/action/detail
-- Installing: /home/robotserver/Desktop/git/ROS/create3_examples_ws/install/create3_examples_msgs/include/create3_examples_msgs/create3_examples_msgs/action/detail/dds_fastrtps
-- Installing: /home/robotserver/Desktop/git/ROS/create3_examples_ws/install/create3_examples_msgs/include/create3_examples_msgs/create3_examples_msgs/action/detail/coverage__rosidl_typesupport_fastrtps_cpp.hpp
-- Up-to-date: /home/robotserver/Desktop/git/ROS/create3_examples_ws/install/create3_examples_msgs/include/create3_examples_msgs/create3_examples_msgs/msg
-- Installing: /home/robotserver/Desktop/git/ROS/create3_examples_ws/install/create3_examples_msgs/include/create3_examples_msgs/create3_examples_msgs/msg/rosidl_typesupport_fastrtps_cpp__visibility_control.h
-- Installing: /home/robotserver/Desktop/git/ROS/create3_examples_ws/install/create3_examples_msgs/lib/libcreate3_examples_msgs__rosidl_typesupport_fastrtps_cpp.so
-- Set runtime path of "/home/robotserver/Desktop/git/ROS/create3_examples_ws/install/create3_examples_msgs/lib/libcreate3_examples_msgs__rosidl_typesupport_fastrtps_cpp.so" to ""
-- Up-to-date: /home/robotserver/Desktop/git/ROS/create3_examples_ws/install/create3_examples_msgs/include/create3_examples_msgs/create3_examples_msgs
-- Up-to-date: /home/robotserver/Desktop/git/ROS/create3_examples_ws/install/create3_examples_msgs/include/create3_examples_msgs/create3_examples_msgs/action
-- Up-to-date: /home/robotserver/Desktop/git/ROS/create3_examples_ws/install/create3_examples_msgs/include/create3_examples_msgs/create3_examples_msgs/action/detail
-- Installing: /home/robotserver/Desktop/git/ROS/create3_examples_ws/install/create3_examples_msgs/include/create3_examples_msgs/create3_examples_msgs/action/detail/coverage__type_support.cpp
-- Installing: /home/robotserver/Desktop/git/ROS/create3_examples_ws/install/create3_examples_msgs/include/create3_examples_msgs/create3_examples_msgs/action/detail/coverage__rosidl_typesupport_introspection_cpp.hpp
-- Installing: /home/robotserver/Desktop/git/ROS/create3_examples_ws/install/create3_examples_msgs/lib/libcreate3_examples_msgs__rosidl_typesupport_introspection_cpp.so
-- Set runtime path of "/home/robotserver/Desktop/git/ROS/create3_examples_ws/install/create3_examples_msgs/lib/libcreate3_examples_msgs__rosidl_typesupport_introspection_cpp.so" to ""
-- Installing: /home/robotserver/Desktop/git/ROS/create3_examples_ws/install/create3_examples_msgs/lib/libcreate3_examples_msgs__rosidl_typesupport_cpp.so
-- Set runtime path of "/home/robotserver/Desktop/git/ROS/create3_examples_ws/install/create3_examples_msgs/lib/libcreate3_examples_msgs__rosidl_typesupport_cpp.so" to ""
-- Installing: /home/robotserver/Desktop/git/ROS/create3_examples_ws/install/create3_examples_msgs/share/create3_examples_msgs/environment/pythonpath.sh
-- Installing: /home/robotserver/Desktop/git/ROS/create3_examples_ws/install/create3_examples_msgs/share/create3_examples_msgs/environment/pythonpath.dsv
-- Installing: /home/robotserver/Desktop/git/ROS/create3_examples_ws/install/create3_examples_msgs/lib/python3.9/site-packages/create3_examples_msgs-0.0.5-py3.9.egg-info
-- Installing: /home/robotserver/Desktop/git/ROS/create3_examples_ws/install/create3_examples_msgs/lib/python3.9/site-packages/create3_examples_msgs-0.0.5-py3.9.egg-info/top_level.txt
-- Installing: /home/robotserver/Desktop/git/ROS/create3_examples_ws/install/create3_examples_msgs/lib/python3.9/site-packages/create3_examples_msgs-0.0.5-py3.9.egg-info/PKG-INFO
-- Installing: /home/robotserver/Desktop/git/ROS/create3_examples_ws/install/create3_examples_msgs/lib/python3.9/site-packages/create3_examples_msgs-0.0.5-py3.9.egg-info/dependency_links.txt
-- Installing: /home/robotserver/Desktop/git/ROS/create3_examples_ws/install/create3_examples_msgs/lib/python3.9/site-packages/create3_examples_msgs-0.0.5-py3.9.egg-info/SOURCES.txt
-- Installing: /home/robotserver/Desktop/git/ROS/create3_examples_ws/install/create3_examples_msgs/lib/python3.9/site-packages/create3_examples_msgs
-- Installing: /home/robotserver/Desktop/git/ROS/create3_examples_ws/install/create3_examples_msgs/lib/python3.9/site-packages/create3_examples_msgs/create3_examples_msgs_s__rosidl_typesupport_introspection_c.cpython-39-x86_64-linux-gnu.so
-- Installing: /home/robotserver/Desktop/git/ROS/create3_examples_ws/install/create3_examples_msgs/lib/python3.9/site-packages/create3_examples_msgs/libcreate3_examples_msgs__rosidl_generator_py.so
-- Installing: /home/robotserver/Desktop/git/ROS/create3_examples_ws/install/create3_examples_msgs/lib/python3.9/site-packages/create3_examples_msgs/action
-- Installing: /home/robotserver/Desktop/git/ROS/create3_examples_ws/install/create3_examples_msgs/lib/python3.9/site-packages/create3_examples_msgs/action/__init__.py
-- Installing: /home/robotserver/Desktop/git/ROS/create3_examples_ws/install/create3_examples_msgs/lib/python3.9/site-packages/create3_examples_msgs/action/_coverage_s.c
-- Installing: /home/robotserver/Desktop/git/ROS/create3_examples_ws/install/create3_examples_msgs/lib/python3.9/site-packages/create3_examples_msgs/action/_coverage.py
-- Installing: /home/robotserver/Desktop/git/ROS/create3_examples_ws/install/create3_examples_msgs/lib/python3.9/site-packages/create3_examples_msgs/create3_examples_msgs_s__rosidl_typesupport_fastrtps_c.cpython-39-x86_64-linux-gnu.so
-- Installing: /home/robotserver/Desktop/git/ROS/create3_examples_ws/install/create3_examples_msgs/lib/python3.9/site-packages/create3_examples_msgs/__init__.py
-- Installing: /home/robotserver/Desktop/git/ROS/create3_examples_ws/install/create3_examples_msgs/lib/python3.9/site-packages/create3_examples_msgs/create3_examples_msgs_s__rosidl_typesupport_c.cpython-39-x86_64-linux-gnu.so
-- Installing: /home/robotserver/Desktop/git/ROS/create3_examples_ws/install/create3_examples_msgs/lib/python3.9/site-packages/create3_examples_msgs/_create3_examples_msgs_s.ep.rosidl_typesupport_c.c
-- Installing: /home/robotserver/Desktop/git/ROS/create3_examples_ws/install/create3_examples_msgs/lib/python3.9/site-packages/create3_examples_msgs/_create3_examples_msgs_s.ep.rosidl_typesupport_introspection_c.c
-- Installing: /home/robotserver/Desktop/git/ROS/create3_examples_ws/install/create3_examples_msgs/lib/python3.9/site-packages/create3_examples_msgs/_create3_examples_msgs_s.ep.rosidl_typesupport_fastrtps_c.c
Listing '/home/robotserver/Desktop/git/ROS/create3_examples_ws/install/create3_examples_msgs/lib/python3.9/site-packages/create3_examples_msgs'...
Compiling '/home/robotserver/Desktop/git/ROS/create3_examples_ws/install/create3_examples_msgs/lib/python3.9/site-packages/create3_examples_msgs/__init__.py'...
Listing '/home/robotserver/Desktop/git/ROS/create3_examples_ws/install/create3_examples_msgs/lib/python3.9/site-packages/create3_examples_msgs/action'...
Compiling '/home/robotserver/Desktop/git/ROS/create3_examples_ws/install/create3_examples_msgs/lib/python3.9/site-packages/create3_examples_msgs/action/__init__.py'...
Compiling '/home/robotserver/Desktop/git/ROS/create3_examples_ws/install/create3_examples_msgs/lib/python3.9/site-packages/create3_examples_msgs/action/_coverage.py'...
-- Installing: /home/robotserver/Desktop/git/ROS/create3_examples_ws/install/create3_examples_msgs/lib/python3.9/site-packages/create3_examples_msgs/create3_examples_msgs_s__rosidl_typesupport_fastrtps_c.cpython-39-x86_64-linux-gnu.so
-- Set runtime path of "/home/robotserver/Desktop/git/ROS/create3_examples_ws/install/create3_examples_msgs/lib/python3.9/site-packages/create3_examples_msgs/create3_examples_msgs_s__rosidl_typesupport_fastrtps_c.cpython-39-x86_64-linux-gnu.so" to ""
-- Installing: /home/robotserver/Desktop/git/ROS/create3_examples_ws/install/create3_examples_msgs/lib/python3.9/site-packages/create3_examples_msgs/create3_examples_msgs_s__rosidl_typesupport_introspection_c.cpython-39-x86_64-linux-gnu.so
-- Set runtime path of "/home/robotserver/Desktop/git/ROS/create3_examples_ws/install/create3_examples_msgs/lib/python3.9/site-packages/create3_examples_msgs/create3_examples_msgs_s__rosidl_typesupport_introspection_c.cpython-39-x86_64-linux-gnu.so" to ""
-- Installing: /home/robotserver/Desktop/git/ROS/create3_examples_ws/install/create3_examples_msgs/lib/python3.9/site-packages/create3_examples_msgs/create3_examples_msgs_s__rosidl_typesupport_c.cpython-39-x86_64-linux-gnu.so
-- Set runtime path of "/home/robotserver/Desktop/git/ROS/create3_examples_ws/install/create3_examples_msgs/lib/python3.9/site-packages/create3_examples_msgs/create3_examples_msgs_s__rosidl_typesupport_c.cpython-39-x86_64-linux-gnu.so" to ""
-- Installing: /home/robotserver/Desktop/git/ROS/create3_examples_ws/install/create3_examples_msgs/lib/libcreate3_examples_msgs__rosidl_generator_py.so
-- Set runtime path of "/home/robotserver/Desktop/git/ROS/create3_examples_ws/install/create3_examples_msgs/lib/libcreate3_examples_msgs__rosidl_generator_py.so" to ""
-- Installing: /home/robotserver/Desktop/git/ROS/create3_examples_ws/install/create3_examples_msgs/share/create3_examples_msgs/action/Coverage.idl
-- Installing: /home/robotserver/Desktop/git/ROS/create3_examples_ws/install/create3_examples_msgs/share/create3_examples_msgs/action/Coverage.action
-- Installing: /home/robotserver/Desktop/git/ROS/create3_examples_ws/install/create3_examples_msgs/share/ament_index/resource_index/package_run_dependencies/create3_examples_msgs
-- Installing: /home/robotserver/Desktop/git/ROS/create3_examples_ws/install/create3_examples_msgs/share/ament_index/resource_index/parent_prefix_path/create3_examples_msgs
-- Installing: /home/robotserver/Desktop/git/ROS/create3_examples_ws/install/create3_examples_msgs/share/create3_examples_msgs/environment/ament_prefix_path.sh
-- Installing: /home/robotserver/Desktop/git/ROS/create3_examples_ws/install/create3_examples_msgs/share/create3_examples_msgs/environment/ament_prefix_path.dsv
-- Installing: /home/robotserver/Desktop/git/ROS/create3_examples_ws/install/create3_examples_msgs/share/create3_examples_msgs/environment/path.sh
-- Installing: /home/robotserver/Desktop/git/ROS/create3_examples_ws/install/create3_examples_msgs/share/create3_examples_msgs/environment/path.dsv
-- Installing: /home/robotserver/Desktop/git/ROS/create3_examples_ws/install/create3_examples_msgs/share/create3_examples_msgs/local_setup.bash
-- Installing: /home/robotserver/Desktop/git/ROS/create3_examples_ws/install/create3_examples_msgs/share/create3_examples_msgs/local_setup.sh
-- Installing: /home/robotserver/Desktop/git/ROS/create3_examples_ws/install/create3_examples_msgs/share/create3_examples_msgs/local_setup.zsh
-- Installing: /home/robotserver/Desktop/git/ROS/create3_examples_ws/install/create3_examples_msgs/share/create3_examples_msgs/local_setup.dsv
-- Up-to-date: /home/robotserver/Desktop/git/ROS/create3_examples_ws/install/create3_examples_msgs/share/create3_examples_msgs/package.dsv
-- Installing: /home/robotserver/Desktop/git/ROS/create3_examples_ws/install/create3_examples_msgs/share/ament_index/resource_index/packages/create3_examples_msgs
-- Installing: /home/robotserver/Desktop/git/ROS/create3_examples_ws/install/create3_examples_msgs/share/create3_examples_msgs/cmake/export_create3_examples_msgs__rosidl_generator_cExport.cmake
-- Installing: /home/robotserver/Desktop/git/ROS/create3_examples_ws/install/create3_examples_msgs/share/create3_examples_msgs/cmake/export_create3_examples_msgs__rosidl_generator_cExport-noconfig.cmake
-- Installing: /home/robotserver/Desktop/git/ROS/create3_examples_ws/install/create3_examples_msgs/share/create3_examples_msgs/cmake/export_create3_examples_msgs__rosidl_typesupport_fastrtps_cExport.cmake
-- Installing: /home/robotserver/Desktop/git/ROS/create3_examples_ws/install/create3_examples_msgs/share/create3_examples_msgs/cmake/export_create3_examples_msgs__rosidl_typesupport_fastrtps_cExport-noconfig.cmake
-- Installing: /home/robotserver/Desktop/git/ROS/create3_examples_ws/install/create3_examples_msgs/share/create3_examples_msgs/cmake/create3_examples_msgs__rosidl_typesupport_introspection_cExport.cmake
-- Installing: /home/robotserver/Desktop/git/ROS/create3_examples_ws/install/create3_examples_msgs/share/create3_examples_msgs/cmake/create3_examples_msgs__rosidl_typesupport_introspection_cExport-noconfig.cmake
-- Installing: /home/robotserver/Desktop/git/ROS/create3_examples_ws/install/create3_examples_msgs/share/create3_examples_msgs/cmake/create3_examples_msgs__rosidl_typesupport_cExport.cmake
-- Installing: /home/robotserver/Desktop/git/ROS/create3_examples_ws/install/create3_examples_msgs/share/create3_examples_msgs/cmake/create3_examples_msgs__rosidl_typesupport_cExport-noconfig.cmake
-- Installing: /home/robotserver/Desktop/git/ROS/create3_examples_ws/install/create3_examples_msgs/share/create3_examples_msgs/cmake/export_create3_examples_msgs__rosidl_generator_cppExport.cmake
-- Installing: /home/robotserver/Desktop/git/ROS/create3_examples_ws/install/create3_examples_msgs/share/create3_examples_msgs/cmake/export_create3_examples_msgs__rosidl_typesupport_fastrtps_cppExport.cmake
-- Installing: /home/robotserver/Desktop/git/ROS/create3_examples_ws/install/create3_examples_msgs/share/create3_examples_msgs/cmake/export_create3_examples_msgs__rosidl_typesupport_fastrtps_cppExport-noconfig.cmake
-- Installing: /home/robotserver/Desktop/git/ROS/create3_examples_ws/install/create3_examples_msgs/share/create3_examples_msgs/cmake/create3_examples_msgs__rosidl_typesupport_introspection_cppExport.cmake
-- Installing: /home/robotserver/Desktop/git/ROS/create3_examples_ws/install/create3_examples_msgs/share/create3_examples_msgs/cmake/create3_examples_msgs__rosidl_typesupport_introspection_cppExport-noconfig.cmake
-- Installing: /home/robotserver/Desktop/git/ROS/create3_examples_ws/install/create3_examples_msgs/share/create3_examples_msgs/cmake/create3_examples_msgs__rosidl_typesupport_cppExport.cmake
-- Installing: /home/robotserver/Desktop/git/ROS/create3_examples_ws/install/create3_examples_msgs/share/create3_examples_msgs/cmake/create3_examples_msgs__rosidl_typesupport_cppExport-noconfig.cmake
-- Installing: /home/robotserver/Desktop/git/ROS/create3_examples_ws/install/create3_examples_msgs/share/create3_examples_msgs/cmake/export_create3_examples_msgs__rosidl_generator_pyExport.cmake
-- Installing: /home/robotserver/Desktop/git/ROS/create3_examples_ws/install/create3_examples_msgs/share/create3_examples_msgs/cmake/export_create3_examples_msgs__rosidl_generator_pyExport-noconfig.cmake
-- Installing: /home/robotserver/Desktop/git/ROS/create3_examples_ws/install/create3_examples_msgs/share/create3_examples_msgs/cmake/rosidl_cmake-extras.cmake
-- Installing: /home/robotserver/Desktop/git/ROS/create3_examples_ws/install/create3_examples_msgs/share/create3_examples_msgs/cmake/ament_cmake_export_dependencies-extras.cmake
-- Installing: /home/robotserver/Desktop/git/ROS/create3_examples_ws/install/create3_examples_msgs/share/create3_examples_msgs/cmake/ament_cmake_export_include_directories-extras.cmake
-- Installing: /home/robotserver/Desktop/git/ROS/create3_examples_ws/install/create3_examples_msgs/share/create3_examples_msgs/cmake/ament_cmake_export_libraries-extras.cmake
-- Installing: /home/robotserver/Desktop/git/ROS/create3_examples_ws/install/create3_examples_msgs/share/create3_examples_msgs/cmake/ament_cmake_export_targets-extras.cmake
-- Installing: /home/robotserver/Desktop/git/ROS/create3_examples_ws/install/create3_examples_msgs/share/create3_examples_msgs/cmake/rosidl_cmake_export_typesupport_targets-extras.cmake
-- Installing: /home/robotserver/Desktop/git/ROS/create3_examples_ws/install/create3_examples_msgs/share/create3_examples_msgs/cmake/rosidl_cmake_export_typesupport_libraries-extras.cmake
-- Installing: /home/robotserver/Desktop/git/ROS/create3_examples_ws/install/create3_examples_msgs/share/create3_examples_msgs/cmake/create3_examples_msgsConfig.cmake
-- Installing: /home/robotserver/Desktop/git/ROS/create3_examples_ws/install/create3_examples_msgs/share/create3_examples_msgs/cmake/create3_examples_msgsConfig-version.cmake
-- Installing: /home/robotserver/Desktop/git/ROS/create3_examples_ws/install/create3_examples_msgs/share/create3_examples_msgs/package.xml
