[0.023s] Invoking command in '/home/robotserver/Desktop/git/ROS/create3_examples_ws/build/create3_examples_msgs': CMAKE_PREFIX_PATH=/opt/ros/humble CONDA_PROMPT_MODIFIER=(ros2_env) /usr/bin/cmake --build /home/robotserver/Desktop/git/ROS/create3_examples_ws/build/create3_examples_msgs -- -j8 -l8
[0.303s] [  3%] [34m[1mGenerating C code for ROS interfaces[0m
[0.304s] [  6%] [34m[1mGenerating C++ code for ROS interfaces[0m
[0.305s] [  6%] Built target ament_cmake_python_copy_create3_examples_msgs
[0.305s] running egg_info
[0.306s] writing create3_examples_msgs.egg-info/PKG-INFO
[0.306s] writing dependency_links to create3_examples_msgs.egg-info/dependency_links.txt
[0.306s] writing top-level names to create3_examples_msgs.egg-info/top_level.txt
[0.306s] reading manifest file 'create3_examples_msgs.egg-info/SOURCES.txt'
[0.306s] writing manifest file 'create3_examples_msgs.egg-info/SOURCES.txt'
[0.321s] [  6%] Built target ament_cmake_python_build_create3_examples_msgs_egg
[0.555s] [  6%] Built target create3_examples_msgs__cpp
[0.566s] [  9%] [34m[1mGenerating C++ introspection for ROS interfaces[0m
[0.566s] [ 12%] [34m[1mGenerating C++ type support for eProsima Fast-RTPS[0m
[0.567s] [ 16%] [34m[1mGenerating C++ type support dispatch for ROS interfaces[0m
[0.603s] [ 19%] [32mBuilding C object CMakeFiles/create3_examples_msgs__rosidl_generator_c.dir/rosidl_generator_c/create3_examples_msgs/action/detail/coverage__functions.c.o[0m
[0.823s] [ 22%] [32m[1mLinking C shared library libcreate3_examples_msgs__rosidl_generator_c.so[0m
[0.878s] [ 22%] Built target create3_examples_msgs__rosidl_generator_c
[0.892s] [ 29%] [34m[1mGenerating C introspection for ROS interfaces[0m
[0.892s] [ 29%] [34m[1mGenerating C type support for eProsima Fast-RTPS[0m
[0.894s] [ 32%] [34m[1mGenerating C type support dispatch for ROS interfaces[0m
[1.035s] [ 35%] [32mBuilding CXX object CMakeFiles/create3_examples_msgs__rosidl_typesupport_cpp.dir/rosidl_typesupport_cpp/create3_examples_msgs/action/coverage__type_support.cpp.o[0m
[1.232s] [ 38%] [32mBuilding CXX object CMakeFiles/create3_examples_msgs__rosidl_typesupport_introspection_cpp.dir/rosidl_typesupport_introspection_cpp/create3_examples_msgs/action/detail/coverage__type_support.cpp.o[0m
[1.308s] [ 41%] [32mBuilding CXX object CMakeFiles/create3_examples_msgs__rosidl_typesupport_fastrtps_cpp.dir/rosidl_typesupport_fastrtps_cpp/create3_examples_msgs/action/detail/dds_fastrtps/coverage__type_support.cpp.o[0m
[1.486s] [ 45%] [32mBuilding CXX object CMakeFiles/create3_examples_msgs__rosidl_typesupport_c.dir/rosidl_typesupport_c/create3_examples_msgs/action/coverage__type_support.cpp.o[0m
[1.561s] [ 48%] [32m[1mLinking CXX shared library libcreate3_examples_msgs__rosidl_typesupport_c.so[0m
[1.624s] [ 48%] Built target create3_examples_msgs__rosidl_typesupport_c
[1.678s] [ 51%] [32mBuilding C object CMakeFiles/create3_examples_msgs__rosidl_typesupport_introspection_c.dir/rosidl_typesupport_introspection_c/create3_examples_msgs/action/detail/coverage__type_support.c.o[0m
[1.709s] [ 54%] [32mBuilding CXX object CMakeFiles/create3_examples_msgs__rosidl_typesupport_fastrtps_c.dir/rosidl_typesupport_fastrtps_c/create3_examples_msgs/action/detail/coverage__type_support_c.cpp.o[0m
[1.742s] [ 58%] [32m[1mLinking CXX shared library libcreate3_examples_msgs__rosidl_typesupport_cpp.so[0m
[1.754s] [ 61%] [32m[1mLinking C shared library libcreate3_examples_msgs__rosidl_typesupport_introspection_c.so[0m
[1.786s] [ 61%] Built target create3_examples_msgs__rosidl_typesupport_introspection_c
[1.786s] [ 61%] Built target create3_examples_msgs__rosidl_typesupport_cpp
[2.000s] [ 64%] [32m[1mLinking CXX shared library libcreate3_examples_msgs__rosidl_typesupport_introspection_cpp.so[0m
[2.078s] [ 67%] [32m[1mLinking CXX shared library libcreate3_examples_msgs__rosidl_typesupport_fastrtps_cpp.so[0m
[2.089s] [ 67%] Built target create3_examples_msgs__rosidl_typesupport_introspection_cpp
[2.115s] [ 70%] [32m[1mLinking CXX shared library libcreate3_examples_msgs__rosidl_typesupport_fastrtps_c.so[0m
[2.163s] [ 70%] Built target create3_examples_msgs__rosidl_typesupport_fastrtps_cpp
[2.200s] [ 70%] Built target create3_examples_msgs__rosidl_typesupport_fastrtps_c
[2.218s] [ 70%] Built target create3_examples_msgs
[2.239s] [ 74%] [34m[1mGenerating Python code for ROS interfaces[0m
[2.996s] [ 74%] Built target create3_examples_msgs__py
[3.014s] [ 77%] [32mBuilding C object CMakeFiles/create3_examples_msgs__rosidl_generator_py.dir/rosidl_generator_py/create3_examples_msgs/action/_coverage_s.c.o[0m
[3.149s] [ 80%] [32m[1mLinking C shared library rosidl_generator_py/create3_examples_msgs/libcreate3_examples_msgs__rosidl_generator_py.so[0m
[3.187s] [ 80%] Built target create3_examples_msgs__rosidl_generator_py
[3.207s] [ 90%] [32mBuilding C object CMakeFiles/create3_examples_msgs__rosidl_typesupport_introspection_c__pyext.dir/rosidl_generator_py/create3_examples_msgs/_create3_examples_msgs_s.ep.rosidl_typesupport_introspection_c.c.o[0m
[3.207s] [ 90%] [32mBuilding C object CMakeFiles/create3_examples_msgs__rosidl_typesupport_c__pyext.dir/rosidl_generator_py/create3_examples_msgs/_create3_examples_msgs_s.ep.rosidl_typesupport_c.c.o[0m
[3.207s] [ 90%] [32mBuilding C object CMakeFiles/create3_examples_msgs__rosidl_typesupport_fastrtps_c__pyext.dir/rosidl_generator_py/create3_examples_msgs/_create3_examples_msgs_s.ep.rosidl_typesupport_fastrtps_c.c.o[0m
[3.324s] [100%] [32m[1mLinking C shared library rosidl_generator_py/create3_examples_msgs/create3_examples_msgs_s__rosidl_typesupport_fastrtps_c.cpython-39-x86_64-linux-gnu.so[0m
[3.324s] [100%] [32m[1mLinking C shared library rosidl_generator_py/create3_examples_msgs/create3_examples_msgs_s__rosidl_typesupport_introspection_c.cpython-39-x86_64-linux-gnu.so[0m
[3.324s] [100%] [32m[1mLinking C shared library rosidl_generator_py/create3_examples_msgs/create3_examples_msgs_s__rosidl_typesupport_c.cpython-39-x86_64-linux-gnu.so[0m
[3.363s] [100%] Built target create3_examples_msgs__rosidl_typesupport_c__pyext
[3.364s] [100%] Built target create3_examples_msgs__rosidl_typesupport_introspection_c__pyext
[3.364s] [100%] Built target create3_examples_msgs__rosidl_typesupport_fastrtps_c__pyext
[3.374s] Invoked command in '/home/robotserver/Desktop/git/ROS/create3_examples_ws/build/create3_examples_msgs' returned '0': CMAKE_PREFIX_PATH=/opt/ros/humble CONDA_PROMPT_MODIFIER=(ros2_env) /usr/bin/cmake --build /home/robotserver/Desktop/git/ROS/create3_examples_ws/build/create3_examples_msgs -- -j8 -l8
[3.425s] Invoking command in '/home/robotserver/Desktop/git/ROS/create3_examples_ws/build/create3_examples_msgs': CMAKE_PREFIX_PATH=/opt/ros/humble CONDA_PROMPT_MODIFIER=(ros2_env) /usr/bin/cmake --install /home/robotserver/Desktop/git/ROS/create3_examples_ws/build/create3_examples_msgs
[3.432s] -- Install configuration: ""
[3.432s] -- Installing: /home/robotserver/Desktop/git/ROS/create3_examples_ws/install/create3_examples_msgs/share/ament_index/resource_index/rosidl_interfaces/create3_examples_msgs
[3.433s] -- Installing: /home/robotserver/Desktop/git/ROS/create3_examples_ws/install/create3_examples_msgs/include/create3_examples_msgs/create3_examples_msgs
[3.433s] -- Installing: /home/robotserver/Desktop/git/ROS/create3_examples_ws/install/create3_examples_msgs/include/create3_examples_msgs/create3_examples_msgs/action
[3.433s] -- Installing: /home/robotserver/Desktop/git/ROS/create3_examples_ws/install/create3_examples_msgs/include/create3_examples_msgs/create3_examples_msgs/action/detail
[3.433s] -- Installing: /home/robotserver/Desktop/git/ROS/create3_examples_ws/install/create3_examples_msgs/include/create3_examples_msgs/create3_examples_msgs/action/detail/coverage__functions.h
[3.433s] -- Installing: /home/robotserver/Desktop/git/ROS/create3_examples_ws/install/create3_examples_msgs/include/create3_examples_msgs/create3_examples_msgs/action/detail/coverage__type_support.h
[3.433s] -- Installing: /home/robotserver/Desktop/git/ROS/create3_examples_ws/install/create3_examples_msgs/include/create3_examples_msgs/create3_examples_msgs/action/detail/coverage__struct.h
[3.433s] -- Installing: /home/robotserver/Desktop/git/ROS/create3_examples_ws/install/create3_examples_msgs/include/create3_examples_msgs/create3_examples_msgs/action/detail/coverage__functions.c
[3.433s] -- Installing: /home/robotserver/Desktop/git/ROS/create3_examples_ws/install/create3_examples_msgs/include/create3_examples_msgs/create3_examples_msgs/action/coverage.h
[3.433s] -- Installing: /home/robotserver/Desktop/git/ROS/create3_examples_ws/install/create3_examples_msgs/include/create3_examples_msgs/create3_examples_msgs/msg
[3.434s] -- Installing: /home/robotserver/Desktop/git/ROS/create3_examples_ws/install/create3_examples_msgs/include/create3_examples_msgs/create3_examples_msgs/msg/rosidl_generator_c__visibility_control.h
[3.434s] -- Installing: /home/robotserver/Desktop/git/ROS/create3_examples_ws/install/create3_examples_msgs/share/create3_examples_msgs/environment/library_path.sh
[3.434s] -- Installing: /home/robotserver/Desktop/git/ROS/create3_examples_ws/install/create3_examples_msgs/share/create3_examples_msgs/environment/library_path.dsv
[3.434s] -- Installing: /home/robotserver/Desktop/git/ROS/create3_examples_ws/install/create3_examples_msgs/lib/libcreate3_examples_msgs__rosidl_generator_c.so
[3.434s] -- Set runtime path of "/home/robotserver/Desktop/git/ROS/create3_examples_ws/install/create3_examples_msgs/lib/libcreate3_examples_msgs__rosidl_generator_c.so" to ""
[3.435s] -- Up-to-date: /home/robotserver/Desktop/git/ROS/create3_examples_ws/install/create3_examples_msgs/include/create3_examples_msgs/create3_examples_msgs
[3.435s] -- Up-to-date: /home/robotserver/Desktop/git/ROS/create3_examples_ws/install/create3_examples_msgs/include/create3_examples_msgs/create3_examples_msgs/action
[3.435s] -- Up-to-date: /home/robotserver/Desktop/git/ROS/create3_examples_ws/install/create3_examples_msgs/include/create3_examples_msgs/create3_examples_msgs/action/detail
[3.435s] -- Installing: /home/robotserver/Desktop/git/ROS/create3_examples_ws/install/create3_examples_msgs/include/create3_examples_msgs/create3_examples_msgs/action/detail/coverage__rosidl_typesupport_fastrtps_c.h
[3.435s] -- Up-to-date: /home/robotserver/Desktop/git/ROS/create3_examples_ws/install/create3_examples_msgs/include/create3_examples_msgs/create3_examples_msgs/msg
[3.435s] -- Installing: /home/robotserver/Desktop/git/ROS/create3_examples_ws/install/create3_examples_msgs/include/create3_examples_msgs/create3_examples_msgs/msg/rosidl_typesupport_fastrtps_c__visibility_control.h
[3.435s] -- Installing: /home/robotserver/Desktop/git/ROS/create3_examples_ws/install/create3_examples_msgs/lib/libcreate3_examples_msgs__rosidl_typesupport_fastrtps_c.so
[3.435s] -- Set runtime path of "/home/robotserver/Desktop/git/ROS/create3_examples_ws/install/create3_examples_msgs/lib/libcreate3_examples_msgs__rosidl_typesupport_fastrtps_c.so" to ""
[3.435s] -- Up-to-date: /home/robotserver/Desktop/git/ROS/create3_examples_ws/install/create3_examples_msgs/include/create3_examples_msgs/create3_examples_msgs
[3.436s] -- Up-to-date: /home/robotserver/Desktop/git/ROS/create3_examples_ws/install/create3_examples_msgs/include/create3_examples_msgs/create3_examples_msgs/action
[3.436s] -- Up-to-date: /home/robotserver/Desktop/git/ROS/create3_examples_ws/install/create3_examples_msgs/include/create3_examples_msgs/create3_examples_msgs/action/detail
[3.436s] -- Installing: /home/robotserver/Desktop/git/ROS/create3_examples_ws/install/create3_examples_msgs/include/create3_examples_msgs/create3_examples_msgs/action/detail/coverage__type_support.c
[3.436s] -- Installing: /home/robotserver/Desktop/git/ROS/create3_examples_ws/install/create3_examples_msgs/include/create3_examples_msgs/create3_examples_msgs/action/detail/coverage__rosidl_typesupport_introspection_c.h
[3.436s] -- Up-to-date: /home/robotserver/Desktop/git/ROS/create3_examples_ws/install/create3_examples_msgs/include/create3_examples_msgs/create3_examples_msgs/msg
[3.436s] -- Installing: /home/robotserver/Desktop/git/ROS/create3_examples_ws/install/create3_examples_msgs/include/create3_examples_msgs/create3_examples_msgs/msg/rosidl_typesupport_introspection_c__visibility_control.h
[3.436s] -- Installing: /home/robotserver/Desktop/git/ROS/create3_examples_ws/install/create3_examples_msgs/lib/libcreate3_examples_msgs__rosidl_typesupport_introspection_c.so
[3.436s] -- Set runtime path of "/home/robotserver/Desktop/git/ROS/create3_examples_ws/install/create3_examples_msgs/lib/libcreate3_examples_msgs__rosidl_typesupport_introspection_c.so" to ""
[3.436s] -- Installing: /home/robotserver/Desktop/git/ROS/create3_examples_ws/install/create3_examples_msgs/lib/libcreate3_examples_msgs__rosidl_typesupport_c.so
[3.437s] -- Set runtime path of "/home/robotserver/Desktop/git/ROS/create3_examples_ws/install/create3_examples_msgs/lib/libcreate3_examples_msgs__rosidl_typesupport_c.so" to ""
[3.437s] -- Up-to-date: /home/robotserver/Desktop/git/ROS/create3_examples_ws/install/create3_examples_msgs/include/create3_examples_msgs/create3_examples_msgs
[3.437s] -- Up-to-date: /home/robotserver/Desktop/git/ROS/create3_examples_ws/install/create3_examples_msgs/include/create3_examples_msgs/create3_examples_msgs/action
[3.437s] -- Installing: /home/robotserver/Desktop/git/ROS/create3_examples_ws/install/create3_examples_msgs/include/create3_examples_msgs/create3_examples_msgs/action/coverage.hpp
[3.437s] -- Up-to-date: /home/robotserver/Desktop/git/ROS/create3_examples_ws/install/create3_examples_msgs/include/create3_examples_msgs/create3_examples_msgs/action/detail
[3.437s] -- Installing: /home/robotserver/Desktop/git/ROS/create3_examples_ws/install/create3_examples_msgs/include/create3_examples_msgs/create3_examples_msgs/action/detail/coverage__struct.hpp
[3.438s] -- Installing: /home/robotserver/Desktop/git/ROS/create3_examples_ws/install/create3_examples_msgs/include/create3_examples_msgs/create3_examples_msgs/action/detail/coverage__builder.hpp
[3.438s] -- Installing: /home/robotserver/Desktop/git/ROS/create3_examples_ws/install/create3_examples_msgs/include/create3_examples_msgs/create3_examples_msgs/action/detail/coverage__traits.hpp
[3.438s] -- Up-to-date: /home/robotserver/Desktop/git/ROS/create3_examples_ws/install/create3_examples_msgs/include/create3_examples_msgs/create3_examples_msgs
[3.438s] -- Up-to-date: /home/robotserver/Desktop/git/ROS/create3_examples_ws/install/create3_examples_msgs/include/create3_examples_msgs/create3_examples_msgs/action
[3.438s] -- Up-to-date: /home/robotserver/Desktop/git/ROS/create3_examples_ws/install/create3_examples_msgs/include/create3_examples_msgs/create3_examples_msgs/action/detail
[3.438s] -- Installing: /home/robotserver/Desktop/git/ROS/create3_examples_ws/install/create3_examples_msgs/include/create3_examples_msgs/create3_examples_msgs/action/detail/dds_fastrtps
[3.438s] -- Installing: /home/robotserver/Desktop/git/ROS/create3_examples_ws/install/create3_examples_msgs/include/create3_examples_msgs/create3_examples_msgs/action/detail/coverage__rosidl_typesupport_fastrtps_cpp.hpp
[3.438s] -- Up-to-date: /home/robotserver/Desktop/git/ROS/create3_examples_ws/install/create3_examples_msgs/include/create3_examples_msgs/create3_examples_msgs/msg
[3.438s] -- Installing: /home/robotserver/Desktop/git/ROS/create3_examples_ws/install/create3_examples_msgs/include/create3_examples_msgs/create3_examples_msgs/msg/rosidl_typesupport_fastrtps_cpp__visibility_control.h
[3.438s] -- Installing: /home/robotserver/Desktop/git/ROS/create3_examples_ws/install/create3_examples_msgs/lib/libcreate3_examples_msgs__rosidl_typesupport_fastrtps_cpp.so
[3.439s] -- Set runtime path of "/home/robotserver/Desktop/git/ROS/create3_examples_ws/install/create3_examples_msgs/lib/libcreate3_examples_msgs__rosidl_typesupport_fastrtps_cpp.so" to ""
[3.439s] -- Up-to-date: /home/robotserver/Desktop/git/ROS/create3_examples_ws/install/create3_examples_msgs/include/create3_examples_msgs/create3_examples_msgs
[3.439s] -- Up-to-date: /home/robotserver/Desktop/git/ROS/create3_examples_ws/install/create3_examples_msgs/include/create3_examples_msgs/create3_examples_msgs/action
[3.439s] -- Up-to-date: /home/robotserver/Desktop/git/ROS/create3_examples_ws/install/create3_examples_msgs/include/create3_examples_msgs/create3_examples_msgs/action/detail
[3.439s] -- Installing: /home/robotserver/Desktop/git/ROS/create3_examples_ws/install/create3_examples_msgs/include/create3_examples_msgs/create3_examples_msgs/action/detail/coverage__type_support.cpp
[3.439s] -- Installing: /home/robotserver/Desktop/git/ROS/create3_examples_ws/install/create3_examples_msgs/include/create3_examples_msgs/create3_examples_msgs/action/detail/coverage__rosidl_typesupport_introspection_cpp.hpp
[3.439s] -- Installing: /home/robotserver/Desktop/git/ROS/create3_examples_ws/install/create3_examples_msgs/lib/libcreate3_examples_msgs__rosidl_typesupport_introspection_cpp.so
[3.440s] -- Set runtime path of "/home/robotserver/Desktop/git/ROS/create3_examples_ws/install/create3_examples_msgs/lib/libcreate3_examples_msgs__rosidl_typesupport_introspection_cpp.so" to ""
[3.440s] -- Installing: /home/robotserver/Desktop/git/ROS/create3_examples_ws/install/create3_examples_msgs/lib/libcreate3_examples_msgs__rosidl_typesupport_cpp.so
[3.440s] -- Set runtime path of "/home/robotserver/Desktop/git/ROS/create3_examples_ws/install/create3_examples_msgs/lib/libcreate3_examples_msgs__rosidl_typesupport_cpp.so" to ""
[3.440s] -- Installing: /home/robotserver/Desktop/git/ROS/create3_examples_ws/install/create3_examples_msgs/share/create3_examples_msgs/environment/pythonpath.sh
[3.440s] -- Installing: /home/robotserver/Desktop/git/ROS/create3_examples_ws/install/create3_examples_msgs/share/create3_examples_msgs/environment/pythonpath.dsv
[3.440s] -- Installing: /home/robotserver/Desktop/git/ROS/create3_examples_ws/install/create3_examples_msgs/lib/python3.9/site-packages/create3_examples_msgs-0.0.5-py3.9.egg-info
[3.441s] -- Installing: /home/robotserver/Desktop/git/ROS/create3_examples_ws/install/create3_examples_msgs/lib/python3.9/site-packages/create3_examples_msgs-0.0.5-py3.9.egg-info/top_level.txt
[3.441s] -- Installing: /home/robotserver/Desktop/git/ROS/create3_examples_ws/install/create3_examples_msgs/lib/python3.9/site-packages/create3_examples_msgs-0.0.5-py3.9.egg-info/PKG-INFO
[3.441s] -- Installing: /home/robotserver/Desktop/git/ROS/create3_examples_ws/install/create3_examples_msgs/lib/python3.9/site-packages/create3_examples_msgs-0.0.5-py3.9.egg-info/dependency_links.txt
[3.441s] -- Installing: /home/robotserver/Desktop/git/ROS/create3_examples_ws/install/create3_examples_msgs/lib/python3.9/site-packages/create3_examples_msgs-0.0.5-py3.9.egg-info/SOURCES.txt
[3.441s] -- Installing: /home/robotserver/Desktop/git/ROS/create3_examples_ws/install/create3_examples_msgs/lib/python3.9/site-packages/create3_examples_msgs
[3.441s] -- Installing: /home/robotserver/Desktop/git/ROS/create3_examples_ws/install/create3_examples_msgs/lib/python3.9/site-packages/create3_examples_msgs/create3_examples_msgs_s__rosidl_typesupport_introspection_c.cpython-39-x86_64-linux-gnu.so
[3.441s] -- Installing: /home/robotserver/Desktop/git/ROS/create3_examples_ws/install/create3_examples_msgs/lib/python3.9/site-packages/create3_examples_msgs/libcreate3_examples_msgs__rosidl_generator_py.so
[3.441s] -- Installing: /home/robotserver/Desktop/git/ROS/create3_examples_ws/install/create3_examples_msgs/lib/python3.9/site-packages/create3_examples_msgs/action
[3.442s] -- Installing: /home/robotserver/Desktop/git/ROS/create3_examples_ws/install/create3_examples_msgs/lib/python3.9/site-packages/create3_examples_msgs/action/__init__.py
[3.442s] -- Installing: /home/robotserver/Desktop/git/ROS/create3_examples_ws/install/create3_examples_msgs/lib/python3.9/site-packages/create3_examples_msgs/action/_coverage_s.c
[3.442s] -- Installing: /home/robotserver/Desktop/git/ROS/create3_examples_ws/install/create3_examples_msgs/lib/python3.9/site-packages/create3_examples_msgs/action/_coverage.py
[3.442s] -- Installing: /home/robotserver/Desktop/git/ROS/create3_examples_ws/install/create3_examples_msgs/lib/python3.9/site-packages/create3_examples_msgs/create3_examples_msgs_s__rosidl_typesupport_fastrtps_c.cpython-39-x86_64-linux-gnu.so
[3.442s] -- Installing: /home/robotserver/Desktop/git/ROS/create3_examples_ws/install/create3_examples_msgs/lib/python3.9/site-packages/create3_examples_msgs/__init__.py
[3.442s] -- Installing: /home/robotserver/Desktop/git/ROS/create3_examples_ws/install/create3_examples_msgs/lib/python3.9/site-packages/create3_examples_msgs/create3_examples_msgs_s__rosidl_typesupport_c.cpython-39-x86_64-linux-gnu.so
[3.442s] -- Installing: /home/robotserver/Desktop/git/ROS/create3_examples_ws/install/create3_examples_msgs/lib/python3.9/site-packages/create3_examples_msgs/_create3_examples_msgs_s.ep.rosidl_typesupport_c.c
[3.442s] -- Installing: /home/robotserver/Desktop/git/ROS/create3_examples_ws/install/create3_examples_msgs/lib/python3.9/site-packages/create3_examples_msgs/_create3_examples_msgs_s.ep.rosidl_typesupport_introspection_c.c
[3.442s] -- Installing: /home/robotserver/Desktop/git/ROS/create3_examples_ws/install/create3_examples_msgs/lib/python3.9/site-packages/create3_examples_msgs/_create3_examples_msgs_s.ep.rosidl_typesupport_fastrtps_c.c
[3.480s] Listing '/home/robotserver/Desktop/git/ROS/create3_examples_ws/install/create3_examples_msgs/lib/python3.9/site-packages/create3_examples_msgs'...
[3.481s] Compiling '/home/robotserver/Desktop/git/ROS/create3_examples_ws/install/create3_examples_msgs/lib/python3.9/site-packages/create3_examples_msgs/__init__.py'...
[3.481s] Listing '/home/robotserver/Desktop/git/ROS/create3_examples_ws/install/create3_examples_msgs/lib/python3.9/site-packages/create3_examples_msgs/action'...
[3.481s] Compiling '/home/robotserver/Desktop/git/ROS/create3_examples_ws/install/create3_examples_msgs/lib/python3.9/site-packages/create3_examples_msgs/action/__init__.py'...
[3.481s] Compiling '/home/robotserver/Desktop/git/ROS/create3_examples_ws/install/create3_examples_msgs/lib/python3.9/site-packages/create3_examples_msgs/action/_coverage.py'...
[3.486s] -- Installing: /home/robotserver/Desktop/git/ROS/create3_examples_ws/install/create3_examples_msgs/lib/python3.9/site-packages/create3_examples_msgs/create3_examples_msgs_s__rosidl_typesupport_fastrtps_c.cpython-39-x86_64-linux-gnu.so
[3.486s] -- Set runtime path of "/home/robotserver/Desktop/git/ROS/create3_examples_ws/install/create3_examples_msgs/lib/python3.9/site-packages/create3_examples_msgs/create3_examples_msgs_s__rosidl_typesupport_fastrtps_c.cpython-39-x86_64-linux-gnu.so" to ""
[3.486s] -- Installing: /home/robotserver/Desktop/git/ROS/create3_examples_ws/install/create3_examples_msgs/lib/python3.9/site-packages/create3_examples_msgs/create3_examples_msgs_s__rosidl_typesupport_introspection_c.cpython-39-x86_64-linux-gnu.so
[3.486s] -- Set runtime path of "/home/robotserver/Desktop/git/ROS/create3_examples_ws/install/create3_examples_msgs/lib/python3.9/site-packages/create3_examples_msgs/create3_examples_msgs_s__rosidl_typesupport_introspection_c.cpython-39-x86_64-linux-gnu.so" to ""
[3.487s] -- Installing: /home/robotserver/Desktop/git/ROS/create3_examples_ws/install/create3_examples_msgs/lib/python3.9/site-packages/create3_examples_msgs/create3_examples_msgs_s__rosidl_typesupport_c.cpython-39-x86_64-linux-gnu.so
[3.487s] -- Set runtime path of "/home/robotserver/Desktop/git/ROS/create3_examples_ws/install/create3_examples_msgs/lib/python3.9/site-packages/create3_examples_msgs/create3_examples_msgs_s__rosidl_typesupport_c.cpython-39-x86_64-linux-gnu.so" to ""
[3.487s] -- Installing: /home/robotserver/Desktop/git/ROS/create3_examples_ws/install/create3_examples_msgs/lib/libcreate3_examples_msgs__rosidl_generator_py.so
[3.487s] -- Set runtime path of "/home/robotserver/Desktop/git/ROS/create3_examples_ws/install/create3_examples_msgs/lib/libcreate3_examples_msgs__rosidl_generator_py.so" to ""
[3.488s] -- Installing: /home/robotserver/Desktop/git/ROS/create3_examples_ws/install/create3_examples_msgs/share/create3_examples_msgs/action/Coverage.idl
[3.488s] -- Installing: /home/robotserver/Desktop/git/ROS/create3_examples_ws/install/create3_examples_msgs/share/create3_examples_msgs/action/Coverage.action
[3.488s] -- Installing: /home/robotserver/Desktop/git/ROS/create3_examples_ws/install/create3_examples_msgs/share/ament_index/resource_index/package_run_dependencies/create3_examples_msgs
[3.488s] -- Installing: /home/robotserver/Desktop/git/ROS/create3_examples_ws/install/create3_examples_msgs/share/ament_index/resource_index/parent_prefix_path/create3_examples_msgs
[3.488s] -- Installing: /home/robotserver/Desktop/git/ROS/create3_examples_ws/install/create3_examples_msgs/share/create3_examples_msgs/environment/ament_prefix_path.sh
[3.488s] -- Installing: /home/robotserver/Desktop/git/ROS/create3_examples_ws/install/create3_examples_msgs/share/create3_examples_msgs/environment/ament_prefix_path.dsv
[3.489s] -- Installing: /home/robotserver/Desktop/git/ROS/create3_examples_ws/install/create3_examples_msgs/share/create3_examples_msgs/environment/path.sh
[3.489s] -- Installing: /home/robotserver/Desktop/git/ROS/create3_examples_ws/install/create3_examples_msgs/share/create3_examples_msgs/environment/path.dsv
[3.489s] -- Installing: /home/robotserver/Desktop/git/ROS/create3_examples_ws/install/create3_examples_msgs/share/create3_examples_msgs/local_setup.bash
[3.489s] -- Installing: /home/robotserver/Desktop/git/ROS/create3_examples_ws/install/create3_examples_msgs/share/create3_examples_msgs/local_setup.sh
[3.489s] -- Installing: /home/robotserver/Desktop/git/ROS/create3_examples_ws/install/create3_examples_msgs/share/create3_examples_msgs/local_setup.zsh
[3.489s] -- Installing: /home/robotserver/Desktop/git/ROS/create3_examples_ws/install/create3_examples_msgs/share/create3_examples_msgs/local_setup.dsv
[3.489s] -- Up-to-date: /home/robotserver/Desktop/git/ROS/create3_examples_ws/install/create3_examples_msgs/share/create3_examples_msgs/package.dsv
[3.489s] -- Installing: /home/robotserver/Desktop/git/ROS/create3_examples_ws/install/create3_examples_msgs/share/ament_index/resource_index/packages/create3_examples_msgs
[3.490s] -- Installing: /home/robotserver/Desktop/git/ROS/create3_examples_ws/install/create3_examples_msgs/share/create3_examples_msgs/cmake/export_create3_examples_msgs__rosidl_generator_cExport.cmake
[3.490s] -- Installing: /home/robotserver/Desktop/git/ROS/create3_examples_ws/install/create3_examples_msgs/share/create3_examples_msgs/cmake/export_create3_examples_msgs__rosidl_generator_cExport-noconfig.cmake
[3.490s] -- Installing: /home/robotserver/Desktop/git/ROS/create3_examples_ws/install/create3_examples_msgs/share/create3_examples_msgs/cmake/export_create3_examples_msgs__rosidl_typesupport_fastrtps_cExport.cmake
[3.490s] -- Installing: /home/robotserver/Desktop/git/ROS/create3_examples_ws/install/create3_examples_msgs/share/create3_examples_msgs/cmake/export_create3_examples_msgs__rosidl_typesupport_fastrtps_cExport-noconfig.cmake
[3.490s] -- Installing: /home/robotserver/Desktop/git/ROS/create3_examples_ws/install/create3_examples_msgs/share/create3_examples_msgs/cmake/create3_examples_msgs__rosidl_typesupport_introspection_cExport.cmake
[3.490s] -- Installing: /home/robotserver/Desktop/git/ROS/create3_examples_ws/install/create3_examples_msgs/share/create3_examples_msgs/cmake/create3_examples_msgs__rosidl_typesupport_introspection_cExport-noconfig.cmake
[3.490s] -- Installing: /home/robotserver/Desktop/git/ROS/create3_examples_ws/install/create3_examples_msgs/share/create3_examples_msgs/cmake/create3_examples_msgs__rosidl_typesupport_cExport.cmake
[3.491s] -- Installing: /home/robotserver/Desktop/git/ROS/create3_examples_ws/install/create3_examples_msgs/share/create3_examples_msgs/cmake/create3_examples_msgs__rosidl_typesupport_cExport-noconfig.cmake
[3.491s] -- Installing: /home/robotserver/Desktop/git/ROS/create3_examples_ws/install/create3_examples_msgs/share/create3_examples_msgs/cmake/export_create3_examples_msgs__rosidl_generator_cppExport.cmake
[3.491s] -- Installing: /home/robotserver/Desktop/git/ROS/create3_examples_ws/install/create3_examples_msgs/share/create3_examples_msgs/cmake/export_create3_examples_msgs__rosidl_typesupport_fastrtps_cppExport.cmake
[3.491s] -- Installing: /home/robotserver/Desktop/git/ROS/create3_examples_ws/install/create3_examples_msgs/share/create3_examples_msgs/cmake/export_create3_examples_msgs__rosidl_typesupport_fastrtps_cppExport-noconfig.cmake
[3.491s] -- Installing: /home/robotserver/Desktop/git/ROS/create3_examples_ws/install/create3_examples_msgs/share/create3_examples_msgs/cmake/create3_examples_msgs__rosidl_typesupport_introspection_cppExport.cmake
[3.491s] -- Installing: /home/robotserver/Desktop/git/ROS/create3_examples_ws/install/create3_examples_msgs/share/create3_examples_msgs/cmake/create3_examples_msgs__rosidl_typesupport_introspection_cppExport-noconfig.cmake
[3.491s] -- Installing: /home/robotserver/Desktop/git/ROS/create3_examples_ws/install/create3_examples_msgs/share/create3_examples_msgs/cmake/create3_examples_msgs__rosidl_typesupport_cppExport.cmake
[3.492s] -- Installing: /home/robotserver/Desktop/git/ROS/create3_examples_ws/install/create3_examples_msgs/share/create3_examples_msgs/cmake/create3_examples_msgs__rosidl_typesupport_cppExport-noconfig.cmake
[3.492s] -- Installing: /home/robotserver/Desktop/git/ROS/create3_examples_ws/install/create3_examples_msgs/share/create3_examples_msgs/cmake/export_create3_examples_msgs__rosidl_generator_pyExport.cmake
[3.492s] -- Installing: /home/robotserver/Desktop/git/ROS/create3_examples_ws/install/create3_examples_msgs/share/create3_examples_msgs/cmake/export_create3_examples_msgs__rosidl_generator_pyExport-noconfig.cmake
[3.492s] -- Installing: /home/robotserver/Desktop/git/ROS/create3_examples_ws/install/create3_examples_msgs/share/create3_examples_msgs/cmake/rosidl_cmake-extras.cmake
[3.492s] -- Installing: /home/robotserver/Desktop/git/ROS/create3_examples_ws/install/create3_examples_msgs/share/create3_examples_msgs/cmake/ament_cmake_export_dependencies-extras.cmake
[3.492s] -- Installing: /home/robotserver/Desktop/git/ROS/create3_examples_ws/install/create3_examples_msgs/share/create3_examples_msgs/cmake/ament_cmake_export_include_directories-extras.cmake
[3.492s] -- Installing: /home/robotserver/Desktop/git/ROS/create3_examples_ws/install/create3_examples_msgs/share/create3_examples_msgs/cmake/ament_cmake_export_libraries-extras.cmake
[3.493s] -- Installing: /home/robotserver/Desktop/git/ROS/create3_examples_ws/install/create3_examples_msgs/share/create3_examples_msgs/cmake/ament_cmake_export_targets-extras.cmake
[3.493s] -- Installing: /home/robotserver/Desktop/git/ROS/create3_examples_ws/install/create3_examples_msgs/share/create3_examples_msgs/cmake/rosidl_cmake_export_typesupport_targets-extras.cmake
[3.493s] -- Installing: /home/robotserver/Desktop/git/ROS/create3_examples_ws/install/create3_examples_msgs/share/create3_examples_msgs/cmake/rosidl_cmake_export_typesupport_libraries-extras.cmake
[3.493s] -- Installing: /home/robotserver/Desktop/git/ROS/create3_examples_ws/install/create3_examples_msgs/share/create3_examples_msgs/cmake/create3_examples_msgsConfig.cmake
[3.493s] -- Installing: /home/robotserver/Desktop/git/ROS/create3_examples_ws/install/create3_examples_msgs/share/create3_examples_msgs/cmake/create3_examples_msgsConfig-version.cmake
[3.493s] -- Installing: /home/robotserver/Desktop/git/ROS/create3_examples_ws/install/create3_examples_msgs/share/create3_examples_msgs/package.xml
[3.496s] Invoked command in '/home/robotserver/Desktop/git/ROS/create3_examples_ws/build/create3_examples_msgs' returned '0': CMAKE_PREFIX_PATH=/opt/ros/humble CONDA_PROMPT_MODIFIER=(ros2_env) /usr/bin/cmake --install /home/robotserver/Desktop/git/ROS/create3_examples_ws/build/create3_examples_msgs
