[0.013s] Invoking command in '/home/robotserver/ROS2_Nav2_Course/turtlebot3_ws/build/turtlebot3_gazebo': CMAKE_PREFIX_PATH=${CMAKE_PREFIX_PATH}:/home/robotserver/ros2_ws/install/py_srvcli:/home/robotserver/ros2_ws/install/py_pubsub:/home/robotserver/ros2_ws/install/my_py_pkg:/home/robotserver/Desktop/git/create3_main/install/create3_teleop:/home/robotserver/Desktop/git/create3_main/install/create3_msg_transfer:/home/robotserver/Desktop/git/create3_main/install/create3_control:/opt/ros/humble /usr/bin/cmake /home/robotserver/ROS2_Nav2_Course/turtlebot3_ws/src/turtlebot3_gazebo -DCMAKE_INSTALL_PREFIX=/home/robotserver/ROS2_Nav2_Course/turtlebot3_ws/install/turtlebot3_gazebo
[0.032s] -- Found ament_cmake: 1.3.9 (/opt/ros/humble/share/ament_cmake/cmake)
[0.214s] -- Found Python3: /usr/bin/python3 (found version "3.10.12") found components: Interpreter 
[0.375s] [33mCMake Warning (dev) at /usr/share/cmake-3.22/Modules/FindPackageHandleStandardArgs.cmake:438 (message):
[0.375s]   The package name passed to `find_package_handle_standard_args` (PkgConfig)
[0.375s]   does not match the name of the calling package (gazebo).  This can lead to
[0.375s]   problems in calling code that expects `find_package` result variables
[0.375s]   (e.g., `_FOUND`) to follow a certain pattern.
[0.376s] Call Stack (most recent call first):
[0.376s]   /usr/share/cmake-3.22/Modules/FindPkgConfig.cmake:99 (find_package_handle_standard_args)
[0.376s]   /usr/lib/x86_64-linux-gnu/cmake/gazebo/gazebo-config.cmake:72 (include)
[0.376s]   CMakeLists.txt:23 (find_package)
[0.376s] This warning is for project developers.  Use -Wno-dev to suppress it.
[0.376s] [0m
[0.376s] -- Found PkgConfig: /usr/bin/pkg-config (found version "0.29.2") 
[0.378s] -- Checking for module 'bullet>=2.82'
[0.390s] --   Found bullet, version 3.05
[0.500s] -- Found fcl: /usr/include (found suitable version "0.7.0", minimum required is "0.5.0") 
[0.548s] -- Found assimp: /usr/include (found version "5.2.0") 
[0.593s] -- Found DART: /usr/include (Required is at least version "6.6") found components: dart 
[0.798s] -- Found Boost: /usr/lib/x86_64-linux-gnu/cmake/Boost-1.74.0/BoostConfig.cmake (found suitable version "1.74.0", minimum required is "1.40.0") found components: thread system filesystem program_options regex iostreams date_time 
[0.826s] -- Found Protobuf: /usr/lib/x86_64-linux-gnu/libprotobuf.so (found version "3.12.4") 
[0.838s] -- Looking for ignition-math6 -- found version 6.15.1
[0.852s] -- Searching for dependencies of ignition-math6
[0.857s] -- Looking for OGRE...
[0.858s] -- OGRE_PREFIX_WATCH changed.
[0.864s] -- Checking for module 'OGRE'
[0.878s] --   Found OGRE, version 1.9.0
[0.910s] -- Found Ogre Ghadamon (1.9.0)
[0.931s] -- Found OGRE: optimized;/usr/lib/x86_64-linux-gnu/libOgreMain.so;debug;/usr/lib/x86_64-linux-gnu/libOgreMain.so
[0.945s] -- Looking for OGRE_Paging...
[0.959s] -- Found OGRE_Paging: optimized;/usr/lib/x86_64-linux-gnu/libOgrePaging.so;debug;/usr/lib/x86_64-linux-gnu/libOgrePaging.so
[0.959s] -- Looking for OGRE_Terrain...
[0.966s] -- Found OGRE_Terrain: optimized;/usr/lib/x86_64-linux-gnu/libOgreTerrain.so;debug;/usr/lib/x86_64-linux-gnu/libOgreTerrain.so
[0.966s] -- Looking for OGRE_Property...
[0.975s] -- Found OGRE_Property: optimized;/usr/lib/x86_64-linux-gnu/libOgreProperty.so;debug;/usr/lib/x86_64-linux-gnu/libOgreProperty.so
[0.975s] -- Looking for OGRE_RTShaderSystem...
[0.981s] -- Found OGRE_RTShaderSystem: optimized;/usr/lib/x86_64-linux-gnu/libOgreRTShaderSystem.so;debug;/usr/lib/x86_64-linux-gnu/libOgreRTShaderSystem.so
[0.981s] -- Looking for OGRE_Volume...
[0.987s] -- Found OGRE_Volume: optimized;/usr/lib/x86_64-linux-gnu/libOgreVolume.so;debug;/usr/lib/x86_64-linux-gnu/libOgreVolume.so
[0.987s] -- Looking for OGRE_Overlay...
[0.996s] -- Found OGRE_Overlay: optimized;/usr/lib/x86_64-linux-gnu/libOgreOverlay.so;debug;/usr/lib/x86_64-linux-gnu/libOgreOverlay.so
[1.182s] -- Looking for ignition-math6 -- found version 6.15.1
[1.186s] -- Looking for ignition-transport8 -- found version 8.2.1
[1.187s] -- Searching for dependencies of ignition-transport8
[1.205s] -- Found Protobuf: /usr/lib/x86_64-linux-gnu/libprotobuf.so (found suitable version "3.12.4", minimum required is "3") 
[1.216s] -- Config-file not installed for ZeroMQ -- checking for pkg-config
[1.221s] -- Checking for module 'libzmq >= 4'
[1.235s] --   Found libzmq , version 4.3.4
[1.269s] -- Found ZeroMQ: TRUE (Required is at least version "4") 
[1.276s] -- Checking for module 'uuid'
[1.287s] --   Found uuid, version 2.37.2
[1.316s] -- Found UUID: TRUE  
[1.320s] -- Looking for ignition-msgs5 -- found version 5.8.1
[1.320s] -- Searching for dependencies of ignition-msgs5
[1.340s] -- Looking for ignition-math6 -- found version 6.15.1
[1.345s] -- Checking for module 'tinyxml2'
[1.358s] --   Found tinyxml2, version 9.0.0
[1.390s] -- Looking for ignition-msgs5 -- found version 5.8.1
[1.394s] -- Looking for ignition-common3 -- found version 3.14.0
[1.395s] -- Searching for dependencies of ignition-common3
[1.395s] -- Looking for dlfcn.h - found
[1.397s] -- Looking for libdl - found
[1.398s] -- Found DL: TRUE  
[1.415s] -- Found tinyobjloader: /usr/lib/x86_64-linux-gnu/cmake/tinyobjloader/tinyobjloader-config.cmake (found version "2.0.0") 
[1.415s] -- Searching for <ignition-common3> component [graphics]
[1.419s] -- Looking for ignition-common3-graphics -- found version 3.14.0
[1.420s] -- Searching for dependencies of ignition-common3-graphics
[1.420s] -- Looking for ignition-math6 -- found version 6.15.1
[1.426s] -- Looking for ignition-fuel_tools4 -- found version 4.4.0
[1.427s] -- Searching for dependencies of ignition-fuel_tools4
[1.504s] -- Found CURL: /usr/lib/x86_64-linux-gnu/libcurl.so (found version "7.81.0")  
[1.516s] -- Checking for module 'jsoncpp'
[1.530s] --   Found jsoncpp, version 1.9.5
[1.561s] -- Found JSONCPP: TRUE  
[1.568s] -- Checking for module 'libzip'
[1.581s] --   Found libzip, version 1.7.3
[1.612s] -- Found ZIP: TRUE  
[1.612s] -- Looking for ignition-common3 -- found version 3.14.0
[1.613s] -- Looking for ignition-math6 -- found version 6.15.1
[1.613s] -- Looking for ignition-msgs5 -- found version 5.8.1
[1.626s] -- Found gazebo_ros_pkgs: 3.7.0 (/opt/ros/humble/share/gazebo_ros_pkgs/cmake)
[1.629s] -- Found geometry_msgs: 4.2.4 (/opt/ros/humble/share/geometry_msgs/cmake)
[1.673s] -- Found rosidl_generator_c: 3.1.5 (/opt/ros/humble/share/rosidl_generator_c/cmake)
[1.681s] -- Found rosidl_adapter: 3.1.5 (/opt/ros/humble/share/rosidl_adapter/cmake)
[1.692s] -- Found rosidl_generator_cpp: 3.1.5 (/opt/ros/humble/share/rosidl_generator_cpp/cmake)
[1.708s] -- Using all available rosidl_typesupport_c: rosidl_typesupport_fastrtps_c;rosidl_typesupport_introspection_c
[1.732s] -- Using all available rosidl_typesupport_cpp: rosidl_typesupport_fastrtps_cpp;rosidl_typesupport_introspection_cpp
[1.859s] -- Found nav_msgs: 4.2.4 (/opt/ros/humble/share/nav_msgs/cmake)
[1.947s] -- Found rclcpp: 16.0.9 (/opt/ros/humble/share/rclcpp/cmake)
[2.018s] -- Found rmw_implementation_cmake: 6.1.2 (/opt/ros/humble/share/rmw_implementation_cmake/cmake)
[2.022s] -- Found rmw_fastrtps_cpp: 6.2.6 (/opt/ros/humble/share/rmw_fastrtps_cpp/cmake)
[2.131s] -- Found OpenSSL: /usr/lib/x86_64-linux-gnu/libcrypto.so (found version "3.0.2")  
[2.166s] -- Found FastRTPS: /opt/ros/humble/include  
[2.229s] -- Using RMW implementation 'rmw_fastrtps_cpp' as default
[2.243s] -- Found Threads: TRUE  
[2.385s] -- Found sensor_msgs: 4.2.4 (/opt/ros/humble/share/sensor_msgs/cmake)
[2.475s] -- Found tf2: 0.25.7 (/opt/ros/humble/share/tf2/cmake)
[2.573s] -- Configuring done
[2.626s] -- Generating done
[2.630s] -- Build files have been written to: /home/robotserver/ROS2_Nav2_Course/turtlebot3_ws/build/turtlebot3_gazebo
[2.652s] Invoked command in '/home/robotserver/ROS2_Nav2_Course/turtlebot3_ws/build/turtlebot3_gazebo' returned '0': CMAKE_PREFIX_PATH=${CMAKE_PREFIX_PATH}:/home/robotserver/ros2_ws/install/py_srvcli:/home/robotserver/ros2_ws/install/py_pubsub:/home/robotserver/ros2_ws/install/my_py_pkg:/home/robotserver/Desktop/git/create3_main/install/create3_teleop:/home/robotserver/Desktop/git/create3_main/install/create3_msg_transfer:/home/robotserver/Desktop/git/create3_main/install/create3_control:/opt/ros/humble /usr/bin/cmake /home/robotserver/ROS2_Nav2_Course/turtlebot3_ws/src/turtlebot3_gazebo -DCMAKE_INSTALL_PREFIX=/home/robotserver/ROS2_Nav2_Course/turtlebot3_ws/install/turtlebot3_gazebo
[2.654s] Invoking command in '/home/robotserver/ROS2_Nav2_Course/turtlebot3_ws/build/turtlebot3_gazebo': CMAKE_PREFIX_PATH=${CMAKE_PREFIX_PATH}:/home/robotserver/ros2_ws/install/py_srvcli:/home/robotserver/ros2_ws/install/py_pubsub:/home/robotserver/ros2_ws/install/my_py_pkg:/home/robotserver/Desktop/git/create3_main/install/create3_teleop:/home/robotserver/Desktop/git/create3_main/install/create3_msg_transfer:/home/robotserver/Desktop/git/create3_main/install/create3_control:/opt/ros/humble /usr/bin/cmake --build /home/robotserver/ROS2_Nav2_Course/turtlebot3_ws/build/turtlebot3_gazebo -- -j8 -l8
[2.712s] [ 12%] [32mBuilding CXX object CMakeFiles/obstacle1.dir/models/turtlebot3_dqn_world/obstacle_plugin/obstacle1.cc.o[0m
[2.712s] [ 25%] [32mBuilding CXX object CMakeFiles/obstacles.dir/models/turtlebot3_dqn_world/obstacle_plugin/obstacles.cc.o[0m
[2.713s] [ 50%] [32mBuilding CXX object CMakeFiles/obstacle2.dir/models/turtlebot3_dqn_world/obstacle_plugin/obstacle2.cc.o[0m
[2.713s] [ 50%] [32mBuilding CXX object CMakeFiles/turtlebot3_drive.dir/src/turtlebot3_drive.cpp.o[0m
[17.924s] [ 62%] [32m[1mLinking CXX shared library libobstacles.so[0m
[18.031s] [ 75%] [32m[1mLinking CXX executable turtlebot3_drive[0m
[18.399s] [ 75%] Built target obstacles
[18.929s] [ 75%] Built target turtlebot3_drive
[19.742s] [ 87%] [32m[1mLinking CXX shared library libobstacle2.so[0m
[20.044s] [ 87%] Built target obstacle2
[20.714s] [100%] [32m[1mLinking CXX shared library libobstacle1.so[0m
[20.969s] [100%] Built target obstacle1
[20.982s] Invoked command in '/home/robotserver/ROS2_Nav2_Course/turtlebot3_ws/build/turtlebot3_gazebo' returned '0': CMAKE_PREFIX_PATH=${CMAKE_PREFIX_PATH}:/home/robotserver/ros2_ws/install/py_srvcli:/home/robotserver/ros2_ws/install/py_pubsub:/home/robotserver/ros2_ws/install/my_py_pkg:/home/robotserver/Desktop/git/create3_main/install/create3_teleop:/home/robotserver/Desktop/git/create3_main/install/create3_msg_transfer:/home/robotserver/Desktop/git/create3_main/install/create3_control:/opt/ros/humble /usr/bin/cmake --build /home/robotserver/ROS2_Nav2_Course/turtlebot3_ws/build/turtlebot3_gazebo -- -j8 -l8
[21.019s] Invoking command in '/home/robotserver/ROS2_Nav2_Course/turtlebot3_ws/build/turtlebot3_gazebo': CMAKE_PREFIX_PATH=${CMAKE_PREFIX_PATH}:/home/robotserver/ros2_ws/install/py_srvcli:/home/robotserver/ros2_ws/install/py_pubsub:/home/robotserver/ros2_ws/install/my_py_pkg:/home/robotserver/Desktop/git/create3_main/install/create3_teleop:/home/robotserver/Desktop/git/create3_main/install/create3_msg_transfer:/home/robotserver/Desktop/git/create3_main/install/create3_control:/opt/ros/humble /usr/bin/cmake --install /home/robotserver/ROS2_Nav2_Course/turtlebot3_ws/build/turtlebot3_gazebo
[21.027s] -- Install configuration: ""
[21.027s] -- Installing: /home/robotserver/ROS2_Nav2_Course/turtlebot3_ws/install/turtlebot3_gazebo/lib/turtlebot3_gazebo/turtlebot3_drive
[21.031s] -- Set runtime path of "/home/robotserver/ROS2_Nav2_Course/turtlebot3_ws/install/turtlebot3_gazebo/lib/turtlebot3_gazebo/turtlebot3_drive" to ""
[21.031s] -- Installing: /home/robotserver/ROS2_Nav2_Course/turtlebot3_ws/install/turtlebot3_gazebo/share/turtlebot3_gazebo//launch
[21.031s] -- Installing: /home/robotserver/ROS2_Nav2_Course/turtlebot3_ws/install/turtlebot3_gazebo/share/turtlebot3_gazebo//launch/empty_world.launch.py
[21.032s] -- Installing: /home/robotserver/ROS2_Nav2_Course/turtlebot3_ws/install/turtlebot3_gazebo/share/turtlebot3_gazebo//launch/spawn_turtlebot3.launch.py
[21.032s] -- Installing: /home/robotserver/ROS2_Nav2_Course/turtlebot3_ws/install/turtlebot3_gazebo/share/turtlebot3_gazebo//launch/robot_state_publisher.launch.py
[21.032s] -- Installing: /home/robotserver/ROS2_Nav2_Course/turtlebot3_ws/install/turtlebot3_gazebo/share/turtlebot3_gazebo//launch/turtlebot3_dqn_stage2.launch.py
[21.032s] -- Installing: /home/robotserver/ROS2_Nav2_Course/turtlebot3_ws/install/turtlebot3_gazebo/share/turtlebot3_gazebo//launch/turtlebot3_world.launch.py
[21.032s] -- Installing: /home/robotserver/ROS2_Nav2_Course/turtlebot3_ws/install/turtlebot3_gazebo/share/turtlebot3_gazebo//launch/turtlebot3_dqn_stage1.launch.py
[21.032s] -- Installing: /home/robotserver/ROS2_Nav2_Course/turtlebot3_ws/install/turtlebot3_gazebo/share/turtlebot3_gazebo//launch/turtlebot3_dqn_stage3.launch.py
[21.032s] -- Installing: /home/robotserver/ROS2_Nav2_Course/turtlebot3_ws/install/turtlebot3_gazebo/share/turtlebot3_gazebo//launch/turtlebot3_house.launch.py
[21.032s] -- Installing: /home/robotserver/ROS2_Nav2_Course/turtlebot3_ws/install/turtlebot3_gazebo/share/turtlebot3_gazebo//launch/turtlebot3_dqn_stage4.launch.py
[21.032s] -- Installing: /home/robotserver/ROS2_Nav2_Course/turtlebot3_ws/install/turtlebot3_gazebo/share/turtlebot3_gazebo//models
[21.032s] -- Installing: /home/robotserver/ROS2_Nav2_Course/turtlebot3_ws/install/turtlebot3_gazebo/share/turtlebot3_gazebo//models/turtlebot3_waffle_pi
[21.032s] -- Installing: /home/robotserver/ROS2_Nav2_Course/turtlebot3_ws/install/turtlebot3_gazebo/share/turtlebot3_gazebo//models/turtlebot3_waffle_pi/model.sdf
[21.032s] -- Installing: /home/robotserver/ROS2_Nav2_Course/turtlebot3_ws/install/turtlebot3_gazebo/share/turtlebot3_gazebo//models/turtlebot3_waffle_pi/model.config
[21.033s] -- Installing: /home/robotserver/ROS2_Nav2_Course/turtlebot3_ws/install/turtlebot3_gazebo/share/turtlebot3_gazebo//models/turtlebot3_waffle_pi/model-1_4_.sdf
[21.033s] -- Installing: /home/robotserver/ROS2_Nav2_Course/turtlebot3_ws/install/turtlebot3_gazebo/share/turtlebot3_gazebo//models/turtlebot3_burger
[21.033s] -- Installing: /home/robotserver/ROS2_Nav2_Course/turtlebot3_ws/install/turtlebot3_gazebo/share/turtlebot3_gazebo//models/turtlebot3_burger/model.sdf
[21.033s] -- Installing: /home/robotserver/ROS2_Nav2_Course/turtlebot3_ws/install/turtlebot3_gazebo/share/turtlebot3_gazebo//models/turtlebot3_burger/model.config
[21.033s] -- Installing: /home/robotserver/ROS2_Nav2_Course/turtlebot3_ws/install/turtlebot3_gazebo/share/turtlebot3_gazebo//models/turtlebot3_burger/model-1_4.sdf
[21.033s] -- Installing: /home/robotserver/ROS2_Nav2_Course/turtlebot3_ws/install/turtlebot3_gazebo/share/turtlebot3_gazebo//models/turtlebot3_dqn_world
[21.033s] -- Installing: /home/robotserver/ROS2_Nav2_Course/turtlebot3_ws/install/turtlebot3_gazebo/share/turtlebot3_gazebo//models/turtlebot3_dqn_world/goal_box
[21.033s] -- Installing: /home/robotserver/ROS2_Nav2_Course/turtlebot3_ws/install/turtlebot3_gazebo/share/turtlebot3_gazebo//models/turtlebot3_dqn_world/goal_box/model.sdf
[21.033s] -- Installing: /home/robotserver/ROS2_Nav2_Course/turtlebot3_ws/install/turtlebot3_gazebo/share/turtlebot3_gazebo//models/turtlebot3_dqn_world/goal_box/model.config
[21.033s] -- Installing: /home/robotserver/ROS2_Nav2_Course/turtlebot3_ws/install/turtlebot3_gazebo/share/turtlebot3_gazebo//models/turtlebot3_dqn_world/inner_walls
[21.033s] -- Installing: /home/robotserver/ROS2_Nav2_Course/turtlebot3_ws/install/turtlebot3_gazebo/share/turtlebot3_gazebo//models/turtlebot3_dqn_world/inner_walls/model.sdf
[21.033s] -- Installing: /home/robotserver/ROS2_Nav2_Course/turtlebot3_ws/install/turtlebot3_gazebo/share/turtlebot3_gazebo//models/turtlebot3_dqn_world/inner_walls/model.config
[21.034s] -- Installing: /home/robotserver/ROS2_Nav2_Course/turtlebot3_ws/install/turtlebot3_gazebo/share/turtlebot3_gazebo//models/turtlebot3_dqn_world/model.sdf
[21.034s] -- Installing: /home/robotserver/ROS2_Nav2_Course/turtlebot3_ws/install/turtlebot3_gazebo/share/turtlebot3_gazebo//models/turtlebot3_dqn_world/obstacles
[21.034s] -- Installing: /home/robotserver/ROS2_Nav2_Course/turtlebot3_ws/install/turtlebot3_gazebo/share/turtlebot3_gazebo//models/turtlebot3_dqn_world/obstacles/model.sdf
[21.034s] -- Installing: /home/robotserver/ROS2_Nav2_Course/turtlebot3_ws/install/turtlebot3_gazebo/share/turtlebot3_gazebo//models/turtlebot3_dqn_world/obstacles/model.config
[21.034s] -- Installing: /home/robotserver/ROS2_Nav2_Course/turtlebot3_ws/install/turtlebot3_gazebo/share/turtlebot3_gazebo//models/turtlebot3_dqn_world/model.config
[21.034s] -- Installing: /home/robotserver/ROS2_Nav2_Course/turtlebot3_ws/install/turtlebot3_gazebo/share/turtlebot3_gazebo//models/turtlebot3_dqn_world/obstacle_plugin
[21.034s] -- Installing: /home/robotserver/ROS2_Nav2_Course/turtlebot3_ws/install/turtlebot3_gazebo/share/turtlebot3_gazebo//models/turtlebot3_dqn_world/obstacle_plugin/obstacles.cc
[21.034s] -- Installing: /home/robotserver/ROS2_Nav2_Course/turtlebot3_ws/install/turtlebot3_gazebo/share/turtlebot3_gazebo//models/turtlebot3_dqn_world/obstacle_plugin/CMakeLists.txt
[21.034s] -- Installing: /home/robotserver/ROS2_Nav2_Course/turtlebot3_ws/install/turtlebot3_gazebo/share/turtlebot3_gazebo//models/turtlebot3_dqn_world/obstacle_plugin/obstacle1.cc
[21.034s] -- Installing: /home/robotserver/ROS2_Nav2_Course/turtlebot3_ws/install/turtlebot3_gazebo/share/turtlebot3_gazebo//models/turtlebot3_dqn_world/obstacle_plugin/obstacle2.cc
[21.034s] -- Installing: /home/robotserver/ROS2_Nav2_Course/turtlebot3_ws/install/turtlebot3_gazebo/share/turtlebot3_gazebo//models/turtlebot3_dqn_world/obstacle2
[21.035s] -- Installing: /home/robotserver/ROS2_Nav2_Course/turtlebot3_ws/install/turtlebot3_gazebo/share/turtlebot3_gazebo//models/turtlebot3_dqn_world/obstacle2/model.sdf
[21.035s] -- Installing: /home/robotserver/ROS2_Nav2_Course/turtlebot3_ws/install/turtlebot3_gazebo/share/turtlebot3_gazebo//models/turtlebot3_dqn_world/obstacle2/model.config
[21.035s] -- Installing: /home/robotserver/ROS2_Nav2_Course/turtlebot3_ws/install/turtlebot3_gazebo/share/turtlebot3_gazebo//models/turtlebot3_dqn_world/obstacle1
[21.035s] -- Installing: /home/robotserver/ROS2_Nav2_Course/turtlebot3_ws/install/turtlebot3_gazebo/share/turtlebot3_gazebo//models/turtlebot3_dqn_world/obstacle1/model.sdf
[21.035s] -- Installing: /home/robotserver/ROS2_Nav2_Course/turtlebot3_ws/install/turtlebot3_gazebo/share/turtlebot3_gazebo//models/turtlebot3_dqn_world/obstacle1/model.config
[21.035s] -- Installing: /home/robotserver/ROS2_Nav2_Course/turtlebot3_ws/install/turtlebot3_gazebo/share/turtlebot3_gazebo//models/turtlebot3_waffle
[21.035s] -- Installing: /home/robotserver/ROS2_Nav2_Course/turtlebot3_ws/install/turtlebot3_gazebo/share/turtlebot3_gazebo//models/turtlebot3_waffle/model.sdf
[21.035s] -- Installing: /home/robotserver/ROS2_Nav2_Course/turtlebot3_ws/install/turtlebot3_gazebo/share/turtlebot3_gazebo//models/turtlebot3_waffle/model.config
[21.035s] -- Installing: /home/robotserver/ROS2_Nav2_Course/turtlebot3_ws/install/turtlebot3_gazebo/share/turtlebot3_gazebo//models/turtlebot3_waffle/model-1_4.sdf
[21.035s] -- Installing: /home/robotserver/ROS2_Nav2_Course/turtlebot3_ws/install/turtlebot3_gazebo/share/turtlebot3_gazebo//models/turtlebot3_common
[21.035s] -- Installing: /home/robotserver/ROS2_Nav2_Course/turtlebot3_ws/install/turtlebot3_gazebo/share/turtlebot3_gazebo//models/turtlebot3_common/meshes
[21.035s] -- Installing: /home/robotserver/ROS2_Nav2_Course/turtlebot3_ws/install/turtlebot3_gazebo/share/turtlebot3_gazebo//models/turtlebot3_common/meshes/burger_base.dae
[21.036s] -- Installing: /home/robotserver/ROS2_Nav2_Course/turtlebot3_ws/install/turtlebot3_gazebo/share/turtlebot3_gazebo//models/turtlebot3_common/meshes/tire.dae
[21.036s] -- Installing: /home/robotserver/ROS2_Nav2_Course/turtlebot3_ws/install/turtlebot3_gazebo/share/turtlebot3_gazebo//models/turtlebot3_common/meshes/waffle_pi_base.dae
[21.036s] -- Installing: /home/robotserver/ROS2_Nav2_Course/turtlebot3_ws/install/turtlebot3_gazebo/share/turtlebot3_gazebo//models/turtlebot3_common/meshes/waffle_base.dae
[21.036s] -- Installing: /home/robotserver/ROS2_Nav2_Course/turtlebot3_ws/install/turtlebot3_gazebo/share/turtlebot3_gazebo//models/turtlebot3_common/meshes/lds.dae
[21.036s] -- Installing: /home/robotserver/ROS2_Nav2_Course/turtlebot3_ws/install/turtlebot3_gazebo/share/turtlebot3_gazebo//models/turtlebot3_common/meshes/r200.dae
[21.036s] -- Installing: /home/robotserver/ROS2_Nav2_Course/turtlebot3_ws/install/turtlebot3_gazebo/share/turtlebot3_gazebo//models/turtlebot3_common/model.config
[21.036s] -- Installing: /home/robotserver/ROS2_Nav2_Course/turtlebot3_ws/install/turtlebot3_gazebo/share/turtlebot3_gazebo//models/turtlebot3_house
[21.036s] -- Installing: /home/robotserver/ROS2_Nav2_Course/turtlebot3_ws/install/turtlebot3_gazebo/share/turtlebot3_gazebo//models/turtlebot3_house/model.sdf
[21.037s] -- Installing: /home/robotserver/ROS2_Nav2_Course/turtlebot3_ws/install/turtlebot3_gazebo/share/turtlebot3_gazebo//models/turtlebot3_house/model.config
[21.037s] -- Installing: /home/robotserver/ROS2_Nav2_Course/turtlebot3_ws/install/turtlebot3_gazebo/share/turtlebot3_gazebo//models/turtlebot3_world
[21.037s] -- Installing: /home/robotserver/ROS2_Nav2_Course/turtlebot3_ws/install/turtlebot3_gazebo/share/turtlebot3_gazebo//models/turtlebot3_world/meshes
[21.037s] -- Installing: /home/robotserver/ROS2_Nav2_Course/turtlebot3_ws/install/turtlebot3_gazebo/share/turtlebot3_gazebo//models/turtlebot3_world/meshes/hexagon.dae
[21.037s] -- Installing: /home/robotserver/ROS2_Nav2_Course/turtlebot3_ws/install/turtlebot3_gazebo/share/turtlebot3_gazebo//models/turtlebot3_world/meshes/wall.dae
[21.037s] -- Installing: /home/robotserver/ROS2_Nav2_Course/turtlebot3_ws/install/turtlebot3_gazebo/share/turtlebot3_gazebo//models/turtlebot3_world/model.sdf
[21.037s] -- Installing: /home/robotserver/ROS2_Nav2_Course/turtlebot3_ws/install/turtlebot3_gazebo/share/turtlebot3_gazebo//models/turtlebot3_world/model.config
[21.037s] -- Installing: /home/robotserver/ROS2_Nav2_Course/turtlebot3_ws/install/turtlebot3_gazebo/share/turtlebot3_gazebo//models/turtlebot3_world/model-1_4.sdf
[21.037s] -- Installing: /home/robotserver/ROS2_Nav2_Course/turtlebot3_ws/install/turtlebot3_gazebo/share/turtlebot3_gazebo//rviz
[21.038s] -- Installing: /home/robotserver/ROS2_Nav2_Course/turtlebot3_ws/install/turtlebot3_gazebo/share/turtlebot3_gazebo//rviz/tb3_gazebo.rviz
[21.038s] -- Installing: /home/robotserver/ROS2_Nav2_Course/turtlebot3_ws/install/turtlebot3_gazebo/share/turtlebot3_gazebo//urdf
[21.038s] -- Installing: /home/robotserver/ROS2_Nav2_Course/turtlebot3_ws/install/turtlebot3_gazebo/share/turtlebot3_gazebo//urdf/turtlebot3_waffle_pi.urdf
[21.038s] -- Installing: /home/robotserver/ROS2_Nav2_Course/turtlebot3_ws/install/turtlebot3_gazebo/share/turtlebot3_gazebo//urdf/turtlebot3_burger.urdf
[21.038s] -- Installing: /home/robotserver/ROS2_Nav2_Course/turtlebot3_ws/install/turtlebot3_gazebo/share/turtlebot3_gazebo//urdf/common_properties.urdf
[21.038s] -- Installing: /home/robotserver/ROS2_Nav2_Course/turtlebot3_ws/install/turtlebot3_gazebo/share/turtlebot3_gazebo//urdf/turtlebot3_waffle.urdf
[21.038s] -- Installing: /home/robotserver/ROS2_Nav2_Course/turtlebot3_ws/install/turtlebot3_gazebo/share/turtlebot3_gazebo//worlds
[21.038s] -- Installing: /home/robotserver/ROS2_Nav2_Course/turtlebot3_ws/install/turtlebot3_gazebo/share/turtlebot3_gazebo//worlds/turtlebot3_dqn_stage3.world
[21.038s] -- Installing: /home/robotserver/ROS2_Nav2_Course/turtlebot3_ws/install/turtlebot3_gazebo/share/turtlebot3_gazebo//worlds/turtlebot3_world.world
[21.038s] -- Installing: /home/robotserver/ROS2_Nav2_Course/turtlebot3_ws/install/turtlebot3_gazebo/share/turtlebot3_gazebo//worlds/empty_world.world
[21.038s] -- Installing: /home/robotserver/ROS2_Nav2_Course/turtlebot3_ws/install/turtlebot3_gazebo/share/turtlebot3_gazebo//worlds/turtlebot3_dqn_stage1.world
[21.038s] -- Installing: /home/robotserver/ROS2_Nav2_Course/turtlebot3_ws/install/turtlebot3_gazebo/share/turtlebot3_gazebo//worlds/turtlebot3_dqn_stage4.world
[21.038s] -- Installing: /home/robotserver/ROS2_Nav2_Course/turtlebot3_ws/install/turtlebot3_gazebo/share/turtlebot3_gazebo//worlds/turtlebot3_dqn_stage2.world
[21.039s] -- Installing: /home/robotserver/ROS2_Nav2_Course/turtlebot3_ws/install/turtlebot3_gazebo/share/turtlebot3_gazebo//worlds/turtlebot3_house.world
[21.039s] -- Installing: /home/robotserver/ROS2_Nav2_Course/turtlebot3_ws/install/turtlebot3_gazebo/include/
[21.039s] -- Installing: /home/robotserver/ROS2_Nav2_Course/turtlebot3_ws/install/turtlebot3_gazebo/include//turtlebot3_gazebo
[21.039s] -- Installing: /home/robotserver/ROS2_Nav2_Course/turtlebot3_ws/install/turtlebot3_gazebo/include//turtlebot3_gazebo/turtlebot3_drive.hpp
[21.039s] -- Installing: /home/robotserver/ROS2_Nav2_Course/turtlebot3_ws/install/turtlebot3_gazebo/share/ament_index/resource_index/package_run_dependencies/turtlebot3_gazebo
[21.039s] -- Installing: /home/robotserver/ROS2_Nav2_Course/turtlebot3_ws/install/turtlebot3_gazebo/share/ament_index/resource_index/parent_prefix_path/turtlebot3_gazebo
[21.039s] -- Installing: /home/robotserver/ROS2_Nav2_Course/turtlebot3_ws/install/turtlebot3_gazebo/share/turtlebot3_gazebo/environment/ament_prefix_path.sh
[21.040s] -- Installing: /home/robotserver/ROS2_Nav2_Course/turtlebot3_ws/install/turtlebot3_gazebo/share/turtlebot3_gazebo/environment/ament_prefix_path.dsv
[21.040s] -- Installing: /home/robotserver/ROS2_Nav2_Course/turtlebot3_ws/install/turtlebot3_gazebo/share/turtlebot3_gazebo/environment/path.sh
[21.040s] -- Installing: /home/robotserver/ROS2_Nav2_Course/turtlebot3_ws/install/turtlebot3_gazebo/share/turtlebot3_gazebo/environment/path.dsv
[21.040s] -- Installing: /home/robotserver/ROS2_Nav2_Course/turtlebot3_ws/install/turtlebot3_gazebo/share/turtlebot3_gazebo/local_setup.bash
[21.040s] -- Installing: /home/robotserver/ROS2_Nav2_Course/turtlebot3_ws/install/turtlebot3_gazebo/share/turtlebot3_gazebo/local_setup.sh
[21.041s] -- Installing: /home/robotserver/ROS2_Nav2_Course/turtlebot3_ws/install/turtlebot3_gazebo/share/turtlebot3_gazebo/local_setup.zsh
[21.041s] -- Installing: /home/robotserver/ROS2_Nav2_Course/turtlebot3_ws/install/turtlebot3_gazebo/share/turtlebot3_gazebo/local_setup.dsv
[21.041s] -- Installing: /home/robotserver/ROS2_Nav2_Course/turtlebot3_ws/install/turtlebot3_gazebo/share/turtlebot3_gazebo/package.dsv
[21.041s] -- Installing: /home/robotserver/ROS2_Nav2_Course/turtlebot3_ws/install/turtlebot3_gazebo/share/ament_index/resource_index/packages/turtlebot3_gazebo
[21.041s] -- Installing: /home/robotserver/ROS2_Nav2_Course/turtlebot3_ws/install/turtlebot3_gazebo/share/turtlebot3_gazebo/cmake/ament_cmake_export_include_directories-extras.cmake
[21.042s] -- Installing: /home/robotserver/ROS2_Nav2_Course/turtlebot3_ws/install/turtlebot3_gazebo/share/turtlebot3_gazebo/cmake/ament_cmake_export_dependencies-extras.cmake
[21.042s] -- Installing: /home/robotserver/ROS2_Nav2_Course/turtlebot3_ws/install/turtlebot3_gazebo/share/turtlebot3_gazebo/cmake/turtlebot3_gazeboConfig.cmake
[21.042s] -- Installing: /home/robotserver/ROS2_Nav2_Course/turtlebot3_ws/install/turtlebot3_gazebo/share/turtlebot3_gazebo/cmake/turtlebot3_gazeboConfig-version.cmake
[21.042s] -- Installing: /home/robotserver/ROS2_Nav2_Course/turtlebot3_ws/install/turtlebot3_gazebo/share/turtlebot3_gazebo/package.xml
[21.045s] Invoked command in '/home/robotserver/ROS2_Nav2_Course/turtlebot3_ws/build/turtlebot3_gazebo' returned '0': CMAKE_PREFIX_PATH=${CMAKE_PREFIX_PATH}:/home/robotserver/ros2_ws/install/py_srvcli:/home/robotserver/ros2_ws/install/py_pubsub:/home/robotserver/ros2_ws/install/my_py_pkg:/home/robotserver/Desktop/git/create3_main/install/create3_teleop:/home/robotserver/Desktop/git/create3_main/install/create3_msg_transfer:/home/robotserver/Desktop/git/create3_main/install/create3_control:/opt/ros/humble /usr/bin/cmake --install /home/robotserver/ROS2_Nav2_Course/turtlebot3_ws/build/turtlebot3_gazebo
