[1.589s] Invoking command in '/home/robotserver/ros2_ws/src/py_pubsub': PYTHONPATH=/home/robotserver/ros2_ws/build/py_pubsub/prefix_override:/usr/lib/python3/dist-packages/colcon_core/task/python/colcon_distutils_commands:/home/robotserver/ros2_ws/install/py_pubsub/lib/python3.10/site-packages:${PYTHONPATH} /usr/bin/python3 -W ignore:setup.py install is deprecated setup.py egg_info --egg-base ../../build/py_pubsub build --build-base /home/robotserver/ros2_ws/build/py_pubsub/build install --record /home/robotserver/ros2_ws/build/py_pubsub/install.log --single-version-externally-managed install_data
[1.931s] running egg_info
[1.932s] writing ../../build/py_pubsub/py_pubsub.egg-info/PKG-INFO
[1.933s] writing dependency_links to ../../build/py_pubsub/py_pubsub.egg-info/dependency_links.txt
[1.933s] writing entry points to ../../build/py_pubsub/py_pubsub.egg-info/entry_points.txt
[1.933s] writing requirements to ../../build/py_pubsub/py_pubsub.egg-info/requires.txt
[1.933s] writing top-level names to ../../build/py_pubsub/py_pubsub.egg-info/top_level.txt
[1.935s] reading manifest file '../../build/py_pubsub/py_pubsub.egg-info/SOURCES.txt'
[1.935s] adding license file 'LICENSE'
[1.936s] writing manifest file '../../build/py_pubsub/py_pubsub.egg-info/SOURCES.txt'
[1.936s] running build
[1.936s] running build_py
[1.937s] running install
[1.937s] running install_lib
[1.943s] running install_data
[1.943s] running install_egg_info
[1.947s] removing '/home/robotserver/ros2_ws/install/py_pubsub/lib/python3.10/site-packages/py_pubsub-0.0.0-py3.10.egg-info' (and everything under it)
[1.947s] Copying ../../build/py_pubsub/py_pubsub.egg-info to /home/robotserver/ros2_ws/install/py_pubsub/lib/python3.10/site-packages/py_pubsub-0.0.0-py3.10.egg-info
[1.948s] running install_scripts
[1.982s] Installing listener script to /home/robotserver/ros2_ws/install/py_pubsub/lib/py_pubsub
[1.982s] Installing talker script to /home/robotserver/ros2_ws/install/py_pubsub/lib/py_pubsub
[1.983s] writing list of installed files to '/home/robotserver/ros2_ws/build/py_pubsub/install.log'
[2.065s] Invoked command in '/home/robotserver/ros2_ws/src/py_pubsub' returned '0': PYTHONPATH=/home/robotserver/ros2_ws/build/py_pubsub/prefix_override:/usr/lib/python3/dist-packages/colcon_core/task/python/colcon_distutils_commands:/home/robotserver/ros2_ws/install/py_pubsub/lib/python3.10/site-packages:${PYTHONPATH} /usr/bin/python3 -W ignore:setup.py install is deprecated setup.py egg_info --egg-base ../../build/py_pubsub build --build-base /home/robotserver/ros2_ws/build/py_pubsub/build install --record /home/robotserver/ros2_ws/build/py_pubsub/install.log --single-version-externally-managed install_data
