[0.569s] Invoking command in '/home/robotserver/ros2_ws/build/MIT': CONDA_PROMPT_MODIFIER=(base) PYTHONPATH=/home/robotserver/ros2_ws/build/MIT/prefix_override:/usr/lib/python3/dist-packages/colcon_core/task/python/colcon_distutils_commands:/home/robotserver/ros2_ws/install/MIT/lib/python3.10/site-packages:${PYTHONPATH} /usr/bin/python3 -W ignore:setup.py install is deprecated setup.py develop --editable --build-directory /home/robotserver/ros2_ws/build/MIT/build --no-deps symlink_data
[0.815s] running develop
[0.816s] /usr/lib/python3/dist-packages/setuptools/command/easy_install.py:158: EasyInstallDeprecationWarning: easy_install command is deprecated. Use build and pip and other standards-based tools.
[0.816s]   warnings.warn(
[0.961s] running egg_info
[0.961s] writing my_package.egg-info/PKG-INFO
[0.961s] writing dependency_links to my_package.egg-info/dependency_links.txt
[0.962s] writing entry points to my_package.egg-info/entry_points.txt
[0.962s] writing requirements to my_package.egg-info/requires.txt
[0.962s] writing top-level names to my_package.egg-info/top_level.txt
[0.964s] reading manifest file 'my_package.egg-info/SOURCES.txt'
[0.965s] writing manifest file 'my_package.egg-info/SOURCES.txt'
[0.967s] running build_ext
[0.967s] Creating /home/robotserver/ros2_ws/install/MIT/lib/python3.10/site-packages/my-package.egg-link (link to .)
[0.968s] Installing listener script to /home/robotserver/ros2_ws/install/MIT/lib/my_package
[0.968s] Installing talker script to /home/robotserver/ros2_ws/install/MIT/lib/my_package
[0.969s] 
[0.969s] Installed /home/robotserver/ros2_ws/build/MIT
[0.969s] running symlink_data
[1.005s] Invoked command in '/home/robotserver/ros2_ws/build/MIT' returned '0': CONDA_PROMPT_MODIFIER=(base) PYTHONPATH=/home/robotserver/ros2_ws/build/MIT/prefix_override:/usr/lib/python3/dist-packages/colcon_core/task/python/colcon_distutils_commands:/home/robotserver/ros2_ws/install/MIT/lib/python3.10/site-packages:${PYTHONPATH} /usr/bin/python3 -W ignore:setup.py install is deprecated setup.py develop --editable --build-directory /home/robotserver/ros2_ws/build/MIT/build --no-deps symlink_data
