[0.254s] Invoking command in '/home/robotserver/Desktop/git/ROS/create3_examples_ws/build/create3_lidar_slam': CMAKE_PREFIX_PATH=/opt/ros/humble CONDA_PROMPT_MODIFIER=(ros2_env) /usr/bin/cmake --build /home/robotserver/Desktop/git/ROS/create3_examples_ws/build/create3_lidar_slam -- -j8 -l8
[0.506s] Invoked command in '/home/robotserver/Desktop/git/ROS/create3_examples_ws/build/create3_lidar_slam' returned '0': CMAKE_PREFIX_PATH=/opt/ros/humble CONDA_PROMPT_MODIFIER=(ros2_env) /usr/bin/cmake --build /home/robotserver/Desktop/git/ROS/create3_examples_ws/build/create3_lidar_slam -- -j8 -l8
[0.541s] Invoking command in '/home/robotserver/Desktop/git/ROS/create3_examples_ws/build/create3_lidar_slam': CMAKE_PREFIX_PATH=/opt/ros/humble CONDA_PROMPT_MODIFIER=(ros2_env) /usr/bin/cmake --install /home/robotserver/Desktop/git/ROS/create3_examples_ws/build/create3_lidar_slam
[0.551s] -- Install configuration: ""
[0.551s] -- Up-to-date: /home/robotserver/Desktop/git/ROS/create3_examples_ws/install/create3_lidar_slam/share/create3_lidar_slam/launch
[0.551s] -- Up-to-date: /home/robotserver/Desktop/git/ROS/create3_examples_ws/install/create3_lidar_slam/share/create3_lidar_slam/launch/sensors_launch.py
[0.551s] -- Up-to-date: /home/robotserver/Desktop/git/ROS/create3_examples_ws/install/create3_lidar_slam/share/create3_lidar_slam/launch/rviz_launch.py
[0.551s] -- Up-to-date: /home/robotserver/Desktop/git/ROS/create3_examples_ws/install/create3_lidar_slam/share/create3_lidar_slam/launch/slam_toolbox_launch.py
[0.552s] -- Up-to-date: /home/robotserver/Desktop/git/ROS/create3_examples_ws/install/create3_lidar_slam/share/create3_lidar_slam/config
[0.552s] -- Up-to-date: /home/robotserver/Desktop/git/ROS/create3_examples_ws/install/create3_lidar_slam/share/create3_lidar_slam/config/mapper_params_online_async.yaml
[0.552s] -- Up-to-date: /home/robotserver/Desktop/git/ROS/create3_examples_ws/install/create3_lidar_slam/share/create3_lidar_slam/config/rplidar_node.yaml
[0.552s] -- Up-to-date: /home/robotserver/Desktop/git/ROS/create3_examples_ws/install/create3_lidar_slam/share/create3_lidar_slam/rviz
[0.552s] -- Up-to-date: /home/robotserver/Desktop/git/ROS/create3_examples_ws/install/create3_lidar_slam/share/create3_lidar_slam/rviz/create3_lidar_slam.rviz
[0.552s] -- Up-to-date: /home/robotserver/Desktop/git/ROS/create3_examples_ws/install/create3_lidar_slam/share/ament_index/resource_index/package_run_dependencies/create3_lidar_slam
[0.552s] -- Up-to-date: /home/robotserver/Desktop/git/ROS/create3_examples_ws/install/create3_lidar_slam/share/ament_index/resource_index/parent_prefix_path/create3_lidar_slam
[0.552s] -- Up-to-date: /home/robotserver/Desktop/git/ROS/create3_examples_ws/install/create3_lidar_slam/share/create3_lidar_slam/environment/ament_prefix_path.sh
[0.553s] -- Up-to-date: /home/robotserver/Desktop/git/ROS/create3_examples_ws/install/create3_lidar_slam/share/create3_lidar_slam/environment/ament_prefix_path.dsv
[0.553s] -- Up-to-date: /home/robotserver/Desktop/git/ROS/create3_examples_ws/install/create3_lidar_slam/share/create3_lidar_slam/environment/path.sh
[0.553s] -- Up-to-date: /home/robotserver/Desktop/git/ROS/create3_examples_ws/install/create3_lidar_slam/share/create3_lidar_slam/environment/path.dsv
[0.553s] -- Up-to-date: /home/robotserver/Desktop/git/ROS/create3_examples_ws/install/create3_lidar_slam/share/create3_lidar_slam/local_setup.bash
[0.553s] -- Up-to-date: /home/robotserver/Desktop/git/ROS/create3_examples_ws/install/create3_lidar_slam/share/create3_lidar_slam/local_setup.sh
[0.553s] -- Up-to-date: /home/robotserver/Desktop/git/ROS/create3_examples_ws/install/create3_lidar_slam/share/create3_lidar_slam/local_setup.zsh
[0.553s] -- Up-to-date: /home/robotserver/Desktop/git/ROS/create3_examples_ws/install/create3_lidar_slam/share/create3_lidar_slam/local_setup.dsv
[0.553s] -- Installing: /home/robotserver/Desktop/git/ROS/create3_examples_ws/install/create3_lidar_slam/share/create3_lidar_slam/package.dsv
[0.553s] -- Up-to-date: /home/robotserver/Desktop/git/ROS/create3_examples_ws/install/create3_lidar_slam/share/ament_index/resource_index/packages/create3_lidar_slam
[0.554s] -- Up-to-date: /home/robotserver/Desktop/git/ROS/create3_examples_ws/install/create3_lidar_slam/share/create3_lidar_slam/cmake/create3_lidar_slamConfig.cmake
[0.554s] -- Up-to-date: /home/robotserver/Desktop/git/ROS/create3_examples_ws/install/create3_lidar_slam/share/create3_lidar_slam/cmake/create3_lidar_slamConfig-version.cmake
[0.554s] -- Up-to-date: /home/robotserver/Desktop/git/ROS/create3_examples_ws/install/create3_lidar_slam/share/create3_lidar_slam/package.xml
[0.556s] Invoked command in '/home/robotserver/Desktop/git/ROS/create3_examples_ws/build/create3_lidar_slam' returned '0': CMAKE_PREFIX_PATH=/opt/ros/humble CONDA_PROMPT_MODIFIER=(ros2_env) /usr/bin/cmake --install /home/robotserver/Desktop/git/ROS/create3_examples_ws/build/create3_lidar_slam
