[0.933s] Invoking command in '/home/robotserver/ros2_ws/src/py_srvcli': CMAKE_PREFIX_PATH=/home/robotserver/ros2_ws/install/tutorial_interfaces:/home/robotserver/ros2_ws/install/my_robot_bringup:/home/robotserver/ros2_ws/install/my_cpp_pkg:/home/robotserver/ros2_ws/install/my_robot_interfaces:/home/robotserver/ros2_ws/src/tutorial_interfaces/install/tutorial_interfaces PYTHONPATH=/home/robotserver/ros2_ws/build/py_srvcli/prefix_override:/usr/lib/python3/dist-packages/colcon_core/task/python/colcon_distutils_commands:/home/robotserver/ros2_ws/install/py_srvcli/lib/python3.10/site-packages:${PYTHONPATH} /usr/bin/python3 -W ignore:setup.py install is deprecated setup.py egg_info --egg-base ../../build/py_srvcli build --build-base /home/robotserver/ros2_ws/build/py_srvcli/build install --record /home/robotserver/ros2_ws/build/py_srvcli/install.log --single-version-externally-managed install_data
[1.202s] running egg_info
[1.202s] writing ../../build/py_srvcli/py_srvcli.egg-info/PKG-INFO
[1.203s] writing dependency_links to ../../build/py_srvcli/py_srvcli.egg-info/dependency_links.txt
[1.203s] writing entry points to ../../build/py_srvcli/py_srvcli.egg-info/entry_points.txt
[1.203s] writing requirements to ../../build/py_srvcli/py_srvcli.egg-info/requires.txt
[1.203s] writing top-level names to ../../build/py_srvcli/py_srvcli.egg-info/top_level.txt
[1.204s] reading manifest file '../../build/py_srvcli/py_srvcli.egg-info/SOURCES.txt'
[1.205s] adding license file 'LICENSE'
[1.205s] writing manifest file '../../build/py_srvcli/py_srvcli.egg-info/SOURCES.txt'
[1.205s] running build
[1.205s] running build_py
[1.206s] running install
[1.206s] running install_lib
[1.207s] running install_data
[1.207s] running install_egg_info
[1.209s] removing '/home/robotserver/ros2_ws/install/py_srvcli/lib/python3.10/site-packages/py_srvcli-0.0.0-py3.10.egg-info' (and everything under it)
[1.210s] Copying ../../build/py_srvcli/py_srvcli.egg-info to /home/robotserver/ros2_ws/install/py_srvcli/lib/python3.10/site-packages/py_srvcli-0.0.0-py3.10.egg-info
[1.211s] running install_scripts
[1.232s] Installing client script to /home/robotserver/ros2_ws/install/py_srvcli/lib/py_srvcli
[1.232s] Installing service script to /home/robotserver/ros2_ws/install/py_srvcli/lib/py_srvcli
[1.233s] writing list of installed files to '/home/robotserver/ros2_ws/build/py_srvcli/install.log'
[1.263s] Invoked command in '/home/robotserver/ros2_ws/src/py_srvcli' returned '0': CMAKE_PREFIX_PATH=/home/robotserver/ros2_ws/install/tutorial_interfaces:/home/robotserver/ros2_ws/install/my_robot_bringup:/home/robotserver/ros2_ws/install/my_cpp_pkg:/home/robotserver/ros2_ws/install/my_robot_interfaces:/home/robotserver/ros2_ws/src/tutorial_interfaces/install/tutorial_interfaces PYTHONPATH=/home/robotserver/ros2_ws/build/py_srvcli/prefix_override:/usr/lib/python3/dist-packages/colcon_core/task/python/colcon_distutils_commands:/home/robotserver/ros2_ws/install/py_srvcli/lib/python3.10/site-packages:${PYTHONPATH} /usr/bin/python3 -W ignore:setup.py install is deprecated setup.py egg_info --egg-base ../../build/py_srvcli build --build-base /home/robotserver/ros2_ws/build/py_srvcli/build install --record /home/robotserver/ros2_ws/build/py_srvcli/install.log --single-version-externally-managed install_data
