[1.014s] Invoking command in '/home/robotserver/Desktop/git/ROS/create3_examples_ws/src/create3_examples/create3_teleop': CONDA_PROMPT_MODIFIER=(ros2_env) PYTHONPATH=/home/robotserver/Desktop/git/ROS/create3_examples_ws/build/create3_teleop/prefix_override:/usr/lib/python3/dist-packages/colcon_core/task/python/colcon_distutils_commands:/home/robotserver/Desktop/git/ROS/create3_examples_ws/install/create3_teleop/lib/python3.10/site-packages:${PYTHONPATH} /usr/bin/python3 -W ignore:setup.py install is deprecated setup.py egg_info --egg-base ../../../build/create3_teleop build --build-base /home/robotserver/Desktop/git/ROS/create3_examples_ws/build/create3_teleop/build install --record /home/robotserver/Desktop/git/ROS/create3_examples_ws/build/create3_teleop/install.log --single-version-externally-managed install_data
[1.274s] running egg_info
[1.275s] creating ../../../build/create3_teleop/create3_teleop.egg-info
[1.275s] writing ../../../build/create3_teleop/create3_teleop.egg-info/PKG-INFO
[1.275s] writing dependency_links to ../../../build/create3_teleop/create3_teleop.egg-info/dependency_links.txt
[1.276s] writing requirements to ../../../build/create3_teleop/create3_teleop.egg-info/requires.txt
[1.276s] writing top-level names to ../../../build/create3_teleop/create3_teleop.egg-info/top_level.txt
[1.276s] writing manifest file '../../../build/create3_teleop/create3_teleop.egg-info/SOURCES.txt'
[1.277s] reading manifest file '../../../build/create3_teleop/create3_teleop.egg-info/SOURCES.txt'
[1.278s] writing manifest file '../../../build/create3_teleop/create3_teleop.egg-info/SOURCES.txt'
[1.278s] running build
[1.278s] running install
[1.279s] running install_data
[1.279s] creating /home/robotserver/Desktop/git/ROS/create3_examples_ws/install/create3_teleop/share/ament_index
[1.279s] creating /home/robotserver/Desktop/git/ROS/create3_examples_ws/install/create3_teleop/share/ament_index/resource_index
[1.279s] creating /home/robotserver/Desktop/git/ROS/create3_examples_ws/install/create3_teleop/share/ament_index/resource_index/packages
[1.279s] copying resource/create3_teleop -> /home/robotserver/Desktop/git/ROS/create3_examples_ws/install/create3_teleop/share/ament_index/resource_index/packages
[1.279s] copying package.xml -> /home/robotserver/Desktop/git/ROS/create3_examples_ws/install/create3_teleop/share/create3_teleop
[1.279s] creating /home/robotserver/Desktop/git/ROS/create3_examples_ws/install/create3_teleop/share/create3_teleop/launch
[1.280s] copying launch/teleop_joystick_launch.py -> /home/robotserver/Desktop/git/ROS/create3_examples_ws/install/create3_teleop/share/create3_teleop/launch
[1.280s] running install_egg_info
[1.281s] Copying ../../../build/create3_teleop/create3_teleop.egg-info to /home/robotserver/Desktop/git/ROS/create3_examples_ws/install/create3_teleop/lib/python3.10/site-packages/create3_teleop-0.0.5-py3.10.egg-info
[1.282s] running install_scripts
[1.308s] writing list of installed files to '/home/robotserver/Desktop/git/ROS/create3_examples_ws/build/create3_teleop/install.log'
