[1.710s] Invoking command in '/home/robotserver/ros2_ws/src/py_srvcli': PYTHONPATH=/home/robotserver/ros2_ws/build/py_srvcli/prefix_override:/usr/lib/python3/dist-packages/colcon_core/task/python/colcon_distutils_commands:/home/robotserver/ros2_ws/install/py_srvcli/lib/python3.10/site-packages:${PYTHONPATH} /usr/bin/python3 -W ignore:setup.py install is deprecated setup.py egg_info --egg-base ../../build/py_srvcli build --build-base /home/robotserver/ros2_ws/build/py_srvcli/build install --record /home/robotserver/ros2_ws/build/py_srvcli/install.log --single-version-externally-managed install_data
[2.081s] running egg_info
[2.082s] writing ../../build/py_srvcli/py_srvcli.egg-info/PKG-INFO
[2.083s] writing dependency_links to ../../build/py_srvcli/py_srvcli.egg-info/dependency_links.txt
[2.084s] writing entry points to ../../build/py_srvcli/py_srvcli.egg-info/entry_points.txt
[2.084s] writing requirements to ../../build/py_srvcli/py_srvcli.egg-info/requires.txt
[2.084s] writing top-level names to ../../build/py_srvcli/py_srvcli.egg-info/top_level.txt
[2.086s] reading manifest file '../../build/py_srvcli/py_srvcli.egg-info/SOURCES.txt'
[2.087s] adding license file 'LICENSE'
[2.088s] writing manifest file '../../build/py_srvcli/py_srvcli.egg-info/SOURCES.txt'
[2.088s] running build
[2.088s] running build_py
[2.088s] running install
[2.089s] running install_lib
[2.091s] running install_data
[2.091s] running install_egg_info
[2.094s] removing '/home/robotserver/ros2_ws/install/py_srvcli/lib/python3.10/site-packages/py_srvcli-0.0.0-py3.10.egg-info' (and everything under it)
[2.095s] Copying ../../build/py_srvcli/py_srvcli.egg-info to /home/robotserver/ros2_ws/install/py_srvcli/lib/python3.10/site-packages/py_srvcli-0.0.0-py3.10.egg-info
[2.096s] running install_scripts
[2.148s] Installing client script to /home/robotserver/ros2_ws/install/py_srvcli/lib/py_srvcli
[2.148s] Installing service script to /home/robotserver/ros2_ws/install/py_srvcli/lib/py_srvcli
[2.149s] writing list of installed files to '/home/robotserver/ros2_ws/build/py_srvcli/install.log'
[2.235s] Invoked command in '/home/robotserver/ros2_ws/src/py_srvcli' returned '0': PYTHONPATH=/home/robotserver/ros2_ws/build/py_srvcli/prefix_override:/usr/lib/python3/dist-packages/colcon_core/task/python/colcon_distutils_commands:/home/robotserver/ros2_ws/install/py_srvcli/lib/python3.10/site-packages:${PYTHONPATH} /usr/bin/python3 -W ignore:setup.py install is deprecated setup.py egg_info --egg-base ../../build/py_srvcli build --build-base /home/robotserver/ros2_ws/build/py_srvcli/build install --record /home/robotserver/ros2_ws/build/py_srvcli/install.log --single-version-externally-managed install_data
