[0.095s] DEBUG:colcon:Command line arguments: ['/usr/bin/colcon', 'build']
[0.095s] DEBUG:colcon:Parsed command line arguments: Namespace(log_base=None, log_level=None, verb_name='build', build_base='build', install_base='install', merge_install=False, symlink_install=False, test_result_base=None, continue_on_error=False, executor='parallel', parallel_workers=8, event_handlers=None, ignore_user_meta=False, metas=['./colcon.meta'], base_paths=['.'], packages_ignore=None, packages_ignore_regex=None, paths=None, packages_up_to=None, packages_up_to_regex=None, packages_above=None, packages_above_and_dependencies=None, packages_above_depth=None, packages_select_by_dep=None, packages_skip_by_dep=None, packages_skip_up_to=None, packages_select_build_failed=False, packages_skip_build_finished=False, packages_select_test_failures=False, packages_skip_test_passed=False, packages_select=None, packages_skip=None, packages_select_regex=None, packages_skip_regex=None, packages_start=None, packages_end=None, allow_overriding=[], cmake_args=None, cmake_target=None, cmake_target_skip_unavailable=False, cmake_clean_cache=False, cmake_clean_first=False, cmake_force_configure=False, ament_cmake_args=None, catkin_cmake_args=None, catkin_skip_building_tests=False, verb_parser=<colcon_defaults.argument_parser.defaults.DefaultArgumentsDecorator object at 0x7f51452290c0>, verb_extension=<colcon_core.verb.build.BuildVerb object at 0x7f514539e980>, main=<bound method BuildVerb.main of <colcon_core.verb.build.BuildVerb object at 0x7f514539e980>>)
[0.244s] Level 1:colcon.colcon_core.package_discovery:discover_packages(colcon_meta) check parameters
[0.244s] Level 1:colcon.colcon_core.package_discovery:discover_packages(recursive) check parameters
[0.244s] Level 1:colcon.colcon_core.package_discovery:discover_packages(ignore) check parameters
[0.244s] Level 1:colcon.colcon_core.package_discovery:discover_packages(path) check parameters
[0.244s] Level 1:colcon.colcon_core.package_discovery:discover_packages(colcon_meta) discover
[0.244s] Level 1:colcon.colcon_core.package_discovery:discover_packages(recursive) discover
[0.244s] INFO:colcon.colcon_core.package_discovery:Crawling recursively for packages in '/home/robotserver/ros2_ws'
[0.244s] Level 1:colcon.colcon_core.package_identification:_identify(.) by extensions ['ignore', 'ignore_ament_install']
[0.244s] Level 1:colcon.colcon_core.package_identification:_identify(.) by extension 'ignore'
[0.244s] Level 1:colcon.colcon_core.package_identification:_identify(.) by extension 'ignore_ament_install'
[0.244s] Level 1:colcon.colcon_core.package_identification:_identify(.) by extensions ['colcon_pkg']
[0.244s] Level 1:colcon.colcon_core.package_identification:_identify(.) by extension 'colcon_pkg'
[0.244s] Level 1:colcon.colcon_core.package_identification:_identify(.) by extensions ['colcon_meta']
[0.244s] Level 1:colcon.colcon_core.package_identification:_identify(.) by extension 'colcon_meta'
[0.244s] Level 1:colcon.colcon_core.package_identification:_identify(.) by extensions ['ros']
[0.244s] Level 1:colcon.colcon_core.package_identification:_identify(.) by extension 'ros'
[0.254s] Level 1:colcon.colcon_core.package_identification:_identify(.) by extensions ['cmake', 'python']
[0.254s] Level 1:colcon.colcon_core.package_identification:_identify(.) by extension 'cmake'
[0.255s] Level 1:colcon.colcon_core.package_identification:_identify(.) by extension 'python'
[0.255s] Level 1:colcon.colcon_core.package_identification:_identify(.) by extensions ['python_setup_py']
[0.255s] Level 1:colcon.colcon_core.package_identification:_identify(.) by extension 'python_setup_py'
[0.255s] Level 1:colcon.colcon_core.package_identification:_identify(build) by extensions ['ignore', 'ignore_ament_install']
[0.255s] Level 1:colcon.colcon_core.package_identification:_identify(build) by extension 'ignore'
[0.255s] Level 1:colcon.colcon_core.package_identification:_identify(build) ignored
[0.255s] Level 1:colcon.colcon_core.package_identification:_identify(install) by extensions ['ignore', 'ignore_ament_install']
[0.255s] Level 1:colcon.colcon_core.package_identification:_identify(install) by extension 'ignore'
[0.255s] Level 1:colcon.colcon_core.package_identification:_identify(install) ignored
[0.255s] Level 1:colcon.colcon_core.package_identification:_identify(log) by extensions ['ignore', 'ignore_ament_install']
[0.255s] Level 1:colcon.colcon_core.package_identification:_identify(log) by extension 'ignore'
[0.255s] Level 1:colcon.colcon_core.package_identification:_identify(log) ignored
[0.256s] Level 1:colcon.colcon_core.package_identification:_identify(src) by extensions ['ignore', 'ignore_ament_install']
[0.256s] Level 1:colcon.colcon_core.package_identification:_identify(src) by extension 'ignore'
[0.256s] Level 1:colcon.colcon_core.package_identification:_identify(src) by extension 'ignore_ament_install'
[0.256s] Level 1:colcon.colcon_core.package_identification:_identify(src) by extensions ['colcon_pkg']
[0.256s] Level 1:colcon.colcon_core.package_identification:_identify(src) by extension 'colcon_pkg'
[0.256s] Level 1:colcon.colcon_core.package_identification:_identify(src) by extensions ['colcon_meta']
[0.256s] Level 1:colcon.colcon_core.package_identification:_identify(src) by extension 'colcon_meta'
[0.256s] Level 1:colcon.colcon_core.package_identification:_identify(src) by extensions ['ros']
[0.256s] Level 1:colcon.colcon_core.package_identification:_identify(src) by extension 'ros'
[0.256s] Level 1:colcon.colcon_core.package_identification:_identify(src) by extensions ['cmake', 'python']
[0.256s] Level 1:colcon.colcon_core.package_identification:_identify(src) by extension 'cmake'
[0.256s] Level 1:colcon.colcon_core.package_identification:_identify(src) by extension 'python'
[0.256s] Level 1:colcon.colcon_core.package_identification:_identify(src) by extensions ['python_setup_py']
[0.256s] Level 1:colcon.colcon_core.package_identification:_identify(src) by extension 'python_setup_py'
[0.256s] Level 1:colcon.colcon_core.package_identification:_identify(src/my_cpp_pkg) by extensions ['ignore', 'ignore_ament_install']
[0.256s] Level 1:colcon.colcon_core.package_identification:_identify(src/my_cpp_pkg) by extension 'ignore'
[0.256s] Level 1:colcon.colcon_core.package_identification:_identify(src/my_cpp_pkg) by extension 'ignore_ament_install'
[0.256s] Level 1:colcon.colcon_core.package_identification:_identify(src/my_cpp_pkg) by extensions ['colcon_pkg']
[0.256s] Level 1:colcon.colcon_core.package_identification:_identify(src/my_cpp_pkg) by extension 'colcon_pkg'
[0.256s] Level 1:colcon.colcon_core.package_identification:_identify(src/my_cpp_pkg) by extensions ['colcon_meta']
[0.257s] Level 1:colcon.colcon_core.package_identification:_identify(src/my_cpp_pkg) by extension 'colcon_meta'
[0.257s] Level 1:colcon.colcon_core.package_identification:_identify(src/my_cpp_pkg) by extensions ['ros']
[0.257s] Level 1:colcon.colcon_core.package_identification:_identify(src/my_cpp_pkg) by extension 'ros'
[0.259s] DEBUG:colcon.colcon_core.package_identification:Package 'src/my_cpp_pkg' with type 'ros.ament_cmake' and name 'my_cpp_pkg'
[0.259s] Level 1:colcon.colcon_core.package_identification:_identify(src/my_py_pkg) by extensions ['ignore', 'ignore_ament_install']
[0.259s] Level 1:colcon.colcon_core.package_identification:_identify(src/my_py_pkg) by extension 'ignore'
[0.259s] Level 1:colcon.colcon_core.package_identification:_identify(src/my_py_pkg) by extension 'ignore_ament_install'
[0.259s] Level 1:colcon.colcon_core.package_identification:_identify(src/my_py_pkg) by extensions ['colcon_pkg']
[0.259s] Level 1:colcon.colcon_core.package_identification:_identify(src/my_py_pkg) by extension 'colcon_pkg'
[0.259s] Level 1:colcon.colcon_core.package_identification:_identify(src/my_py_pkg) by extensions ['colcon_meta']
[0.259s] Level 1:colcon.colcon_core.package_identification:_identify(src/my_py_pkg) by extension 'colcon_meta'
[0.259s] Level 1:colcon.colcon_core.package_identification:_identify(src/my_py_pkg) by extensions ['ros']
[0.259s] Level 1:colcon.colcon_core.package_identification:_identify(src/my_py_pkg) by extension 'ros'
[0.260s] DEBUG:colcon.colcon_core.package_identification:Package 'src/my_py_pkg' with type 'ros.ament_python' and name 'my_py_pkg'
[0.260s] Level 1:colcon.colcon_core.package_identification:_identify(src/my_robot_bringup) by extensions ['ignore', 'ignore_ament_install']
[0.260s] Level 1:colcon.colcon_core.package_identification:_identify(src/my_robot_bringup) by extension 'ignore'
[0.260s] Level 1:colcon.colcon_core.package_identification:_identify(src/my_robot_bringup) by extension 'ignore_ament_install'
[0.260s] Level 1:colcon.colcon_core.package_identification:_identify(src/my_robot_bringup) by extensions ['colcon_pkg']
[0.260s] Level 1:colcon.colcon_core.package_identification:_identify(src/my_robot_bringup) by extension 'colcon_pkg'
[0.260s] Level 1:colcon.colcon_core.package_identification:_identify(src/my_robot_bringup) by extensions ['colcon_meta']
[0.260s] Level 1:colcon.colcon_core.package_identification:_identify(src/my_robot_bringup) by extension 'colcon_meta'
[0.260s] Level 1:colcon.colcon_core.package_identification:_identify(src/my_robot_bringup) by extensions ['ros']
[0.260s] Level 1:colcon.colcon_core.package_identification:_identify(src/my_robot_bringup) by extension 'ros'
[0.261s] DEBUG:colcon.colcon_core.package_identification:Package 'src/my_robot_bringup' with type 'ros.ament_cmake' and name 'my_robot_bringup'
[0.261s] Level 1:colcon.colcon_core.package_identification:_identify(src/my_robot_interfaces) by extensions ['ignore', 'ignore_ament_install']
[0.261s] Level 1:colcon.colcon_core.package_identification:_identify(src/my_robot_interfaces) by extension 'ignore'
[0.261s] Level 1:colcon.colcon_core.package_identification:_identify(src/my_robot_interfaces) by extension 'ignore_ament_install'
[0.261s] Level 1:colcon.colcon_core.package_identification:_identify(src/my_robot_interfaces) by extensions ['colcon_pkg']
[0.261s] Level 1:colcon.colcon_core.package_identification:_identify(src/my_robot_interfaces) by extension 'colcon_pkg'
[0.261s] Level 1:colcon.colcon_core.package_identification:_identify(src/my_robot_interfaces) by extensions ['colcon_meta']
[0.261s] Level 1:colcon.colcon_core.package_identification:_identify(src/my_robot_interfaces) by extension 'colcon_meta'
[0.261s] Level 1:colcon.colcon_core.package_identification:_identify(src/my_robot_interfaces) by extensions ['ros']
[0.261s] Level 1:colcon.colcon_core.package_identification:_identify(src/my_robot_interfaces) by extension 'ros'
[0.262s] DEBUG:colcon.colcon_core.package_identification:Package 'src/my_robot_interfaces' with type 'ros.ament_cmake' and name 'my_robot_interfaces'
[0.262s] Level 1:colcon.colcon_core.package_identification:_identify(src/py_pubsub) by extensions ['ignore', 'ignore_ament_install']
[0.262s] Level 1:colcon.colcon_core.package_identification:_identify(src/py_pubsub) by extension 'ignore'
[0.262s] Level 1:colcon.colcon_core.package_identification:_identify(src/py_pubsub) by extension 'ignore_ament_install'
[0.262s] Level 1:colcon.colcon_core.package_identification:_identify(src/py_pubsub) by extensions ['colcon_pkg']
[0.262s] Level 1:colcon.colcon_core.package_identification:_identify(src/py_pubsub) by extension 'colcon_pkg'
[0.262s] Level 1:colcon.colcon_core.package_identification:_identify(src/py_pubsub) by extensions ['colcon_meta']
[0.262s] Level 1:colcon.colcon_core.package_identification:_identify(src/py_pubsub) by extension 'colcon_meta'
[0.262s] Level 1:colcon.colcon_core.package_identification:_identify(src/py_pubsub) by extensions ['ros']
[0.262s] Level 1:colcon.colcon_core.package_identification:_identify(src/py_pubsub) by extension 'ros'
[0.263s] DEBUG:colcon.colcon_core.package_identification:Package 'src/py_pubsub' with type 'ros.ament_python' and name 'py_pubsub'
[0.263s] Level 1:colcon.colcon_core.package_identification:_identify(src/py_srvcli) by extensions ['ignore', 'ignore_ament_install']
[0.263s] Level 1:colcon.colcon_core.package_identification:_identify(src/py_srvcli) by extension 'ignore'
[0.263s] Level 1:colcon.colcon_core.package_identification:_identify(src/py_srvcli) by extension 'ignore_ament_install'
[0.263s] Level 1:colcon.colcon_core.package_identification:_identify(src/py_srvcli) by extensions ['colcon_pkg']
[0.263s] Level 1:colcon.colcon_core.package_identification:_identify(src/py_srvcli) by extension 'colcon_pkg'
[0.263s] Level 1:colcon.colcon_core.package_identification:_identify(src/py_srvcli) by extensions ['colcon_meta']
[0.263s] Level 1:colcon.colcon_core.package_identification:_identify(src/py_srvcli) by extension 'colcon_meta'
[0.263s] Level 1:colcon.colcon_core.package_identification:_identify(src/py_srvcli) by extensions ['ros']
[0.263s] Level 1:colcon.colcon_core.package_identification:_identify(src/py_srvcli) by extension 'ros'
[0.264s] DEBUG:colcon.colcon_core.package_identification:Package 'src/py_srvcli' with type 'ros.ament_python' and name 'py_srvcli'
[0.264s] Level 1:colcon.colcon_core.package_identification:_identify(src/tutorial_interfaces) by extensions ['ignore', 'ignore_ament_install']
[0.264s] Level 1:colcon.colcon_core.package_identification:_identify(src/tutorial_interfaces) by extension 'ignore'
[0.264s] Level 1:colcon.colcon_core.package_identification:_identify(src/tutorial_interfaces) by extension 'ignore_ament_install'
[0.264s] Level 1:colcon.colcon_core.package_identification:_identify(src/tutorial_interfaces) by extensions ['colcon_pkg']
[0.264s] Level 1:colcon.colcon_core.package_identification:_identify(src/tutorial_interfaces) by extension 'colcon_pkg'
[0.264s] Level 1:colcon.colcon_core.package_identification:_identify(src/tutorial_interfaces) by extensions ['colcon_meta']
[0.264s] Level 1:colcon.colcon_core.package_identification:_identify(src/tutorial_interfaces) by extension 'colcon_meta'
[0.264s] Level 1:colcon.colcon_core.package_identification:_identify(src/tutorial_interfaces) by extensions ['ros']
[0.264s] Level 1:colcon.colcon_core.package_identification:_identify(src/tutorial_interfaces) by extension 'ros'
[0.265s] DEBUG:colcon.colcon_core.package_identification:Package 'src/tutorial_interfaces' with type 'ros.ament_cmake' and name 'tutorial_interfaces'
[0.265s] Level 1:colcon.colcon_core.package_discovery:discover_packages(recursive) using defaults
[0.265s] Level 1:colcon.colcon_core.package_discovery:discover_packages(ignore) discover
[0.265s] Level 1:colcon.colcon_core.package_discovery:discover_packages(ignore) using defaults
[0.265s] Level 1:colcon.colcon_core.package_discovery:discover_packages(path) discover
[0.265s] Level 1:colcon.colcon_core.package_discovery:discover_packages(path) using defaults
[0.283s] Level 1:colcon.colcon_core.package_discovery:discover_packages(prefix_path) check parameters
[0.283s] Level 1:colcon.colcon_core.package_discovery:discover_packages(prefix_path) discover
[0.285s] DEBUG:colcon.colcon_installed_package_information.package_discovery:Found 7 installed packages in /home/robotserver/ros2_ws/install
[0.286s] DEBUG:colcon.colcon_installed_package_information.package_discovery:Found 3 installed packages in /home/robotserver/Desktop/git/create3_main/install
[0.286s] DEBUG:colcon.colcon_installed_package_information.package_discovery:Found 1 installed packages in /home/robotserver/ros2_ws/src/tutorial_interfaces/install
[0.287s] DEBUG:colcon.colcon_installed_package_information.package_discovery:Found 305 installed packages in /opt/ros/humble
[0.289s] Level 1:colcon.colcon_core.package_discovery:discover_packages(prefix_path) using defaults
[0.339s] Level 5:colcon.colcon_core.verb:set package 'my_robot_interfaces' build argument 'cmake_args' from command line to 'None'
[0.339s] Level 5:colcon.colcon_core.verb:set package 'my_robot_interfaces' build argument 'cmake_target' from command line to 'None'
[0.339s] Level 5:colcon.colcon_core.verb:set package 'my_robot_interfaces' build argument 'cmake_target_skip_unavailable' from command line to 'False'
[0.339s] Level 5:colcon.colcon_core.verb:set package 'my_robot_interfaces' build argument 'cmake_clean_cache' from command line to 'False'
[0.340s] Level 5:colcon.colcon_core.verb:set package 'my_robot_interfaces' build argument 'cmake_clean_first' from command line to 'False'
[0.340s] Level 5:colcon.colcon_core.verb:set package 'my_robot_interfaces' build argument 'cmake_force_configure' from command line to 'False'
[0.340s] Level 5:colcon.colcon_core.verb:set package 'my_robot_interfaces' build argument 'ament_cmake_args' from command line to 'None'
[0.340s] Level 5:colcon.colcon_core.verb:set package 'my_robot_interfaces' build argument 'catkin_cmake_args' from command line to 'None'
[0.340s] Level 5:colcon.colcon_core.verb:set package 'my_robot_interfaces' build argument 'catkin_skip_building_tests' from command line to 'False'
[0.340s] DEBUG:colcon.colcon_core.verb:Building package 'my_robot_interfaces' with the following arguments: {'ament_cmake_args': None, 'build_base': '/home/robotserver/ros2_ws/build/my_robot_interfaces', 'catkin_cmake_args': None, 'catkin_skip_building_tests': False, 'cmake_args': None, 'cmake_clean_cache': False, 'cmake_clean_first': False, 'cmake_force_configure': False, 'cmake_target': None, 'cmake_target_skip_unavailable': False, 'install_base': '/home/robotserver/ros2_ws/install/my_robot_interfaces', 'merge_install': False, 'path': '/home/robotserver/ros2_ws/src/my_robot_interfaces', 'symlink_install': False, 'test_result_base': None}
[0.340s] Level 5:colcon.colcon_core.verb:set package 'tutorial_interfaces' build argument 'cmake_args' from command line to 'None'
[0.340s] Level 5:colcon.colcon_core.verb:set package 'tutorial_interfaces' build argument 'cmake_target' from command line to 'None'
[0.340s] Level 5:colcon.colcon_core.verb:set package 'tutorial_interfaces' build argument 'cmake_target_skip_unavailable' from command line to 'False'
[0.340s] Level 5:colcon.colcon_core.verb:set package 'tutorial_interfaces' build argument 'cmake_clean_cache' from command line to 'False'
[0.340s] Level 5:colcon.colcon_core.verb:set package 'tutorial_interfaces' build argument 'cmake_clean_first' from command line to 'False'
[0.340s] Level 5:colcon.colcon_core.verb:set package 'tutorial_interfaces' build argument 'cmake_force_configure' from command line to 'False'
[0.340s] Level 5:colcon.colcon_core.verb:set package 'tutorial_interfaces' build argument 'ament_cmake_args' from command line to 'None'
[0.340s] Level 5:colcon.colcon_core.verb:set package 'tutorial_interfaces' build argument 'catkin_cmake_args' from command line to 'None'
[0.340s] Level 5:colcon.colcon_core.verb:set package 'tutorial_interfaces' build argument 'catkin_skip_building_tests' from command line to 'False'
[0.340s] DEBUG:colcon.colcon_core.verb:Building package 'tutorial_interfaces' with the following arguments: {'ament_cmake_args': None, 'build_base': '/home/robotserver/ros2_ws/build/tutorial_interfaces', 'catkin_cmake_args': None, 'catkin_skip_building_tests': False, 'cmake_args': None, 'cmake_clean_cache': False, 'cmake_clean_first': False, 'cmake_force_configure': False, 'cmake_target': None, 'cmake_target_skip_unavailable': False, 'install_base': '/home/robotserver/ros2_ws/install/tutorial_interfaces', 'merge_install': False, 'path': '/home/robotserver/ros2_ws/src/tutorial_interfaces', 'symlink_install': False, 'test_result_base': None}
[0.341s] Level 5:colcon.colcon_core.verb:set package 'my_cpp_pkg' build argument 'cmake_args' from command line to 'None'
[0.341s] Level 5:colcon.colcon_core.verb:set package 'my_cpp_pkg' build argument 'cmake_target' from command line to 'None'
[0.341s] Level 5:colcon.colcon_core.verb:set package 'my_cpp_pkg' build argument 'cmake_target_skip_unavailable' from command line to 'False'
[0.341s] Level 5:colcon.colcon_core.verb:set package 'my_cpp_pkg' build argument 'cmake_clean_cache' from command line to 'False'
[0.341s] Level 5:colcon.colcon_core.verb:set package 'my_cpp_pkg' build argument 'cmake_clean_first' from command line to 'False'
[0.341s] Level 5:colcon.colcon_core.verb:set package 'my_cpp_pkg' build argument 'cmake_force_configure' from command line to 'False'
[0.341s] Level 5:colcon.colcon_core.verb:set package 'my_cpp_pkg' build argument 'ament_cmake_args' from command line to 'None'
[0.341s] Level 5:colcon.colcon_core.verb:set package 'my_cpp_pkg' build argument 'catkin_cmake_args' from command line to 'None'
[0.341s] Level 5:colcon.colcon_core.verb:set package 'my_cpp_pkg' build argument 'catkin_skip_building_tests' from command line to 'False'
[0.341s] DEBUG:colcon.colcon_core.verb:Building package 'my_cpp_pkg' with the following arguments: {'ament_cmake_args': None, 'build_base': '/home/robotserver/ros2_ws/build/my_cpp_pkg', 'catkin_cmake_args': None, 'catkin_skip_building_tests': False, 'cmake_args': None, 'cmake_clean_cache': False, 'cmake_clean_first': False, 'cmake_force_configure': False, 'cmake_target': None, 'cmake_target_skip_unavailable': False, 'install_base': '/home/robotserver/ros2_ws/install/my_cpp_pkg', 'merge_install': False, 'path': '/home/robotserver/ros2_ws/src/my_cpp_pkg', 'symlink_install': False, 'test_result_base': None}
[0.341s] Level 5:colcon.colcon_core.verb:set package 'my_py_pkg' build argument 'cmake_args' from command line to 'None'
[0.341s] Level 5:colcon.colcon_core.verb:set package 'my_py_pkg' build argument 'cmake_target' from command line to 'None'
[0.341s] Level 5:colcon.colcon_core.verb:set package 'my_py_pkg' build argument 'cmake_target_skip_unavailable' from command line to 'False'
[0.341s] Level 5:colcon.colcon_core.verb:set package 'my_py_pkg' build argument 'cmake_clean_cache' from command line to 'False'
[0.341s] Level 5:colcon.colcon_core.verb:set package 'my_py_pkg' build argument 'cmake_clean_first' from command line to 'False'
[0.341s] Level 5:colcon.colcon_core.verb:set package 'my_py_pkg' build argument 'cmake_force_configure' from command line to 'False'
[0.341s] Level 5:colcon.colcon_core.verb:set package 'my_py_pkg' build argument 'ament_cmake_args' from command line to 'None'
[0.341s] Level 5:colcon.colcon_core.verb:set package 'my_py_pkg' build argument 'catkin_cmake_args' from command line to 'None'
[0.341s] Level 5:colcon.colcon_core.verb:set package 'my_py_pkg' build argument 'catkin_skip_building_tests' from command line to 'False'
[0.341s] DEBUG:colcon.colcon_core.verb:Building package 'my_py_pkg' with the following arguments: {'ament_cmake_args': None, 'build_base': '/home/robotserver/ros2_ws/build/my_py_pkg', 'catkin_cmake_args': None, 'catkin_skip_building_tests': False, 'cmake_args': None, 'cmake_clean_cache': False, 'cmake_clean_first': False, 'cmake_force_configure': False, 'cmake_target': None, 'cmake_target_skip_unavailable': False, 'install_base': '/home/robotserver/ros2_ws/install/my_py_pkg', 'merge_install': False, 'path': '/home/robotserver/ros2_ws/src/my_py_pkg', 'symlink_install': False, 'test_result_base': None}
[0.342s] Level 5:colcon.colcon_core.verb:set package 'py_pubsub' build argument 'cmake_args' from command line to 'None'
[0.342s] Level 5:colcon.colcon_core.verb:set package 'py_pubsub' build argument 'cmake_target' from command line to 'None'
[0.342s] Level 5:colcon.colcon_core.verb:set package 'py_pubsub' build argument 'cmake_target_skip_unavailable' from command line to 'False'
[0.342s] Level 5:colcon.colcon_core.verb:set package 'py_pubsub' build argument 'cmake_clean_cache' from command line to 'False'
[0.342s] Level 5:colcon.colcon_core.verb:set package 'py_pubsub' build argument 'cmake_clean_first' from command line to 'False'
[0.342s] Level 5:colcon.colcon_core.verb:set package 'py_pubsub' build argument 'cmake_force_configure' from command line to 'False'
[0.342s] Level 5:colcon.colcon_core.verb:set package 'py_pubsub' build argument 'ament_cmake_args' from command line to 'None'
[0.342s] Level 5:colcon.colcon_core.verb:set package 'py_pubsub' build argument 'catkin_cmake_args' from command line to 'None'
[0.342s] Level 5:colcon.colcon_core.verb:set package 'py_pubsub' build argument 'catkin_skip_building_tests' from command line to 'False'
[0.342s] DEBUG:colcon.colcon_core.verb:Building package 'py_pubsub' with the following arguments: {'ament_cmake_args': None, 'build_base': '/home/robotserver/ros2_ws/build/py_pubsub', 'catkin_cmake_args': None, 'catkin_skip_building_tests': False, 'cmake_args': None, 'cmake_clean_cache': False, 'cmake_clean_first': False, 'cmake_force_configure': False, 'cmake_target': None, 'cmake_target_skip_unavailable': False, 'install_base': '/home/robotserver/ros2_ws/install/py_pubsub', 'merge_install': False, 'path': '/home/robotserver/ros2_ws/src/py_pubsub', 'symlink_install': False, 'test_result_base': None}
[0.342s] Level 5:colcon.colcon_core.verb:set package 'py_srvcli' build argument 'cmake_args' from command line to 'None'
[0.342s] Level 5:colcon.colcon_core.verb:set package 'py_srvcli' build argument 'cmake_target' from command line to 'None'
[0.342s] Level 5:colcon.colcon_core.verb:set package 'py_srvcli' build argument 'cmake_target_skip_unavailable' from command line to 'False'
[0.342s] Level 5:colcon.colcon_core.verb:set package 'py_srvcli' build argument 'cmake_clean_cache' from command line to 'False'
[0.342s] Level 5:colcon.colcon_core.verb:set package 'py_srvcli' build argument 'cmake_clean_first' from command line to 'False'
[0.342s] Level 5:colcon.colcon_core.verb:set package 'py_srvcli' build argument 'cmake_force_configure' from command line to 'False'
[0.342s] Level 5:colcon.colcon_core.verb:set package 'py_srvcli' build argument 'ament_cmake_args' from command line to 'None'
[0.342s] Level 5:colcon.colcon_core.verb:set package 'py_srvcli' build argument 'catkin_cmake_args' from command line to 'None'
[0.342s] Level 5:colcon.colcon_core.verb:set package 'py_srvcli' build argument 'catkin_skip_building_tests' from command line to 'False'
[0.342s] DEBUG:colcon.colcon_core.verb:Building package 'py_srvcli' with the following arguments: {'ament_cmake_args': None, 'build_base': '/home/robotserver/ros2_ws/build/py_srvcli', 'catkin_cmake_args': None, 'catkin_skip_building_tests': False, 'cmake_args': None, 'cmake_clean_cache': False, 'cmake_clean_first': False, 'cmake_force_configure': False, 'cmake_target': None, 'cmake_target_skip_unavailable': False, 'install_base': '/home/robotserver/ros2_ws/install/py_srvcli', 'merge_install': False, 'path': '/home/robotserver/ros2_ws/src/py_srvcli', 'symlink_install': False, 'test_result_base': None}
[0.343s] Level 5:colcon.colcon_core.verb:set package 'my_robot_bringup' build argument 'cmake_args' from command line to 'None'
[0.343s] Level 5:colcon.colcon_core.verb:set package 'my_robot_bringup' build argument 'cmake_target' from command line to 'None'
[0.343s] Level 5:colcon.colcon_core.verb:set package 'my_robot_bringup' build argument 'cmake_target_skip_unavailable' from command line to 'False'
[0.343s] Level 5:colcon.colcon_core.verb:set package 'my_robot_bringup' build argument 'cmake_clean_cache' from command line to 'False'
[0.343s] Level 5:colcon.colcon_core.verb:set package 'my_robot_bringup' build argument 'cmake_clean_first' from command line to 'False'
[0.343s] Level 5:colcon.colcon_core.verb:set package 'my_robot_bringup' build argument 'cmake_force_configure' from command line to 'False'
[0.343s] Level 5:colcon.colcon_core.verb:set package 'my_robot_bringup' build argument 'ament_cmake_args' from command line to 'None'
[0.343s] Level 5:colcon.colcon_core.verb:set package 'my_robot_bringup' build argument 'catkin_cmake_args' from command line to 'None'
[0.343s] Level 5:colcon.colcon_core.verb:set package 'my_robot_bringup' build argument 'catkin_skip_building_tests' from command line to 'False'
[0.343s] DEBUG:colcon.colcon_core.verb:Building package 'my_robot_bringup' with the following arguments: {'ament_cmake_args': None, 'build_base': '/home/robotserver/ros2_ws/build/my_robot_bringup', 'catkin_cmake_args': None, 'catkin_skip_building_tests': False, 'cmake_args': None, 'cmake_clean_cache': False, 'cmake_clean_first': False, 'cmake_force_configure': False, 'cmake_target': None, 'cmake_target_skip_unavailable': False, 'install_base': '/home/robotserver/ros2_ws/install/my_robot_bringup', 'merge_install': False, 'path': '/home/robotserver/ros2_ws/src/my_robot_bringup', 'symlink_install': False, 'test_result_base': None}
[0.343s] INFO:colcon.colcon_core.executor:Executing jobs using 'parallel' executor
[0.344s] DEBUG:colcon.colcon_parallel_executor.executor.parallel:run_until_complete
[0.344s] INFO:colcon.colcon_ros.task.ament_cmake.build:Building ROS package in '/home/robotserver/ros2_ws/src/my_robot_interfaces' with build type 'ament_cmake'
[0.344s] INFO:colcon.colcon_cmake.task.cmake.build:Building CMake package in '/home/robotserver/ros2_ws/src/my_robot_interfaces'
[0.347s] INFO:colcon.colcon_core.plugin_system:Skipping extension 'colcon_core.shell.bat': Not used on non-Windows systems
[0.347s] INFO:colcon.colcon_core.shell:Skip shell extension 'powershell' for command environment: Not usable outside of PowerShell
[0.347s] DEBUG:colcon.colcon_core.shell:Skip shell extension 'dsv' for command environment
[0.351s] INFO:colcon.colcon_ros.task.ament_cmake.build:Building ROS package in '/home/robotserver/ros2_ws/src/tutorial_interfaces' with build type 'ament_cmake'
[0.351s] INFO:colcon.colcon_cmake.task.cmake.build:Building CMake package in '/home/robotserver/ros2_ws/src/tutorial_interfaces'
[0.351s] INFO:colcon.colcon_core.shell:Skip shell extension 'powershell' for command environment: Not usable outside of PowerShell
[0.351s] DEBUG:colcon.colcon_core.shell:Skip shell extension 'dsv' for command environment
[0.360s] DEBUG:colcon.colcon_core.event_handler.log_command:Invoking command in '/home/robotserver/ros2_ws/build/my_robot_interfaces': CMAKE_PREFIX_PATH=${CMAKE_PREFIX_PATH}:/home/robotserver/ros2_ws/install/py_srvcli:/home/robotserver/ros2_ws/install/py_pubsub:/home/robotserver/ros2_ws/install/my_py_pkg:/home/robotserver/Desktop/git/create3_main/install/create3_teleop:/home/robotserver/Desktop/git/create3_main/install/create3_msg_transfer:/home/robotserver/Desktop/git/create3_main/install/create3_control:/opt/ros/humble /usr/bin/cmake --build /home/robotserver/ros2_ws/build/my_robot_interfaces -- -j8 -l8
[0.365s] DEBUG:colcon.colcon_core.event_handler.log_command:Invoking command in '/home/robotserver/ros2_ws/build/tutorial_interfaces': CMAKE_PREFIX_PATH=${CMAKE_PREFIX_PATH}:/home/robotserver/ros2_ws/install/py_srvcli:/home/robotserver/ros2_ws/install/py_pubsub:/home/robotserver/ros2_ws/install/my_py_pkg:/home/robotserver/Desktop/git/create3_main/install/create3_teleop:/home/robotserver/Desktop/git/create3_main/install/create3_msg_transfer:/home/robotserver/Desktop/git/create3_main/install/create3_control:/opt/ros/humble /usr/bin/cmake --build /home/robotserver/ros2_ws/build/tutorial_interfaces -- -j8 -l8
[0.802s] DEBUG:colcon.colcon_core.event_handler.log_command:Invoked command in '/home/robotserver/ros2_ws/build/my_robot_interfaces' returned '0': CMAKE_PREFIX_PATH=${CMAKE_PREFIX_PATH}:/home/robotserver/ros2_ws/install/py_srvcli:/home/robotserver/ros2_ws/install/py_pubsub:/home/robotserver/ros2_ws/install/my_py_pkg:/home/robotserver/Desktop/git/create3_main/install/create3_teleop:/home/robotserver/Desktop/git/create3_main/install/create3_msg_transfer:/home/robotserver/Desktop/git/create3_main/install/create3_control:/opt/ros/humble /usr/bin/cmake --build /home/robotserver/ros2_ws/build/my_robot_interfaces -- -j8 -l8
[0.805s] DEBUG:colcon.colcon_core.event_handler.log_command:Invoked command in '/home/robotserver/ros2_ws/build/tutorial_interfaces' returned '0': CMAKE_PREFIX_PATH=${CMAKE_PREFIX_PATH}:/home/robotserver/ros2_ws/install/py_srvcli:/home/robotserver/ros2_ws/install/py_pubsub:/home/robotserver/ros2_ws/install/my_py_pkg:/home/robotserver/Desktop/git/create3_main/install/create3_teleop:/home/robotserver/Desktop/git/create3_main/install/create3_msg_transfer:/home/robotserver/Desktop/git/create3_main/install/create3_control:/opt/ros/humble /usr/bin/cmake --build /home/robotserver/ros2_ws/build/tutorial_interfaces -- -j8 -l8
[0.895s] DEBUG:colcon.colcon_core.event_handler.log_command:Invoking command in '/home/robotserver/ros2_ws/build/tutorial_interfaces': CMAKE_PREFIX_PATH=${CMAKE_PREFIX_PATH}:/home/robotserver/ros2_ws/install/py_srvcli:/home/robotserver/ros2_ws/install/py_pubsub:/home/robotserver/ros2_ws/install/my_py_pkg:/home/robotserver/Desktop/git/create3_main/install/create3_teleop:/home/robotserver/Desktop/git/create3_main/install/create3_msg_transfer:/home/robotserver/Desktop/git/create3_main/install/create3_control:/opt/ros/humble /usr/bin/cmake --install /home/robotserver/ros2_ws/build/tutorial_interfaces
[0.901s] DEBUG:colcon.colcon_core.event_handler.log_command:Invoking command in '/home/robotserver/ros2_ws/build/my_robot_interfaces': CMAKE_PREFIX_PATH=${CMAKE_PREFIX_PATH}:/home/robotserver/ros2_ws/install/py_srvcli:/home/robotserver/ros2_ws/install/py_pubsub:/home/robotserver/ros2_ws/install/my_py_pkg:/home/robotserver/Desktop/git/create3_main/install/create3_teleop:/home/robotserver/Desktop/git/create3_main/install/create3_msg_transfer:/home/robotserver/Desktop/git/create3_main/install/create3_control:/opt/ros/humble /usr/bin/cmake --install /home/robotserver/ros2_ws/build/my_robot_interfaces
[0.953s] Level 1:colcon.colcon_core.environment:create_environment_scripts_only(tutorial_interfaces)
[0.957s] DEBUG:colcon.colcon_core.event_handler.log_command:Invoked command in '/home/robotserver/ros2_ws/build/tutorial_interfaces' returned '0': CMAKE_PREFIX_PATH=${CMAKE_PREFIX_PATH}:/home/robotserver/ros2_ws/install/py_srvcli:/home/robotserver/ros2_ws/install/py_pubsub:/home/robotserver/ros2_ws/install/my_py_pkg:/home/robotserver/Desktop/git/create3_main/install/create3_teleop:/home/robotserver/Desktop/git/create3_main/install/create3_msg_transfer:/home/robotserver/Desktop/git/create3_main/install/create3_control:/opt/ros/humble /usr/bin/cmake --install /home/robotserver/ros2_ws/build/tutorial_interfaces
[0.959s] Level 1:colcon.colcon_core.environment:checking '/home/robotserver/ros2_ws/install/tutorial_interfaces' for CMake module files
[0.960s] Level 1:colcon.colcon_core.environment:checking '/home/robotserver/ros2_ws/install/tutorial_interfaces' for CMake config files
[0.960s] Level 1:colcon.colcon_core.shell:create_environment_hook('tutorial_interfaces', 'cmake_prefix_path')
[0.961s] INFO:colcon.colcon_core.shell:Creating environment hook '/home/robotserver/ros2_ws/install/tutorial_interfaces/share/tutorial_interfaces/hook/cmake_prefix_path.ps1'
[0.961s] INFO:colcon.colcon_core.shell:Creating environment descriptor '/home/robotserver/ros2_ws/install/tutorial_interfaces/share/tutorial_interfaces/hook/cmake_prefix_path.dsv'
[0.962s] INFO:colcon.colcon_core.shell:Creating environment hook '/home/robotserver/ros2_ws/install/tutorial_interfaces/share/tutorial_interfaces/hook/cmake_prefix_path.sh'
[0.962s] Level 1:colcon.colcon_core.environment:checking '/home/robotserver/ros2_ws/install/tutorial_interfaces/lib'
[0.963s] Level 1:colcon.colcon_core.shell:create_environment_hook('tutorial_interfaces', 'ld_library_path_lib')
[0.963s] INFO:colcon.colcon_core.shell:Creating environment hook '/home/robotserver/ros2_ws/install/tutorial_interfaces/share/tutorial_interfaces/hook/ld_library_path_lib.ps1'
[0.963s] INFO:colcon.colcon_core.shell:Creating environment descriptor '/home/robotserver/ros2_ws/install/tutorial_interfaces/share/tutorial_interfaces/hook/ld_library_path_lib.dsv'
[0.963s] INFO:colcon.colcon_core.shell:Creating environment hook '/home/robotserver/ros2_ws/install/tutorial_interfaces/share/tutorial_interfaces/hook/ld_library_path_lib.sh'
[0.964s] Level 1:colcon.colcon_core.environment:checking '/home/robotserver/ros2_ws/install/tutorial_interfaces/bin'
[0.964s] Level 1:colcon.colcon_core.environment:checking '/home/robotserver/ros2_ws/install/tutorial_interfaces/lib/pkgconfig/tutorial_interfaces.pc'
[0.964s] Level 1:colcon.colcon_core.environment:checking '/home/robotserver/ros2_ws/install/tutorial_interfaces/lib/python3.10/site-packages'
[0.964s] Level 1:colcon.colcon_core.environment:checking '/home/robotserver/ros2_ws/install/tutorial_interfaces/bin'
[0.964s] INFO:colcon.colcon_core.shell:Creating package script '/home/robotserver/ros2_ws/install/tutorial_interfaces/share/tutorial_interfaces/package.ps1'
[0.965s] INFO:colcon.colcon_core.shell:Creating package descriptor '/home/robotserver/ros2_ws/install/tutorial_interfaces/share/tutorial_interfaces/package.dsv'
[0.966s] INFO:colcon.colcon_core.shell:Creating package script '/home/robotserver/ros2_ws/install/tutorial_interfaces/share/tutorial_interfaces/package.sh'
[0.966s] INFO:colcon.colcon_core.shell:Creating package script '/home/robotserver/ros2_ws/install/tutorial_interfaces/share/tutorial_interfaces/package.bash'
[0.967s] INFO:colcon.colcon_core.shell:Creating package script '/home/robotserver/ros2_ws/install/tutorial_interfaces/share/tutorial_interfaces/package.zsh'
[0.967s] Level 1:colcon.colcon_core.environment:create_file_with_runtime_dependencies(/home/robotserver/ros2_ws/install/tutorial_interfaces/share/colcon-core/packages/tutorial_interfaces)
[0.969s] Level 1:colcon.colcon_core.environment:create_environment_scripts_only(my_robot_interfaces)
[0.969s] Level 1:colcon.colcon_core.environment:checking '/home/robotserver/ros2_ws/install/my_robot_interfaces' for CMake module files
[0.970s] DEBUG:colcon.colcon_core.event_handler.log_command:Invoked command in '/home/robotserver/ros2_ws/build/my_robot_interfaces' returned '0': CMAKE_PREFIX_PATH=${CMAKE_PREFIX_PATH}:/home/robotserver/ros2_ws/install/py_srvcli:/home/robotserver/ros2_ws/install/py_pubsub:/home/robotserver/ros2_ws/install/my_py_pkg:/home/robotserver/Desktop/git/create3_main/install/create3_teleop:/home/robotserver/Desktop/git/create3_main/install/create3_msg_transfer:/home/robotserver/Desktop/git/create3_main/install/create3_control:/opt/ros/humble /usr/bin/cmake --install /home/robotserver/ros2_ws/build/my_robot_interfaces
[0.970s] Level 1:colcon.colcon_core.environment:checking '/home/robotserver/ros2_ws/install/my_robot_interfaces' for CMake config files
[0.971s] Level 1:colcon.colcon_core.shell:create_environment_hook('my_robot_interfaces', 'cmake_prefix_path')
[0.971s] INFO:colcon.colcon_core.shell:Creating environment hook '/home/robotserver/ros2_ws/install/my_robot_interfaces/share/my_robot_interfaces/hook/cmake_prefix_path.ps1'
[0.971s] INFO:colcon.colcon_core.shell:Creating environment descriptor '/home/robotserver/ros2_ws/install/my_robot_interfaces/share/my_robot_interfaces/hook/cmake_prefix_path.dsv'
[0.972s] INFO:colcon.colcon_core.shell:Creating environment hook '/home/robotserver/ros2_ws/install/my_robot_interfaces/share/my_robot_interfaces/hook/cmake_prefix_path.sh'
[0.972s] Level 1:colcon.colcon_core.environment:checking '/home/robotserver/ros2_ws/install/my_robot_interfaces/lib'
[0.972s] Level 1:colcon.colcon_core.shell:create_environment_hook('my_robot_interfaces', 'ld_library_path_lib')
[0.973s] INFO:colcon.colcon_core.shell:Creating environment hook '/home/robotserver/ros2_ws/install/my_robot_interfaces/share/my_robot_interfaces/hook/ld_library_path_lib.ps1'
[0.973s] INFO:colcon.colcon_core.shell:Creating environment descriptor '/home/robotserver/ros2_ws/install/my_robot_interfaces/share/my_robot_interfaces/hook/ld_library_path_lib.dsv'
[0.973s] INFO:colcon.colcon_core.shell:Creating environment hook '/home/robotserver/ros2_ws/install/my_robot_interfaces/share/my_robot_interfaces/hook/ld_library_path_lib.sh'
[0.973s] Level 1:colcon.colcon_core.environment:checking '/home/robotserver/ros2_ws/install/my_robot_interfaces/bin'
[0.974s] Level 1:colcon.colcon_core.environment:checking '/home/robotserver/ros2_ws/install/my_robot_interfaces/lib/pkgconfig/my_robot_interfaces.pc'
[0.974s] Level 1:colcon.colcon_core.environment:checking '/home/robotserver/ros2_ws/install/my_robot_interfaces/lib/python3.10/site-packages'
[0.974s] Level 1:colcon.colcon_core.environment:checking '/home/robotserver/ros2_ws/install/my_robot_interfaces/bin'
[0.974s] INFO:colcon.colcon_core.shell:Creating package script '/home/robotserver/ros2_ws/install/my_robot_interfaces/share/my_robot_interfaces/package.ps1'
[0.975s] INFO:colcon.colcon_core.shell:Creating package descriptor '/home/robotserver/ros2_ws/install/my_robot_interfaces/share/my_robot_interfaces/package.dsv'
[0.975s] INFO:colcon.colcon_core.shell:Creating package script '/home/robotserver/ros2_ws/install/my_robot_interfaces/share/my_robot_interfaces/package.sh'
[0.975s] INFO:colcon.colcon_core.shell:Creating package script '/home/robotserver/ros2_ws/install/my_robot_interfaces/share/my_robot_interfaces/package.bash'
[0.976s] INFO:colcon.colcon_core.shell:Creating package script '/home/robotserver/ros2_ws/install/my_robot_interfaces/share/my_robot_interfaces/package.zsh'
[0.976s] Level 1:colcon.colcon_core.environment:create_file_with_runtime_dependencies(/home/robotserver/ros2_ws/install/my_robot_interfaces/share/colcon-core/packages/my_robot_interfaces)
[1.052s] Level 1:colcon.colcon_core.environment:create_environment_scripts_only(tutorial_interfaces)
[1.052s] Level 1:colcon.colcon_core.environment:checking '/home/robotserver/ros2_ws/install/tutorial_interfaces' for CMake module files
[1.052s] Level 1:colcon.colcon_core.environment:checking '/home/robotserver/ros2_ws/install/tutorial_interfaces' for CMake config files
[1.053s] Level 1:colcon.colcon_core.shell:create_environment_hook('tutorial_interfaces', 'cmake_prefix_path')
[1.053s] INFO:colcon.colcon_core.shell:Creating environment hook '/home/robotserver/ros2_ws/install/tutorial_interfaces/share/tutorial_interfaces/hook/cmake_prefix_path.ps1'
[1.053s] INFO:colcon.colcon_core.shell:Creating environment descriptor '/home/robotserver/ros2_ws/install/tutorial_interfaces/share/tutorial_interfaces/hook/cmake_prefix_path.dsv'
[1.054s] INFO:colcon.colcon_core.shell:Creating environment hook '/home/robotserver/ros2_ws/install/tutorial_interfaces/share/tutorial_interfaces/hook/cmake_prefix_path.sh'
[1.054s] Level 1:colcon.colcon_core.environment:checking '/home/robotserver/ros2_ws/install/tutorial_interfaces/lib'
[1.054s] Level 1:colcon.colcon_core.shell:create_environment_hook('tutorial_interfaces', 'ld_library_path_lib')
[1.055s] INFO:colcon.colcon_core.shell:Creating environment hook '/home/robotserver/ros2_ws/install/tutorial_interfaces/share/tutorial_interfaces/hook/ld_library_path_lib.ps1'
[1.055s] INFO:colcon.colcon_core.shell:Creating environment descriptor '/home/robotserver/ros2_ws/install/tutorial_interfaces/share/tutorial_interfaces/hook/ld_library_path_lib.dsv'
[1.055s] INFO:colcon.colcon_core.shell:Creating environment hook '/home/robotserver/ros2_ws/install/tutorial_interfaces/share/tutorial_interfaces/hook/ld_library_path_lib.sh'
[1.055s] Level 1:colcon.colcon_core.environment:checking '/home/robotserver/ros2_ws/install/tutorial_interfaces/bin'
[1.056s] Level 1:colcon.colcon_core.environment:checking '/home/robotserver/ros2_ws/install/tutorial_interfaces/lib/pkgconfig/tutorial_interfaces.pc'
[1.056s] Level 1:colcon.colcon_core.environment:checking '/home/robotserver/ros2_ws/install/tutorial_interfaces/lib/python3.10/site-packages'
[1.056s] Level 1:colcon.colcon_core.environment:checking '/home/robotserver/ros2_ws/install/tutorial_interfaces/bin'
[1.056s] INFO:colcon.colcon_core.shell:Creating package script '/home/robotserver/ros2_ws/install/tutorial_interfaces/share/tutorial_interfaces/package.ps1'
[1.057s] INFO:colcon.colcon_core.shell:Creating package descriptor '/home/robotserver/ros2_ws/install/tutorial_interfaces/share/tutorial_interfaces/package.dsv'
[1.058s] INFO:colcon.colcon_core.shell:Creating package script '/home/robotserver/ros2_ws/install/tutorial_interfaces/share/tutorial_interfaces/package.sh'
[1.058s] INFO:colcon.colcon_core.shell:Creating package script '/home/robotserver/ros2_ws/install/tutorial_interfaces/share/tutorial_interfaces/package.bash'
[1.058s] INFO:colcon.colcon_core.shell:Creating package script '/home/robotserver/ros2_ws/install/tutorial_interfaces/share/tutorial_interfaces/package.zsh'
[1.059s] Level 1:colcon.colcon_core.environment:create_file_with_runtime_dependencies(/home/robotserver/ros2_ws/install/tutorial_interfaces/share/colcon-core/packages/tutorial_interfaces)
[1.059s] INFO:colcon.colcon_ros.task.ament_python.build:Building ROS package in '/home/robotserver/ros2_ws/src/py_pubsub' with build type 'ament_python'
[1.059s] Level 1:colcon.colcon_core.shell:create_environment_hook('py_pubsub', 'ament_prefix_path')
[1.060s] INFO:colcon.colcon_core.shell:Creating environment hook '/home/robotserver/ros2_ws/install/py_pubsub/share/py_pubsub/hook/ament_prefix_path.ps1'
[1.060s] INFO:colcon.colcon_core.shell:Creating environment descriptor '/home/robotserver/ros2_ws/install/py_pubsub/share/py_pubsub/hook/ament_prefix_path.dsv'
[1.061s] INFO:colcon.colcon_core.shell:Creating environment hook '/home/robotserver/ros2_ws/install/py_pubsub/share/py_pubsub/hook/ament_prefix_path.sh'
[1.061s] INFO:colcon.colcon_core.shell:Skip shell extension 'powershell' for command environment: Not usable outside of PowerShell
[1.061s] DEBUG:colcon.colcon_core.shell:Skip shell extension 'dsv' for command environment
[1.065s] INFO:colcon.colcon_ros.task.ament_python.build:Building ROS package in '/home/robotserver/ros2_ws/src/py_srvcli' with build type 'ament_python'
[1.065s] Level 1:colcon.colcon_core.shell:create_environment_hook('py_srvcli', 'ament_prefix_path')
[1.065s] INFO:colcon.colcon_core.shell:Creating environment hook '/home/robotserver/ros2_ws/install/py_srvcli/share/py_srvcli/hook/ament_prefix_path.ps1'
[1.066s] INFO:colcon.colcon_core.shell:Creating environment descriptor '/home/robotserver/ros2_ws/install/py_srvcli/share/py_srvcli/hook/ament_prefix_path.dsv'
[1.066s] INFO:colcon.colcon_core.shell:Creating environment hook '/home/robotserver/ros2_ws/install/py_srvcli/share/py_srvcli/hook/ament_prefix_path.sh'
[1.067s] INFO:colcon.colcon_core.shell:Skip shell extension 'powershell' for command environment: Not usable outside of PowerShell
[1.067s] DEBUG:colcon.colcon_core.shell:Skip shell extension 'dsv' for command environment
[1.310s] INFO:colcon.colcon_core.task.python.build:Building Python package in '/home/robotserver/ros2_ws/src/py_pubsub'
[1.310s] INFO:colcon.colcon_core.shell:Skip shell extension 'powershell' for command environment: Not usable outside of PowerShell
[1.310s] DEBUG:colcon.colcon_core.shell:Skip shell extension 'dsv' for command environment
[1.317s] Level 1:colcon.colcon_core.environment:create_environment_scripts_only(my_robot_interfaces)
[1.318s] Level 1:colcon.colcon_core.environment:checking '/home/robotserver/ros2_ws/install/my_robot_interfaces' for CMake module files
[1.319s] Level 1:colcon.colcon_core.environment:checking '/home/robotserver/ros2_ws/install/my_robot_interfaces' for CMake config files
[1.320s] Level 1:colcon.colcon_core.shell:create_environment_hook('my_robot_interfaces', 'cmake_prefix_path')
[1.320s] INFO:colcon.colcon_core.shell:Creating environment hook '/home/robotserver/ros2_ws/install/my_robot_interfaces/share/my_robot_interfaces/hook/cmake_prefix_path.ps1'
[1.320s] INFO:colcon.colcon_core.shell:Creating environment descriptor '/home/robotserver/ros2_ws/install/my_robot_interfaces/share/my_robot_interfaces/hook/cmake_prefix_path.dsv'
[1.321s] INFO:colcon.colcon_core.shell:Creating environment hook '/home/robotserver/ros2_ws/install/my_robot_interfaces/share/my_robot_interfaces/hook/cmake_prefix_path.sh'
[1.321s] Level 1:colcon.colcon_core.environment:checking '/home/robotserver/ros2_ws/install/my_robot_interfaces/lib'
[1.321s] Level 1:colcon.colcon_core.shell:create_environment_hook('my_robot_interfaces', 'ld_library_path_lib')
[1.322s] INFO:colcon.colcon_core.shell:Creating environment hook '/home/robotserver/ros2_ws/install/my_robot_interfaces/share/my_robot_interfaces/hook/ld_library_path_lib.ps1'
[1.322s] INFO:colcon.colcon_core.shell:Creating environment descriptor '/home/robotserver/ros2_ws/install/my_robot_interfaces/share/my_robot_interfaces/hook/ld_library_path_lib.dsv'
[1.322s] INFO:colcon.colcon_core.shell:Creating environment hook '/home/robotserver/ros2_ws/install/my_robot_interfaces/share/my_robot_interfaces/hook/ld_library_path_lib.sh'
[1.323s] Level 1:colcon.colcon_core.environment:checking '/home/robotserver/ros2_ws/install/my_robot_interfaces/bin'
[1.323s] Level 1:colcon.colcon_core.environment:checking '/home/robotserver/ros2_ws/install/my_robot_interfaces/lib/pkgconfig/my_robot_interfaces.pc'
[1.323s] Level 1:colcon.colcon_core.environment:checking '/home/robotserver/ros2_ws/install/my_robot_interfaces/lib/python3.10/site-packages'
[1.324s] Level 1:colcon.colcon_core.environment:checking '/home/robotserver/ros2_ws/install/my_robot_interfaces/bin'
[1.324s] INFO:colcon.colcon_core.shell:Creating package script '/home/robotserver/ros2_ws/install/my_robot_interfaces/share/my_robot_interfaces/package.ps1'
[1.325s] INFO:colcon.colcon_core.shell:Creating package descriptor '/home/robotserver/ros2_ws/install/my_robot_interfaces/share/my_robot_interfaces/package.dsv'
[1.325s] INFO:colcon.colcon_core.shell:Creating package script '/home/robotserver/ros2_ws/install/my_robot_interfaces/share/my_robot_interfaces/package.sh'
[1.326s] INFO:colcon.colcon_core.shell:Creating package script '/home/robotserver/ros2_ws/install/my_robot_interfaces/share/my_robot_interfaces/package.bash'
[1.326s] INFO:colcon.colcon_core.shell:Creating package script '/home/robotserver/ros2_ws/install/my_robot_interfaces/share/my_robot_interfaces/package.zsh'
[1.327s] Level 1:colcon.colcon_core.environment:create_file_with_runtime_dependencies(/home/robotserver/ros2_ws/install/my_robot_interfaces/share/colcon-core/packages/my_robot_interfaces)
[1.560s] INFO:colcon.colcon_core.task.python.build:Building Python package in '/home/robotserver/ros2_ws/src/py_srvcli'
[1.560s] INFO:colcon.colcon_core.shell:Skip shell extension 'powershell' for command environment: Not usable outside of PowerShell
[1.560s] DEBUG:colcon.colcon_core.shell:Skip shell extension 'dsv' for command environment
[1.567s] INFO:colcon.colcon_ros.task.ament_cmake.build:Building ROS package in '/home/robotserver/ros2_ws/src/my_cpp_pkg' with build type 'ament_cmake'
[1.567s] INFO:colcon.colcon_cmake.task.cmake.build:Building CMake package in '/home/robotserver/ros2_ws/src/my_cpp_pkg'
[1.567s] INFO:colcon.colcon_core.shell:Skip shell extension 'powershell' for command environment: Not usable outside of PowerShell
[1.567s] DEBUG:colcon.colcon_core.shell:Skip shell extension 'dsv' for command environment
[1.574s] INFO:colcon.colcon_ros.task.ament_python.build:Building ROS package in '/home/robotserver/ros2_ws/src/my_py_pkg' with build type 'ament_python'
[1.574s] Level 1:colcon.colcon_core.shell:create_environment_hook('my_py_pkg', 'ament_prefix_path')
[1.574s] INFO:colcon.colcon_core.shell:Creating environment hook '/home/robotserver/ros2_ws/install/my_py_pkg/share/my_py_pkg/hook/ament_prefix_path.ps1'
[1.575s] INFO:colcon.colcon_core.shell:Creating environment descriptor '/home/robotserver/ros2_ws/install/my_py_pkg/share/my_py_pkg/hook/ament_prefix_path.dsv'
[1.576s] INFO:colcon.colcon_core.shell:Creating environment hook '/home/robotserver/ros2_ws/install/my_py_pkg/share/my_py_pkg/hook/ament_prefix_path.sh'
[1.576s] INFO:colcon.colcon_core.shell:Skip shell extension 'powershell' for command environment: Not usable outside of PowerShell
[1.576s] DEBUG:colcon.colcon_core.shell:Skip shell extension 'dsv' for command environment
[1.592s] DEBUG:colcon.colcon_core.event_handler.log_command:Invoking command in '/home/robotserver/ros2_ws/build/my_cpp_pkg': CMAKE_PREFIX_PATH=/home/robotserver/ros2_ws/install/my_robot_interfaces:/home/robotserver/ros2_ws/install/my_robot_bringup:/home/robotserver/ros2_ws/install/tutorial_interfaces:/home/robotserver/ros2_ws/install/my_cpp_pkg:/home/robotserver/ros2_ws/src/tutorial_interfaces/install/tutorial_interfaces:/home/robotserver/ros2_ws/install/py_srvcli:/home/robotserver/ros2_ws/install/py_pubsub:/home/robotserver/ros2_ws/install/my_py_pkg:/home/robotserver/Desktop/git/create3_main/install/create3_teleop:/home/robotserver/Desktop/git/create3_main/install/create3_msg_transfer:/home/robotserver/Desktop/git/create3_main/install/create3_control:/opt/ros/humble LD_LIBRARY_PATH=/home/robotserver/ros2_ws/install/my_robot_interfaces/lib:/home/robotserver/ros2_ws/install/tutorial_interfaces/lib:/home/robotserver/ros2_ws/src/tutorial_interfaces/install/tutorial_interfaces/lib:/opt/ros/humble/opt/rviz_ogre_vendor/lib:/opt/ros/humble/lib/x86_64-linux-gnu:/opt/ros/humble/lib /usr/bin/cmake --build /home/robotserver/ros2_ws/build/my_cpp_pkg -- -j8 -l8
[1.905s] INFO:colcon.colcon_core.task.python.build:Building Python package in '/home/robotserver/ros2_ws/src/my_py_pkg'
[1.905s] INFO:colcon.colcon_core.shell:Skip shell extension 'powershell' for command environment: Not usable outside of PowerShell
[1.905s] DEBUG:colcon.colcon_core.shell:Skip shell extension 'dsv' for command environment
[1.914s] DEBUG:colcon.colcon_core.event_handler.log_command:Invoked command in '/home/robotserver/ros2_ws/build/my_cpp_pkg' returned '0': CMAKE_PREFIX_PATH=/home/robotserver/ros2_ws/install/my_robot_interfaces:/home/robotserver/ros2_ws/install/my_robot_bringup:/home/robotserver/ros2_ws/install/tutorial_interfaces:/home/robotserver/ros2_ws/install/my_cpp_pkg:/home/robotserver/ros2_ws/src/tutorial_interfaces/install/tutorial_interfaces:/home/robotserver/ros2_ws/install/py_srvcli:/home/robotserver/ros2_ws/install/py_pubsub:/home/robotserver/ros2_ws/install/my_py_pkg:/home/robotserver/Desktop/git/create3_main/install/create3_teleop:/home/robotserver/Desktop/git/create3_main/install/create3_msg_transfer:/home/robotserver/Desktop/git/create3_main/install/create3_control:/opt/ros/humble LD_LIBRARY_PATH=/home/robotserver/ros2_ws/install/my_robot_interfaces/lib:/home/robotserver/ros2_ws/install/tutorial_interfaces/lib:/home/robotserver/ros2_ws/src/tutorial_interfaces/install/tutorial_interfaces/lib:/opt/ros/humble/opt/rviz_ogre_vendor/lib:/opt/ros/humble/lib/x86_64-linux-gnu:/opt/ros/humble/lib /usr/bin/cmake --build /home/robotserver/ros2_ws/build/my_cpp_pkg -- -j8 -l8
[1.966s] DEBUG:colcon.colcon_core.event_handler.log_command:Invoking command in '/home/robotserver/ros2_ws/src/py_pubsub': CMAKE_PREFIX_PATH=/home/robotserver/ros2_ws/install/tutorial_interfaces:/home/robotserver/ros2_ws/install/my_robot_bringup:/home/robotserver/ros2_ws/install/my_cpp_pkg:/home/robotserver/ros2_ws/install/my_robot_interfaces:/home/robotserver/ros2_ws/src/tutorial_interfaces/install/tutorial_interfaces PYTHONPATH=/home/robotserver/ros2_ws/build/py_pubsub/prefix_override:/usr/lib/python3/dist-packages/colcon_core/task/python/colcon_distutils_commands:/home/robotserver/ros2_ws/install/py_pubsub/lib/python3.10/site-packages:${PYTHONPATH} /usr/bin/python3 -W ignore:setup.py install is deprecated setup.py egg_info --egg-base ../../build/py_pubsub build --build-base /home/robotserver/ros2_ws/build/py_pubsub/build install --record /home/robotserver/ros2_ws/build/py_pubsub/install.log --single-version-externally-managed install_data
[1.985s] DEBUG:colcon.colcon_core.event_handler.log_command:Invoking command in '/home/robotserver/ros2_ws/build/my_cpp_pkg': CMAKE_PREFIX_PATH=/home/robotserver/ros2_ws/install/my_robot_interfaces:/home/robotserver/ros2_ws/install/my_robot_bringup:/home/robotserver/ros2_ws/install/tutorial_interfaces:/home/robotserver/ros2_ws/install/my_cpp_pkg:/home/robotserver/ros2_ws/src/tutorial_interfaces/install/tutorial_interfaces:/home/robotserver/ros2_ws/install/py_srvcli:/home/robotserver/ros2_ws/install/py_pubsub:/home/robotserver/ros2_ws/install/my_py_pkg:/home/robotserver/Desktop/git/create3_main/install/create3_teleop:/home/robotserver/Desktop/git/create3_main/install/create3_msg_transfer:/home/robotserver/Desktop/git/create3_main/install/create3_control:/opt/ros/humble LD_LIBRARY_PATH=/home/robotserver/ros2_ws/install/my_robot_interfaces/lib:/home/robotserver/ros2_ws/install/tutorial_interfaces/lib:/home/robotserver/ros2_ws/src/tutorial_interfaces/install/tutorial_interfaces/lib:/opt/ros/humble/opt/rviz_ogre_vendor/lib:/opt/ros/humble/lib/x86_64-linux-gnu:/opt/ros/humble/lib /usr/bin/cmake --install /home/robotserver/ros2_ws/build/my_cpp_pkg
[1.998s] DEBUG:colcon.colcon_core.event_handler.log_command:Invoking command in '/home/robotserver/ros2_ws/src/py_srvcli': CMAKE_PREFIX_PATH=/home/robotserver/ros2_ws/install/tutorial_interfaces:/home/robotserver/ros2_ws/install/my_robot_bringup:/home/robotserver/ros2_ws/install/my_cpp_pkg:/home/robotserver/ros2_ws/install/my_robot_interfaces:/home/robotserver/ros2_ws/src/tutorial_interfaces/install/tutorial_interfaces PYTHONPATH=/home/robotserver/ros2_ws/build/py_srvcli/prefix_override:/usr/lib/python3/dist-packages/colcon_core/task/python/colcon_distutils_commands:/home/robotserver/ros2_ws/install/py_srvcli/lib/python3.10/site-packages:${PYTHONPATH} /usr/bin/python3 -W ignore:setup.py install is deprecated setup.py egg_info --egg-base ../../build/py_srvcli build --build-base /home/robotserver/ros2_ws/build/py_srvcli/build install --record /home/robotserver/ros2_ws/build/py_srvcli/install.log --single-version-externally-managed install_data
[2.003s] Level 1:colcon.colcon_core.environment:create_environment_scripts_only(my_cpp_pkg)
[2.004s] Level 1:colcon.colcon_core.environment:checking '/home/robotserver/ros2_ws/install/my_cpp_pkg' for CMake module files
[2.005s] DEBUG:colcon.colcon_core.event_handler.log_command:Invoked command in '/home/robotserver/ros2_ws/build/my_cpp_pkg' returned '0': CMAKE_PREFIX_PATH=/home/robotserver/ros2_ws/install/my_robot_interfaces:/home/robotserver/ros2_ws/install/my_robot_bringup:/home/robotserver/ros2_ws/install/tutorial_interfaces:/home/robotserver/ros2_ws/install/my_cpp_pkg:/home/robotserver/ros2_ws/src/tutorial_interfaces/install/tutorial_interfaces:/home/robotserver/ros2_ws/install/py_srvcli:/home/robotserver/ros2_ws/install/py_pubsub:/home/robotserver/ros2_ws/install/my_py_pkg:/home/robotserver/Desktop/git/create3_main/install/create3_teleop:/home/robotserver/Desktop/git/create3_main/install/create3_msg_transfer:/home/robotserver/Desktop/git/create3_main/install/create3_control:/opt/ros/humble LD_LIBRARY_PATH=/home/robotserver/ros2_ws/install/my_robot_interfaces/lib:/home/robotserver/ros2_ws/install/tutorial_interfaces/lib:/home/robotserver/ros2_ws/src/tutorial_interfaces/install/tutorial_interfaces/lib:/opt/ros/humble/opt/rviz_ogre_vendor/lib:/opt/ros/humble/lib/x86_64-linux-gnu:/opt/ros/humble/lib /usr/bin/cmake --install /home/robotserver/ros2_ws/build/my_cpp_pkg
[2.005s] Level 1:colcon.colcon_core.environment:checking '/home/robotserver/ros2_ws/install/my_cpp_pkg' for CMake config files
[2.006s] Level 1:colcon.colcon_core.shell:create_environment_hook('my_cpp_pkg', 'cmake_prefix_path')
[2.006s] INFO:colcon.colcon_core.shell:Creating environment hook '/home/robotserver/ros2_ws/install/my_cpp_pkg/share/my_cpp_pkg/hook/cmake_prefix_path.ps1'
[2.006s] INFO:colcon.colcon_core.shell:Creating environment descriptor '/home/robotserver/ros2_ws/install/my_cpp_pkg/share/my_cpp_pkg/hook/cmake_prefix_path.dsv'
[2.007s] INFO:colcon.colcon_core.shell:Creating environment hook '/home/robotserver/ros2_ws/install/my_cpp_pkg/share/my_cpp_pkg/hook/cmake_prefix_path.sh'
[2.007s] Level 1:colcon.colcon_core.environment:checking '/home/robotserver/ros2_ws/install/my_cpp_pkg/lib'
[2.007s] Level 1:colcon.colcon_core.environment:checking '/home/robotserver/ros2_ws/install/my_cpp_pkg/bin'
[2.007s] Level 1:colcon.colcon_core.environment:checking '/home/robotserver/ros2_ws/install/my_cpp_pkg/lib/pkgconfig/my_cpp_pkg.pc'
[2.008s] Level 1:colcon.colcon_core.environment:checking '/home/robotserver/ros2_ws/install/my_cpp_pkg/lib/python3.10/site-packages'
[2.008s] Level 1:colcon.colcon_core.environment:checking '/home/robotserver/ros2_ws/install/my_cpp_pkg/bin'
[2.008s] INFO:colcon.colcon_core.shell:Creating package script '/home/robotserver/ros2_ws/install/my_cpp_pkg/share/my_cpp_pkg/package.ps1'
[2.008s] INFO:colcon.colcon_core.shell:Creating package descriptor '/home/robotserver/ros2_ws/install/my_cpp_pkg/share/my_cpp_pkg/package.dsv'
[2.009s] INFO:colcon.colcon_core.shell:Creating package script '/home/robotserver/ros2_ws/install/my_cpp_pkg/share/my_cpp_pkg/package.sh'
[2.009s] INFO:colcon.colcon_core.shell:Creating package script '/home/robotserver/ros2_ws/install/my_cpp_pkg/share/my_cpp_pkg/package.bash'
[2.009s] INFO:colcon.colcon_core.shell:Creating package script '/home/robotserver/ros2_ws/install/my_cpp_pkg/share/my_cpp_pkg/package.zsh'
[2.010s] Level 1:colcon.colcon_core.environment:create_file_with_runtime_dependencies(/home/robotserver/ros2_ws/install/my_cpp_pkg/share/colcon-core/packages/my_cpp_pkg)
[2.056s] Level 1:colcon.colcon_core.environment:create_environment_scripts_only(my_cpp_pkg)
[2.056s] Level 1:colcon.colcon_core.environment:checking '/home/robotserver/ros2_ws/install/my_cpp_pkg' for CMake module files
[2.057s] Level 1:colcon.colcon_core.environment:checking '/home/robotserver/ros2_ws/install/my_cpp_pkg' for CMake config files
[2.057s] Level 1:colcon.colcon_core.shell:create_environment_hook('my_cpp_pkg', 'cmake_prefix_path')
[2.058s] INFO:colcon.colcon_core.shell:Creating environment hook '/home/robotserver/ros2_ws/install/my_cpp_pkg/share/my_cpp_pkg/hook/cmake_prefix_path.ps1'
[2.058s] INFO:colcon.colcon_core.shell:Creating environment descriptor '/home/robotserver/ros2_ws/install/my_cpp_pkg/share/my_cpp_pkg/hook/cmake_prefix_path.dsv'
[2.059s] INFO:colcon.colcon_core.shell:Creating environment hook '/home/robotserver/ros2_ws/install/my_cpp_pkg/share/my_cpp_pkg/hook/cmake_prefix_path.sh'
[2.059s] Level 1:colcon.colcon_core.environment:checking '/home/robotserver/ros2_ws/install/my_cpp_pkg/lib'
[2.060s] Level 1:colcon.colcon_core.environment:checking '/home/robotserver/ros2_ws/install/my_cpp_pkg/bin'
[2.060s] Level 1:colcon.colcon_core.environment:checking '/home/robotserver/ros2_ws/install/my_cpp_pkg/lib/pkgconfig/my_cpp_pkg.pc'
[2.060s] Level 1:colcon.colcon_core.environment:checking '/home/robotserver/ros2_ws/install/my_cpp_pkg/lib/python3.10/site-packages'
[2.060s] Level 1:colcon.colcon_core.environment:checking '/home/robotserver/ros2_ws/install/my_cpp_pkg/bin'
[2.061s] INFO:colcon.colcon_core.shell:Creating package script '/home/robotserver/ros2_ws/install/my_cpp_pkg/share/my_cpp_pkg/package.ps1'
[2.061s] INFO:colcon.colcon_core.shell:Creating package descriptor '/home/robotserver/ros2_ws/install/my_cpp_pkg/share/my_cpp_pkg/package.dsv'
[2.062s] INFO:colcon.colcon_core.shell:Creating package script '/home/robotserver/ros2_ws/install/my_cpp_pkg/share/my_cpp_pkg/package.sh'
[2.062s] INFO:colcon.colcon_core.shell:Creating package script '/home/robotserver/ros2_ws/install/my_cpp_pkg/share/my_cpp_pkg/package.bash'
[2.063s] INFO:colcon.colcon_core.shell:Creating package script '/home/robotserver/ros2_ws/install/my_cpp_pkg/share/my_cpp_pkg/package.zsh'
[2.063s] Level 1:colcon.colcon_core.environment:create_file_with_runtime_dependencies(/home/robotserver/ros2_ws/install/my_cpp_pkg/share/colcon-core/packages/my_cpp_pkg)
[2.253s] DEBUG:colcon.colcon_core.event_handler.log_command:Invoking command in '/home/robotserver/ros2_ws/src/my_py_pkg': CMAKE_PREFIX_PATH=/home/robotserver/ros2_ws/install/my_robot_interfaces:/home/robotserver/ros2_ws/install/my_robot_bringup:/home/robotserver/ros2_ws/install/tutorial_interfaces:/home/robotserver/ros2_ws/install/my_cpp_pkg:/home/robotserver/ros2_ws/src/tutorial_interfaces/install/tutorial_interfaces LD_LIBRARY_PATH=/home/robotserver/ros2_ws/install/my_robot_interfaces/lib:/home/robotserver/ros2_ws/install/tutorial_interfaces/lib:/home/robotserver/ros2_ws/src/tutorial_interfaces/install/tutorial_interfaces/lib:/opt/ros/humble/opt/rviz_ogre_vendor/lib:/opt/ros/humble/lib/x86_64-linux-gnu:/opt/ros/humble/lib PYTHONPATH=/home/robotserver/ros2_ws/build/my_py_pkg/prefix_override:/usr/lib/python3/dist-packages/colcon_core/task/python/colcon_distutils_commands:/home/robotserver/ros2_ws/install/my_py_pkg/lib/python3.10/site-packages:${PYTHONPATH} /usr/bin/python3 -W ignore:setup.py install is deprecated setup.py egg_info --egg-base ../../build/my_py_pkg build --build-base /home/robotserver/ros2_ws/build/my_py_pkg/build install --record /home/robotserver/ros2_ws/build/my_py_pkg/install.log --install-scripts $base/lib/my_py_pkg --single-version-externally-managed install_data
[2.308s] Level 1:colcon.colcon_core.environment:checking '/home/robotserver/ros2_ws/install/py_pubsub' for CMake module files
[2.309s] DEBUG:colcon.colcon_core.event_handler.log_command:Invoked command in '/home/robotserver/ros2_ws/src/py_pubsub' returned '0': CMAKE_PREFIX_PATH=/home/robotserver/ros2_ws/install/tutorial_interfaces:/home/robotserver/ros2_ws/install/my_robot_bringup:/home/robotserver/ros2_ws/install/my_cpp_pkg:/home/robotserver/ros2_ws/install/my_robot_interfaces:/home/robotserver/ros2_ws/src/tutorial_interfaces/install/tutorial_interfaces PYTHONPATH=/home/robotserver/ros2_ws/build/py_pubsub/prefix_override:/usr/lib/python3/dist-packages/colcon_core/task/python/colcon_distutils_commands:/home/robotserver/ros2_ws/install/py_pubsub/lib/python3.10/site-packages:${PYTHONPATH} /usr/bin/python3 -W ignore:setup.py install is deprecated setup.py egg_info --egg-base ../../build/py_pubsub build --build-base /home/robotserver/ros2_ws/build/py_pubsub/build install --record /home/robotserver/ros2_ws/build/py_pubsub/install.log --single-version-externally-managed install_data
[2.309s] Level 1:colcon.colcon_core.environment:checking '/home/robotserver/ros2_ws/install/py_pubsub' for CMake config files
[2.310s] Level 1:colcon.colcon_core.environment:checking '/home/robotserver/ros2_ws/install/py_pubsub/lib'
[2.310s] Level 1:colcon.colcon_core.environment:checking '/home/robotserver/ros2_ws/install/py_pubsub/bin'
[2.310s] Level 1:colcon.colcon_core.environment:checking '/home/robotserver/ros2_ws/install/py_pubsub/lib/pkgconfig/py_pubsub.pc'
[2.311s] Level 1:colcon.colcon_core.environment:checking '/home/robotserver/ros2_ws/install/py_pubsub/lib/python3.10/site-packages'
[2.311s] Level 1:colcon.colcon_core.shell:create_environment_hook('py_pubsub', 'pythonpath')
[2.311s] INFO:colcon.colcon_core.shell:Creating environment hook '/home/robotserver/ros2_ws/install/py_pubsub/share/py_pubsub/hook/pythonpath.ps1'
[2.312s] INFO:colcon.colcon_core.shell:Creating environment descriptor '/home/robotserver/ros2_ws/install/py_pubsub/share/py_pubsub/hook/pythonpath.dsv'
[2.312s] INFO:colcon.colcon_core.shell:Creating environment hook '/home/robotserver/ros2_ws/install/py_pubsub/share/py_pubsub/hook/pythonpath.sh'
[2.313s] Level 1:colcon.colcon_core.environment:checking '/home/robotserver/ros2_ws/install/py_pubsub/bin'
[2.313s] Level 1:colcon.colcon_core.environment:create_environment_scripts_only(py_pubsub)
[2.313s] INFO:colcon.colcon_core.shell:Creating package script '/home/robotserver/ros2_ws/install/py_pubsub/share/py_pubsub/package.ps1'
[2.314s] INFO:colcon.colcon_core.shell:Creating package descriptor '/home/robotserver/ros2_ws/install/py_pubsub/share/py_pubsub/package.dsv'
[2.315s] INFO:colcon.colcon_core.shell:Creating package script '/home/robotserver/ros2_ws/install/py_pubsub/share/py_pubsub/package.sh'
[2.315s] INFO:colcon.colcon_core.shell:Creating package script '/home/robotserver/ros2_ws/install/py_pubsub/share/py_pubsub/package.bash'
[2.315s] INFO:colcon.colcon_core.shell:Creating package script '/home/robotserver/ros2_ws/install/py_pubsub/share/py_pubsub/package.zsh'
[2.316s] Level 1:colcon.colcon_core.environment:create_file_with_runtime_dependencies(/home/robotserver/ros2_ws/install/py_pubsub/share/colcon-core/packages/py_pubsub)
[2.328s] Level 1:colcon.colcon_core.environment:checking '/home/robotserver/ros2_ws/install/py_srvcli' for CMake module files
[2.329s] DEBUG:colcon.colcon_core.event_handler.log_command:Invoked command in '/home/robotserver/ros2_ws/src/py_srvcli' returned '0': CMAKE_PREFIX_PATH=/home/robotserver/ros2_ws/install/tutorial_interfaces:/home/robotserver/ros2_ws/install/my_robot_bringup:/home/robotserver/ros2_ws/install/my_cpp_pkg:/home/robotserver/ros2_ws/install/my_robot_interfaces:/home/robotserver/ros2_ws/src/tutorial_interfaces/install/tutorial_interfaces PYTHONPATH=/home/robotserver/ros2_ws/build/py_srvcli/prefix_override:/usr/lib/python3/dist-packages/colcon_core/task/python/colcon_distutils_commands:/home/robotserver/ros2_ws/install/py_srvcli/lib/python3.10/site-packages:${PYTHONPATH} /usr/bin/python3 -W ignore:setup.py install is deprecated setup.py egg_info --egg-base ../../build/py_srvcli build --build-base /home/robotserver/ros2_ws/build/py_srvcli/build install --record /home/robotserver/ros2_ws/build/py_srvcli/install.log --single-version-externally-managed install_data
[2.329s] Level 1:colcon.colcon_core.environment:checking '/home/robotserver/ros2_ws/install/py_srvcli' for CMake config files
[2.330s] Level 1:colcon.colcon_core.environment:checking '/home/robotserver/ros2_ws/install/py_srvcli/lib'
[2.330s] Level 1:colcon.colcon_core.environment:checking '/home/robotserver/ros2_ws/install/py_srvcli/bin'
[2.330s] Level 1:colcon.colcon_core.environment:checking '/home/robotserver/ros2_ws/install/py_srvcli/lib/pkgconfig/py_srvcli.pc'
[2.330s] Level 1:colcon.colcon_core.environment:checking '/home/robotserver/ros2_ws/install/py_srvcli/lib/python3.10/site-packages'
[2.330s] Level 1:colcon.colcon_core.shell:create_environment_hook('py_srvcli', 'pythonpath')
[2.330s] INFO:colcon.colcon_core.shell:Creating environment hook '/home/robotserver/ros2_ws/install/py_srvcli/share/py_srvcli/hook/pythonpath.ps1'
[2.331s] INFO:colcon.colcon_core.shell:Creating environment descriptor '/home/robotserver/ros2_ws/install/py_srvcli/share/py_srvcli/hook/pythonpath.dsv'
[2.331s] INFO:colcon.colcon_core.shell:Creating environment hook '/home/robotserver/ros2_ws/install/py_srvcli/share/py_srvcli/hook/pythonpath.sh'
[2.331s] Level 1:colcon.colcon_core.environment:checking '/home/robotserver/ros2_ws/install/py_srvcli/bin'
[2.332s] Level 1:colcon.colcon_core.environment:create_environment_scripts_only(py_srvcli)
[2.332s] INFO:colcon.colcon_core.shell:Creating package script '/home/robotserver/ros2_ws/install/py_srvcli/share/py_srvcli/package.ps1'
[2.332s] INFO:colcon.colcon_core.shell:Creating package descriptor '/home/robotserver/ros2_ws/install/py_srvcli/share/py_srvcli/package.dsv'
[2.333s] INFO:colcon.colcon_core.shell:Creating package script '/home/robotserver/ros2_ws/install/py_srvcli/share/py_srvcli/package.sh'
[2.333s] INFO:colcon.colcon_core.shell:Creating package script '/home/robotserver/ros2_ws/install/py_srvcli/share/py_srvcli/package.bash'
[2.333s] INFO:colcon.colcon_core.shell:Creating package script '/home/robotserver/ros2_ws/install/py_srvcli/share/py_srvcli/package.zsh'
[2.333s] Level 1:colcon.colcon_core.environment:create_file_with_runtime_dependencies(/home/robotserver/ros2_ws/install/py_srvcli/share/colcon-core/packages/py_srvcli)
[2.538s] Level 1:colcon.colcon_core.environment:checking '/home/robotserver/ros2_ws/install/my_py_pkg' for CMake module files
[2.539s] DEBUG:colcon.colcon_core.event_handler.log_command:Invoked command in '/home/robotserver/ros2_ws/src/my_py_pkg' returned '0': CMAKE_PREFIX_PATH=/home/robotserver/ros2_ws/install/my_robot_interfaces:/home/robotserver/ros2_ws/install/my_robot_bringup:/home/robotserver/ros2_ws/install/tutorial_interfaces:/home/robotserver/ros2_ws/install/my_cpp_pkg:/home/robotserver/ros2_ws/src/tutorial_interfaces/install/tutorial_interfaces LD_LIBRARY_PATH=/home/robotserver/ros2_ws/install/my_robot_interfaces/lib:/home/robotserver/ros2_ws/install/tutorial_interfaces/lib:/home/robotserver/ros2_ws/src/tutorial_interfaces/install/tutorial_interfaces/lib:/opt/ros/humble/opt/rviz_ogre_vendor/lib:/opt/ros/humble/lib/x86_64-linux-gnu:/opt/ros/humble/lib PYTHONPATH=/home/robotserver/ros2_ws/build/my_py_pkg/prefix_override:/usr/lib/python3/dist-packages/colcon_core/task/python/colcon_distutils_commands:/home/robotserver/ros2_ws/install/my_py_pkg/lib/python3.10/site-packages:${PYTHONPATH} /usr/bin/python3 -W ignore:setup.py install is deprecated setup.py egg_info --egg-base ../../build/my_py_pkg build --build-base /home/robotserver/ros2_ws/build/my_py_pkg/build install --record /home/robotserver/ros2_ws/build/my_py_pkg/install.log --install-scripts $base/lib/my_py_pkg --single-version-externally-managed install_data
[2.539s] Level 1:colcon.colcon_core.environment:checking '/home/robotserver/ros2_ws/install/my_py_pkg' for CMake config files
[2.540s] Level 1:colcon.colcon_core.environment:checking '/home/robotserver/ros2_ws/install/my_py_pkg/lib'
[2.540s] Level 1:colcon.colcon_core.environment:checking '/home/robotserver/ros2_ws/install/my_py_pkg/bin'
[2.540s] Level 1:colcon.colcon_core.environment:checking '/home/robotserver/ros2_ws/install/my_py_pkg/lib/pkgconfig/my_py_pkg.pc'
[2.540s] Level 1:colcon.colcon_core.environment:checking '/home/robotserver/ros2_ws/install/my_py_pkg/lib/python3.10/site-packages'
[2.540s] Level 1:colcon.colcon_core.shell:create_environment_hook('my_py_pkg', 'pythonpath')
[2.540s] INFO:colcon.colcon_core.shell:Creating environment hook '/home/robotserver/ros2_ws/install/my_py_pkg/share/my_py_pkg/hook/pythonpath.ps1'
[2.541s] INFO:colcon.colcon_core.shell:Creating environment descriptor '/home/robotserver/ros2_ws/install/my_py_pkg/share/my_py_pkg/hook/pythonpath.dsv'
[2.541s] INFO:colcon.colcon_core.shell:Creating environment hook '/home/robotserver/ros2_ws/install/my_py_pkg/share/my_py_pkg/hook/pythonpath.sh'
[2.541s] Level 1:colcon.colcon_core.environment:checking '/home/robotserver/ros2_ws/install/my_py_pkg/bin'
[2.542s] Level 1:colcon.colcon_core.environment:create_environment_scripts_only(my_py_pkg)
[2.542s] INFO:colcon.colcon_core.shell:Creating package script '/home/robotserver/ros2_ws/install/my_py_pkg/share/my_py_pkg/package.ps1'
[2.542s] INFO:colcon.colcon_core.shell:Creating package descriptor '/home/robotserver/ros2_ws/install/my_py_pkg/share/my_py_pkg/package.dsv'
[2.543s] INFO:colcon.colcon_core.shell:Creating package script '/home/robotserver/ros2_ws/install/my_py_pkg/share/my_py_pkg/package.sh'
[2.543s] INFO:colcon.colcon_core.shell:Creating package script '/home/robotserver/ros2_ws/install/my_py_pkg/share/my_py_pkg/package.bash'
[2.543s] INFO:colcon.colcon_core.shell:Creating package script '/home/robotserver/ros2_ws/install/my_py_pkg/share/my_py_pkg/package.zsh'
[2.544s] Level 1:colcon.colcon_core.environment:create_file_with_runtime_dependencies(/home/robotserver/ros2_ws/install/my_py_pkg/share/colcon-core/packages/my_py_pkg)
[2.544s] INFO:colcon.colcon_ros.task.ament_cmake.build:Building ROS package in '/home/robotserver/ros2_ws/src/my_robot_bringup' with build type 'ament_cmake'
[2.544s] INFO:colcon.colcon_cmake.task.cmake.build:Building CMake package in '/home/robotserver/ros2_ws/src/my_robot_bringup'
[2.544s] INFO:colcon.colcon_core.shell:Skip shell extension 'powershell' for command environment: Not usable outside of PowerShell
[2.544s] DEBUG:colcon.colcon_core.shell:Skip shell extension 'dsv' for command environment
[2.557s] DEBUG:colcon.colcon_core.event_handler.log_command:Invoking command in '/home/robotserver/ros2_ws/build/my_robot_bringup': AMENT_PREFIX_PATH=/home/robotserver/ros2_ws/install/my_py_pkg:/home/robotserver/ros2_ws/install/my_robot_bringup:/home/robotserver/ros2_ws/install/py_srvcli:/home/robotserver/ros2_ws/install/py_pubsub:/home/robotserver/ros2_ws/install/tutorial_interfaces:/home/robotserver/ros2_ws/install/my_cpp_pkg:/home/robotserver/ros2_ws/install/my_robot_interfaces:/home/robotserver/ros2_ws/src/tutorial_interfaces/install/tutorial_interfaces:/home/robotserver/Desktop/git/create3_main/install/create3_teleop:/home/robotserver/Desktop/git/create3_main/install/create3_msg_transfer:/home/robotserver/Desktop/git/create3_main/install/create3_control:/opt/ros/humble CMAKE_PREFIX_PATH=/home/robotserver/ros2_ws/install/my_cpp_pkg:/home/robotserver/ros2_ws/install/my_robot_interfaces:/home/robotserver/ros2_ws/install/my_robot_bringup:/home/robotserver/ros2_ws/install/tutorial_interfaces:/home/robotserver/ros2_ws/src/tutorial_interfaces/install/tutorial_interfaces:/home/robotserver/ros2_ws/install/py_srvcli:/home/robotserver/ros2_ws/install/py_pubsub:/home/robotserver/ros2_ws/install/my_py_pkg:/home/robotserver/Desktop/git/create3_main/install/create3_teleop:/home/robotserver/Desktop/git/create3_main/install/create3_msg_transfer:/home/robotserver/Desktop/git/create3_main/install/create3_control:/opt/ros/humble LD_LIBRARY_PATH=/home/robotserver/ros2_ws/install/my_robot_interfaces/lib:/home/robotserver/ros2_ws/install/tutorial_interfaces/lib:/home/robotserver/ros2_ws/src/tutorial_interfaces/install/tutorial_interfaces/lib:/opt/ros/humble/opt/rviz_ogre_vendor/lib:/opt/ros/humble/lib/x86_64-linux-gnu:/opt/ros/humble/lib PYTHONPATH=/home/robotserver/ros2_ws/install/my_py_pkg/lib/python3.10/site-packages:/home/robotserver/ros2_ws/install/py_srvcli/lib/python3.10/site-packages:/home/robotserver/ros2_ws/install/py_pubsub/lib/python3.10/site-packages:/home/robotserver/ros2_ws/install/tutorial_interfaces/local/lib/python3.10/dist-packages:/home/robotserver/ros2_ws/install/my_robot_interfaces/local/lib/python3.10/dist-packages:/home/robotserver/ros2_ws/src/tutorial_interfaces/install/tutorial_interfaces/lib/python3.9/site-packages:/home/robotserver/Desktop/git/create3_main/install/create3_teleop/lib/python3.10/site-packages:/home/robotserver/Desktop/git/create3_main/install/create3_msg_transfer/lib/python3.10/site-packages:/home/robotserver/Desktop/git/create3_main/install/create3_control/lib/python3.10/site-packages:/opt/ros/humble/lib/python3.10/site-packages:/opt/ros/humble/local/lib/python3.10/dist-packages /usr/bin/cmake --build /home/robotserver/ros2_ws/build/my_robot_bringup -- -j8 -l8
[2.594s] DEBUG:colcon.colcon_core.event_handler.log_command:Invoked command in '/home/robotserver/ros2_ws/build/my_robot_bringup' returned '0': AMENT_PREFIX_PATH=/home/robotserver/ros2_ws/install/my_py_pkg:/home/robotserver/ros2_ws/install/my_robot_bringup:/home/robotserver/ros2_ws/install/py_srvcli:/home/robotserver/ros2_ws/install/py_pubsub:/home/robotserver/ros2_ws/install/tutorial_interfaces:/home/robotserver/ros2_ws/install/my_cpp_pkg:/home/robotserver/ros2_ws/install/my_robot_interfaces:/home/robotserver/ros2_ws/src/tutorial_interfaces/install/tutorial_interfaces:/home/robotserver/Desktop/git/create3_main/install/create3_teleop:/home/robotserver/Desktop/git/create3_main/install/create3_msg_transfer:/home/robotserver/Desktop/git/create3_main/install/create3_control:/opt/ros/humble CMAKE_PREFIX_PATH=/home/robotserver/ros2_ws/install/my_cpp_pkg:/home/robotserver/ros2_ws/install/my_robot_interfaces:/home/robotserver/ros2_ws/install/my_robot_bringup:/home/robotserver/ros2_ws/install/tutorial_interfaces:/home/robotserver/ros2_ws/src/tutorial_interfaces/install/tutorial_interfaces:/home/robotserver/ros2_ws/install/py_srvcli:/home/robotserver/ros2_ws/install/py_pubsub:/home/robotserver/ros2_ws/install/my_py_pkg:/home/robotserver/Desktop/git/create3_main/install/create3_teleop:/home/robotserver/Desktop/git/create3_main/install/create3_msg_transfer:/home/robotserver/Desktop/git/create3_main/install/create3_control:/opt/ros/humble LD_LIBRARY_PATH=/home/robotserver/ros2_ws/install/my_robot_interfaces/lib:/home/robotserver/ros2_ws/install/tutorial_interfaces/lib:/home/robotserver/ros2_ws/src/tutorial_interfaces/install/tutorial_interfaces/lib:/opt/ros/humble/opt/rviz_ogre_vendor/lib:/opt/ros/humble/lib/x86_64-linux-gnu:/opt/ros/humble/lib PYTHONPATH=/home/robotserver/ros2_ws/install/my_py_pkg/lib/python3.10/site-packages:/home/robotserver/ros2_ws/install/py_srvcli/lib/python3.10/site-packages:/home/robotserver/ros2_ws/install/py_pubsub/lib/python3.10/site-packages:/home/robotserver/ros2_ws/install/tutorial_interfaces/local/lib/python3.10/dist-packages:/home/robotserver/ros2_ws/install/my_robot_interfaces/local/lib/python3.10/dist-packages:/home/robotserver/ros2_ws/src/tutorial_interfaces/install/tutorial_interfaces/lib/python3.9/site-packages:/home/robotserver/Desktop/git/create3_main/install/create3_teleop/lib/python3.10/site-packages:/home/robotserver/Desktop/git/create3_main/install/create3_msg_transfer/lib/python3.10/site-packages:/home/robotserver/Desktop/git/create3_main/install/create3_control/lib/python3.10/site-packages:/opt/ros/humble/lib/python3.10/site-packages:/opt/ros/humble/local/lib/python3.10/dist-packages /usr/bin/cmake --build /home/robotserver/ros2_ws/build/my_robot_bringup -- -j8 -l8
[2.614s] DEBUG:colcon.colcon_core.event_handler.log_command:Invoking command in '/home/robotserver/ros2_ws/build/my_robot_bringup': AMENT_PREFIX_PATH=/home/robotserver/ros2_ws/install/my_py_pkg:/home/robotserver/ros2_ws/install/my_robot_bringup:/home/robotserver/ros2_ws/install/py_srvcli:/home/robotserver/ros2_ws/install/py_pubsub:/home/robotserver/ros2_ws/install/tutorial_interfaces:/home/robotserver/ros2_ws/install/my_cpp_pkg:/home/robotserver/ros2_ws/install/my_robot_interfaces:/home/robotserver/ros2_ws/src/tutorial_interfaces/install/tutorial_interfaces:/home/robotserver/Desktop/git/create3_main/install/create3_teleop:/home/robotserver/Desktop/git/create3_main/install/create3_msg_transfer:/home/robotserver/Desktop/git/create3_main/install/create3_control:/opt/ros/humble CMAKE_PREFIX_PATH=/home/robotserver/ros2_ws/install/my_cpp_pkg:/home/robotserver/ros2_ws/install/my_robot_interfaces:/home/robotserver/ros2_ws/install/my_robot_bringup:/home/robotserver/ros2_ws/install/tutorial_interfaces:/home/robotserver/ros2_ws/src/tutorial_interfaces/install/tutorial_interfaces:/home/robotserver/ros2_ws/install/py_srvcli:/home/robotserver/ros2_ws/install/py_pubsub:/home/robotserver/ros2_ws/install/my_py_pkg:/home/robotserver/Desktop/git/create3_main/install/create3_teleop:/home/robotserver/Desktop/git/create3_main/install/create3_msg_transfer:/home/robotserver/Desktop/git/create3_main/install/create3_control:/opt/ros/humble LD_LIBRARY_PATH=/home/robotserver/ros2_ws/install/my_robot_interfaces/lib:/home/robotserver/ros2_ws/install/tutorial_interfaces/lib:/home/robotserver/ros2_ws/src/tutorial_interfaces/install/tutorial_interfaces/lib:/opt/ros/humble/opt/rviz_ogre_vendor/lib:/opt/ros/humble/lib/x86_64-linux-gnu:/opt/ros/humble/lib PYTHONPATH=/home/robotserver/ros2_ws/install/my_py_pkg/lib/python3.10/site-packages:/home/robotserver/ros2_ws/install/py_srvcli/lib/python3.10/site-packages:/home/robotserver/ros2_ws/install/py_pubsub/lib/python3.10/site-packages:/home/robotserver/ros2_ws/install/tutorial_interfaces/local/lib/python3.10/dist-packages:/home/robotserver/ros2_ws/install/my_robot_interfaces/local/lib/python3.10/dist-packages:/home/robotserver/ros2_ws/src/tutorial_interfaces/install/tutorial_interfaces/lib/python3.9/site-packages:/home/robotserver/Desktop/git/create3_main/install/create3_teleop/lib/python3.10/site-packages:/home/robotserver/Desktop/git/create3_main/install/create3_msg_transfer/lib/python3.10/site-packages:/home/robotserver/Desktop/git/create3_main/install/create3_control/lib/python3.10/site-packages:/opt/ros/humble/lib/python3.10/site-packages:/opt/ros/humble/local/lib/python3.10/dist-packages /usr/bin/cmake --install /home/robotserver/ros2_ws/build/my_robot_bringup
[2.622s] Level 1:colcon.colcon_core.environment:create_environment_scripts_only(my_robot_bringup)
[2.623s] Level 1:colcon.colcon_core.environment:checking '/home/robotserver/ros2_ws/install/my_robot_bringup' for CMake module files
[2.623s] DEBUG:colcon.colcon_core.event_handler.log_command:Invoked command in '/home/robotserver/ros2_ws/build/my_robot_bringup' returned '0': AMENT_PREFIX_PATH=/home/robotserver/ros2_ws/install/my_py_pkg:/home/robotserver/ros2_ws/install/my_robot_bringup:/home/robotserver/ros2_ws/install/py_srvcli:/home/robotserver/ros2_ws/install/py_pubsub:/home/robotserver/ros2_ws/install/tutorial_interfaces:/home/robotserver/ros2_ws/install/my_cpp_pkg:/home/robotserver/ros2_ws/install/my_robot_interfaces:/home/robotserver/ros2_ws/src/tutorial_interfaces/install/tutorial_interfaces:/home/robotserver/Desktop/git/create3_main/install/create3_teleop:/home/robotserver/Desktop/git/create3_main/install/create3_msg_transfer:/home/robotserver/Desktop/git/create3_main/install/create3_control:/opt/ros/humble CMAKE_PREFIX_PATH=/home/robotserver/ros2_ws/install/my_cpp_pkg:/home/robotserver/ros2_ws/install/my_robot_interfaces:/home/robotserver/ros2_ws/install/my_robot_bringup:/home/robotserver/ros2_ws/install/tutorial_interfaces:/home/robotserver/ros2_ws/src/tutorial_interfaces/install/tutorial_interfaces:/home/robotserver/ros2_ws/install/py_srvcli:/home/robotserver/ros2_ws/install/py_pubsub:/home/robotserver/ros2_ws/install/my_py_pkg:/home/robotserver/Desktop/git/create3_main/install/create3_teleop:/home/robotserver/Desktop/git/create3_main/install/create3_msg_transfer:/home/robotserver/Desktop/git/create3_main/install/create3_control:/opt/ros/humble LD_LIBRARY_PATH=/home/robotserver/ros2_ws/install/my_robot_interfaces/lib:/home/robotserver/ros2_ws/install/tutorial_interfaces/lib:/home/robotserver/ros2_ws/src/tutorial_interfaces/install/tutorial_interfaces/lib:/opt/ros/humble/opt/rviz_ogre_vendor/lib:/opt/ros/humble/lib/x86_64-linux-gnu:/opt/ros/humble/lib PYTHONPATH=/home/robotserver/ros2_ws/install/my_py_pkg/lib/python3.10/site-packages:/home/robotserver/ros2_ws/install/py_srvcli/lib/python3.10/site-packages:/home/robotserver/ros2_ws/install/py_pubsub/lib/python3.10/site-packages:/home/robotserver/ros2_ws/install/tutorial_interfaces/local/lib/python3.10/dist-packages:/home/robotserver/ros2_ws/install/my_robot_interfaces/local/lib/python3.10/dist-packages:/home/robotserver/ros2_ws/src/tutorial_interfaces/install/tutorial_interfaces/lib/python3.9/site-packages:/home/robotserver/Desktop/git/create3_main/install/create3_teleop/lib/python3.10/site-packages:/home/robotserver/Desktop/git/create3_main/install/create3_msg_transfer/lib/python3.10/site-packages:/home/robotserver/Desktop/git/create3_main/install/create3_control/lib/python3.10/site-packages:/opt/ros/humble/lib/python3.10/site-packages:/opt/ros/humble/local/lib/python3.10/dist-packages /usr/bin/cmake --install /home/robotserver/ros2_ws/build/my_robot_bringup
[2.624s] Level 1:colcon.colcon_core.environment:checking '/home/robotserver/ros2_ws/install/my_robot_bringup' for CMake config files
[2.624s] Level 1:colcon.colcon_core.shell:create_environment_hook('my_robot_bringup', 'cmake_prefix_path')
[2.624s] INFO:colcon.colcon_core.shell:Creating environment hook '/home/robotserver/ros2_ws/install/my_robot_bringup/share/my_robot_bringup/hook/cmake_prefix_path.ps1'
[2.624s] INFO:colcon.colcon_core.shell:Creating environment descriptor '/home/robotserver/ros2_ws/install/my_robot_bringup/share/my_robot_bringup/hook/cmake_prefix_path.dsv'
[2.625s] INFO:colcon.colcon_core.shell:Creating environment hook '/home/robotserver/ros2_ws/install/my_robot_bringup/share/my_robot_bringup/hook/cmake_prefix_path.sh'
[2.625s] Level 1:colcon.colcon_core.environment:checking '/home/robotserver/ros2_ws/install/my_robot_bringup/bin'
[2.625s] Level 1:colcon.colcon_core.environment:checking '/home/robotserver/ros2_ws/install/my_robot_bringup/lib/pkgconfig/my_robot_bringup.pc'
[2.626s] Level 1:colcon.colcon_core.environment:checking '/home/robotserver/ros2_ws/install/my_robot_bringup/lib/python3.10/site-packages'
[2.626s] Level 1:colcon.colcon_core.environment:checking '/home/robotserver/ros2_ws/install/my_robot_bringup/bin'
[2.626s] INFO:colcon.colcon_core.shell:Creating package script '/home/robotserver/ros2_ws/install/my_robot_bringup/share/my_robot_bringup/package.ps1'
[2.626s] INFO:colcon.colcon_core.shell:Creating package descriptor '/home/robotserver/ros2_ws/install/my_robot_bringup/share/my_robot_bringup/package.dsv'
[2.627s] INFO:colcon.colcon_core.shell:Creating package script '/home/robotserver/ros2_ws/install/my_robot_bringup/share/my_robot_bringup/package.sh'
[2.627s] INFO:colcon.colcon_core.shell:Creating package script '/home/robotserver/ros2_ws/install/my_robot_bringup/share/my_robot_bringup/package.bash'
[2.627s] INFO:colcon.colcon_core.shell:Creating package script '/home/robotserver/ros2_ws/install/my_robot_bringup/share/my_robot_bringup/package.zsh'
[2.628s] Level 1:colcon.colcon_core.environment:create_file_with_runtime_dependencies(/home/robotserver/ros2_ws/install/my_robot_bringup/share/colcon-core/packages/my_robot_bringup)
[2.647s] Level 1:colcon.colcon_core.environment:create_environment_scripts_only(my_robot_bringup)
[2.648s] Level 1:colcon.colcon_core.environment:checking '/home/robotserver/ros2_ws/install/my_robot_bringup' for CMake module files
[2.648s] Level 1:colcon.colcon_core.environment:checking '/home/robotserver/ros2_ws/install/my_robot_bringup' for CMake config files
[2.648s] Level 1:colcon.colcon_core.shell:create_environment_hook('my_robot_bringup', 'cmake_prefix_path')
[2.649s] INFO:colcon.colcon_core.shell:Creating environment hook '/home/robotserver/ros2_ws/install/my_robot_bringup/share/my_robot_bringup/hook/cmake_prefix_path.ps1'
[2.649s] INFO:colcon.colcon_core.shell:Creating environment descriptor '/home/robotserver/ros2_ws/install/my_robot_bringup/share/my_robot_bringup/hook/cmake_prefix_path.dsv'
[2.649s] INFO:colcon.colcon_core.shell:Creating environment hook '/home/robotserver/ros2_ws/install/my_robot_bringup/share/my_robot_bringup/hook/cmake_prefix_path.sh'
[2.650s] Level 1:colcon.colcon_core.environment:checking '/home/robotserver/ros2_ws/install/my_robot_bringup/bin'
[2.650s] Level 1:colcon.colcon_core.environment:checking '/home/robotserver/ros2_ws/install/my_robot_bringup/lib/pkgconfig/my_robot_bringup.pc'
[2.650s] Level 1:colcon.colcon_core.environment:checking '/home/robotserver/ros2_ws/install/my_robot_bringup/lib/python3.10/site-packages'
[2.650s] Level 1:colcon.colcon_core.environment:checking '/home/robotserver/ros2_ws/install/my_robot_bringup/bin'
[2.651s] INFO:colcon.colcon_core.shell:Creating package script '/home/robotserver/ros2_ws/install/my_robot_bringup/share/my_robot_bringup/package.ps1'
[2.651s] INFO:colcon.colcon_core.shell:Creating package descriptor '/home/robotserver/ros2_ws/install/my_robot_bringup/share/my_robot_bringup/package.dsv'
[2.651s] INFO:colcon.colcon_core.shell:Creating package script '/home/robotserver/ros2_ws/install/my_robot_bringup/share/my_robot_bringup/package.sh'
[2.652s] INFO:colcon.colcon_core.shell:Creating package script '/home/robotserver/ros2_ws/install/my_robot_bringup/share/my_robot_bringup/package.bash'
[2.652s] INFO:colcon.colcon_core.shell:Creating package script '/home/robotserver/ros2_ws/install/my_robot_bringup/share/my_robot_bringup/package.zsh'
[2.652s] Level 1:colcon.colcon_core.environment:create_file_with_runtime_dependencies(/home/robotserver/ros2_ws/install/my_robot_bringup/share/colcon-core/packages/my_robot_bringup)
[2.653s] DEBUG:colcon.colcon_parallel_executor.executor.parallel:closing loop
[2.653s] DEBUG:colcon.colcon_parallel_executor.executor.parallel:loop closed
[2.653s] DEBUG:colcon.colcon_parallel_executor.executor.parallel:run_until_complete finished with '0'
[2.653s] DEBUG:colcon.colcon_core.event_reactor:joining thread
[2.658s] INFO:colcon.colcon_core.plugin_system:Skipping extension 'colcon_notification.desktop_notification.terminal_notifier': Not used on non-Darwin systems
[2.658s] INFO:colcon.colcon_core.plugin_system:Skipping extension 'colcon_notification.desktop_notification.win32': Not used on non-Windows systems
[2.658s] INFO:colcon.colcon_notification.desktop_notification:Sending desktop notification using 'notify2'
[2.668s] DEBUG:colcon.colcon_core.event_reactor:joined thread
[2.669s] INFO:colcon.colcon_core.shell:Creating prefix script '/home/robotserver/ros2_ws/install/local_setup.ps1'
[2.670s] INFO:colcon.colcon_core.shell:Creating prefix util module '/home/robotserver/ros2_ws/install/_local_setup_util_ps1.py'
[2.673s] INFO:colcon.colcon_core.shell:Creating prefix chain script '/home/robotserver/ros2_ws/install/setup.ps1'
[2.675s] INFO:colcon.colcon_core.shell:Creating prefix script '/home/robotserver/ros2_ws/install/local_setup.sh'
[2.676s] INFO:colcon.colcon_core.shell:Creating prefix util module '/home/robotserver/ros2_ws/install/_local_setup_util_sh.py'
[2.676s] INFO:colcon.colcon_core.shell:Creating prefix chain script '/home/robotserver/ros2_ws/install/setup.sh'
[2.679s] INFO:colcon.colcon_core.shell:Creating prefix script '/home/robotserver/ros2_ws/install/local_setup.bash'
[2.680s] INFO:colcon.colcon_core.shell:Creating prefix chain script '/home/robotserver/ros2_ws/install/setup.bash'
[2.681s] INFO:colcon.colcon_core.shell:Creating prefix script '/home/robotserver/ros2_ws/install/local_setup.zsh'
[2.682s] INFO:colcon.colcon_core.shell:Creating prefix chain script '/home/robotserver/ros2_ws/install/setup.zsh'
