[0.020s] Invoking command in '/home/robotserver/ros2_ws/build/my_cpp_pkg': CMAKE_PREFIX_PATH=${CMAKE_PREFIX_PATH}:/home/robotserver/ros2_ws/install/py_srvcli:/home/robotserver/ros2_ws/install/py_pubsub:/home/robotserver/ros2_ws/install/my_py_pkg:/home/robotserver/Desktop/git/create3_main/install/create3_teleop:/home/robotserver/Desktop/git/create3_main/install/create3_msg_transfer:/home/robotserver/Desktop/git/create3_main/install/create3_control:/opt/ros/humble CONDA_PROMPT_MODIFIER=(base) /usr/bin/cmake --build /home/robotserver/ros2_ws/build/my_cpp_pkg -- -j8 -l8
[0.077s] [35m[1mConsolidate compiler generated dependencies of target cpp_node[0m
[0.097s] [ 50%] [32mBuilding CXX object CMakeFiles/cpp_node.dir/src/my_first_node.cpp.o[0m
[3.655s] [100%] [32m[1mLinking CXX executable cpp_node[0m
[3.809s] [100%] Built target cpp_node
[3.820s] Invoked command in '/home/robotserver/ros2_ws/build/my_cpp_pkg' returned '0': CMAKE_PREFIX_PATH=${CMAKE_PREFIX_PATH}:/home/robotserver/ros2_ws/install/py_srvcli:/home/robotserver/ros2_ws/install/py_pubsub:/home/robotserver/ros2_ws/install/my_py_pkg:/home/robotserver/Desktop/git/create3_main/install/create3_teleop:/home/robotserver/Desktop/git/create3_main/install/create3_msg_transfer:/home/robotserver/Desktop/git/create3_main/install/create3_control:/opt/ros/humble CONDA_PROMPT_MODIFIER=(base) /usr/bin/cmake --build /home/robotserver/ros2_ws/build/my_cpp_pkg -- -j8 -l8
[3.846s] Invoking command in '/home/robotserver/ros2_ws/build/my_cpp_pkg': CMAKE_PREFIX_PATH=${CMAKE_PREFIX_PATH}:/home/robotserver/ros2_ws/install/py_srvcli:/home/robotserver/ros2_ws/install/py_pubsub:/home/robotserver/ros2_ws/install/my_py_pkg:/home/robotserver/Desktop/git/create3_main/install/create3_teleop:/home/robotserver/Desktop/git/create3_main/install/create3_msg_transfer:/home/robotserver/Desktop/git/create3_main/install/create3_control:/opt/ros/humble CONDA_PROMPT_MODIFIER=(base) /usr/bin/cmake --install /home/robotserver/ros2_ws/build/my_cpp_pkg
[3.854s] -- Install configuration: ""
[3.854s] -- Installing: /home/robotserver/ros2_ws/install/my_cpp_pkg/lib/my_cpp_pkg/cpp_node
[3.855s] -- Set runtime path of "/home/robotserver/ros2_ws/install/my_cpp_pkg/lib/my_cpp_pkg/cpp_node" to ""
[3.855s] -- Up-to-date: /home/robotserver/ros2_ws/install/my_cpp_pkg/share/ament_index/resource_index/package_run_dependencies/my_cpp_pkg
[3.855s] -- Up-to-date: /home/robotserver/ros2_ws/install/my_cpp_pkg/share/ament_index/resource_index/parent_prefix_path/my_cpp_pkg
[3.855s] -- Up-to-date: /home/robotserver/ros2_ws/install/my_cpp_pkg/share/my_cpp_pkg/environment/ament_prefix_path.sh
[3.855s] -- Up-to-date: /home/robotserver/ros2_ws/install/my_cpp_pkg/share/my_cpp_pkg/environment/ament_prefix_path.dsv
[3.855s] -- Up-to-date: /home/robotserver/ros2_ws/install/my_cpp_pkg/share/my_cpp_pkg/environment/path.sh
[3.855s] -- Up-to-date: /home/robotserver/ros2_ws/install/my_cpp_pkg/share/my_cpp_pkg/environment/path.dsv
[3.856s] -- Up-to-date: /home/robotserver/ros2_ws/install/my_cpp_pkg/share/my_cpp_pkg/local_setup.bash
[3.856s] -- Up-to-date: /home/robotserver/ros2_ws/install/my_cpp_pkg/share/my_cpp_pkg/local_setup.sh
[3.856s] -- Up-to-date: /home/robotserver/ros2_ws/install/my_cpp_pkg/share/my_cpp_pkg/local_setup.zsh
[3.856s] -- Up-to-date: /home/robotserver/ros2_ws/install/my_cpp_pkg/share/my_cpp_pkg/local_setup.dsv
[3.856s] -- Installing: /home/robotserver/ros2_ws/install/my_cpp_pkg/share/my_cpp_pkg/package.dsv
[3.856s] -- Up-to-date: /home/robotserver/ros2_ws/install/my_cpp_pkg/share/ament_index/resource_index/packages/my_cpp_pkg
[3.856s] -- Up-to-date: /home/robotserver/ros2_ws/install/my_cpp_pkg/share/my_cpp_pkg/cmake/my_cpp_pkgConfig.cmake
[3.856s] -- Up-to-date: /home/robotserver/ros2_ws/install/my_cpp_pkg/share/my_cpp_pkg/cmake/my_cpp_pkgConfig-version.cmake
[3.856s] -- Up-to-date: /home/robotserver/ros2_ws/install/my_cpp_pkg/share/my_cpp_pkg/package.xml
[3.858s] Invoked command in '/home/robotserver/ros2_ws/build/my_cpp_pkg' returned '0': CMAKE_PREFIX_PATH=${CMAKE_PREFIX_PATH}:/home/robotserver/ros2_ws/install/py_srvcli:/home/robotserver/ros2_ws/install/py_pubsub:/home/robotserver/ros2_ws/install/my_py_pkg:/home/robotserver/Desktop/git/create3_main/install/create3_teleop:/home/robotserver/Desktop/git/create3_main/install/create3_msg_transfer:/home/robotserver/Desktop/git/create3_main/install/create3_control:/opt/ros/humble CONDA_PROMPT_MODIFIER=(base) /usr/bin/cmake --install /home/robotserver/ros2_ws/build/my_cpp_pkg
