[0.651s] Invoking command in '/home/robotserver/ros2_ws/src/build/my_py_pkg': CONDA_PROMPT_MODIFIER=(base) PYTHONPATH=/home/robotserver/ros2_ws/src/build/my_py_pkg/prefix_override:/usr/lib/python3/dist-packages/colcon_core/task/python/colcon_distutils_commands:/home/robotserver/ros2_ws/src/install/my_py_pkg/lib/python3.10/site-packages:${PYTHONPATH} /usr/bin/python3 -W ignore:setup.py install is deprecated setup.py develop --editable --build-directory /home/robotserver/ros2_ws/src/build/my_py_pkg/build --no-deps symlink_data
[0.910s] running develop
[0.910s] /usr/lib/python3/dist-packages/setuptools/command/easy_install.py:158: EasyInstallDeprecationWarning: easy_install command is deprecated. Use build and pip and other standards-based tools.
[0.910s]   warnings.warn(
[1.074s] running egg_info
[1.074s] creating my_py_pkg.egg-info
[1.074s] writing my_py_pkg.egg-info/PKG-INFO
[1.074s] writing dependency_links to my_py_pkg.egg-info/dependency_links.txt
[1.074s] writing entry points to my_py_pkg.egg-info/entry_points.txt
[1.075s] writing requirements to my_py_pkg.egg-info/requires.txt
[1.075s] writing top-level names to my_py_pkg.egg-info/top_level.txt
[1.075s] writing manifest file 'my_py_pkg.egg-info/SOURCES.txt'
[1.076s] reading manifest file 'my_py_pkg.egg-info/SOURCES.txt'
[1.077s] writing manifest file 'my_py_pkg.egg-info/SOURCES.txt'
[1.078s] running build_ext
[1.078s] Creating /home/robotserver/ros2_ws/src/install/my_py_pkg/lib/python3.10/site-packages/my-py-pkg.egg-link (link to .)
[1.079s] Installing py_node script to /home/robotserver/ros2_ws/src/install/my_py_pkg/lib/my_py_pkg
[1.079s] 
[1.079s] Installed /home/robotserver/ros2_ws/src/build/my_py_pkg
[1.079s] running symlink_data
[1.079s] creating /home/robotserver/ros2_ws/src/install/my_py_pkg/share/ament_index
[1.080s] creating /home/robotserver/ros2_ws/src/install/my_py_pkg/share/ament_index/resource_index
[1.080s] creating /home/robotserver/ros2_ws/src/install/my_py_pkg/share/ament_index/resource_index/packages
[1.080s] symbolically linking /home/robotserver/ros2_ws/src/build/my_py_pkg/resource/my_py_pkg -> /home/robotserver/ros2_ws/src/install/my_py_pkg/share/ament_index/resource_index/packages
[1.080s] symbolically linking /home/robotserver/ros2_ws/src/build/my_py_pkg/package.xml -> /home/robotserver/ros2_ws/src/install/my_py_pkg/share/my_py_pkg
[1.119s] Invoked command in '/home/robotserver/ros2_ws/src/build/my_py_pkg' returned '0': CONDA_PROMPT_MODIFIER=(base) PYTHONPATH=/home/robotserver/ros2_ws/src/build/my_py_pkg/prefix_override:/usr/lib/python3/dist-packages/colcon_core/task/python/colcon_distutils_commands:/home/robotserver/ros2_ws/src/install/my_py_pkg/lib/python3.10/site-packages:${PYTHONPATH} /usr/bin/python3 -W ignore:setup.py install is deprecated setup.py develop --editable --build-directory /home/robotserver/ros2_ws/src/build/my_py_pkg/build --no-deps symlink_data
