[1.584s] Invoking command in '/home/robotserver/ros2_ws/src/py_srvcli': CONDA_PROMPT_MODIFIER=(base) PYTHONPATH=/home/robotserver/ros2_ws/build/py_srvcli/prefix_override:/usr/lib/python3/dist-packages/colcon_core/task/python/colcon_distutils_commands:/home/robotserver/ros2_ws/install/py_srvcli/lib/python3.10/site-packages:${PYTHONPATH} /usr/bin/python3 -W ignore:setup.py install is deprecated setup.py egg_info --egg-base ../../build/py_srvcli build --build-base /home/robotserver/ros2_ws/build/py_srvcli/build install --record /home/robotserver/ros2_ws/build/py_srvcli/install.log --single-version-externally-managed install_data
[1.890s] running egg_info
[1.891s] writing ../../build/py_srvcli/py_srvcli.egg-info/PKG-INFO
[1.891s] writing dependency_links to ../../build/py_srvcli/py_srvcli.egg-info/dependency_links.txt
[1.892s] writing entry points to ../../build/py_srvcli/py_srvcli.egg-info/entry_points.txt
[1.892s] writing requirements to ../../build/py_srvcli/py_srvcli.egg-info/requires.txt
[1.892s] writing top-level names to ../../build/py_srvcli/py_srvcli.egg-info/top_level.txt
[1.896s] reading manifest file '../../build/py_srvcli/py_srvcli.egg-info/SOURCES.txt'
[1.896s] adding license file 'LICENSE'
[1.897s] writing manifest file '../../build/py_srvcli/py_srvcli.egg-info/SOURCES.txt'
[1.897s] running build
[1.897s] running build_py
[1.898s] running install
[1.898s] running install_lib
[1.899s] running install_data
[1.900s] running install_egg_info
[1.903s] removing '/home/robotserver/ros2_ws/install/py_srvcli/lib/python3.10/site-packages/py_srvcli-0.0.0-py3.10.egg-info' (and everything under it)
[1.903s] Copying ../../build/py_srvcli/py_srvcli.egg-info to /home/robotserver/ros2_ws/install/py_srvcli/lib/python3.10/site-packages/py_srvcli-0.0.0-py3.10.egg-info
[1.905s] running install_scripts
[1.931s] Installing client script to /home/robotserver/ros2_ws/install/py_srvcli/lib/py_srvcli
[1.931s] Installing service script to /home/robotserver/ros2_ws/install/py_srvcli/lib/py_srvcli
[1.932s] writing list of installed files to '/home/robotserver/ros2_ws/build/py_srvcli/install.log'
[2.007s] Invoked command in '/home/robotserver/ros2_ws/src/py_srvcli' returned '0': CONDA_PROMPT_MODIFIER=(base) PYTHONPATH=/home/robotserver/ros2_ws/build/py_srvcli/prefix_override:/usr/lib/python3/dist-packages/colcon_core/task/python/colcon_distutils_commands:/home/robotserver/ros2_ws/install/py_srvcli/lib/python3.10/site-packages:${PYTHONPATH} /usr/bin/python3 -W ignore:setup.py install is deprecated setup.py egg_info --egg-base ../../build/py_srvcli build --build-base /home/robotserver/ros2_ws/build/py_srvcli/build install --record /home/robotserver/ros2_ws/build/py_srvcli/install.log --single-version-externally-managed install_data
